----------------------------------------------------------------------------------------------------------------------------------------------------------------------------------------------------------------------------
      name:  <unnamed>
       log:  /Users/nj995/dropbox/projects/2018_helios/output/regression_results/20181116_nb_collabs.log
  log type:  text
 opened on:  16 Nov 2018, 17:12:47
(sum of wgt is 132,913)

Linear regression                               Number of obs     =    132,913
                                                F(15, 132897)     =     280.88
                                                Prob > F          =     0.0000
                                                R-squared         =     0.0324
                                                Root MSE          =     60.959

-----------------------------------------------------------------------------------------------------
                                    |               Robust
                         nb_collabs |      Coef.   Std. Err.      t    P>|t|     [95% Conf. Interval]
------------------------------------+----------------------------------------------------------------
                        1.post_flag |   20.18628   1.384106    14.58   0.000     17.47346     22.8991
                                    |
                          funder_id |
                  INCa/INSERM/DGOS  |   10.74251   .7145085    15.03   0.000      9.34209    12.14294
         National Cancer Institute  |   1.511559   .4325978     3.49   0.000     .6636754    2.359443
  National Health and Medical Rese  |    .972371   .6820646     1.43   0.154    -.3644634    2.309205
                    Wellcome Trust  |   -4.41393   .8701197    -5.07   0.000    -6.119349   -2.708511
                                    |
                post_flag#funder_id |
                1#INCa/INSERM/DGOS  |   4.765143   1.885924     2.53   0.012     1.068766    8.461521
       1#National Cancer Institute  |  -.0809237   1.445189    -0.06   0.955    -2.913468    2.751621
1#National Health and Medical Rese  |   2.145391     1.7586     1.22   0.222    -1.301432    5.592214
                  1#Wellcome Trust  |   5.692088   3.205265     1.78   0.076    -.5901736    11.97435
                                    |
                orcid_confirmed_cat |
                              True  |  -2.384174   1.810818    -1.32   0.188    -5.933344    1.164995
                                    |
                         start_year |
                              2008  |  -.1226743   .4355323    -0.28   0.778    -.9763098    .7309611
                              2009  |   5.028031    .457959    10.98   0.000      4.13044    5.925622
                              2010  |   4.790535   .5209813     9.20   0.000     3.769421    5.811649
                              2011  |   6.389177   .6310567    10.12   0.000     5.152317    7.626037
                              2012  |   5.045774   .6520793     7.74   0.000      3.76771    6.323837
                                    |
                              _cons |   17.42968   .4613152    37.78   0.000     16.52551    18.33385
-----------------------------------------------------------------------------------------------------
(est1 stored)

added macro:
             e(YearFE) : "Yes"

added macro:
      e(AffiliationFE) : "No"

added macro:
       e(ResearcherFE) : "No"
(sum of wgt is 132,913)

Linear regression                               Number of obs     =    132,913
                                                F(17, 132895)     =     275.94
                                                Prob > F          =     0.0000
                                                R-squared         =     0.0370
                                                Root MSE          =     60.816

-----------------------------------------------------------------------------------------------------
                                    |               Robust
                         nb_collabs |      Coef.   Std. Err.      t    P>|t|     [95% Conf. Interval]
------------------------------------+----------------------------------------------------------------
                        1.post_flag |   20.18628   1.379346    14.63   0.000     17.48279    22.88977
                                    |
                          funder_id |
                  INCa/INSERM/DGOS  |   10.79333   .7103823    15.19   0.000     9.400989    12.18566
         National Cancer Institute  |   1.812558   .4329436     4.19   0.000     .9639964    2.661119
  National Health and Medical Rese  |   1.157593   .6794524     1.70   0.088    -.1741217    2.489307
                    Wellcome Trust  |  -4.413707   .8629297    -5.11   0.000    -6.105034   -2.722381
                                    |
                post_flag#funder_id |
                1#INCa/INSERM/DGOS  |   4.765143   1.879464     2.54   0.011     1.081428    8.448858
       1#National Cancer Institute  |  -.0809237   1.440436    -0.06   0.955    -2.904151    2.742304
1#National Health and Medical Rese  |   2.145391   1.752847     1.22   0.221    -1.290157    5.580939
                  1#Wellcome Trust  |   5.692088   3.192145     1.78   0.075    -.5644581    11.94863
                                    |
                orcid_confirmed_cat |
                              True  |  -2.913051   1.801347    -1.62   0.106    -6.443659    .6175574
                                    |
                         gender_cat |
                                 F  |   -2.22617   .4958255    -4.49   0.000    -3.197979   -1.254361
                                 M  |   6.837184   .4737989    14.43   0.000     5.908546    7.765821
                                    |
                         start_year |
                              2008  |   .2365885   .4351938     0.54   0.587    -.6163834     1.08956
                              2009  |   5.111167   .4568281    11.19   0.000     4.215792    6.006542
                              2010  |    5.19482   .5205824     9.98   0.000     4.174488    6.215152
                              2011  |    6.92577   .6328642    10.94   0.000     5.685367    8.166172
                              2012  |   5.417945   .6522402     8.31   0.000     4.139566    6.696323
                                    |
                              _cons |   13.88143   .6121204    22.68   0.000     12.68169    15.08118
-----------------------------------------------------------------------------------------------------
(est2 stored)

added macro:
             e(YearFE) : "Yes"

added macro:
      e(AffiliationFE) : "No"

added macro:
       e(ResearcherFE) : "No"
(sum of wgt is 132,913)

Linear regression                               Number of obs     =    132,913
                                                F(19, 132893)     =     725.77
                                                Prob > F          =     0.0000
                                                R-squared         =     0.0733
                                                Root MSE          =     59.659

-----------------------------------------------------------------------------------------------------
                                    |               Robust
                         nb_collabs |      Coef.   Std. Err.      t    P>|t|     [95% Conf. Interval]
------------------------------------+----------------------------------------------------------------
                        1.post_flag |   13.28833   1.354065     9.81   0.000     10.63438    15.94227
                                    |
                          funder_id |
                  INCa/INSERM/DGOS  |   10.48921   .6650473    15.77   0.000     9.185732    11.79269
         National Cancer Institute  |   2.169845   .4087665     5.31   0.000      1.36867     2.97102
  National Health and Medical Rese  |     1.7234   .6585004     2.62   0.009     .4327512    3.014049
                    Wellcome Trust  |   2.837807   .8003437     3.55   0.000     1.269148    4.406467
                                    |
                post_flag#funder_id |
                1#INCa/INSERM/DGOS  |   4.934479   1.841343     2.68   0.007      1.32548    8.543477
       1#National Cancer Institute  |  -.0930767   1.418733    -0.07   0.948    -2.873768    2.687615
1#National Health and Medical Rese  |    2.00235   1.726942     1.16   0.246    -1.382425    5.387125
                  1#Wellcome Trust  |     4.3131    3.09565     1.39   0.164    -1.754317    10.38052
                                    |
                orcid_confirmed_cat |
                              True  |  -3.655155   1.774222    -2.06   0.039    -7.132597    -.177713
                                    |
                         gender_cat |
                                 F  |  -2.196664   .4854366    -4.53   0.000    -3.148111   -1.245217
                                 M  |    2.41104   .4684183     5.15   0.000     1.492949    3.329131
                                    |
                     rsr_career_age |   2.178231   .0341076    63.86   0.000     2.111381    2.245081
                   rsr_career_age_2 |  -.0308945   .0011868   -26.03   0.000    -.0332207   -.0285683
                                    |
                         start_year |
                              2008  |   .8256576   .4256864     1.94   0.052      -.00868    1.659995
                              2009  |   4.249875   .4452774     9.54   0.000     3.377139     5.12261
                              2010  |   5.353588   .5089979    10.52   0.000     4.355961    6.351215
                              2011  |    7.23927   .6224725    11.63   0.000     6.019235    8.459304
                              2012  |   6.678812   .6430221    10.39   0.000       5.4185    7.939124
                                    |
                              _cons |  -3.166467   .6080557    -5.21   0.000    -4.358246   -1.974689
-----------------------------------------------------------------------------------------------------
(est3 stored)

added macro:
             e(YearFE) : "Yes"

added macro:
      e(AffiliationFE) : "No"

added macro:
       e(ResearcherFE) : "No"
       panel variable:  person_id (unbalanced)
note: 2.funder_id omitted because of collinearity
note: 3.funder_id omitted because of collinearity
note: 4.funder_id omitted because of collinearity
note: 5.funder_id omitted because of collinearity

Fixed-effects (within) regression               Number of obs     =    132,913
Group variable: person_id                       Number of groups  =     12,083

R-sq:                                           Obs per group:
     within  = 0.0514                                         min =         11
     between = 0.0024                                         avg =       11.0
     overall = 0.0289                                         max =         11

                                                F(5,12082)        =     442.42
corr(u_i, Xb)  = 0.0022                         Prob > F          =     0.0000

                                                (Std. Err. adjusted for 12,083 clusters in person_id)
-----------------------------------------------------------------------------------------------------
                                    |               Robust
                         nb_collabs |      Coef.   Std. Err.      t    P>|t|     [95% Conf. Interval]
------------------------------------+----------------------------------------------------------------
                        1.post_flag |   20.18628   1.782695    11.32   0.000     16.69191    23.68065
                                    |
                          funder_id |
                  INCa/INSERM/DGOS  |          0  (omitted)
         National Cancer Institute  |          0  (omitted)
  National Health and Medical Rese  |          0  (omitted)
                    Wellcome Trust  |          0  (omitted)
                                    |
                post_flag#funder_id |
                1#INCa/INSERM/DGOS  |   4.765143   2.253756     2.11   0.035     .3474206    9.182866
       1#National Cancer Institute  |  -.0809237    1.85737    -0.04   0.965    -3.721667     3.55982
1#National Health and Medical Rese  |   2.145391   2.297689     0.93   0.350    -2.358448     6.64923
                  1#Wellcome Trust  |   5.692088   4.907473     1.16   0.246    -3.927346    15.31152
                                    |
                              _cons |   22.54047   .2058155   109.52   0.000     22.13704     22.9439
------------------------------------+----------------------------------------------------------------
                            sigma_u |  41.493926
                            sigma_e |  46.992813
                                rho |  .43809544   (fraction of variance due to u_i)
-----------------------------------------------------------------------------------------------------
(est4 stored)

added macro:
             e(YearFE) : "Yes"

added macro:
      e(AffiliationFE) : "Yes"

added macro:
       e(ResearcherFE) : "Yes"
(sum of wgt is 3,255,139.6510478)

Linear regression                               Number of obs     =     98,197
                                                F(15, 98181)      =     112.72
                                                Prob > F          =     0.0000
                                                R-squared         =     0.2499
                                                Root MSE          =      7.877

-----------------------------------------------------------------------------------------------------
                                    |               Robust
                         nb_collabs |      Coef.   Std. Err.      t    P>|t|     [95% Conf. Interval]
------------------------------------+----------------------------------------------------------------
                        1.post_flag |   26.72099   8.146428     3.28   0.001     10.75409    42.68789
                                    |
                          funder_id |
                  INCa/INSERM/DGOS  |  -5.548494   4.042034    -1.37   0.170    -13.47083    2.373844
         National Cancer Institute  |  -10.41527   3.969114    -2.62   0.009    -18.19469   -2.635854
  National Health and Medical Rese  |  -18.67234   4.037061    -4.63   0.000    -26.58493   -10.75975
                    Wellcome Trust  |  -22.90786   4.108941    -5.58   0.000    -30.96133   -14.85439
                                    |
                post_flag#funder_id |
                1#INCa/INSERM/DGOS  |  -1.769567   8.248939    -0.21   0.830    -17.93739    14.39826
       1#National Cancer Institute  |  -3.080918    8.47309    -0.36   0.716    -19.68807    13.52624
1#National Health and Medical Rese  |  -22.06406   8.531325    -2.59   0.010    -38.78535   -5.342762
                  1#Wellcome Trust  |  -21.98337   8.572352    -2.56   0.010    -38.78508   -5.181666
                                    |
                orcid_confirmed_cat |
                              True  |  -3.145627   1.820913    -1.73   0.084    -6.714594    .4233406
                                    |
                         start_year |
                              2008  |  -9.230097   2.420193    -3.81   0.000    -13.97365   -4.486547
                              2009  |  -22.54101   2.267746    -9.94   0.000    -26.98577   -18.09626
                              2010  |  -9.769813   2.413732    -4.05   0.000     -14.5007   -5.038926
                              2011  |   1.553509   3.343011     0.46   0.642    -4.998753    8.105772
                              2012  |  -1.918112   2.795291    -0.69   0.493     -7.39685    3.560626
                                    |
                              _cons |   42.39781   4.844495     8.75   0.000     32.90265    51.89296
-----------------------------------------------------------------------------------------------------
(est5 stored)

added macro:
             e(YearFE) : "Yes"

added macro:
      e(AffiliationFE) : "No"

added macro:
       e(ResearcherFE) : "No"
(sum of wgt is 3,255,139.6510478)

Linear regression                               Number of obs     =     98,197
                                                F(17, 98179)      =     103.48
                                                Prob > F          =     0.0000
                                                R-squared         =     0.2541
                                                Root MSE          =     7.8548

-----------------------------------------------------------------------------------------------------
                                    |               Robust
                         nb_collabs |      Coef.   Std. Err.      t    P>|t|     [95% Conf. Interval]
------------------------------------+----------------------------------------------------------------
                        1.post_flag |   26.72099   7.788256     3.43   0.001      11.4561    41.98588
                                    |
                          funder_id |
                  INCa/INSERM/DGOS  |  -4.681361   3.771902    -1.24   0.215    -12.07424    2.711522
         National Cancer Institute  |  -9.795329   3.697887    -2.65   0.008    -17.04314   -2.547514
  National Health and Medical Rese  |  -19.16588   3.825291    -5.01   0.000    -26.66341   -11.66836
                    Wellcome Trust  |  -19.45069    3.85085    -5.05   0.000    -26.99831   -11.90307
                                    |
                post_flag#funder_id |
                1#INCa/INSERM/DGOS  |  -1.769567    7.89469    -0.22   0.823    -17.24307    13.70393
       1#National Cancer Institute  |  -3.080918   8.125663    -0.38   0.705    -19.00712    12.84528
1#National Health and Medical Rese  |  -22.06406   8.190016    -2.69   0.007    -38.11639   -6.011723
                  1#Wellcome Trust  |  -21.98337   8.163169    -2.69   0.007    -37.98309   -5.983659
                                    |
                orcid_confirmed_cat |
                              True  |  -3.556817    1.81048    -1.96   0.049    -7.105337   -.0082979
                                    |
                         gender_cat |
                                 F  |  -8.654392   1.321194    -6.55   0.000    -11.24392   -6.064866
                                 M  |   3.586578   1.710879     2.10   0.036     .2332758     6.93988
                                    |
                         start_year |
                              2008  |  -8.033208   2.253184    -3.57   0.000    -12.44942   -3.616994
                              2009  |  -24.78663   2.377536   -10.43   0.000    -29.44658   -20.12669
                              2010  |   -5.54751   2.110373    -2.63   0.009    -9.683816   -1.411203
                              2011  |   2.504822   3.223458     0.78   0.437    -3.813118    8.822762
                              2012  |  -1.417519   2.704175    -0.52   0.600    -6.717671    3.882632
                                    |
                              _cons |   41.55445     4.3663     9.52   0.000     32.99656    50.11235
-----------------------------------------------------------------------------------------------------
(est6 stored)

added macro:
             e(YearFE) : "Yes"

added macro:
      e(AffiliationFE) : "No"

added macro:
       e(ResearcherFE) : "No"
(sum of wgt is 3,255,139.6510478)

Linear regression                               Number of obs     =     98,197
                                                F(19, 98177)      =     118.54
                                                Prob > F          =     0.0000
                                                R-squared         =     0.2602
                                                Root MSE          =     7.8229

-----------------------------------------------------------------------------------------------------
                                    |               Robust
                         nb_collabs |      Coef.   Std. Err.      t    P>|t|     [95% Conf. Interval]
------------------------------------+----------------------------------------------------------------
                        1.post_flag |   23.33206   7.571437     3.08   0.002     8.492136    38.17199
                                    |
                          funder_id |
                  INCa/INSERM/DGOS  |  -5.136827   3.807787    -1.35   0.177    -12.60004    2.326391
         National Cancer Institute  |  -10.53125   3.633058    -2.90   0.004    -17.65201   -3.410503
  National Health and Medical Rese  |  -18.21099   6.417071    -2.84   0.005    -30.78838   -5.633611
                    Wellcome Trust  |  -21.51419   3.841843    -5.60   0.000    -29.04416   -13.98423
                                    |
                post_flag#funder_id |
                1#INCa/INSERM/DGOS  |  -1.433145   7.565669    -0.19   0.850    -16.26177    13.39548
       1#National Cancer Institute  |  -2.766822   7.795464    -0.35   0.723    -18.04584     12.5122
1#National Health and Medical Rese  |  -18.24221   8.806552    -2.07   0.038    -35.50294   -.9814692
                  1#Wellcome Trust  |  -22.87235   8.021497    -2.85   0.004    -38.59438   -7.150308
                                    |
                orcid_confirmed_cat |
                              True  |  -3.045561   1.845973    -1.65   0.099    -6.663646    .5725238
                                    |
                         gender_cat |
                                 F  |  -9.455602    1.33241    -7.10   0.000    -12.06711   -6.844093
                                 M  |    2.10082   1.798671     1.17   0.243    -1.424553    5.626194
                                    |
                     rsr_career_age |  -.0870444   .7401854    -0.12   0.906    -1.537799     1.36371
                   rsr_career_age_2 |   .0207737   .0186374     1.11   0.265    -.0157554    .0573028
                                    |
                         start_year |
                              2008  |  -6.715972   2.331414    -2.88   0.004    -11.28552   -2.146428
                              2009  |  -21.11838   4.999122    -4.22   0.000     -30.9166   -11.32016
                              2010  |    -6.5328   2.156171    -3.03   0.002    -10.75887    -2.30673
                              2011  |   2.301099   3.066344     0.75   0.453    -3.708898    8.311097
                              2012  |   .4857261   2.907293     0.17   0.867    -5.212533    6.183986
                                    |
                              _cons |   38.00645   8.636232     4.40   0.000     21.07954    54.93337
-----------------------------------------------------------------------------------------------------
(est7 stored)

added macro:
             e(YearFE) : "Yes"

added macro:
      e(AffiliationFE) : "No"

added macro:
       e(ResearcherFE) : "No"
       panel variable:  person_id (unbalanced)
note: 2.funder_id omitted because of collinearity
note: 3.funder_id omitted because of collinearity
note: 4.funder_id omitted because of collinearity
note: 5.funder_id omitted because of collinearity

Fixed-effects (within) regression               Number of obs     =     98,197
Group variable: person_id                       Number of groups  =      8,927

R-sq:                                           Obs per group:
     within  = 0.1315                                         min =         11
     between = 0.0002                                         avg =       11.0
     overall = 0.0237                                         max =         11

                                                F(5,8926)         =    7440.85
corr(u_i, Xb)  = -0.0164                        Prob > F          =     0.0000

                                                 (Std. Err. adjusted for 8,927 clusters in person_id)
-----------------------------------------------------------------------------------------------------
                                    |               Robust
                         nb_collabs |      Coef.   Std. Err.      t    P>|t|     [95% Conf. Interval]
------------------------------------+----------------------------------------------------------------
                        1.post_flag |   26.72099    3.55194     7.52   0.000     19.75837    33.68361
                                    |
                          funder_id |
                  INCa/INSERM/DGOS  |          0  (omitted)
         National Cancer Institute  |          0  (omitted)
  National Health and Medical Rese  |          0  (omitted)
                    Wellcome Trust  |          0  (omitted)
                                    |
                post_flag#funder_id |
                1#INCa/INSERM/DGOS  |  -1.769567    3.81022    -0.46   0.642    -9.238473    5.699339
       1#National Cancer Institute  |  -3.080918   4.290411    -0.72   0.473    -11.49111    5.329273
1#National Health and Medical Rese  |  -22.06406   3.552024    -6.21   0.000    -29.02684   -15.10127
                  1#Wellcome Trust  |  -21.98337   5.288786    -4.16   0.000    -32.35061   -11.61614
                                    |
                              _cons |   1.486087   .0130516   113.86   0.000     1.460503    1.511671
------------------------------------+----------------------------------------------------------------
                            sigma_u |  42.152976
                            sigma_e |  6.9213818
                                rho |  .97374722   (fraction of variance due to u_i)
-----------------------------------------------------------------------------------------------------
(est8 stored)

added macro:
             e(YearFE) : "Yes"

added macro:
      e(AffiliationFE) : "Yes"

added macro:
       e(ResearcherFE) : "Yes"
