----------------------------------------------------------------------------------------------------
      name:  <unnamed>
       log:  /Users/nj995/dropbox/projects/2018_helios/output/regression_results/20181119_citations_
> per_pub.log
  log type:  text
 opened on:  19 Nov 2018, 19:52:58
(sum of wgt is 112,221)

Linear regression                               Number of obs     =    112,221
                                                F(15, 112205)     =     325.99
                                                Prob > F          =     0.0000
                                                R-squared         =     0.0368
                                                Root MSE          =     88.591

---------------------------------------------------------------------------------------------------
                                  |               Robust
                citations_per_pub |      Coef.   Std. Err.      t    P>|t|     [95% Conf. Interval]
----------------------------------+----------------------------------------------------------------
                      1.post_flag |  -27.33621   1.949675   -14.02   0.000    -31.15754   -23.51487
                                  |
                        funder_id |
                INCa/INSERM/DGOS  |  -20.95209   1.808141   -11.59   0.000    -24.49602   -17.40816
       National Cancer Institute  |   1.221109   1.462434     0.83   0.404    -1.645241    4.087458
National Health and Medical Rese  |  -6.642075   1.684804    -3.94   0.000    -9.944266   -3.339884
                  Wellcome Trust  |  -3.055469   3.931415    -0.78   0.437    -10.76098    4.650045
                                  |
              post_flag#funder_id |
              1#INCa/INSERM/DGOS  |   8.449541   2.391996     3.53   0.000     3.761265    13.13782
     1#National Cancer Institute  |   -3.32286   2.055155    -1.62   0.106    -7.350934    .7052142
                               1 #|
National Health and Medical Rese  |   .5870855   2.261916     0.26   0.795    -3.846236    5.020407
                1#Wellcome Trust  |   5.847294   4.763422     1.23   0.220    -3.488943    15.18353
                                  |
              orcid_confirmed_cat |
                            True  |   8.359215   2.426102     3.45   0.001     3.604092    13.11434
                                  |
                       start_year |
                            2008  |  -6.486264   .8936509    -7.26   0.000    -8.237807   -4.734722
                            2009  |  -6.004322   .9624813    -6.24   0.000    -7.890771   -4.117872
                            2010  |  -14.17712   .9378987   -15.12   0.000    -16.01539   -12.33885
                            2011  |  -19.13878   .8455252   -22.64   0.000      -20.796   -17.48156
                            2012  |  -24.66201   .8147072   -30.27   0.000    -26.25883    -23.0652
                                  |
                            _cons |   74.34534   1.427624    52.08   0.000     71.54722    77.14346
---------------------------------------------------------------------------------------------------
(est1 stored)

added macro:
             e(YearFE) : "Yes"

added macro:
      e(AffiliationFE) : "No"

added macro:
       e(ResearcherFE) : "No"
(sum of wgt is 112,221)

Linear regression                               Number of obs     =    112,221
                                                F(17, 112203)     =     296.57
                                                Prob > F          =     0.0000
                                                R-squared         =     0.0375
                                                Root MSE          =     88.561

---------------------------------------------------------------------------------------------------
                                  |               Robust
                citations_per_pub |      Coef.   Std. Err.      t    P>|t|     [95% Conf. Interval]
----------------------------------+----------------------------------------------------------------
                      1.post_flag |  -27.27368   1.948487   -14.00   0.000    -31.09269   -23.45468
                                  |
                        funder_id |
                INCa/INSERM/DGOS  |   -20.9723   1.808383   -11.60   0.000     -24.5167   -17.42789
       National Cancer Institute  |   1.366874   1.465182     0.93   0.351     -1.50486    4.238608
National Health and Medical Rese  |  -6.555774   1.684134    -3.89   0.000    -9.856651   -3.254898
                  Wellcome Trust  |  -3.368185   3.930218    -0.86   0.391    -11.07135    4.334984
                                  |
              post_flag#funder_id |
              1#INCa/INSERM/DGOS  |   8.469814   2.391662     3.54   0.000     3.782192    13.15744
     1#National Cancer Institute  |  -3.329076   2.054288    -1.62   0.105     -7.35545    .6972975
                               1 #|
National Health and Medical Rese  |   .6108355   2.261041     0.27   0.787    -3.820771    5.042442
                1#Wellcome Trust  |   5.966627   4.761126     1.25   0.210    -3.365109    15.29836
                                  |
              orcid_confirmed_cat |
                            True  |   8.167448   2.425168     3.37   0.001     3.414154    12.92074
                                  |
                       gender_cat |
                               F  |  -1.891994   .8588093    -2.20   0.028    -3.575248   -.2087406
                               M  |   3.289565   .7934427     4.15   0.000     1.734429    4.844701
                                  |
                       start_year |
                            2008  |  -6.284358   .8957336    -7.02   0.000    -8.039982   -4.528733
                            2009  |  -5.960981   .9625253    -6.19   0.000    -7.847517   -4.074446
                            2010  |  -13.95795   .9396797   -14.85   0.000    -15.79971    -12.1162
                            2011  |  -18.81596   .8486879   -22.17   0.000    -20.47938   -17.15255
                            2012  |  -24.47211   .8159085   -29.99   0.000    -26.07128   -22.87294
                                  |
                            _cons |   72.76685   1.612391    45.13   0.000     69.60659    75.92711
---------------------------------------------------------------------------------------------------
(est2 stored)

added macro:
             e(YearFE) : "Yes"

added macro:
      e(AffiliationFE) : "No"

added macro:
       e(ResearcherFE) : "No"
(sum of wgt is 112,221)

Linear regression                               Number of obs     =    112,221
                                                F(19, 112201)     =     270.89
                                                Prob > F          =     0.0000
                                                R-squared         =     0.0382
                                                Root MSE          =     88.529

---------------------------------------------------------------------------------------------------
                                  |               Robust
                citations_per_pub |      Coef.   Std. Err.      t    P>|t|     [95% Conf. Interval]
----------------------------------+----------------------------------------------------------------
                      1.post_flag |  -26.17424   1.947897   -13.44   0.000    -29.99209   -22.35639
                                  |
                        funder_id |
                INCa/INSERM/DGOS  |  -20.85177   1.809454   -11.52   0.000    -24.39827   -17.30527
       National Cancer Institute  |   1.191389   1.464525     0.81   0.416    -1.679058    4.061837
National Health and Medical Rese  |   -6.68804   1.684057    -3.97   0.000    -9.988766   -3.387313
                  Wellcome Trust  |  -3.641761   3.943378    -0.92   0.356    -11.37072    4.087202
                                  |
              post_flag#funder_id |
              1#INCa/INSERM/DGOS  |    8.22558   2.392869     3.44   0.001     3.535592    12.91557
     1#National Cancer Institute  |  -3.359856   2.054425    -1.64   0.102    -7.386498    .6667866
                               1 #|
National Health and Medical Rese  |   .6365537   2.261454     0.28   0.778    -3.795863    5.068971
                1#Wellcome Trust  |   5.387759   4.766114     1.13   0.258    -3.953753    14.72927
                                  |
              orcid_confirmed_cat |
                            True  |   8.359284   2.429482     3.44   0.001     3.597535    13.12103
                                  |
                       gender_cat |
                               F  |  -1.738434   .8575005    -2.03   0.043    -3.419123   -.0577462
                               M  |   4.100144    .805892     5.09   0.000     2.520608    5.679681
                                  |
                   rsr_career_age |  -.7608218   .1071683    -7.10   0.000    -.9708701   -.5507735
                 rsr_career_age_2 |   .0152254   .0023808     6.40   0.000     .0105591    .0198916
                                  |
                       start_year |
                            2008  |  -6.437371   .8949423    -7.19   0.000    -8.191444   -4.683297
                            2009  |  -5.922543   .9624871    -6.15   0.000    -7.809003   -4.036082
                            2010  |  -14.05183   .9393382   -14.96   0.000    -15.89292   -12.21074
                            2011  |  -18.94196   .8486072   -22.32   0.000    -20.60522    -17.2787
                            2012  |  -24.73355    .814544   -30.36   0.000    -26.33004   -23.13705
                                  |
                            _cons |   78.93087   1.846132    42.75   0.000     75.31248    82.54926
---------------------------------------------------------------------------------------------------
(est3 stored)

added macro:
             e(YearFE) : "Yes"

added macro:
      e(AffiliationFE) : "No"

added macro:
       e(ResearcherFE) : "No"
       panel variable:  person_id (balanced)
note: 2.funder_id omitted because of collinearity
note: 3.funder_id omitted because of collinearity
note: 4.funder_id omitted because of collinearity
note: 5.funder_id omitted because of collinearity

Fixed-effects (within) regression               Number of obs     =    112,221
Group variable: person_id                       Number of groups  =     11,998

R-sq:                                           Obs per group:
     within  = 0.0355                                         min =          1
     between = 0.0002                                         avg =        9.4
     overall = 0.0238                                         max =         11

                                                F(5,11997)        =     533.79
corr(u_i, Xb)  = -0.0186                        Prob > F          =     0.0000

                                              (Std. Err. adjusted for 11,998 clusters in person_id)
---------------------------------------------------------------------------------------------------
                                  |               Robust
                citations_per_pub |      Coef.   Std. Err.      t    P>|t|     [95% Conf. Interval]
----------------------------------+----------------------------------------------------------------
                      1.post_flag |  -26.45827   2.125544   -12.45   0.000    -30.62468   -22.29186
                                  |
                        funder_id |
                INCa/INSERM/DGOS  |          0  (omitted)
       National Cancer Institute  |          0  (omitted)
National Health and Medical Rese  |          0  (omitted)
                  Wellcome Trust  |          0  (omitted)
                                  |
              post_flag#funder_id |
              1#INCa/INSERM/DGOS  |   7.940673    2.57835     3.08   0.002      2.88669    12.99466
     1#National Cancer Institute  |  -4.948853   2.245497    -2.20   0.028     -9.35039   -.5473163
                               1 #|
National Health and Medical Rese  |   .2060543   2.459284     0.08   0.933    -4.614541    5.026649
                1#Wellcome Trust  |   5.578203   4.997008     1.12   0.264     -4.21674    15.37315
                                  |
                            _cons |   62.77724   .2716915   231.06   0.000     62.24468     63.3098
----------------------------------+----------------------------------------------------------------
                          sigma_u |  48.588041
                          sigma_e |  79.780783
                              rho |  .27055463   (fraction of variance due to u_i)
---------------------------------------------------------------------------------------------------
(est4 stored)

added macro:
             e(YearFE) : "Yes"

added macro:
      e(AffiliationFE) : "Yes"

added macro:
       e(ResearcherFE) : "Yes"
(sum of wgt is 35,903.8346449763)

Linear regression                               Number of obs     =    108,850
                                                F(15, 108834)     =     108.23
                                                Prob > F          =     0.0000
                                                R-squared         =     0.0482
                                                Root MSE          =      66.97

---------------------------------------------------------------------------------------------------
                                  |               Robust
                citations_per_pub |      Coef.   Std. Err.      t    P>|t|     [95% Conf. Interval]
----------------------------------+----------------------------------------------------------------
                      1.post_flag |  -25.47854   2.649449    -9.62   0.000    -30.67142   -20.28566
                                  |
                        funder_id |
                INCa/INSERM/DGOS  |   -16.3715   2.505871    -6.53   0.000    -21.28298   -11.46003
       National Cancer Institute  |   2.836799   2.449737     1.16   0.247     -1.96465    7.638249
National Health and Medical Rese  |  -3.313194    2.90739    -1.14   0.254    -9.011637    2.385248
                  Wellcome Trust  |  -15.40161   4.345611    -3.54   0.000    -23.91895   -6.884276
                                  |
              post_flag#funder_id |
              1#INCa/INSERM/DGOS  |   6.604669   2.989311     2.21   0.027     .7456626    12.46367
     1#National Cancer Institute  |  -2.275191   2.903881    -0.78   0.433    -7.966757    3.416375
                               1 #|
National Health and Medical Rese  |  -1.096134   3.398374    -0.32   0.747    -7.756899     5.56463
                1#Wellcome Trust  |   18.16762   6.630546     2.74   0.006     5.171842     31.1634
                                  |
              orcid_confirmed_cat |
                            True  |   8.304362   2.435544     3.41   0.001      3.53073    13.07799
                                  |
                       start_year |
                            2008  |  -7.676744   1.886975    -4.07   0.000    -11.37519   -3.978299
                            2009  |  -6.951082   2.138597    -3.25   0.001     -11.1427   -2.759463
                            2010  |  -15.67269   2.827999    -5.54   0.000    -21.21552   -10.12985
                            2011  |  -18.79377   1.787558   -10.51   0.000    -22.29735   -15.29018
                            2012  |  -24.36355   1.878985   -12.97   0.000    -28.04633   -20.68077
                                  |
                            _cons |   70.14929   2.505552    28.00   0.000     65.23845    75.06014
---------------------------------------------------------------------------------------------------
(est5 stored)

added macro:
             e(YearFE) : "Yes"

added macro:
      e(AffiliationFE) : "No"

added macro:
       e(ResearcherFE) : "No"
(sum of wgt is 35,903.8346449763)

Linear regression                               Number of obs     =    108,850
                                                F(17, 108832)     =      95.92
                                                Prob > F          =     0.0000
                                                R-squared         =     0.0491
                                                Root MSE          =     66.939

---------------------------------------------------------------------------------------------------
                                  |               Robust
                citations_per_pub |      Coef.   Std. Err.      t    P>|t|     [95% Conf. Interval]
----------------------------------+----------------------------------------------------------------
                      1.post_flag |  -25.44916   2.646701    -9.62   0.000    -30.63666   -20.26166
                                  |
                        funder_id |
                INCa/INSERM/DGOS  |  -16.34535   2.495845    -6.55   0.000    -21.23717   -11.45353
       National Cancer Institute  |   3.234318   2.454146     1.32   0.188    -1.575774    8.044409
National Health and Medical Rese  |  -3.000773   2.915817    -1.03   0.303    -8.715732    2.714187
                  Wellcome Trust  |  -14.77472   4.332973    -3.41   0.001    -23.26729   -6.282155
                                  |
              post_flag#funder_id |
              1#INCa/INSERM/DGOS  |   6.639205   2.984773     2.22   0.026     .7890928    12.48932
     1#National Cancer Institute  |  -2.267796   2.900659    -0.78   0.434    -7.953047    3.417455
                               1 #|
National Health and Medical Rese  |   -1.08558   3.393549    -0.32   0.749    -7.736887    5.565727
                1#Wellcome Trust  |   17.93907   6.607459     2.71   0.007     4.988544    30.88959
                                  |
              orcid_confirmed_cat |
                            True  |   8.064036   2.433415     3.31   0.001     3.294576     12.8335
                                  |
                       gender_cat |
                               F  |   .0701217   1.366741     0.05   0.959    -2.608672    2.748915
                               M  |    4.28253    1.17599     3.64   0.000     1.977606    6.587453
                                  |
                       start_year |
                            2008  |  -7.107894   1.866704    -3.81   0.000    -10.76661   -3.449181
                            2009  |  -6.801565   2.138426    -3.18   0.001    -10.99285    -2.61028
                            2010  |  -14.61645   2.676437    -5.46   0.000    -19.86223   -9.370669
                            2011  |  -18.42812   1.771658   -10.40   0.000    -21.90055    -14.9557
                            2012  |  -23.56171    1.83915   -12.81   0.000    -27.16641     -19.957
                                  |
                            _cons |   67.08033   2.583343    25.97   0.000     62.01701    72.14364
---------------------------------------------------------------------------------------------------
(est6 stored)

added macro:
             e(YearFE) : "Yes"

added macro:
      e(AffiliationFE) : "No"

added macro:
       e(ResearcherFE) : "No"
(sum of wgt is 35,903.8346449763)

Linear regression                               Number of obs     =    108,850
                                                F(19, 108830)     =      86.16
                                                Prob > F          =     0.0000
                                                R-squared         =     0.0493
                                                Root MSE          =     66.931

---------------------------------------------------------------------------------------------------
                                  |               Robust
                citations_per_pub |      Coef.   Std. Err.      t    P>|t|     [95% Conf. Interval]
----------------------------------+----------------------------------------------------------------
                      1.post_flag |  -24.97908   2.666832    -9.37   0.000    -30.20603   -19.75213
                                  |
                        funder_id |
                INCa/INSERM/DGOS  |  -16.19544   2.493477    -6.50   0.000    -21.08262   -11.30826
       National Cancer Institute  |   3.365146   2.452846     1.37   0.170    -1.442397    8.172689
National Health and Medical Rese  |  -3.007263   2.907209    -1.03   0.301    -8.705351    2.690826
                  Wellcome Trust  |  -14.65892   4.338525    -3.38   0.001    -23.16237   -6.155474
                                  |
              post_flag#funder_id |
              1#INCa/INSERM/DGOS  |   6.625723   2.989746     2.22   0.027      .765863    12.48558
     1#National Cancer Institute  |  -2.247175   2.900733    -0.77   0.439    -7.932571    3.438221
                               1 #|
National Health and Medical Rese  |  -1.128448   3.390738    -0.33   0.739    -7.774245     5.51735
                1#Wellcome Trust  |   17.91576   6.558287     2.73   0.006     5.061615    30.76991
                                  |
              orcid_confirmed_cat |
                            True  |   7.945368   2.448092     3.25   0.001     3.147144    12.74359
                                  |
                       gender_cat |
                               F  |   .1384459   1.367185     0.10   0.919    -2.541217    2.818108
                               M  |   4.569817   1.212636     3.77   0.000     2.193068    6.946567
                                  |
                   rsr_career_age |   .0656187   .2232733     0.29   0.769    -.3719938    .5032313
                 rsr_career_age_2 |  -.0048876   .0051859    -0.94   0.346     -.015052    .0052767
                                  |
                       start_year |
                            2008  |  -7.203883   1.871815    -3.85   0.000    -10.87261   -3.535151
                            2009  |  -6.780588   2.134776    -3.18   0.001    -10.96472   -2.596458
                            2010  |  -14.50115   2.670284    -5.43   0.000    -19.73487   -9.267435
                            2011  |  -18.35163   1.767759   -10.38   0.000    -21.81641   -14.88684
                            2012  |  -23.60129   1.847153   -12.78   0.000    -27.22168    -19.9809
                                  |
                            _cons |   67.20151   3.084736    21.79   0.000     61.15547    73.24755
---------------------------------------------------------------------------------------------------
(est7 stored)

added macro:
             e(YearFE) : "Yes"

added macro:
      e(AffiliationFE) : "No"

added macro:
       e(ResearcherFE) : "No"
       panel variable:  person_id (balanced)
note: 2.funder_id omitted because of collinearity
note: 3.funder_id omitted because of collinearity
note: 4.funder_id omitted because of collinearity
note: 5.funder_id omitted because of collinearity

Fixed-effects (within) regression               Number of obs     =    108,850
Group variable: person_id                       Number of groups  =     11,473

R-sq:                                           Obs per group:
     within  = 0.0354                                         min =          1
     between = 0.0000                                         avg =        9.5
     overall = 0.0247                                         max =         11

                                                F(5,11472)        =     163.98
corr(u_i, Xb)  = -0.0156                        Prob > F          =     0.0000

                                              (Std. Err. adjusted for 11,473 clusters in person_id)
---------------------------------------------------------------------------------------------------
                                  |               Robust
                citations_per_pub |      Coef.   Std. Err.      t    P>|t|     [95% Conf. Interval]
----------------------------------+----------------------------------------------------------------
                      1.post_flag |  -25.31718   2.726604    -9.29   0.000    -30.66179   -19.97257
                                  |
                        funder_id |
                INCa/INSERM/DGOS  |          0  (omitted)
       National Cancer Institute  |          0  (omitted)
National Health and Medical Rese  |          0  (omitted)
                  Wellcome Trust  |          0  (omitted)
                                  |
              post_flag#funder_id |
              1#INCa/INSERM/DGOS  |   6.799583   3.092625     2.20   0.028     .7375105    12.86166
     1#National Cancer Institute  |  -2.836046   3.043098    -0.93   0.351    -8.801038    3.128946
                               1 #|
National Health and Medical Rese  |   -.825328   3.518579    -0.23   0.815    -7.722343    6.071687
                1#Wellcome Trust  |   19.42147   8.962353     2.17   0.030     1.853729    36.98921
                                  |
                            _cons |   52.08299   .8301943    62.74   0.000     50.45567    53.71031
----------------------------------+----------------------------------------------------------------
                          sigma_u |  45.671021
                          sigma_e |  60.519007
                              rho |  .36285661   (fraction of variance due to u_i)
---------------------------------------------------------------------------------------------------
(est8 stored)

added macro:
             e(YearFE) : "Yes"

added macro:
      e(AffiliationFE) : "Yes"

added macro:
       e(ResearcherFE) : "Yes"
