----------------------------------------------------------------------------------------------------------------------------------------------------------------------------------------------------------------------------
      name:  <unnamed>
       log:  /Users/nj995/dropbox/projects/2018_helios/output/regression_results/20181116_citations_per_pub.log
  log type:  text
 opened on:  16 Nov 2018, 17:13:12
(sum of wgt is 112,221)

Linear regression                               Number of obs     =    112,221
                                                F(15, 112205)     =     325.99
                                                Prob > F          =     0.0000
                                                R-squared         =     0.0368
                                                Root MSE          =     88.591

-----------------------------------------------------------------------------------------------------
                                    |               Robust
                  citations_per_pub |      Coef.   Std. Err.      t    P>|t|     [95% Conf. Interval]
------------------------------------+----------------------------------------------------------------
                        1.post_flag |  -27.33621   1.949675   -14.02   0.000    -31.15754   -23.51487
                                    |
                          funder_id |
                  INCa/INSERM/DGOS  |  -20.95209   1.808141   -11.59   0.000    -24.49602   -17.40816
         National Cancer Institute  |   1.221109   1.462434     0.83   0.404    -1.645241    4.087458
  National Health and Medical Rese  |  -6.642075   1.684804    -3.94   0.000    -9.944266   -3.339884
                    Wellcome Trust  |  -3.055469   3.931415    -0.78   0.437    -10.76098    4.650045
                                    |
                post_flag#funder_id |
                1#INCa/INSERM/DGOS  |   8.449541   2.391996     3.53   0.000     3.761265    13.13782
       1#National Cancer Institute  |   -3.32286   2.055155    -1.62   0.106    -7.350934    .7052142
1#National Health and Medical Rese  |   .5870855   2.261916     0.26   0.795    -3.846236    5.020407
                  1#Wellcome Trust  |   5.847294   4.763422     1.23   0.220    -3.488943    15.18353
                                    |
                orcid_confirmed_cat |
                              True  |   8.359215   2.426102     3.45   0.001     3.604092    13.11434
                                    |
                         start_year |
                              2008  |  -6.486264   .8936509    -7.26   0.000    -8.237807   -4.734722
                              2009  |  -6.004322   .9624813    -6.24   0.000    -7.890771   -4.117872
                              2010  |  -14.17712   .9378987   -15.12   0.000    -16.01539   -12.33885
                              2011  |  -19.13878   .8455252   -22.64   0.000      -20.796   -17.48156
                              2012  |  -24.66201   .8147072   -30.27   0.000    -26.25883    -23.0652
                                    |
                              _cons |   74.34534   1.427624    52.08   0.000     71.54722    77.14346
-----------------------------------------------------------------------------------------------------
(est1 stored)

added macro:
             e(YearFE) : "Yes"

added macro:
      e(AffiliationFE) : "No"

added macro:
       e(ResearcherFE) : "No"
(sum of wgt is 112,221)

Linear regression                               Number of obs     =    112,221
                                                F(17, 112203)     =     296.57
                                                Prob > F          =     0.0000
                                                R-squared         =     0.0375
                                                Root MSE          =     88.561

-----------------------------------------------------------------------------------------------------
                                    |               Robust
                  citations_per_pub |      Coef.   Std. Err.      t    P>|t|     [95% Conf. Interval]
------------------------------------+----------------------------------------------------------------
                        1.post_flag |  -27.27368   1.948487   -14.00   0.000    -31.09269   -23.45468
                                    |
                          funder_id |
                  INCa/INSERM/DGOS  |   -20.9723   1.808383   -11.60   0.000     -24.5167   -17.42789
         National Cancer Institute  |   1.366874   1.465182     0.93   0.351     -1.50486    4.238608
  National Health and Medical Rese  |  -6.555774   1.684134    -3.89   0.000    -9.856651   -3.254898
                    Wellcome Trust  |  -3.368185   3.930218    -0.86   0.391    -11.07135    4.334984
                                    |
                post_flag#funder_id |
                1#INCa/INSERM/DGOS  |   8.469814   2.391662     3.54   0.000     3.782192    13.15744
       1#National Cancer Institute  |  -3.329076   2.054288    -1.62   0.105     -7.35545    .6972975
1#National Health and Medical Rese  |   .6108355   2.261041     0.27   0.787    -3.820771    5.042442
                  1#Wellcome Trust  |   5.966627   4.761126     1.25   0.210    -3.365109    15.29836
                                    |
                orcid_confirmed_cat |
                              True  |   8.167448   2.425168     3.37   0.001     3.414154    12.92074
                                    |
                         gender_cat |
                                 F  |  -1.891994   .8588093    -2.20   0.028    -3.575248   -.2087406
                                 M  |   3.289565   .7934427     4.15   0.000     1.734429    4.844701
                                    |
                         start_year |
                              2008  |  -6.284358   .8957336    -7.02   0.000    -8.039982   -4.528733
                              2009  |  -5.960981   .9625253    -6.19   0.000    -7.847517   -4.074446
                              2010  |  -13.95795   .9396797   -14.85   0.000    -15.79971    -12.1162
                              2011  |  -18.81596   .8486879   -22.17   0.000    -20.47938   -17.15255
                              2012  |  -24.47211   .8159085   -29.99   0.000    -26.07128   -22.87294
                                    |
                              _cons |   72.76685   1.612391    45.13   0.000     69.60659    75.92711
-----------------------------------------------------------------------------------------------------
(est2 stored)

added macro:
             e(YearFE) : "Yes"

added macro:
      e(AffiliationFE) : "No"

added macro:
       e(ResearcherFE) : "No"
(sum of wgt is 112,221)

Linear regression                               Number of obs     =    112,221
                                                F(19, 112201)     =     270.88
                                                Prob > F          =     0.0000
                                                R-squared         =     0.0382
                                                Root MSE          =      88.53

-----------------------------------------------------------------------------------------------------
                                    |               Robust
                  citations_per_pub |      Coef.   Std. Err.      t    P>|t|     [95% Conf. Interval]
------------------------------------+----------------------------------------------------------------
                        1.post_flag |  -26.21702   1.947972   -13.46   0.000    -30.03502   -22.39902
                                    |
                          funder_id |
                  INCa/INSERM/DGOS  |   -20.8544   1.809428   -11.53   0.000    -24.40085   -17.30795
         National Cancer Institute  |   1.197807   1.464561     0.82   0.413     -1.67271    4.068324
  National Health and Medical Rese  |  -6.683217   1.684041    -3.97   0.000    -9.983912   -3.382521
                    Wellcome Trust  |  -3.632974   3.942972    -0.92   0.357    -11.36114    4.095193
                                    |
                post_flag#funder_id |
                1#INCa/INSERM/DGOS  |   8.219841   2.392892     3.44   0.001     3.529808    12.90987
       1#National Cancer Institute  |  -3.365273   2.054463    -1.64   0.101    -7.391991    .6614447
1#National Health and Medical Rese  |   .6332733    2.26148     0.28   0.779    -3.799194     5.06574
                  1#Wellcome Trust  |   5.263186   4.765357     1.10   0.269    -4.076843    14.60321
                                    |
                orcid_confirmed_cat |
                              True  |    8.35406   2.429396     3.44   0.001      3.59248    13.11564
                                    |
                         gender_cat |
                                 F  |  -1.750731   .8574886    -2.04   0.041    -3.431396   -.0700663
                                 M  |   4.081889   .8057638     5.07   0.000     2.502604    5.661174
                                    |
                     rsr_career_age |  -.7374717   .1052893    -7.00   0.000    -.9438372   -.5311062
                   rsr_career_age_2 |   .0147183   .0023444     6.28   0.000     .0101232    .0193133
                                    |
                         start_year |
                              2008  |  -6.437634   .8949388    -7.19   0.000    -8.191701   -4.683568
                              2009  |   -5.92109   .9625181    -6.15   0.000    -7.807611   -4.034569
                              2010  |  -14.04933   .9393537   -14.96   0.000    -15.89045   -12.20821
                              2011  |  -18.93936   .8485998   -22.32   0.000     -20.6026   -17.27612
                              2012  |  -24.73132   .8145293   -30.36   0.000    -26.32779   -23.13486
                                    |
                              _cons |   78.75168   1.838858    42.83   0.000     75.14754    82.35581
-----------------------------------------------------------------------------------------------------
(est3 stored)

added macro:
             e(YearFE) : "Yes"

added macro:
      e(AffiliationFE) : "No"

added macro:
       e(ResearcherFE) : "No"
       panel variable:  person_id (unbalanced)
note: 2.funder_id omitted because of collinearity
note: 3.funder_id omitted because of collinearity
note: 4.funder_id omitted because of collinearity
note: 5.funder_id omitted because of collinearity

Fixed-effects (within) regression               Number of obs     =    112,221
Group variable: person_id                       Number of groups  =     11,998

R-sq:                                           Obs per group:
     within  = 0.0355                                         min =          1
     between = 0.0002                                         avg =        9.4
     overall = 0.0238                                         max =         11

                                                F(5,11997)        =     533.79
corr(u_i, Xb)  = -0.0186                        Prob > F          =     0.0000

                                                (Std. Err. adjusted for 11,998 clusters in person_id)
-----------------------------------------------------------------------------------------------------
                                    |               Robust
                  citations_per_pub |      Coef.   Std. Err.      t    P>|t|     [95% Conf. Interval]
------------------------------------+----------------------------------------------------------------
                        1.post_flag |  -26.45827   2.125544   -12.45   0.000    -30.62468   -22.29186
                                    |
                          funder_id |
                  INCa/INSERM/DGOS  |          0  (omitted)
         National Cancer Institute  |          0  (omitted)
  National Health and Medical Rese  |          0  (omitted)
                    Wellcome Trust  |          0  (omitted)
                                    |
                post_flag#funder_id |
                1#INCa/INSERM/DGOS  |   7.940673    2.57835     3.08   0.002      2.88669    12.99466
       1#National Cancer Institute  |  -4.948853   2.245497    -2.20   0.028     -9.35039   -.5473163
1#National Health and Medical Rese  |   .2060543   2.459284     0.08   0.933    -4.614541    5.026649
                  1#Wellcome Trust  |   5.578203   4.997008     1.12   0.264     -4.21674    15.37315
                                    |
                              _cons |   62.77724   .2716915   231.06   0.000     62.24468     63.3098
------------------------------------+----------------------------------------------------------------
                            sigma_u |  48.588041
                            sigma_e |  79.780783
                                rho |  .27055463   (fraction of variance due to u_i)
-----------------------------------------------------------------------------------------------------
(est4 stored)

added macro:
             e(YearFE) : "Yes"

added macro:
      e(AffiliationFE) : "Yes"

added macro:
       e(ResearcherFE) : "Yes"
(sum of wgt is 1,205,614.8512886)

Linear regression                               Number of obs     =     82,046
                                                F(15, 82030)      =      88.38
                                                Prob > F          =     0.0000
                                                R-squared         =     0.0891
                                                Root MSE          =     16.307

-----------------------------------------------------------------------------------------------------
                                    |               Robust
                  citations_per_pub |      Coef.   Std. Err.      t    P>|t|     [95% Conf. Interval]
------------------------------------+----------------------------------------------------------------
                        1.post_flag |  -24.28024   5.714015    -4.25   0.000    -35.47966   -13.08081
                                    |
                          funder_id |
                  INCa/INSERM/DGOS  |  -11.86379   4.862186    -2.44   0.015    -21.39364   -2.333942
         National Cancer Institute  |   13.57739   4.997493     2.72   0.007      3.78234    23.37244
  National Health and Medical Rese  |  -22.92359   5.091434    -4.50   0.000    -32.90276   -12.94441
                    Wellcome Trust  |  -11.79834   7.842516    -1.50   0.132    -27.16962    3.572932
                                    |
                post_flag#funder_id |
                1#INCa/INSERM/DGOS  |   5.496639   5.887653     0.93   0.351    -6.043118     17.0364
       1#National Cancer Institute  |  -8.158891   6.062123    -1.35   0.178    -20.04061    3.722827
1#National Health and Medical Rese  |   20.90707   9.552452     2.19   0.029      2.18433    39.62981
                  1#Wellcome Trust  |   15.27785   9.766717     1.56   0.118    -3.864847    34.42055
                                    |
                orcid_confirmed_cat |
                              True  |   7.733733   2.456631     3.15   0.002     2.918753    12.54871
                                    |
                         start_year |
                              2008  |  -10.98514   2.958782    -3.71   0.000    -16.78433   -5.185945
                              2009  |  -28.59897   3.610215    -7.92   0.000    -35.67497   -21.52298
                              2010  |  -26.78115   5.082588    -5.27   0.000    -36.74299   -16.81932
                              2011  |   -22.2741   2.965413    -7.51   0.000    -28.08629   -16.46191
                              2012  |  -28.28754    3.65851    -7.73   0.000    -35.45819   -21.11689
                                    |
                              _cons |   71.56546   5.441378    13.15   0.000      60.9004    82.23053
-----------------------------------------------------------------------------------------------------
(est5 stored)

added macro:
             e(YearFE) : "Yes"

added macro:
      e(AffiliationFE) : "No"

added macro:
       e(ResearcherFE) : "No"
(sum of wgt is 1,205,614.8512886)

Linear regression                               Number of obs     =     82,046
                                                F(17, 82028)      =      81.91
                                                Prob > F          =     0.0000
                                                R-squared         =     0.0892
                                                Root MSE          =     16.306

-----------------------------------------------------------------------------------------------------
                                    |               Robust
                  citations_per_pub |      Coef.   Std. Err.      t    P>|t|     [95% Conf. Interval]
------------------------------------+----------------------------------------------------------------
                        1.post_flag |   -24.2714   5.712309    -4.25   0.000    -35.46748   -13.07531
                                    |
                          funder_id |
                  INCa/INSERM/DGOS  |  -11.85153   4.855367    -2.44   0.015    -21.36801   -2.335041
         National Cancer Institute  |   13.38797   4.984383     2.69   0.007      3.61862    23.15733
  National Health and Medical Rese  |   -23.0672   5.075652    -4.54   0.000    -33.01544   -13.11896
                    Wellcome Trust  |  -11.57795   7.991162    -1.45   0.147    -27.24057    4.084673
                                    |
                post_flag#funder_id |
                1#INCa/INSERM/DGOS  |   5.500586   5.888958     0.93   0.350    -6.041731     17.0429
       1#National Cancer Institute  |  -8.183048   6.063125    -1.35   0.177    -20.06673    3.700633
1#National Health and Medical Rese  |   20.89927   9.545345     2.19   0.029     2.190467    39.60808
                  1#Wellcome Trust  |   15.25465   9.707129     1.57   0.116    -3.771258    34.28055
                                    |
                orcid_confirmed_cat |
                              True  |   7.932826   2.463582     3.22   0.001     3.104223    12.76143
                                    |
                         gender_cat |
                                 F  |  -4.127978    2.36212    -1.75   0.081    -8.757717    .5017608
                                 M  |  -3.012881   2.480213    -1.21   0.224    -7.874082    1.848319
                                    |
                         start_year |
                              2008  |  -11.01878   2.839091    -3.88   0.000    -16.58337   -5.454178
                              2009  |  -28.42347   3.692952    -7.70   0.000    -35.66163   -21.18531
                              2010  |  -26.15738   4.629687    -5.65   0.000    -35.23154   -17.08323
                              2011  |  -22.23343   2.886499    -7.70   0.000    -27.89095   -16.57592
                              2012  |  -28.80753   3.553052    -8.11   0.000    -35.77149   -21.84357
                                    |
                              _cons |   74.54509   5.443929    13.69   0.000     63.87503    85.21516
-----------------------------------------------------------------------------------------------------
(est6 stored)

added macro:
             e(YearFE) : "Yes"

added macro:
      e(AffiliationFE) : "No"

added macro:
       e(ResearcherFE) : "No"
(sum of wgt is 1,205,614.8512886)

Linear regression                               Number of obs     =     82,046
                                                F(19, 82026)      =      72.42
                                                Prob > F          =     0.0000
                                                R-squared         =     0.0895
                                                Root MSE          =     16.303

-----------------------------------------------------------------------------------------------------
                                    |               Robust
                  citations_per_pub |      Coef.   Std. Err.      t    P>|t|     [95% Conf. Interval]
------------------------------------+----------------------------------------------------------------
                        1.post_flag |  -24.20396   5.736289    -4.22   0.000    -35.44705   -12.96088
                                    |
                          funder_id |
                  INCa/INSERM/DGOS  |  -12.27911   7.016429    -1.75   0.080    -26.03126     1.47304
         National Cancer Institute  |   13.11729   5.975053     2.20   0.028     1.406225    24.82835
  National Health and Medical Rese  |  -24.76874   19.77824    -1.25   0.210    -63.53395    13.99647
                    Wellcome Trust  |  -11.57628   8.099864    -1.43   0.153    -27.45196    4.299392
                                    |
                post_flag#funder_id |
                1#INCa/INSERM/DGOS  |   5.547949   5.924882     0.94   0.349    -6.064777    17.16068
       1#National Cancer Institute  |  -8.099308   6.149246    -1.32   0.188    -20.15179     3.95317
1#National Health and Medical Rese  |   21.50553   11.02883     1.95   0.051     -.110894    43.12196
                  1#Wellcome Trust  |   14.91181   10.59973     1.41   0.159    -5.863588    35.68722
                                    |
                orcid_confirmed_cat |
                              True  |   8.074595    3.03129     2.66   0.008     2.133288     14.0159
                                    |
                         gender_cat |
                                 F  |  -4.159692   2.444461    -1.70   0.089    -8.950819    .6314346
                                 M  |  -3.240097   4.015134    -0.81   0.420    -11.10973    4.629538
                                    |
                     rsr_career_age |  -.3640172   4.234353    -0.09   0.931    -8.663319    7.935284
                   rsr_career_age_2 |   .0091735   .1101945     0.08   0.934    -.2068069    .2251538
                                    |
                         start_year |
                              2008  |   -11.1877    3.38433    -3.31   0.001    -17.82096   -4.554433
                              2009  |  -30.01646   18.45838    -1.63   0.104    -66.19475    6.161833
                              2010  |  -26.25715   4.772983    -5.50   0.000    -35.61216   -16.90214
                              2011  |  -22.28557   2.934903    -7.59   0.000    -28.03796   -16.53318
                              2012  |  -29.10782   4.828085    -6.03   0.000    -38.57083   -19.64481
                                    |
                              _cons |   78.08113   40.76937     1.92   0.055    -1.826547    157.9888
-----------------------------------------------------------------------------------------------------
(est7 stored)

added macro:
             e(YearFE) : "Yes"

added macro:
      e(AffiliationFE) : "No"

added macro:
       e(ResearcherFE) : "No"
       panel variable:  person_id (unbalanced)
note: 2.funder_id omitted because of collinearity
note: 3.funder_id omitted because of collinearity
note: 4.funder_id omitted because of collinearity
note: 5.funder_id omitted because of collinearity

Fixed-effects (within) regression               Number of obs     =     82,046
Group variable: person_id                       Number of groups  =      8,855

R-sq:                                           Obs per group:
     within  = 0.0217                                         min =          1
     between = 0.0016                                         avg =        9.3
     overall = 0.0167                                         max =         11

                                                F(5,8854)         =     178.04
corr(u_i, Xb)  = -0.0619                        Prob > F          =     0.0000

                                                 (Std. Err. adjusted for 8,855 clusters in person_id)
-----------------------------------------------------------------------------------------------------
                                    |               Robust
                  citations_per_pub |      Coef.   Std. Err.      t    P>|t|     [95% Conf. Interval]
------------------------------------+----------------------------------------------------------------
                        1.post_flag |  -24.25369   1.962414   -12.36   0.000    -28.10048    -20.4069
                                    |
                          funder_id |
                  INCa/INSERM/DGOS  |          0  (omitted)
         National Cancer Institute  |          0  (omitted)
  National Health and Medical Rese  |          0  (omitted)
                    Wellcome Trust  |          0  (omitted)
                                    |
                post_flag#funder_id |
                1#INCa/INSERM/DGOS  |    5.73609   2.445632     2.35   0.019      .942084     10.5301
       1#National Cancer Institute  |  -8.637575   2.939012    -2.94   0.003    -14.39872   -2.876429
1#National Health and Medical Rese  |   20.99695   1.970172    10.66   0.000     17.13495    24.85894
                  1#Wellcome Trust  |   16.09862    5.23633     3.07   0.002     5.834198    26.36304
                                    |
                              _cons |   20.80937   .1286137   161.80   0.000     20.55726    21.06149
------------------------------------+----------------------------------------------------------------
                            sigma_u |  50.809946
                            sigma_e |  15.858238
                                rho |  .91123481   (fraction of variance due to u_i)
-----------------------------------------------------------------------------------------------------
(est8 stored)

added macro:
             e(YearFE) : "Yes"

added macro:
      e(AffiliationFE) : "Yes"

added macro:
       e(ResearcherFE) : "Yes"
