----------------------------------------------------------------------------------------------------
      name:  <unnamed>
       log:  /Users/nj995/dropbox/projects/2018_helios/output/regression_results/20181115_nb_collabs
> .log
  log type:  text
 opened on:  15 Nov 2018, 11:27:36

      Source |       SS           df       MS      Number of obs   =   132,913
-------------+----------------------------------   F(15, 132897)   =    297.11
       Model |  16561321.3        15  1104088.09   Prob > F        =    0.0000
    Residual |   493850282   132,897  3716.03785   R-squared       =    0.0324
-------------+----------------------------------   Adj R-squared   =    0.0323
       Total |   510411604   132,912  3840.22213   Root MSE        =    60.959

---------------------------------------------------------------------------------------------------
                       nb_collabs |      Coef.   Std. Err.      t    P>|t|     [95% Conf. Interval]
----------------------------------+----------------------------------------------------------------
                      1.post_flag |   20.18628   1.258713    16.04   0.000     17.71923    22.65333
                                  |
                        funder_id |
                INCa/INSERM/DGOS  |   10.74251   1.217387     8.82   0.000     8.356458    13.12857
       National Cancer Institute  |   1.511559   .8928366     1.69   0.090    -.2383841    3.261503
National Health and Medical Rese  |    .972371   1.060921     0.92   0.359    -1.107015    3.051756
                  Wellcome Trust  |   -4.41393   1.805419    -2.44   0.014    -7.952518   -.8753413
                                  |
              post_flag#funder_id |
              1#INCa/INSERM/DGOS  |   4.765143   1.753599     2.72   0.007     1.328121    8.202165
     1#National Cancer Institute  |  -.0809237   1.320705    -0.06   0.951    -2.669482    2.507634
                               1 #|
National Health and Medical Rese  |   2.145391   1.570798     1.37   0.172    -.9333457    5.224127
                1#Wellcome Trust  |   5.692088   2.673158     2.13   0.033     .4527469    10.93143
                                  |
              orcid_confirmed_cat |
                            True  |  -2.384174   1.580768    -1.51   0.131     -5.48245    .7141022
                                  |
                       start_year |
                            2008  |  -.1226743   .5425565    -0.23   0.821    -1.186075    .9407266
                            2009  |   5.028031   .5254952     9.57   0.000      3.99807    6.057992
                            2010  |   4.790535    .572082     8.37   0.000     3.669265    5.911805
                            2011  |   6.389177    .579233    11.03   0.000     5.253891    7.524463
                            2012  |   5.045774   .5945694     8.49   0.000     3.880428    6.211119
                                  |
                            _cons |   17.42968   .8925347    19.53   0.000     15.68032    19.17903
---------------------------------------------------------------------------------------------------
(est1 stored)

added macro:
          e(CountryFE) : "No"

added macro:
      e(AffiliationFE) : "No"

added macro:
       e(ResearcherFE) : "No"

      Source |       SS           df       MS      Number of obs   =   132,913
-------------+----------------------------------   F(35, 132877)   =    153.25
       Model |  19804481.7        35  565842.335   Prob > F        =    0.0000
    Residual |   490607122   132,877  3692.18993   R-squared       =    0.0388
-------------+----------------------------------   Adj R-squared   =    0.0385
       Total |   510411604   132,912  3840.22213   Root MSE        =    60.763

---------------------------------------------------------------------------------------------------
                       nb_collabs |      Coef.   Std. Err.      t    P>|t|     [95% Conf. Interval]
----------------------------------+----------------------------------------------------------------
                        post_year |
                          post_1  |   8.695349   2.238031     3.89   0.000     4.308848    13.08185
                          post_2  |    14.6186   2.238031     6.53   0.000      10.2321    19.00511
                          post_3  |    17.7314   2.238031     7.92   0.000     13.34489     22.1179
                          post_4  |   28.46628   2.238031    12.72   0.000     24.07978    32.85278
                          post_5  |   31.41977   2.238031    14.04   0.000     27.03327    35.80627
                                  |
                        funder_id |
                INCa/INSERM/DGOS  |   10.74251   1.213474     8.85   0.000     8.364127     13.1209
       National Cancer Institute  |   1.511559    .889967     1.70   0.089    -.2327599    3.255879
National Health and Medical Rese  |    .972371   1.057511     0.92   0.358    -1.100331    3.045073
                  Wellcome Trust  |   -4.41393   1.799617    -2.45   0.014    -7.941146   -.8867141
                                  |
              post_year#funder_id |
         post_1#INCa/INSERM/DGOS  |   3.852791   3.117955     1.24   0.217    -2.258345    9.963927
post_1#National Cancer Institute  |   2.181583   2.348256     0.93   0.353    -2.420957    6.784122
                          post_1 #|
National Health and Medical Rese  |   3.471318    2.79293     1.24   0.214    -2.002775    8.945411
           post_1#Wellcome Trust  |   4.320978   4.752961     0.91   0.363     -4.99474     13.6367
         post_2#INCa/INSERM/DGOS  |   3.750104   3.117955     1.20   0.229    -2.361032     9.86124
post_2#National Cancer Institute  |   .0940269   2.348256     0.04   0.968    -4.508513    4.696566
                          post_2 #|
National Health and Medical Rese  |   2.207168    2.79293     0.79   0.429    -3.266925     7.68126
           post_2#Wellcome Trust  |   6.491599   4.752961     1.37   0.172    -2.824118    15.80732
         post_3#INCa/INSERM/DGOS  |   5.301427   3.117955     1.70   0.089    -.8097085    11.41256
post_3#National Cancer Institute  |   1.556638   2.348256     0.66   0.507    -3.045901    6.159178
                          post_3 #|
National Health and Medical Rese  |   3.440456    2.79293     1.23   0.218    -2.033637    8.914549
           post_3#Wellcome Trust  |   9.566564   4.752961     2.01   0.044     .2508459    18.88228
         post_4#INCa/INSERM/DGOS  |   3.736128   3.117955     1.20   0.231    -2.375008    9.847264
post_4#National Cancer Institute  |  -1.202421   2.348256    -0.51   0.609    -5.804961    3.400118
                          post_4 #|
National Health and Medical Rese  |   .0458186    2.79293     0.02   0.987    -5.428274    5.519911
           post_4#Wellcome Trust  |    1.68066   4.752961     0.35   0.724    -7.635058    10.99638
         post_5#INCa/INSERM/DGOS  |   7.185265   3.117955     2.30   0.021     1.074129     13.2964
post_5#National Cancer Institute  |  -3.034445   2.348256    -1.29   0.196    -7.636984    1.568095
                          post_5 #|
National Health and Medical Rese  |   1.562194    2.79293     0.56   0.576    -3.911899    7.036287
           post_5#Wellcome Trust  |   6.400641   4.752961     1.35   0.178    -2.915077    15.71636
                                  |
              orcid_confirmed_cat |
                            True  |  -2.384174   1.575687    -1.51   0.130    -5.472493    .7041445
                                  |
                       start_year |
                            2008  |  -.1226743   .5408128    -0.23   0.821    -1.182658    .9373089
                            2009  |   5.028031   .5238063     9.60   0.000      4.00138    6.054682
                            2010  |   4.790535   .5702433     8.40   0.000     3.672868    5.908201
                            2011  |   6.389177   .5773714    11.07   0.000     5.257539    7.520814
                            2012  |   5.045774   .5926585     8.51   0.000     3.884174    6.207374
                                  |
                            _cons |   17.42968   .8896661    19.59   0.000     15.68595    19.17341
---------------------------------------------------------------------------------------------------
(est2 stored)

added macro:
          e(CountryFE) : "No"

added macro:
      e(AffiliationFE) : "No"

added macro:
       e(ResearcherFE) : "No"

      Source |       SS           df       MS      Number of obs   =   132,913
-------------+----------------------------------   F(60, 132852)   =     96.31
       Model |  21275919.2        60  354598.653   Prob > F        =    0.0000
    Residual |   489135685   132,852  3681.80896   R-squared       =    0.0417
-------------+----------------------------------   Adj R-squared   =    0.0413
       Total |   510411604   132,912  3840.22213   Root MSE        =    60.678

---------------------------------------------------------------------------------------------------
                       nb_collabs |      Coef.   Std. Err.      t    P>|t|     [95% Conf. Interval]
----------------------------------+----------------------------------------------------------------
                    pre_post_year |
                          post_1  |   13.76628   2.926149     4.70   0.000     8.031081    19.50148
                          post_2  |   19.68953   2.926149     6.73   0.000     13.95434    25.42473
                          post_3  |   22.80233   2.926149     7.79   0.000     17.06713    28.53752
                          post_4  |   33.53721   2.926149    11.46   0.000     27.80201    39.27241
                          post_5  |    36.4907   2.926149    12.47   0.000      30.7555     42.2259
                          pre_-1  |   7.988372   2.926149     2.73   0.006     2.253174    13.72357
                          pre_-2  |   5.830233   2.926149     1.99   0.046     .0950342    11.56543
                          pre_-3  |   3.548837   2.926149     1.21   0.225    -2.186361    9.284036
                          pre_-4  |   1.772093   2.926149     0.61   0.545    -3.963105    7.507291
                           pre_0  |   11.28605   2.926149     3.86   0.000     5.550848    17.02124
                                  |
                        funder_id |
                INCa/INSERM/DGOS  |   7.129637   2.897048     2.46   0.014     1.451475     12.8078
       National Cancer Institute  |   .5157525   2.171988     0.24   0.812    -3.741304    4.772809
National Health and Medical Rese  |   .5832666   2.582882     0.23   0.821    -4.479134    5.645667
                  Wellcome Trust  |  -5.122591   4.395488    -1.17   0.244    -13.73767    3.492486
                                  |
          pre_post_year#funder_id |
         post_1#INCa/INSERM/DGOS  |   7.465668   4.076619     1.83   0.067    -.5244305    15.45577
post_1#National Cancer Institute  |    3.17739   3.070264     1.03   0.301    -2.840272    9.195051
                          post_1 #|
National Health and Medical Rese  |   3.860422    3.65166     1.06   0.290    -3.296765    11.01761
           post_1#Wellcome Trust  |   5.029639   6.214333     0.81   0.418     -7.15034    17.20962
         post_2#INCa/INSERM/DGOS  |   7.362982   4.076619     1.81   0.071    -.6271174    15.35308
post_2#National Cancer Institute  |   1.089834   3.070264     0.35   0.723    -4.927827    7.107495
                          post_2 #|
National Health and Medical Rese  |   2.596272    3.65166     0.71   0.477    -4.560915    9.753459
           post_2#Wellcome Trust  |   7.200261   6.214333     1.16   0.247    -4.979718    19.38024
         post_3#INCa/INSERM/DGOS  |   8.914305   4.076619     2.19   0.029     .9242057     16.9044
post_3#National Cancer Institute  |   2.552445   3.070264     0.83   0.406    -3.465216    8.570106
                          post_3 #|
National Health and Medical Rese  |    3.82956    3.65166     1.05   0.294    -3.327627    10.98675
           post_3#Wellcome Trust  |   10.27523   6.214333     1.65   0.098    -1.904754     22.4552
         post_4#INCa/INSERM/DGOS  |   7.349005   4.076619     1.80   0.071    -.6410938     15.3391
post_4#National Cancer Institute  |  -.2066143   3.070264    -0.07   0.946    -6.224275    5.811047
                          post_4 #|
National Health and Medical Rese  |   .4349229    3.65166     0.12   0.905    -6.722264     7.59211
           post_4#Wellcome Trust  |   2.389321   6.214333     0.38   0.701    -9.790658     14.5693
         post_5#INCa/INSERM/DGOS  |   10.79814   4.076619     2.65   0.008     2.808044    18.78824
post_5#National Cancer Institute  |  -2.038638   3.070264    -0.66   0.507    -8.056299    3.979023
                          post_5 #|
National Health and Medical Rese  |   1.951298    3.65166     0.53   0.593    -5.205889    9.108485
           post_5#Wellcome Trust  |   7.109302   6.214333     1.14   0.253    -5.070677    19.28928
         pre_-1#INCa/INSERM/DGOS  |   6.261081   4.076619     1.54   0.125    -1.729018    14.25118
pre_-1#National Cancer Institute  |   2.105396   3.070264     0.69   0.493    -3.912265    8.123057
                          pre_-1 #|
National Health and Medical Rese  |   1.249476    3.65166     0.34   0.732    -5.907711    8.406663
           pre_-1#Wellcome Trust  |   .8810157   6.214333     0.14   0.887    -11.29896    13.06099
         pre_-2#INCa/INSERM/DGOS  |   4.620533   4.076619     1.13   0.257    -3.369566    12.61063
pre_-2#National Cancer Institute  |   1.113319   3.070264     0.36   0.717    -4.904343     7.13098
                          pre_-2 #|
National Health and Medical Rese  |  -.3791632    3.65166    -0.10   0.917     -7.53635    6.778024
           pre_-2#Wellcome Trust  |   .5656858   6.214333     0.09   0.927    -11.61429    12.74566
         pre_-3#INCa/INSERM/DGOS  |   2.777202   4.076619     0.68   0.496    -5.212897     10.7673
pre_-3#National Cancer Institute  |   .9379601   3.070264     0.31   0.760    -5.079701    6.955621
                          pre_-3 #|
National Health and Medical Rese  |   .6851226    3.65166     0.19   0.851    -6.472064     7.84231
           pre_-3#Wellcome Trust  |   .5736118   6.214333     0.09   0.926    -11.60637    12.75359
         pre_-4#INCa/INSERM/DGOS  |   .7672943   4.076619     0.19   0.851    -7.222805    8.757393
pre_-4#National Cancer Institute  |   .4683717   3.070264     0.15   0.879    -5.549289    6.486033
                          pre_-4 #|
National Health and Medical Rese  |  -.2335318    3.65166    -0.06   0.949    -7.390719    6.923655
           pre_-4#Wellcome Trust  |  -.0537257   6.214333    -0.01   0.993     -12.2337    12.12625
          pre_0#INCa/INSERM/DGOS  |   7.251153   4.076619     1.78   0.075    -.7389463    15.24125
 pre_0#National Cancer Institute  |   1.349794   3.070264     0.44   0.660    -4.667867    7.367456
                           pre_0 #|
National Health and Medical Rese  |   1.012722    3.65166     0.28   0.782    -6.144465    8.169909
            pre_0#Wellcome Trust  |   2.285382   6.214333     0.37   0.713    -9.894597    14.46536
                                  |
              orcid_confirmed_cat |
                            True  |  -2.384174   1.573471    -1.52   0.130    -5.468148    .6997999
                                  |
                       start_year |
                            2008  |  -.1226743    .540052    -0.23   0.820    -1.181166    .9358177
                            2009  |   5.028031   .5230694     9.61   0.000     4.002825    6.053238
                            2010  |   4.790535   .5694411     8.41   0.000     3.674441    5.906629
                            2011  |   6.389177   .5765592    11.08   0.000     5.259131    7.519222
                            2012  |   5.045774   .5918248     8.53   0.000     3.885808     6.20574
                                  |
                            _cons |   12.35875   2.087325     5.92   0.000     8.267628    16.44987
---------------------------------------------------------------------------------------------------
(est3 stored)

added macro:
          e(CountryFE) : "No"

added macro:
      e(AffiliationFE) : "No"

added macro:
       e(ResearcherFE) : "No"

      Source |       SS           df       MS      Number of obs   =   132,913
-------------+----------------------------------   F(19, 132893)   =    553.37
       Model |  37421284.1        19  1969541.27   Prob > F        =    0.0000
    Residual |   472990320   132,893  3559.18159   R-squared       =    0.0733
-------------+----------------------------------   Adj R-squared   =    0.0732
       Total |   510411604   132,912  3840.22213   Root MSE        =    59.659

---------------------------------------------------------------------------------------------------
                       nb_collabs |      Coef.   Std. Err.      t    P>|t|     [95% Conf. Interval]
----------------------------------+----------------------------------------------------------------
                      1.post_flag |   13.28833   1.235608    10.75   0.000     10.86656     15.7101
                                  |
                        funder_id |
                INCa/INSERM/DGOS  |   10.48921   1.191575     8.80   0.000     8.153748    12.82468
       National Cancer Institute  |   2.169845      .8754     2.48   0.013     .4540767    3.885613
National Health and Medical Rese  |     1.7234   1.038411     1.66   0.097    -.3118665    3.758666
                  Wellcome Trust  |   2.837807   1.771379     1.60   0.109    -.6340638    6.309679
                                  |
              post_flag#funder_id |
              1#INCa/INSERM/DGOS  |   4.934479   1.716201     2.88   0.004     1.570756    8.298201
     1#National Cancer Institute  |  -.0930767   1.292531    -0.07   0.943    -2.626413     2.44026
                               1 #|
National Health and Medical Rese  |    2.00235   1.537298     1.30   0.193    -1.010726    5.015426
                1#Wellcome Trust  |     4.3131   2.616628     1.65   0.099    -.8154439    9.441644
                                  |
                   rsr_career_age |   2.178231   .0423721    51.41   0.000     2.095183     2.26128
                 rsr_career_age_2 |  -.0308945   .0011416   -27.06   0.000     -.033132    -.028657
                                  |
              orcid_confirmed_cat |
                            True  |  -3.655155   1.547568    -2.36   0.018     -6.68836   -.6219505
                                  |
                       gender_cat |
                               F  |  -2.196664   .5106534    -4.30   0.000    -3.197535   -1.195792
                               M  |    2.41104   .4735981     5.09   0.000     1.482796    3.339283
                                  |
                       start_year |
                            2008  |   .8256576   .5312508     1.55   0.120    -.2155844    1.866899
                            2009  |   4.249875   .5147369     8.26   0.000        3.241    5.258749
                            2010  |   5.353588   .5601132     9.56   0.000     4.255776      6.4514
                            2011  |    7.23927   .5673445    12.76   0.000     6.127285    8.351255
                            2012  |   6.678812   .5825147    11.47   0.000     5.537094     7.82053
                                  |
                            _cons |  -3.166467   1.006874    -3.14   0.002    -5.139923   -1.193012
---------------------------------------------------------------------------------------------------
(est4 stored)

added macro:
          e(CountryFE) : "No"

added macro:
      e(AffiliationFE) : "No"

added macro:
       e(ResearcherFE) : "No"

      Source |       SS           df       MS      Number of obs   =   132,913
-------------+----------------------------------   F(39, 132873)   =    285.72
       Model |  39492748.7        39  1012634.58   Prob > F        =    0.0000
    Residual |   470918855   132,873  3544.12751   R-squared       =    0.0774
-------------+----------------------------------   Adj R-squared   =    0.0771
       Total |   510411604   132,912  3840.22213   Root MSE        =    59.533

---------------------------------------------------------------------------------------------------
                       nb_collabs |      Coef.   Std. Err.      t    P>|t|     [95% Conf. Interval]
----------------------------------+----------------------------------------------------------------
                        post_year |
                          post_1  |   4.147537   2.193661     1.89   0.059    -.1519995    8.447073
                          post_2  |   8.937391   2.194202     4.07   0.000     4.636795    13.23799
                          post_3  |   10.97902   2.194843     5.00   0.000     6.677168    15.28087
                          post_4  |   20.70498   2.195586     9.43   0.000     16.40167    25.00829
                          post_5  |   22.71179    2.19644    10.34   0.000     18.40681    27.01677
                                  |
                        funder_id |
                INCa/INSERM/DGOS  |   10.51505   1.189053     8.84   0.000     8.184526    12.84557
       National Cancer Institute  |   2.182483   .8735469     2.50   0.012     .4703466    3.894619
National Health and Medical Rese  |   1.716832   1.036213     1.66   0.098    -.3141253     3.74779
                  Wellcome Trust  |   2.709184   1.767638     1.53   0.125    -.7553543    6.173723
                                  |
              post_year#funder_id |
         post_1#INCa/INSERM/DGOS  |   3.961337   3.054801     1.30   0.195    -2.026018    9.948691
post_1#National Cancer Institute  |   2.173793    2.30069     0.94   0.345    -2.335518    6.683103
                          post_1 #|
National Health and Medical Rese  |   3.379628   2.736359     1.24   0.217    -1.983587    8.742842
           post_1#Wellcome Trust  |   3.437035   4.656798     0.74   0.460    -5.690205    12.56427
         post_2#INCa/INSERM/DGOS  |   3.889663   3.054803     1.27   0.203    -2.097695     9.87702
post_2#National Cancer Institute  |    .084011    2.30069     0.04   0.971      -4.4253    4.593322
                          post_2 #|
National Health and Medical Rese  |    2.08928    2.73636     0.76   0.445    -3.273937    7.452497
           post_2#Wellcome Trust  |   5.355101   4.656872     1.15   0.250    -3.772283    14.48248
         post_3#INCa/INSERM/DGOS  |   5.471999   3.054805     1.79   0.073    -.5153631    11.45936
post_3#National Cancer Institute  |   1.544396    2.30069     0.67   0.502    -2.964914    6.053707
                          post_3 #|
National Health and Medical Rese  |   3.296371   2.736362     1.20   0.228    -2.066849    8.659591
           post_3#Wellcome Trust  |    8.17751   4.656963     1.76   0.079    -.9500535    17.30507
         post_4#INCa/INSERM/DGOS  |   3.937712   3.054807     1.29   0.197    -2.049655    9.925079
post_4#National Cancer Institute  |  -1.216889    2.30069    -0.53   0.597      -5.7262    3.292422
                          post_4 #|
National Health and Medical Rese  |  -.1244633   2.736364    -0.05   0.964    -5.487687    5.238761
           post_4#Wellcome Trust  |    .039051   4.657074     0.01   0.993    -9.088729    9.166831
         post_5#INCa/INSERM/DGOS  |   7.417863    3.05481     2.43   0.015      1.43049    13.40524
post_5#National Cancer Institute  |  -3.051138    2.30069    -1.33   0.185    -7.560449    1.458173
                          post_5 #|
National Health and Medical Rese  |   1.365715   2.736366     0.50   0.618    -3.997514    6.728944
           post_5#Wellcome Trust  |   4.506477   4.657202     0.97   0.333    -4.621555    13.63451
                                  |
                   rsr_career_age |   2.147191   .0423054    50.75   0.000     2.064273    2.230108
                 rsr_career_age_2 |    -.03112   .0011393   -27.32   0.000     -.033353    -.028887
                                  |
              orcid_confirmed_cat |
                            True  |  -3.662663   1.544292    -2.37   0.018    -6.689447   -.6358801
                                  |
                       gender_cat |
                               F  |  -2.185341   .5095725    -4.29   0.000    -3.184094   -1.186588
                               M  |   2.574683   .4726472     5.45   0.000     1.648303    3.501062
                                  |
                       start_year |
                            2008  |   .8128762   .5301264     1.53   0.125    -.2261619    1.851914
                            2009  |   4.292879   .5136504     8.36   0.000     3.286134    5.299625
                            2010  |   5.349618   .5589274     9.57   0.000     4.254131    6.445106
                            2011  |   7.236143   .5661434    12.78   0.000     6.126513    8.345774
                            2012  |   6.658133   .5812822    11.45   0.000      5.51883    7.797435
                                  |
                            _cons |  -2.835305   1.004846    -2.82   0.005    -4.804784   -.8658257
---------------------------------------------------------------------------------------------------
(est5 stored)

added macro:
          e(CountryFE) : "No"

added macro:
      e(AffiliationFE) : "No"

added macro:
       e(ResearcherFE) : "No"

      Source |       SS           df       MS      Number of obs   =   132,913
-------------+----------------------------------   F(64, 132848)   =    175.81
       Model |  39854037.8        64   622719.34   Prob > F        =    0.0000
    Residual |   470557566   132,848   3542.0749   R-squared       =    0.0781
-------------+----------------------------------   Adj R-squared   =    0.0776
       Total |   510411604   132,912  3840.22213   Root MSE        =    59.515

---------------------------------------------------------------------------------------------------
                       nb_collabs |      Coef.   Std. Err.      t    P>|t|     [95% Conf. Interval]
----------------------------------+----------------------------------------------------------------
                    pre_post_year |
                          post_1  |   5.831633   2.872511     2.03   0.042     .2015634     11.4617
                          post_2  |   10.64398   2.873206     3.70   0.000     5.012548    16.27541
                          post_3  |    12.7063   2.873953     4.42   0.000     7.073402    18.33919
                          post_4  |   22.45115   2.874753     7.81   0.000     16.81668    28.08561
                          post_5  |   24.47504   2.875613     8.51   0.000     18.83889    30.11119
                          pre_-1  |   2.456859   2.871304     0.86   0.392    -3.170844    8.084562
                          pre_-2  |   1.590941   2.870816     0.55   0.579    -4.035806    7.217688
                          pre_-3  |   .6622056   2.870432     0.23   0.818    -4.963788    6.288199
                          pre_-4  |   .2985585   2.870177     0.10   0.917    -5.326936    5.924053
                           pre_0  |   4.522748   2.871874     1.57   0.115    -1.106073    10.15157
                                  |
                        funder_id |
                INCa/INSERM/DGOS  |   6.828766   2.841595     2.40   0.016     1.259291    12.39824
       National Cancer Institute  |   1.179157   2.131033     0.55   0.580     -2.99763    5.355943
National Health and Medical Rese  |   1.377483   2.533456     0.54   0.587    -3.588046    6.343011
                  Wellcome Trust  |   2.447299   4.313782     0.57   0.570    -6.007636    10.90223
                                  |
          pre_post_year#funder_id |
         post_1#INCa/INSERM/DGOS  |   7.646357   3.998517     1.91   0.056    -.1906645    15.48338
post_1#National Cancer Institute  |   3.164422   3.011438     1.05   0.293    -2.737942    9.066786
                          post_1 #|
National Health and Medical Rese  |   3.707791   3.581699     1.04   0.301    -3.312274    10.72786
           post_1#Wellcome Trust  |   3.558196   6.095521     0.58   0.559    -8.388915    15.50531
         post_2#INCa/INSERM/DGOS  |   7.573785   3.998519     1.89   0.058    -.2632408    15.41081
post_2#National Cancer Institute  |   1.074705   3.011438     0.36   0.721    -4.827659    6.977069
                          post_2 #|
National Health and Medical Rese  |   2.418203   3.581701     0.68   0.500    -4.601866    9.438272
           post_2#Wellcome Trust  |   5.483578   6.095613     0.90   0.368    -6.463714    17.43087
         post_3#INCa/INSERM/DGOS  |   9.155223   3.998522     2.29   0.022     1.318192    16.99225
post_3#National Cancer Institute  |   2.535155   3.011438     0.84   0.400    -3.367209    8.437519
                          post_3 #|
National Health and Medical Rese  |   3.626053   3.581703     1.01   0.311     -3.39402    10.64613
           post_3#Wellcome Trust  |   8.313301   6.095719     1.36   0.173    -3.634197     20.2608
         post_4#INCa/INSERM/DGOS  |   7.620038   3.998525     1.91   0.057    -.2169978    15.45707
post_4#National Cancer Institute  |   -.226066   3.011438    -0.08   0.940     -6.12843    5.676298
                          post_4 #|
National Health and Medical Rese  |   .2059766   3.581705     0.06   0.954      -6.8141    7.226054
           post_4#Wellcome Trust  |   .1821568   6.095839     0.03   0.976    -11.76558    12.12989
         post_5#INCa/INSERM/DGOS  |   11.09929   3.998528     2.78   0.006     3.262248    18.93633
post_5#National Cancer Institute  |  -2.060251   3.011438    -0.68   0.494    -7.962615    3.842113
                          post_5 #|
National Health and Medical Rese  |   1.696914   3.581708     0.47   0.636    -5.323168    8.716996
           post_5#Wellcome Trust  |   4.656897   6.095973     0.76   0.445      -7.2911    16.60489
         pre_-1#INCa/INSERM/DGOS  |    6.38154   3.998514     1.60   0.110    -1.455475    14.21855
pre_-1#National Cancer Institute  |   2.096751   3.011438     0.70   0.486    -3.805613    7.999115
                          pre_-1 #|
National Health and Medical Rese  |   1.147722   3.581697     0.32   0.749    -5.872338    8.167783
           pre_-1#Wellcome Trust  |  -.0999463    6.09538    -0.02   0.987    -12.04678    11.84689
         pre_-2#INCa/INSERM/DGOS  |   4.710878   3.998513     1.18   0.239    -3.126135    12.54789
pre_-2#National Cancer Institute  |   1.106835   3.011438     0.37   0.713    -4.795529    7.009199
                          pre_-2 #|
National Health and Medical Rese  |  -.4554786   3.581696    -0.13   0.899    -7.475538     6.56458
           pre_-2#Wellcome Trust  |  -.1700357   6.095331    -0.03   0.978    -12.11677     11.7767
         pre_-3#INCa/INSERM/DGOS  |   2.837432   3.998512     0.71   0.478     -4.99958    10.67444
pre_-3#National Cancer Institute  |   .9336375   3.011438     0.31   0.757    -4.968726    6.836001
                          pre_-3 #|
National Health and Medical Rese  |   .6342457   3.581695     0.18   0.859    -6.385812    7.654303
           pre_-3#Wellcome Trust  |   .0831308   6.095295     0.01   0.989    -11.86354     12.0298
         pre_-4#INCa/INSERM/DGOS  |    .797409   3.998512     0.20   0.842    -7.039601    8.634419
pre_-4#National Cancer Institute  |   .4662104   3.011438     0.15   0.877    -5.436153    6.368574
                          pre_-4 #|
National Health and Medical Rese  |  -.2589703   3.581695    -0.07   0.942    -7.279027    6.761087
           pre_-4#Wellcome Trust  |  -.2989662   6.095274    -0.05   0.961    -12.24559    11.64766
          pre_0#INCa/INSERM/DGOS  |   7.401726   3.998516     1.85   0.064    -.4352916    15.23874
 pre_0#National Cancer Institute  |   1.338988   3.011438     0.44   0.657    -4.563376    7.241352
                           pre_0 #|
National Health and Medical Rese  |   .8855297   3.581698     0.25   0.805    -6.134533    7.905593
            pre_0#Wellcome Trust  |    1.05918   6.095444     0.17   0.862    -10.88778    13.00614
                                  |
                   rsr_career_age |   2.095337   .0426653    49.11   0.000     2.011714     2.17896
                 rsr_career_age_2 |  -.0302187   .0011434   -26.43   0.000    -.0324597   -.0279777
                                  |
              orcid_confirmed_cat |
                            True  |  -3.640492   1.543846    -2.36   0.018    -6.666403   -.6145815
                                  |
                       gender_cat |
                               F  |  -2.188969   .5094251    -4.30   0.000    -3.187433   -1.190505
                               M  |   2.654993   .4725852     5.62   0.000     1.728734    3.581251
                                  |
                       start_year |
                            2008  |   .7999462   .5299747     1.51   0.131    -.2387945    1.838687
                            2009  |   4.305726   .5135034     8.39   0.000     3.299269    5.312184
                            2010  |   5.346264   .5587657     9.57   0.000     4.251094    6.441435
                            2011  |   7.228346   .5659801    12.77   0.000     6.119036    8.337657
                            2012  |   6.628793   .5811225    11.41   0.000     5.489803    7.767782
                                  |
                            _cons |  -4.040007   2.101785    -1.92   0.055    -8.159468    .0794547
---------------------------------------------------------------------------------------------------
(est6 stored)

added macro:
          e(CountryFE) : "No"

added macro:
      e(AffiliationFE) : "No"

added macro:
       e(ResearcherFE) : "No"

      Source |       SS           df       MS      Number of obs   =   132,913
-------------+----------------------------------   F(19, 132893)   =    553.37
       Model |  37421284.1        19  1969541.27   Prob > F        =    0.0000
    Residual |   472990320   132,893  3559.18159   R-squared       =    0.0733
-------------+----------------------------------   Adj R-squared   =    0.0732
       Total |   510411604   132,912  3840.22213   Root MSE        =    59.659

---------------------------------------------------------------------------------------------------
                       nb_collabs |      Coef.   Std. Err.      t    P>|t|     [95% Conf. Interval]
----------------------------------+----------------------------------------------------------------
                      1.post_flag |   13.28833   1.235608    10.75   0.000     10.86656     15.7101
                                  |
                        funder_id |
                INCa/INSERM/DGOS  |   10.48921   1.191575     8.80   0.000     8.153748    12.82468
       National Cancer Institute  |   2.169845      .8754     2.48   0.013     .4540767    3.885613
National Health and Medical Rese  |     1.7234   1.038411     1.66   0.097    -.3118665    3.758666
                  Wellcome Trust  |   2.837807   1.771379     1.60   0.109    -.6340638    6.309679
                                  |
              post_flag#funder_id |
              1#INCa/INSERM/DGOS  |   4.934479   1.716201     2.88   0.004     1.570756    8.298201
     1#National Cancer Institute  |  -.0930767   1.292531    -0.07   0.943    -2.626413     2.44026
                               1 #|
National Health and Medical Rese  |    2.00235   1.537298     1.30   0.193    -1.010726    5.015426
                1#Wellcome Trust  |     4.3131   2.616628     1.65   0.099    -.8154439    9.441644
                                  |
                   rsr_career_age |   2.178231   .0423721    51.41   0.000     2.095183     2.26128
                 rsr_career_age_2 |  -.0308945   .0011416   -27.06   0.000     -.033132    -.028657
                                  |
              orcid_confirmed_cat |
                            True  |  -3.655155   1.547568    -2.36   0.018     -6.68836   -.6219505
                                  |
                       gender_cat |
                               F  |  -2.196664   .5106534    -4.30   0.000    -3.197535   -1.195792
                               M  |    2.41104   .4735981     5.09   0.000     1.482796    3.339283
                                  |
                       start_year |
                            2008  |   .8256576   .5312508     1.55   0.120    -.2155844    1.866899
                            2009  |   4.249875   .5147369     8.26   0.000        3.241    5.258749
                            2010  |   5.353588   .5601132     9.56   0.000     4.255776      6.4514
                            2011  |    7.23927   .5673445    12.76   0.000     6.127285    8.351255
                            2012  |   6.678812   .5825147    11.47   0.000     5.537094     7.82053
                                  |
                            _cons |  -3.166467   1.006874    -3.14   0.002    -5.139923   -1.193012
---------------------------------------------------------------------------------------------------
(est7 stored)

added macro:
          e(CountryFE) : "No"

added macro:
      e(AffiliationFE) : "No"

added macro:
       e(ResearcherFE) : "No"

      Source |       SS           df       MS      Number of obs   =   132,913
-------------+----------------------------------   F(39, 132873)   =    285.72
       Model |  39492748.7        39  1012634.58   Prob > F        =    0.0000
    Residual |   470918855   132,873  3544.12751   R-squared       =    0.0774
-------------+----------------------------------   Adj R-squared   =    0.0771
       Total |   510411604   132,912  3840.22213   Root MSE        =    59.533

---------------------------------------------------------------------------------------------------
                       nb_collabs |      Coef.   Std. Err.      t    P>|t|     [95% Conf. Interval]
----------------------------------+----------------------------------------------------------------
                        post_year |
                          post_1  |   4.147537   2.193661     1.89   0.059    -.1519995    8.447073
                          post_2  |   8.937391   2.194202     4.07   0.000     4.636795    13.23799
                          post_3  |   10.97902   2.194843     5.00   0.000     6.677168    15.28087
                          post_4  |   20.70498   2.195586     9.43   0.000     16.40167    25.00829
                          post_5  |   22.71179    2.19644    10.34   0.000     18.40681    27.01677
                                  |
                        funder_id |
                INCa/INSERM/DGOS  |   10.51505   1.189053     8.84   0.000     8.184526    12.84557
       National Cancer Institute  |   2.182483   .8735469     2.50   0.012     .4703466    3.894619
National Health and Medical Rese  |   1.716832   1.036213     1.66   0.098    -.3141253     3.74779
                  Wellcome Trust  |   2.709184   1.767638     1.53   0.125    -.7553543    6.173723
                                  |
              post_year#funder_id |
         post_1#INCa/INSERM/DGOS  |   3.961337   3.054801     1.30   0.195    -2.026018    9.948691
post_1#National Cancer Institute  |   2.173793    2.30069     0.94   0.345    -2.335518    6.683103
                          post_1 #|
National Health and Medical Rese  |   3.379628   2.736359     1.24   0.217    -1.983587    8.742842
           post_1#Wellcome Trust  |   3.437035   4.656798     0.74   0.460    -5.690205    12.56427
         post_2#INCa/INSERM/DGOS  |   3.889663   3.054803     1.27   0.203    -2.097695     9.87702
post_2#National Cancer Institute  |    .084011    2.30069     0.04   0.971      -4.4253    4.593322
                          post_2 #|
National Health and Medical Rese  |    2.08928    2.73636     0.76   0.445    -3.273937    7.452497
           post_2#Wellcome Trust  |   5.355101   4.656872     1.15   0.250    -3.772283    14.48248
         post_3#INCa/INSERM/DGOS  |   5.471999   3.054805     1.79   0.073    -.5153631    11.45936
post_3#National Cancer Institute  |   1.544396    2.30069     0.67   0.502    -2.964914    6.053707
                          post_3 #|
National Health and Medical Rese  |   3.296371   2.736362     1.20   0.228    -2.066849    8.659591
           post_3#Wellcome Trust  |    8.17751   4.656963     1.76   0.079    -.9500535    17.30507
         post_4#INCa/INSERM/DGOS  |   3.937712   3.054807     1.29   0.197    -2.049655    9.925079
post_4#National Cancer Institute  |  -1.216889    2.30069    -0.53   0.597      -5.7262    3.292422
                          post_4 #|
National Health and Medical Rese  |  -.1244633   2.736364    -0.05   0.964    -5.487687    5.238761
           post_4#Wellcome Trust  |    .039051   4.657074     0.01   0.993    -9.088729    9.166831
         post_5#INCa/INSERM/DGOS  |   7.417863    3.05481     2.43   0.015      1.43049    13.40524
post_5#National Cancer Institute  |  -3.051138    2.30069    -1.33   0.185    -7.560449    1.458173
                          post_5 #|
National Health and Medical Rese  |   1.365715   2.736366     0.50   0.618    -3.997514    6.728944
           post_5#Wellcome Trust  |   4.506477   4.657202     0.97   0.333    -4.621555    13.63451
                                  |
                   rsr_career_age |   2.147191   .0423054    50.75   0.000     2.064273    2.230108
                 rsr_career_age_2 |    -.03112   .0011393   -27.32   0.000     -.033353    -.028887
                                  |
              orcid_confirmed_cat |
                            True  |  -3.662663   1.544292    -2.37   0.018    -6.689447   -.6358801
                                  |
                       gender_cat |
                               F  |  -2.185341   .5095725    -4.29   0.000    -3.184094   -1.186588
                               M  |   2.574683   .4726472     5.45   0.000     1.648303    3.501062
                                  |
                       start_year |
                            2008  |   .8128762   .5301264     1.53   0.125    -.2261619    1.851914
                            2009  |   4.292879   .5136504     8.36   0.000     3.286134    5.299625
                            2010  |   5.349618   .5589274     9.57   0.000     4.254131    6.445106
                            2011  |   7.236143   .5661434    12.78   0.000     6.126513    8.345774
                            2012  |   6.658133   .5812822    11.45   0.000      5.51883    7.797435
                                  |
                            _cons |  -2.835305   1.004846    -2.82   0.005    -4.804784   -.8658257
---------------------------------------------------------------------------------------------------
(est8 stored)

added macro:
          e(CountryFE) : "No"

added macro:
      e(AffiliationFE) : "No"

added macro:
       e(ResearcherFE) : "No"

      Source |       SS           df       MS      Number of obs   =   132,913
-------------+----------------------------------   F(64, 132848)   =    175.81
       Model |  39854037.8        64   622719.34   Prob > F        =    0.0000
    Residual |   470557566   132,848   3542.0749   R-squared       =    0.0781
-------------+----------------------------------   Adj R-squared   =    0.0776
       Total |   510411604   132,912  3840.22213   Root MSE        =    59.515

---------------------------------------------------------------------------------------------------
                       nb_collabs |      Coef.   Std. Err.      t    P>|t|     [95% Conf. Interval]
----------------------------------+----------------------------------------------------------------
                    pre_post_year |
                          post_1  |   5.831633   2.872511     2.03   0.042     .2015634     11.4617
                          post_2  |   10.64398   2.873206     3.70   0.000     5.012548    16.27541
                          post_3  |    12.7063   2.873953     4.42   0.000     7.073402    18.33919
                          post_4  |   22.45115   2.874753     7.81   0.000     16.81668    28.08561
                          post_5  |   24.47504   2.875613     8.51   0.000     18.83889    30.11119
                          pre_-1  |   2.456859   2.871304     0.86   0.392    -3.170844    8.084562
                          pre_-2  |   1.590941   2.870816     0.55   0.579    -4.035806    7.217688
                          pre_-3  |   .6622056   2.870432     0.23   0.818    -4.963788    6.288199
                          pre_-4  |   .2985585   2.870177     0.10   0.917    -5.326936    5.924053
                           pre_0  |   4.522748   2.871874     1.57   0.115    -1.106073    10.15157
                                  |
                        funder_id |
                INCa/INSERM/DGOS  |   6.828766   2.841595     2.40   0.016     1.259291    12.39824
       National Cancer Institute  |   1.179157   2.131033     0.55   0.580     -2.99763    5.355943
National Health and Medical Rese  |   1.377483   2.533456     0.54   0.587    -3.588046    6.343011
                  Wellcome Trust  |   2.447299   4.313782     0.57   0.570    -6.007636    10.90223
                                  |
          pre_post_year#funder_id |
         post_1#INCa/INSERM/DGOS  |   7.646357   3.998517     1.91   0.056    -.1906645    15.48338
post_1#National Cancer Institute  |   3.164422   3.011438     1.05   0.293    -2.737942    9.066786
                          post_1 #|
National Health and Medical Rese  |   3.707791   3.581699     1.04   0.301    -3.312274    10.72786
           post_1#Wellcome Trust  |   3.558196   6.095521     0.58   0.559    -8.388915    15.50531
         post_2#INCa/INSERM/DGOS  |   7.573785   3.998519     1.89   0.058    -.2632408    15.41081
post_2#National Cancer Institute  |   1.074705   3.011438     0.36   0.721    -4.827659    6.977069
                          post_2 #|
National Health and Medical Rese  |   2.418203   3.581701     0.68   0.500    -4.601866    9.438272
           post_2#Wellcome Trust  |   5.483578   6.095613     0.90   0.368    -6.463714    17.43087
         post_3#INCa/INSERM/DGOS  |   9.155223   3.998522     2.29   0.022     1.318192    16.99225
post_3#National Cancer Institute  |   2.535155   3.011438     0.84   0.400    -3.367209    8.437519
                          post_3 #|
National Health and Medical Rese  |   3.626053   3.581703     1.01   0.311     -3.39402    10.64613
           post_3#Wellcome Trust  |   8.313301   6.095719     1.36   0.173    -3.634197     20.2608
         post_4#INCa/INSERM/DGOS  |   7.620038   3.998525     1.91   0.057    -.2169978    15.45707
post_4#National Cancer Institute  |   -.226066   3.011438    -0.08   0.940     -6.12843    5.676298
                          post_4 #|
National Health and Medical Rese  |   .2059766   3.581705     0.06   0.954      -6.8141    7.226054
           post_4#Wellcome Trust  |   .1821568   6.095839     0.03   0.976    -11.76558    12.12989
         post_5#INCa/INSERM/DGOS  |   11.09929   3.998528     2.78   0.006     3.262248    18.93633
post_5#National Cancer Institute  |  -2.060251   3.011438    -0.68   0.494    -7.962615    3.842113
                          post_5 #|
National Health and Medical Rese  |   1.696914   3.581708     0.47   0.636    -5.323168    8.716996
           post_5#Wellcome Trust  |   4.656897   6.095973     0.76   0.445      -7.2911    16.60489
         pre_-1#INCa/INSERM/DGOS  |    6.38154   3.998514     1.60   0.110    -1.455475    14.21855
pre_-1#National Cancer Institute  |   2.096751   3.011438     0.70   0.486    -3.805613    7.999115
                          pre_-1 #|
National Health and Medical Rese  |   1.147722   3.581697     0.32   0.749    -5.872338    8.167783
           pre_-1#Wellcome Trust  |  -.0999463    6.09538    -0.02   0.987    -12.04678    11.84689
         pre_-2#INCa/INSERM/DGOS  |   4.710878   3.998513     1.18   0.239    -3.126135    12.54789
pre_-2#National Cancer Institute  |   1.106835   3.011438     0.37   0.713    -4.795529    7.009199
                          pre_-2 #|
National Health and Medical Rese  |  -.4554786   3.581696    -0.13   0.899    -7.475538     6.56458
           pre_-2#Wellcome Trust  |  -.1700357   6.095331    -0.03   0.978    -12.11677     11.7767
         pre_-3#INCa/INSERM/DGOS  |   2.837432   3.998512     0.71   0.478     -4.99958    10.67444
pre_-3#National Cancer Institute  |   .9336375   3.011438     0.31   0.757    -4.968726    6.836001
                          pre_-3 #|
National Health and Medical Rese  |   .6342457   3.581695     0.18   0.859    -6.385812    7.654303
           pre_-3#Wellcome Trust  |   .0831308   6.095295     0.01   0.989    -11.86354     12.0298
         pre_-4#INCa/INSERM/DGOS  |    .797409   3.998512     0.20   0.842    -7.039601    8.634419
pre_-4#National Cancer Institute  |   .4662104   3.011438     0.15   0.877    -5.436153    6.368574
                          pre_-4 #|
National Health and Medical Rese  |  -.2589703   3.581695    -0.07   0.942    -7.279027    6.761087
           pre_-4#Wellcome Trust  |  -.2989662   6.095274    -0.05   0.961    -12.24559    11.64766
          pre_0#INCa/INSERM/DGOS  |   7.401726   3.998516     1.85   0.064    -.4352916    15.23874
 pre_0#National Cancer Institute  |   1.338988   3.011438     0.44   0.657    -4.563376    7.241352
                           pre_0 #|
National Health and Medical Rese  |   .8855297   3.581698     0.25   0.805    -6.134533    7.905593
            pre_0#Wellcome Trust  |    1.05918   6.095444     0.17   0.862    -10.88778    13.00614
                                  |
                   rsr_career_age |   2.095337   .0426653    49.11   0.000     2.011714     2.17896
                 rsr_career_age_2 |  -.0302187   .0011434   -26.43   0.000    -.0324597   -.0279777
                                  |
              orcid_confirmed_cat |
                            True  |  -3.640492   1.543846    -2.36   0.018    -6.666403   -.6145815
                                  |
                       gender_cat |
                               F  |  -2.188969   .5094251    -4.30   0.000    -3.187433   -1.190505
                               M  |   2.654993   .4725852     5.62   0.000     1.728734    3.581251
                                  |
                       start_year |
                            2008  |   .7999462   .5299747     1.51   0.131    -.2387945    1.838687
                            2009  |   4.305726   .5135034     8.39   0.000     3.299269    5.312184
                            2010  |   5.346264   .5587657     9.57   0.000     4.251094    6.441435
                            2011  |   7.228346   .5659801    12.77   0.000     6.119036    8.337657
                            2012  |   6.628793   .5811225    11.41   0.000     5.489803    7.767782
                                  |
                            _cons |  -4.040007   2.101785    -1.92   0.055    -8.159468    .0794547
---------------------------------------------------------------------------------------------------
(est9 stored)

added macro:
          e(CountryFE) : "No"

added macro:
      e(AffiliationFE) : "No"

added macro:
       e(ResearcherFE) : "No"
       panel variable:  rsr_affiliation_id (unbalanced)

Fixed-effects (within) regression               Number of obs     =    132,913
Group variable: rsr_affili~d                    Number of groups  =      4,004

R-sq:                                           Obs per group:
     within  = 0.0646                                         min =         11
     between = 0.1024                                         avg =       33.2
     overall = 0.0724                                         max =      2,156

                                                F(19,4003)        =      90.96
corr(u_i, Xb)  = 0.0003                         Prob > F          =     0.0000

                                      (Std. Err. adjusted for 4,004 clusters in rsr_affiliation_id)
---------------------------------------------------------------------------------------------------
                                  |               Robust
                       nb_collabs |      Coef.   Std. Err.      t    P>|t|     [95% Conf. Interval]
----------------------------------+----------------------------------------------------------------
                      1.post_flag |   13.36224   1.891421     7.06   0.000     9.654001    17.07048
                                  |
                        funder_id |
                INCa/INSERM/DGOS  |   11.28406   7.435094     1.52   0.129    -3.292868    25.86098
       National Cancer Institute  |   5.150583   2.411044     2.14   0.033     .4235953    9.877572
National Health and Medical Rese  |   7.792354   3.141174     2.48   0.013     1.633905     13.9508
                  Wellcome Trust  |   4.642321   2.947278     1.58   0.115    -1.135984    10.42063
                                  |
              post_flag#funder_id |
              1#INCa/INSERM/DGOS  |   4.897488   2.393713     2.05   0.041     .2044769    9.590498
     1#National Cancer Institute  |  -.0904219   1.973156    -0.05   0.963    -3.958905    3.778062
                               1 #|
National Health and Medical Rese  |   2.033597   2.425467     0.84   0.402    -2.721669    6.788863
                1#Wellcome Trust  |   4.614337    4.88621     0.94   0.345    -4.965355    14.19403
                                  |
                   rsr_career_age |   1.962934   .0989093    19.85   0.000     1.769016    2.156851
                 rsr_career_age_2 |  -.0241457   .0031099    -7.76   0.000    -.0302429   -.0180485
                                  |
              orcid_confirmed_cat |
                            True  |  -3.677679   4.494591    -0.82   0.413    -12.48958    5.134222
                                  |
                       gender_cat |
                               F  |   -1.74351   1.364842    -1.28   0.202     -4.41936      .93234
                               M  |   2.479579   1.280847     1.94   0.053    -.0315933    4.990751
                                  |
                       start_year |
                            2008  |   1.581227   1.296014     1.22   0.223    -.9596813    4.122135
                            2009  |    5.15021   1.401914     3.67   0.000     2.401678    7.898742
                            2010  |   5.186035   1.389276     3.73   0.000      2.46228    7.909789
                            2011  |   8.088591   1.669883     4.84   0.000      4.81469    11.36249
                            2012  |   7.930127   1.367242     5.80   0.000     5.249571    10.61068
                                  |
                            _cons |  -5.932338   2.776972    -2.14   0.033    -11.37675   -.4879262
----------------------------------+----------------------------------------------------------------
                          sigma_u |  35.295714
                          sigma_e |  55.982563
                              rho |  .28443709   (fraction of variance due to u_i)
---------------------------------------------------------------------------------------------------
(est10 stored)

added macro:
          e(CountryFE) : "No"

added macro:
      e(AffiliationFE) : "Yes"

added macro:
       e(ResearcherFE) : "No"
       panel variable:  rsr_affiliation_id (unbalanced)

Fixed-effects (within) regression               Number of obs     =    132,913
Group variable: rsr_affili~d                    Number of groups  =      4,004

R-sq:                                           Obs per group:
     within  = 0.0694                                         min =         11
     between = 0.1026                                         avg =       33.2
     overall = 0.0764                                         max =      2,156

                                                F(39,4003)        =      48.60
corr(u_i, Xb)  = 0.0067                         Prob > F          =     0.0000

                                      (Std. Err. adjusted for 4,004 clusters in rsr_affiliation_id)
---------------------------------------------------------------------------------------------------
                                  |               Robust
                       nb_collabs |      Coef.   Std. Err.      t    P>|t|     [95% Conf. Interval]
----------------------------------+----------------------------------------------------------------
                        post_year |
                          post_1  |   4.340369   .9617788     4.51   0.000     2.454747    6.225991
                          post_2  |   9.149274   1.636545     5.59   0.000     5.940735    12.35781
                          post_3  |   11.19644   1.899529     5.89   0.000     7.472303    14.92057
                          post_4  |   20.91442   3.529051     5.93   0.000     13.99551    27.83332
                          post_5  |   22.89973   4.177628     5.48   0.000     14.70925     31.0902
                                  |
                        funder_id |
                INCa/INSERM/DGOS  |   11.34941   7.426244     1.53   0.127    -3.210163    25.90898
       National Cancer Institute  |   5.258258   2.404243     2.19   0.029      .544604    9.971913
National Health and Medical Rese  |   7.897439   3.143489     2.51   0.012      1.73445    14.06043
                  Wellcome Trust  |   4.460902   2.938729     1.52   0.129    -1.300643    10.22245
                                  |
              post_year#funder_id |
         post_1#INCa/INSERM/DGOS  |   3.937764   1.463086     2.69   0.007       1.0693    6.806228
post_1#National Cancer Institute  |   2.175484    1.03261     2.11   0.035     .1509945    4.199974
                          post_1 #|
National Health and Medical Rese  |    3.39954   1.392498     2.44   0.015     .6694681    6.129611
           post_1#Wellcome Trust  |   3.628999   3.129632     1.16   0.246    -2.506823    9.764821
         post_2#INCa/INSERM/DGOS  |   3.859355    2.07536     1.86   0.063    -.2095059    7.928216
post_2#National Cancer Institute  |   .0861861   1.694519     0.05   0.959    -3.236014    3.408387
                          post_2 #|
National Health and Medical Rese  |   2.114882   2.176574     0.97   0.331    -2.152415    6.382178
           post_2#Wellcome Trust  |   5.601912      5.593     1.00   0.317    -5.363481    16.56731
         post_3#INCa/INSERM/DGOS  |   5.434956    2.48967     2.18   0.029      .553817     10.3161
post_3#National Cancer Institute  |   1.547055   2.041148     0.76   0.449    -2.454732    5.548842
                          post_3 #|
National Health and Medical Rese  |   3.327662   2.628071     1.27   0.206     -1.82482    8.480144
           post_3#Wellcome Trust  |   8.479168   5.837933     1.45   0.146     -2.96643    19.92477
         post_4#INCa/INSERM/DGOS  |   3.893935   4.612238     0.84   0.399     -5.14862    12.93649
post_4#National Cancer Institute  |  -1.213747   3.701417    -0.33   0.743    -8.470584    6.043091
                          post_4 #|
National Health and Medical Rese  |  -.0874836   4.138107    -0.02   0.983    -8.200477     8.02551
           post_4#Wellcome Trust  |    .395556   5.425131     0.07   0.942    -10.24072    11.03183
         post_5#INCa/INSERM/DGOS  |    7.36735   5.404877     1.36   0.173    -3.229218    17.96392
post_5#National Cancer Institute  |  -3.047513   4.265954    -0.71   0.475    -11.41116    5.316132
                          post_5 #|
National Health and Medical Rese  |   1.408384   4.969451     0.28   0.777    -8.334506    11.15127
           post_5#Wellcome Trust  |   4.917829   8.070749     0.61   0.542    -10.90533    20.74099
                                  |
                   rsr_career_age |   1.907977   .0983817    19.39   0.000     1.715094     2.10086
                 rsr_career_age_2 |  -.0243618   .0030959    -7.87   0.000    -.0304314   -.0182921
                                  |
              orcid_confirmed_cat |
                            True  |  -3.626506   4.514474    -0.80   0.422    -12.47739    5.224377
                                  |
                       gender_cat |
                               F  |   -1.72559   1.366767    -1.26   0.207    -4.405215    .9540345
                               M  |   2.729643   1.279923     2.13   0.033     .2202819    5.239005
                                  |
                       start_year |
                            2008  |   1.569008   1.296542     1.21   0.226    -.9729363    4.110952
                            2009  |   5.222812   1.404961     3.72   0.000     2.468306    7.977317
                            2010  |   5.168689    1.38972     3.72   0.000     2.444064    7.893314
                            2011  |    8.10349   1.669452     4.85   0.000     4.830434    11.37655
                            2012  |   7.901726   1.367473     5.78   0.000     5.220716    10.58273
                                  |
                            _cons |  -5.451089   2.770877    -1.97   0.049    -10.88355   -.0186264
----------------------------------+----------------------------------------------------------------
                          sigma_u |  35.289171
                          sigma_e |  55.843936
                              rho |  .28537178   (fraction of variance due to u_i)
---------------------------------------------------------------------------------------------------
(est11 stored)

added macro:
          e(CountryFE) : "No"

added macro:
      e(AffiliationFE) : "Yes"

added macro:
       e(ResearcherFE) : "No"
       panel variable:  rsr_affiliation_id (unbalanced)

Fixed-effects (within) regression               Number of obs     =    132,913
Group variable: rsr_affili~d                    Number of groups  =      4,004

R-sq:                                           Obs per group:
     within  = 0.0703                                         min =         11
     between = 0.1019                                         avg =       33.2
     overall = 0.0771                                         max =      2,156

                                                F(64,4003)        =      35.62
corr(u_i, Xb)  = 0.0104                         Prob > F          =     0.0000

                                      (Std. Err. adjusted for 4,004 clusters in rsr_affiliation_id)
---------------------------------------------------------------------------------------------------
                                  |               Robust
                       nb_collabs |      Coef.   Std. Err.      t    P>|t|     [95% Conf. Interval]
----------------------------------+----------------------------------------------------------------
                    pre_post_year |
                          post_1  |   6.358808   1.351289     4.71   0.000      3.70953    9.008087
                          post_2  |   11.20755   1.988277     5.64   0.000     7.309418    15.10568
                          post_3  |   13.29155   2.223274     5.98   0.000     8.932698    17.65041
                          post_4  |   23.04338   3.835196     6.01   0.000     15.52426     30.5625
                          post_5  |   25.05955   4.492371     5.58   0.000       16.252     33.8671
                          pre_-1  |   2.867132   .9032616     3.17   0.002     1.096236    4.638027
                          pre_-2  |   1.920705   .7276626     2.64   0.008     .4940807    3.347328
                          pre_-3  |   .8967535   .6458898     1.39   0.165    -.3695501    2.163057
                          pre_-4  |   .4231853   .4876873     0.87   0.386    -.5329533    1.379324
                           pre_0  |   4.998825   1.446378     3.46   0.001     2.163119    7.834531
                                  |
                        funder_id |
                INCa/INSERM/DGOS  |   7.719446   7.416194     1.04   0.298    -6.820424    22.25932
       National Cancer Institute  |   4.308634   2.510773     1.72   0.086    -.6138779    9.231147
National Health and Medical Rese  |   7.600559   3.539556     2.15   0.032      .661058    14.54006
                  Wellcome Trust  |   3.976825   2.964785     1.34   0.180    -1.835804    9.789454
                                  |
          pre_post_year#funder_id |
         post_1#INCa/INSERM/DGOS  |   7.602392   1.978543     3.84   0.000     3.723346    11.48144
post_1#National Cancer Institute  |   3.167577   1.413195     2.24   0.025     .3969284    5.938226
                          post_1 #|
National Health and Medical Rese  |    3.74493   2.363392     1.58   0.113    -.8886341    8.378493
           post_1#Wellcome Trust  |    3.91623   3.551294     1.10   0.270    -3.046284    10.87874
         post_2#INCa/INSERM/DGOS  |   7.522492   2.526274     2.98   0.003     2.569589    12.47539
post_2#National Cancer Institute  |   1.078386   2.038011     0.53   0.597    -2.917251    5.074023
                          post_2 #|
National Health and Medical Rese  |   2.461531   2.954203     0.83   0.405    -3.330353    8.253414
           post_2#Wellcome Trust  |   5.901283   5.920164     1.00   0.319    -5.705535     17.5081
         post_3#INCa/INSERM/DGOS  |   9.096602   2.952406     3.08   0.002     3.308242    14.88496
post_3#National Cancer Institute  |   2.539362   2.352643     1.08   0.280    -2.073129    7.151852
                          post_3 #|
National Health and Medical Rese  |    3.67557   3.399894     1.08   0.280    -2.990114    10.34125
           post_3#Wellcome Trust  |   8.790679   6.238325     1.41   0.159    -3.439911    21.02127
         post_4#INCa/INSERM/DGOS  |    7.55409   4.990275     1.51   0.130    -2.229627    17.33781
post_4#National Cancer Institute  |   -.221333    4.00078    -0.06   0.956    -8.065089    7.622424
                          post_4 #|
National Health and Medical Rese  |   .2616841   4.770451     0.05   0.956    -9.091056    9.614424
           post_4#Wellcome Trust  |   .7192069   5.906445     0.12   0.903    -10.86071    12.29913
         post_5#INCa/INSERM/DGOS  |   11.02601   5.748862     1.92   0.055    -.2449567    22.29699
post_5#National Cancer Institute  |  -2.054992   4.571974    -0.45   0.653    -11.01861    6.908623
                          post_5 #|
National Health and Medical Rese  |   1.758811   5.562365     0.32   0.752    -9.146521    12.66414
           post_5#Wellcome Trust  |    5.25362    8.42397     0.62   0.533    -11.26205    21.76929
         pre_-1#INCa/INSERM/DGOS  |    6.35223   1.376743     4.61   0.000     3.653046    9.051413
pre_-1#National Cancer Institute  |   2.098855    .939236     2.23   0.025     .2574291     3.94028
                          pre_-1 #|
National Health and Medical Rese  |   1.172481   2.053896     0.57   0.568    -2.854299    5.199261
           pre_-1#Wellcome Trust  |   .1387426   1.770588     0.08   0.938    -3.332595     3.61008
         pre_-2#INCa/INSERM/DGOS  |   4.688895   1.176648     3.98   0.000     2.382009     6.99578
pre_-2#National Cancer Institute  |   1.108412   .7620219     1.45   0.146    -.3855747      2.6024
                          pre_-2 #|
National Health and Medical Rese  |  -.4369095   1.773343    -0.25   0.805    -3.913649     3.03983
           pre_-2#Wellcome Trust  |    .008981   1.290942     0.01   0.994    -2.521984    2.539946
         pre_-3#INCa/INSERM/DGOS  |   2.822777   .9996628     2.82   0.005     .8628809    4.782672
pre_-3#National Cancer Institute  |   .9346893   .6755561     1.38   0.167    -.3897767    2.259155
                          pre_-3 #|
National Health and Medical Rese  |   .6466251   2.082742     0.31   0.756    -3.436709    4.729959
           pre_-3#Wellcome Trust  |   .2024752    .957721     0.21   0.833    -1.675191    2.080142
         pre_-4#INCa/INSERM/DGOS  |   .7900815    .733923     1.08   0.282    -.6488163    2.228979
pre_-4#National Cancer Institute  |   .4667363   .5117694     0.91   0.362    -.5366167    1.470089
                          pre_-4 #|
National Health and Medical Rese  |  -.2527805   2.072545    -0.12   0.903    -4.316123    3.810562
           pre_-4#Wellcome Trust  |  -.2392939    .871256    -0.27   0.784    -1.947441    1.468853
          pre_0#INCa/INSERM/DGOS  |   7.365089    2.03092     3.63   0.000     3.383355    11.34682
 pre_0#National Cancer Institute  |   1.341617   1.473164     0.91   0.363    -1.546605    4.229839
                           pre_0 #|
National Health and Medical Rese  |   .9164784   2.331645     0.39   0.694    -3.654845    5.487801
            pre_0#Wellcome Trust  |   1.357541   2.691098     0.50   0.614    -3.918509    6.633591
                                  |
                   rsr_career_age |   1.819412   .0993566    18.31   0.000     1.624618    2.014207
                 rsr_career_age_2 |  -.0228659   .0031023    -7.37   0.000    -.0289481   -.0167836
                                  |
              orcid_confirmed_cat |
                            True  |  -3.556081   4.531778    -0.78   0.433    -12.44089    5.328727
                                  |
                       gender_cat |
                               F  |  -1.732703   1.368622    -1.27   0.206    -4.415965    .9505588
                               M  |   2.863354   1.279723     2.24   0.025     .3543837    5.372324
                                  |
                       start_year |
                            2008  |   1.552361   1.297272     1.20   0.232    -.9910145    4.095737
                            2009  |   5.248784    1.40545     3.73   0.000     2.493319    8.004248
                            2010  |   5.159846   1.389668     3.71   0.000     2.435323     7.88437
                            2011  |   8.095584   1.669356     4.85   0.000     4.822717    11.36845
                            2012  |   7.849875   1.368668     5.74   0.000     5.166524    10.53323
                                  |
                            _cons |  -6.693513   2.787773    -2.40   0.016     -12.1591   -1.227926
----------------------------------+----------------------------------------------------------------
                          sigma_u |  35.303718
                          sigma_e |   55.82113
                              rho |  .28570661   (fraction of variance due to u_i)
---------------------------------------------------------------------------------------------------
(est12 stored)

added macro:
          e(CountryFE) : "No"

added macro:
      e(AffiliationFE) : "Yes"

added macro:
       e(ResearcherFE) : "No"
       panel variable:  person_id (balanced)
note: 2.funder_id omitted because of collinearity
note: 3.funder_id omitted because of collinearity
note: 4.funder_id omitted because of collinearity
note: 5.funder_id omitted because of collinearity

Fixed-effects (within) regression               Number of obs     =    132,913
Group variable: person_id                       Number of groups  =     12,083

R-sq:                                           Obs per group:
     within  = 0.0514                                         min =         11
     between = 0.0024                                         avg =       11.0
     overall = 0.0289                                         max =         11

                                                F(5,12082)        =     442.42
corr(u_i, Xb)  = 0.0022                         Prob > F          =     0.0000

                                              (Std. Err. adjusted for 12,083 clusters in person_id)
---------------------------------------------------------------------------------------------------
                                  |               Robust
                       nb_collabs |      Coef.   Std. Err.      t    P>|t|     [95% Conf. Interval]
----------------------------------+----------------------------------------------------------------
                      1.post_flag |   20.18628   1.782695    11.32   0.000     16.69191    23.68065
                                  |
                        funder_id |
                INCa/INSERM/DGOS  |          0  (omitted)
       National Cancer Institute  |          0  (omitted)
National Health and Medical Rese  |          0  (omitted)
                  Wellcome Trust  |          0  (omitted)
                                  |
              post_flag#funder_id |
              1#INCa/INSERM/DGOS  |   4.765143   2.253756     2.11   0.035     .3474206    9.182866
     1#National Cancer Institute  |  -.0809237    1.85737    -0.04   0.965    -3.721667     3.55982
                               1 #|
National Health and Medical Rese  |   2.145391   2.297689     0.93   0.350    -2.358448     6.64923
                1#Wellcome Trust  |   5.692088   4.907473     1.16   0.246    -3.927346    15.31152
                                  |
                            _cons |   22.54047   .2058155   109.52   0.000     22.13704     22.9439
----------------------------------+----------------------------------------------------------------
                          sigma_u |  41.493926
                          sigma_e |  46.992813
                              rho |  .43809544   (fraction of variance due to u_i)
---------------------------------------------------------------------------------------------------
(est13 stored)

added macro:
          e(CountryFE) : "No"

added macro:
      e(AffiliationFE) : "No"

added macro:
       e(ResearcherFE) : "Yes"
       panel variable:  person_id (balanced)
note: 2.funder_id omitted because of collinearity
note: 3.funder_id omitted because of collinearity
note: 4.funder_id omitted because of collinearity
note: 5.funder_id omitted because of collinearity

Fixed-effects (within) regression               Number of obs     =    132,913
Group variable: person_id                       Number of groups  =     12,083

R-sq:                                           Obs per group:
     within  = 0.0629                                         min =         11
     between = 0.0024                                         avg =       11.0
     overall = 0.0353                                         max =         11

                                                F(25,12082)       =      95.25
corr(u_i, Xb)  = 0.0020                         Prob > F          =     0.0000

                                              (Std. Err. adjusted for 12,083 clusters in person_id)
---------------------------------------------------------------------------------------------------
                                  |               Robust
                       nb_collabs |      Coef.   Std. Err.      t    P>|t|     [95% Conf. Interval]
----------------------------------+----------------------------------------------------------------
                        post_year |
                          post_1  |   8.695349   .8798034     9.88   0.000     6.970793     10.4199
                          post_2  |    14.6186   1.532862     9.54   0.000     11.61395    17.62326
                          post_3  |    17.7314   1.758899    10.08   0.000     14.28367    21.17912
                          post_4  |   28.46628   3.508085     8.11   0.000     21.58987    35.34269
                          post_5  |   31.41977   3.921075     8.01   0.000     23.73383     39.1057
                                  |
                        funder_id |
                INCa/INSERM/DGOS  |          0  (omitted)
       National Cancer Institute  |          0  (omitted)
National Health and Medical Rese  |          0  (omitted)
                  Wellcome Trust  |          0  (omitted)
                                  |
              post_year#funder_id |
         post_1#INCa/INSERM/DGOS  |   3.852791   1.320582     2.92   0.004     1.264239    6.441343
post_1#National Cancer Institute  |   2.181583   .9594919     2.27   0.023     .3008247    4.062341
                          post_1 #|
National Health and Medical Rese  |   3.471318   1.447701     2.40   0.017     .6335914    6.309044
           post_1#Wellcome Trust  |   4.320978   3.172614     1.36   0.173    -1.897855    10.53981
         post_2#INCa/INSERM/DGOS  |   3.750104   2.038793     1.84   0.066    -.2462564    7.746465
post_2#National Cancer Institute  |   .0940269   1.598558     0.06   0.953    -3.039402    3.227456
                          post_2 #|
National Health and Medical Rese  |   2.207168   2.039375     1.08   0.279    -1.790334     6.20467
           post_2#Wellcome Trust  |   6.491599    5.45458     1.19   0.234    -4.200252    17.18345
         post_3#INCa/INSERM/DGOS  |   5.301427   2.249639     2.36   0.018     .8917741    9.711081
post_3#National Cancer Institute  |   1.556638   1.859263     0.84   0.402    -2.087816    5.201092
                          post_3 #|
National Health and Medical Rese  |   3.440456   2.441327     1.41   0.159    -1.344937    8.225849
           post_3#Wellcome Trust  |   9.566564   5.837326     1.64   0.101     -1.87553    21.00866
         post_4#INCa/INSERM/DGOS  |   3.736128   4.588053     0.81   0.415    -5.257192    12.72945
post_4#National Cancer Institute  |  -1.202421   3.650243    -0.33   0.742    -8.357483    5.952641
                          post_4 #|
National Health and Medical Rese  |   .0458186   4.144476     0.01   0.991    -8.078018    8.169655
           post_4#Wellcome Trust  |    1.68066   6.157867     0.27   0.785    -10.38975    13.75107
         post_5#INCa/INSERM/DGOS  |   7.185265   5.179193     1.39   0.165    -2.966783    17.33731
post_5#National Cancer Institute  |  -3.034445   4.048069    -0.75   0.454    -10.96931    4.900419
                          post_5 #|
National Health and Medical Rese  |   1.562194   4.664464     0.33   0.738    -7.580904    10.70529
           post_5#Wellcome Trust  |   6.400641   7.924643     0.81   0.419    -9.132929    21.93421
                                  |
                            _cons |   22.54047    .205831   109.51   0.000     22.13701    22.94393
----------------------------------+----------------------------------------------------------------
                          sigma_u |  41.493926
                          sigma_e |  46.710211
                              rho |  .44106734   (fraction of variance due to u_i)
---------------------------------------------------------------------------------------------------
(est14 stored)

added macro:
          e(CountryFE) : "No"

added macro:
      e(AffiliationFE) : "No"

added macro:
       e(ResearcherFE) : "Yes"
       panel variable:  person_id (balanced)
note: 2.funder_id omitted because of collinearity
note: 3.funder_id omitted because of collinearity
note: 4.funder_id omitted because of collinearity
note: 5.funder_id omitted because of collinearity

Fixed-effects (within) regression               Number of obs     =    132,913
Group variable: person_id                       Number of groups  =     12,083

R-sq:                                           Obs per group:
     within  = 0.0681                                         min =         11
     between = 0.0045                                         avg =       11.0
     overall = 0.0390                                         max =         11

                                                F(50,12082)       =      61.72
corr(u_i, Xb)  = 0.0038                         Prob > F          =     0.0000

                                              (Std. Err. adjusted for 12,083 clusters in person_id)
---------------------------------------------------------------------------------------------------
                                  |               Robust
                       nb_collabs |      Coef.   Std. Err.      t    P>|t|     [95% Conf. Interval]
----------------------------------+----------------------------------------------------------------
                    pre_post_year |
                          post_1  |   13.76628   1.172066    11.75   0.000     11.46884    16.06372
                          post_2  |   19.68953   1.814365    10.85   0.000     16.13309    23.24598
                          post_3  |   22.80233   2.002762    11.39   0.000     18.87659    26.72806
                          post_4  |   33.53721   3.770345     8.89   0.000     26.14673    40.92769
                          post_5  |    36.4907   4.143036     8.81   0.000     28.36968    44.61171
                          pre_-1  |   7.988372   .8660789     9.22   0.000     6.290719    9.686026
                          pre_-2  |   5.830233   .6741995     8.65   0.000     4.508693    7.151772
                          pre_-3  |   3.548837   .6267758     5.66   0.000     2.320256    4.777418
                          pre_-4  |   1.772093   .5507975     3.22   0.001     .6924416    2.851744
                           pre_0  |   11.28605   1.386806     8.14   0.000     8.567684    14.00441
                                  |
                        funder_id |
                INCa/INSERM/DGOS  |          0  (omitted)
       National Cancer Institute  |          0  (omitted)
National Health and Medical Rese  |          0  (omitted)
                  Wellcome Trust  |          0  (omitted)
                                  |
          pre_post_year#funder_id |
         post_1#INCa/INSERM/DGOS  |   7.465668    1.71725     4.35   0.000     4.099583    10.83175
post_1#National Cancer Institute  |    3.17739   1.260655     2.52   0.012     .7063035    5.648476
                          post_1 #|
National Health and Medical Rese  |   3.860422   2.254523     1.71   0.087    -.5588041    8.279648
           post_1#Wellcome Trust  |   5.029639   3.558789     1.41   0.158    -1.946158    12.00544
         post_2#INCa/INSERM/DGOS  |   7.362982   2.396505     3.07   0.002     2.665447    12.06052
post_2#National Cancer Institute  |   1.089834     1.8899     0.58   0.564    -2.614673     4.79434
                          post_2 #|
National Health and Medical Rese  |   2.596272    2.74172     0.95   0.344    -2.777938    7.970482
           post_2#Wellcome Trust  |   7.200261   5.747981     1.25   0.210    -4.066703    18.46722
         post_3#INCa/INSERM/DGOS  |   8.914305   2.604233     3.42   0.001     3.809591    14.01902
post_3#National Cancer Institute  |   2.552445   2.114237     1.21   0.227    -1.591798    6.696688
                          post_3 #|
National Health and Medical Rese  |    3.82956   3.090827     1.24   0.215    -2.228955    9.888076
           post_3#Wellcome Trust  |   10.27523   6.286498     1.63   0.102    -2.047319    22.59777
         post_4#INCa/INSERM/DGOS  |   7.349005   4.904893     1.50   0.134    -2.265372    16.96338
post_4#National Cancer Institute  |  -.2066143   3.919427    -0.05   0.958    -7.889319    7.476091
                          post_4 #|
National Health and Medical Rese  |   .4349229   4.678854     0.09   0.926    -8.736381    9.606227
           post_4#Wellcome Trust  |   2.389321   6.633396     0.36   0.719     -10.6132    15.39184
         post_5#INCa/INSERM/DGOS  |   10.79814   5.432252     1.99   0.047      .150057    21.44623
post_5#National Cancer Institute  |  -2.038638   4.278241    -0.48   0.634    -10.42468    6.347401
                          post_5 #|
National Health and Medical Rese  |   1.951298   5.134118     0.38   0.704    -8.112397    12.01499
           post_5#Wellcome Trust  |   7.109302   8.297125     0.86   0.392    -9.154394      23.373
         pre_-1#INCa/INSERM/DGOS  |   6.261081   1.329799     4.71   0.000     3.654461    8.867701
pre_-1#National Cancer Institute  |   2.105396   .9217131     2.28   0.022     .2986908    3.912102
                          pre_-1 #|
National Health and Medical Rese  |   1.249476   1.967237     0.64   0.525    -2.606624    5.105576
           pre_-1#Wellcome Trust  |   .8810157   1.735142     0.51   0.612    -2.520142    4.282173
         pre_-2#INCa/INSERM/DGOS  |   4.620533   1.158139     3.99   0.000     2.350395    6.890672
pre_-2#National Cancer Institute  |   1.113319   .7166003     1.55   0.120    -.2913329     2.51797
                          pre_-2 #|
National Health and Medical Rese  |  -.3791632   1.727592    -0.22   0.826     -3.76552    3.007194
           pre_-2#Wellcome Trust  |   .5656858   1.335245     0.42   0.672    -2.051608    3.182979
         pre_-3#INCa/INSERM/DGOS  |   2.777202   .9868218     2.81   0.005     .8428731    4.711531
pre_-3#National Cancer Institute  |   .9379601   .6607633     1.42   0.156    -.3572419    2.233162
                          pre_-3 #|
National Health and Medical Rese  |   .6851226   2.220053     0.31   0.758    -3.666538    5.036783
           pre_-3#Wellcome Trust  |   .5736118   1.011062     0.57   0.570    -1.408232    2.555456
         pre_-4#INCa/INSERM/DGOS  |   .7672943   .7935138     0.97   0.334    -.7881199    2.322709
pre_-4#National Cancer Institute  |   .4683717   .5781208     0.81   0.418    -.6648377    1.601581
                          pre_-4 #|
National Health and Medical Rese  |  -.2335318   2.145841    -0.11   0.913    -4.439724     3.97266
           pre_-4#Wellcome Trust  |  -.0537257   .9310718    -0.06   0.954    -1.878776    1.771324
          pre_0#INCa/INSERM/DGOS  |   7.251153   1.895203     3.83   0.000     3.536252    10.96605
 pre_0#National Cancer Institute  |   1.349794   1.439107     0.94   0.348    -1.471087    4.170675
                           pre_0 #|
National Health and Medical Rese  |   1.012722   2.262589     0.45   0.654    -3.422316     5.44776
            pre_0#Wellcome Trust  |   2.285382   2.652882     0.86   0.389    -2.914692    7.485456
                                  |
                            _cons |   16.42994   .3398257    48.35   0.000     15.76383    17.09606
----------------------------------+----------------------------------------------------------------
                          sigma_u |  41.454983
                          sigma_e |  46.584468
                              rho |  .44193364   (fraction of variance due to u_i)
---------------------------------------------------------------------------------------------------
(est15 stored)

added macro:
          e(CountryFE) : "No"

added macro:
      e(AffiliationFE) : "No"

added macro:
       e(ResearcherFE) : "Yes"
