----------------------------------------------------------------------------------------------------
      name:  <unnamed>
       log:  /Users/nj995/dropbox/projects/2018_helios/output/regression_results/20181119_citations_
> per_pub_per.log
  log type:  text
 opened on:  19 Nov 2018, 19:51:17
(sum of wgt is 112,221)

Linear regression                               Number of obs     =    112,221
                                                F(15, 112205)     =      39.42
                                                Prob > F          =     0.0000
                                                R-squared         =     0.0032
                                                Root MSE          =     10.064

---------------------------------------------------------------------------------------------------
                                  |               Robust
       citations_per_pub_per_year |      Coef.   Std. Err.      t    P>|t|     [95% Conf. Interval]
----------------------------------+----------------------------------------------------------------
                      1.post_flag |   .6427531   .2788661     2.30   0.021     .0961797    1.189326
                                  |
                        funder_id |
                INCa/INSERM/DGOS  |  -1.974171     .16052   -12.30   0.000    -2.288788   -1.659554
       National Cancer Institute  |   .0500442   .1255976     0.40   0.690    -.1961253    .2962137
National Health and Medical Rese  |  -.6083826   .1494032    -4.07   0.000    -.9012107   -.3155545
                  Wellcome Trust  |  -.3925201   .3589045    -1.09   0.274    -1.095968    .3109273
                                  |
              post_flag#funder_id |
              1#INCa/INSERM/DGOS  |  -.1641275   .3184373    -0.52   0.606    -.7882599     .460005
     1#National Cancer Institute  |  -.5236655   .2887322    -1.81   0.070    -1.089576    .0422453
                               1 #|
National Health and Medical Rese  |  -.4926609   .3095018    -1.59   0.111     -1.09928     .113958
                1#Wellcome Trust  |   .9072675   .5800081     1.56   0.118    -.2295397    2.044075
                                  |
              orcid_confirmed_cat |
                            True  |   .9351704   .2621533     3.57   0.000     .4213537    1.448987
                                  |
                       start_year |
                            2008  |  -.1024964   .0882117    -1.16   0.245    -.2753901    .0703974
                            2009  |   .4796609   .0947397     5.06   0.000     .2939725    .6653494
                            2010  |   .2002681   .1054397     1.90   0.058    -.0063923    .4069284
                            2011  |   .3264547   .0972338     3.36   0.001     .1358778    .5170315
                            2012  |   .4108375    .112239     3.66   0.000     .1908506    .6308243
                                  |
                            _cons |   5.628065    .123667    45.51   0.000      5.38568    5.870451
---------------------------------------------------------------------------------------------------
(est1 stored)

added macro:
             e(YearFE) : "Yes"

added macro:
      e(AffiliationFE) : "No"

added macro:
       e(ResearcherFE) : "No"
(sum of wgt is 112,221)

Linear regression                               Number of obs     =    112,221
                                                F(17, 112203)     =      40.68
                                                Prob > F          =     0.0000
                                                R-squared         =     0.0041
                                                Root MSE          =      10.06

---------------------------------------------------------------------------------------------------
                                  |               Robust
       citations_per_pub_per_year |      Coef.   Std. Err.      t    P>|t|     [95% Conf. Interval]
----------------------------------+----------------------------------------------------------------
                      1.post_flag |    .650714   .2787358     2.33   0.020     .1043959    1.197032
                                  |
                        funder_id |
                INCa/INSERM/DGOS  |  -1.977184   .1605796   -12.31   0.000    -2.291918    -1.66245
       National Cancer Institute  |   .0670233   .1258317     0.53   0.594     -.179605    .3136516
National Health and Medical Rese  |  -.5976118   .1493129    -4.00   0.000    -.8902628   -.3049608
                  Wellcome Trust  |  -.4325372   .3588951    -1.21   0.228    -1.135966    .2708919
                                  |
              post_flag#funder_id |
              1#INCa/INSERM/DGOS  |  -.1615365   .3183655    -0.51   0.612    -.7855281    .4624551
     1#National Cancer Institute  |  -.5244725   .2886369    -1.82   0.069    -1.090196    .0412515
                               1 #|
National Health and Medical Rese  |  -.4896741   .3094244    -1.58   0.114    -1.096141    .1167932
                1#Wellcome Trust  |   .9223244   .5797677     1.59   0.112    -.2140117    2.058661
                                  |
              orcid_confirmed_cat |
                            True  |   .9115251   .2619473     3.48   0.001     .3981123    1.424938
                                  |
                       gender_cat |
                               F  |  -.2561073   .1008619    -2.54   0.011    -.4537951   -.0584194
                               M  |   .4054303    .095813     4.23   0.000     .2176384    .5932223
                                  |
                       start_year |
                            2008  |  -.0769987   .0886163    -0.87   0.385    -.2506854    .0966879
                            2009  |   .4851498   .0947696     5.12   0.000     .2994028    .6708969
                            2010  |   .2279124   .1059754     2.15   0.032     .0202021    .4356226
                            2011  |   .3675945   .0975187     3.77   0.000     .1764593    .5587297
                            2012  |    .434926   .1124052     3.87   0.000     .2146136    .6552385
                                  |
                            _cons |   5.440142   .1568595    34.68   0.000       5.1327    5.747585
---------------------------------------------------------------------------------------------------
(est2 stored)

added macro:
             e(YearFE) : "Yes"

added macro:
      e(AffiliationFE) : "No"

added macro:
       e(ResearcherFE) : "No"
(sum of wgt is 112,221)

Linear regression                               Number of obs     =    112,221
                                                F(19, 112201)     =      38.05
                                                Prob > F          =     0.0000
                                                R-squared         =     0.0043
                                                Root MSE          =     10.059

---------------------------------------------------------------------------------------------------
                                  |               Robust
       citations_per_pub_per_year |      Coef.   Std. Err.      t    P>|t|     [95% Conf. Interval]
----------------------------------+----------------------------------------------------------------
                      1.post_flag |   .6921351   .2792815     2.48   0.013     .1447477    1.239523
                                  |
                        funder_id |
                INCa/INSERM/DGOS  |  -1.975945   .1606525   -12.30   0.000    -2.290822   -1.661069
       National Cancer Institute  |   .0488893   .1258222     0.39   0.698    -.1977204    .2954989
National Health and Medical Rese  |   -.607282   .1492685    -4.07   0.000    -.8998459    -.314718
                  Wellcome Trust  |  -.4522278   .3597785    -1.26   0.209    -1.157388    .2529326
                                  |
              post_flag#funder_id |
              1#INCa/INSERM/DGOS  |  -.1766827   .3183392    -0.56   0.579    -.8006228    .4472573
     1#National Cancer Institute  |  -.5255579   .2886558    -1.82   0.069    -1.091319    .0402032
                               1 #|
National Health and Medical Rese  |  -.4872942   .3094759    -1.57   0.115    -1.093862    .1192739
                1#Wellcome Trust  |   .8932185   .5798738     1.54   0.123    -.2433255    2.029762
                                  |
              orcid_confirmed_cat |
                            True  |   .9310786   .2621342     3.55   0.000     .4172995    1.444858
                                  |
                       gender_cat |
                               F  |  -.2512429   .1007874    -2.49   0.013    -.4487847    -.053701
                               M  |    .426785   .0975749     4.37   0.000     .2355397    .6180304
                                  |
                   rsr_career_age |  -.0509711   .0104898    -4.86   0.000     -.071531   -.0304112
                 rsr_career_age_2 |   .0012282   .0002505     4.90   0.000     .0007373    .0017191
                                  |
                       start_year |
                            2008  |  -.0854188    .088561    -0.96   0.335     -.258997    .0881593
                            2009  |   .4787347   .0947569     5.05   0.000     .2930126    .6644568
                            2010  |   .2230498   .1058725     2.11   0.035     .0155413    .4305582
                            2011  |   .3585411   .0974879     3.68   0.000     .1674662     .549616
                            2012  |   .4172239   .1122096     3.72   0.000     .1972948    .6371531
                                  |
                            _cons |   5.820795   .1743798    33.38   0.000     5.479014    6.162577
---------------------------------------------------------------------------------------------------
(est3 stored)

added macro:
             e(YearFE) : "Yes"

added macro:
      e(AffiliationFE) : "No"

added macro:
       e(ResearcherFE) : "No"
       panel variable:  person_id (balanced)
note: 2.funder_id omitted because of collinearity
note: 3.funder_id omitted because of collinearity
note: 4.funder_id omitted because of collinearity
note: 5.funder_id omitted because of collinearity

Fixed-effects (within) regression               Number of obs     =    112,221
Group variable: person_id                       Number of groups  =     11,998

R-sq:                                           Obs per group:
     within  = 0.0004                                         min =          1
     between = 0.0008                                         avg =        9.4
     overall = 0.0000                                         max =         11

                                                F(5,11997)        =       6.52
corr(u_i, Xb)  = -0.0348                        Prob > F          =     0.0000

                                              (Std. Err. adjusted for 11,998 clusters in person_id)
---------------------------------------------------------------------------------------------------
                                  |               Robust
       citations_per_pub_per_year |      Coef.   Std. Err.      t    P>|t|     [95% Conf. Interval]
----------------------------------+----------------------------------------------------------------
                      1.post_flag |   .7836792   .2932247     2.67   0.008     .2089113    1.358447
                                  |
                        funder_id |
                INCa/INSERM/DGOS  |          0  (omitted)
       National Cancer Institute  |          0  (omitted)
National Health and Medical Rese  |          0  (omitted)
                  Wellcome Trust  |          0  (omitted)
                                  |
              post_flag#funder_id |
              1#INCa/INSERM/DGOS  |  -.2482989   .3266757    -0.76   0.447    -.8886362    .3920384
     1#National Cancer Institute  |   -.761792   .3029936    -2.51   0.012    -1.355709   -.1678755
                               1 #|
National Health and Medical Rese  |  -.5837573    .323682    -1.80   0.071    -1.218226    .0507117
                1#Wellcome Trust  |   .8213091   .5988377     1.37   0.170    -.3525097    1.995128
                                  |
                            _cons |   5.665993   .0294458   192.42   0.000     5.608274    5.723711
----------------------------------+----------------------------------------------------------------
                          sigma_u |  5.7409888
                          sigma_e |  9.0077168
                              rho |  .28886551   (fraction of variance due to u_i)
---------------------------------------------------------------------------------------------------
(est4 stored)

added macro:
             e(YearFE) : "Yes"

added macro:
      e(AffiliationFE) : "Yes"

added macro:
       e(ResearcherFE) : "Yes"
(sum of wgt is 35,903.8346449763)

Linear regression                               Number of obs     =    108,850
                                                F(15, 108834)     =      21.54
                                                Prob > F          =     0.0000
                                                R-squared         =     0.0106
                                                Root MSE          =     8.4124

---------------------------------------------------------------------------------------------------
                                  |               Robust
       citations_per_pub_per_year |      Coef.   Std. Err.      t    P>|t|     [95% Conf. Interval]
----------------------------------+----------------------------------------------------------------
                      1.post_flag |   .6800934   .4280525     1.59   0.112    -.1588834     1.51907
                                  |
                        funder_id |
                INCa/INSERM/DGOS  |  -1.559917   .2308189    -6.76   0.000    -2.012319   -1.107516
       National Cancer Institute  |   .1963679    .222265     0.88   0.377    -.2392683    .6320041
National Health and Medical Rese  |  -.3375393   .2568394    -1.31   0.189    -.8409409    .1658623
                  Wellcome Trust  |  -1.527188   .4401617    -3.47   0.001    -2.389899   -.6644771
                                  |
              post_flag#funder_id |
              1#INCa/INSERM/DGOS  |  -.2003201   .4552763    -0.44   0.660    -1.092655    .6920149
     1#National Cancer Institute  |  -.3084613   .4502026    -0.69   0.493    -1.190852    .5739294
                               1 #|
National Health and Medical Rese  |  -.5845926   .4867389    -1.20   0.230    -1.538594    .3694088
                1#Wellcome Trust  |   2.045901   1.318697     1.55   0.121    -.5387269    4.630529
                                  |
              orcid_confirmed_cat |
                            True  |   .9365743   .2626737     3.57   0.000     .4217375    1.451411
                                  |
                       start_year |
                            2008  |  -.2080547   .2154551    -0.97   0.334    -.6303435    .2142342
                            2009  |   .2695498    .224789     1.20   0.230    -.1710336    .7101331
                            2010  |   .1098651   .4667797     0.24   0.814    -.8050165    1.024747
                            2011  |   .0914387   .2108215     0.43   0.664    -.3217685    .5046458
                            2012  |   .1253732   .3199285     0.39   0.695     -.501682    .7524285
                                  |
                            _cons |   5.348274   .2378661    22.48   0.000      4.88206    5.814488
---------------------------------------------------------------------------------------------------
(est5 stored)

added macro:
             e(YearFE) : "Yes"

added macro:
      e(AffiliationFE) : "No"

added macro:
       e(ResearcherFE) : "No"
(sum of wgt is 35,903.8346449763)

Linear regression                               Number of obs     =    108,850
                                                F(17, 108832)     =      20.28
                                                Prob > F          =     0.0000
                                                R-squared         =     0.0116
                                                Root MSE          =     8.4081

---------------------------------------------------------------------------------------------------
                                  |               Robust
       citations_per_pub_per_year |      Coef.   Std. Err.      t    P>|t|     [95% Conf. Interval]
----------------------------------+----------------------------------------------------------------
                      1.post_flag |   .6840883   .4274807     1.60   0.110    -.1537677    1.521944
                                  |
                        funder_id |
                INCa/INSERM/DGOS  |  -1.561882   .2296107    -6.80   0.000    -2.011916   -1.111848
       National Cancer Institute  |    .241696   .2230346     1.08   0.279    -.1954485    .6788406
National Health and Medical Rese  |   -.299262   .2574928    -1.16   0.245    -.8039442    .2054201
                  Wellcome Trust  |  -1.435982   .4465062    -3.22   0.001    -2.311128   -.5608362
                                  |
              post_flag#funder_id |
              1#INCa/INSERM/DGOS  |   -.195687   .4540882    -0.43   0.667    -1.085693    .6943194
     1#National Cancer Institute  |  -.3081128   .4492912    -0.69   0.493    -1.188717    .5724917
                               1 #|
National Health and Medical Rese  |  -.5832812   .4856592    -1.20   0.230    -1.535166     .368604
                1#Wellcome Trust  |   2.014522      1.324     1.52   0.128    -.5804985    4.609542
                                  |
              orcid_confirmed_cat |
                            True  |   .9109215    .262413     3.47   0.001     .3965957    1.425247
                                  |
                       gender_cat |
                               F  |  -.1185368   .1943262    -0.61   0.542    -.4994133    .2623398
                               M  |   .4616529   .1565661     2.95   0.003     .1547857    .7685201
                                  |
                       start_year |
                            2008  |  -.1296999   .2147354    -0.60   0.546    -.5505783    .2911785
                            2009  |   .2882938   .2256186     1.28   0.201    -.1539154     .730503
                            2010  |   .2551718   .4286945     0.60   0.552    -.5850632    1.095407
                            2011  |   .1412662   .2110321     0.67   0.503    -.2723538    .5548861
                            2012  |   .2310244   .3268229     0.71   0.480    -.4095438    .8715926
                                  |
                            _cons |   5.047153   .2634749    19.16   0.000     4.530746     5.56356
---------------------------------------------------------------------------------------------------
(est6 stored)

added macro:
             e(YearFE) : "Yes"

added macro:
      e(AffiliationFE) : "No"

added macro:
       e(ResearcherFE) : "No"
(sum of wgt is 35,903.8346449763)

Linear regression                               Number of obs     =    108,850
                                                F(19, 108830)     =      18.16
                                                Prob > F          =     0.0000
                                                R-squared         =     0.0118
                                                Root MSE          =     8.4075

---------------------------------------------------------------------------------------------------
                                  |               Robust
       citations_per_pub_per_year |      Coef.   Std. Err.      t    P>|t|     [95% Conf. Interval]
----------------------------------+----------------------------------------------------------------
                      1.post_flag |   .7122307   .4370876     1.63   0.103    -.1444548    1.568916
                                  |
                        funder_id |
                INCa/INSERM/DGOS  |  -1.544639   .2291901    -6.74   0.000    -1.993848    -1.09543
       National Cancer Institute  |   .2573678    .222273     1.16   0.247     -.178284    .6930197
National Health and Medical Rese  |  -.2905095   .2568634    -1.13   0.258    -.7939582    .2129392
                  Wellcome Trust  |   -1.42649   .4434814    -3.22   0.001    -2.295708   -.5572731
                                  |
              post_flag#funder_id |
              1#INCa/INSERM/DGOS  |  -.1927848   .4543088    -0.42   0.671    -1.083224    .6976539
     1#National Cancer Institute  |  -.3064764   .4489263    -0.68   0.495    -1.186366    .5734127
                               1 #|
National Health and Medical Rese  |  -.5922862   .4860655    -1.22   0.223    -1.544968    .3603952
                1#Wellcome Trust  |   2.020717   1.317622     1.53   0.125    -.5618029    4.603237
                                  |
              orcid_confirmed_cat |
                            True  |   .8939236   .2625481     3.40   0.001      .379333    1.408514
                                  |
                       gender_cat |
                               F  |   -.114226   .1966169    -0.58   0.561    -.4995924    .2711404
                               M  |   .4791515   .1583487     3.03   0.002     .1687903    .7895127
                                  |
                   rsr_career_age |   .0230898   .0238369     0.97   0.333    -.0236303    .0698098
                 rsr_career_age_2 |  -.0008458   .0006602    -1.28   0.200    -.0021398    .0004482
                                  |
                       start_year |
                            2008  |  -.1352777   .2160071    -0.63   0.531    -.5586486    .2880932
                            2009  |   .2932915   .2256008     1.30   0.194    -.1488828    .7354659
                            2010  |    .265137   .4330389     0.61   0.540    -.5836131    1.113887
                            2011  |   .1530134   .2096421     0.73   0.465    -.2578821    .5639089
                            2012  |   .2292535   .3272693     0.70   0.484    -.4121896    .8706966
                                  |
                            _cons |    4.92437   .3211361    15.33   0.000     4.294947    5.553792
---------------------------------------------------------------------------------------------------
(est7 stored)

added macro:
             e(YearFE) : "Yes"

added macro:
      e(AffiliationFE) : "No"

added macro:
       e(ResearcherFE) : "No"
       panel variable:  person_id (balanced)
note: 2.funder_id omitted because of collinearity
note: 3.funder_id omitted because of collinearity
note: 4.funder_id omitted because of collinearity
note: 5.funder_id omitted because of collinearity

Fixed-effects (within) regression               Number of obs     =    108,850
Group variable: person_id                       Number of groups  =     11,473

R-sq:                                           Obs per group:
     within  = 0.0071                                         min =          1
     between = 0.0003                                         avg =        9.5
     overall = 0.0003                                         max =         11

                                                F(5,11472)        =       4.80
corr(u_i, Xb)  = -0.0088                        Prob > F          =     0.0002

                                              (Std. Err. adjusted for 11,473 clusters in person_id)
---------------------------------------------------------------------------------------------------
                                  |               Robust
       citations_per_pub_per_year |      Coef.   Std. Err.      t    P>|t|     [95% Conf. Interval]
----------------------------------+----------------------------------------------------------------
                      1.post_flag |   .7482708   .4341844     1.72   0.085    -.1028047    1.599346
                                  |
                        funder_id |
                INCa/INSERM/DGOS  |          0  (omitted)
       National Cancer Institute  |          0  (omitted)
National Health and Medical Rese  |          0  (omitted)
                  Wellcome Trust  |          0  (omitted)
                                  |
              post_flag#funder_id |
              1#INCa/INSERM/DGOS  |  -.2128904   .4574412    -0.47   0.642    -1.109553    .6837725
     1#National Cancer Institute  |  -.4372755   .4611884    -0.95   0.343    -1.341284    .4667327
                               1 #|
National Health and Medical Rese  |  -.6025489    .485142    -1.24   0.214     -1.55351    .3484122
                1#Wellcome Trust  |   2.051335   1.741926     1.18   0.239    -1.363137    5.465808
                                  |
                            _cons |   4.742523   .1533296    30.93   0.000     4.441971    5.043075
----------------------------------+----------------------------------------------------------------
                          sigma_u |  5.3521782
                          sigma_e |  7.7136495
                              rho |  .32498067   (fraction of variance due to u_i)
---------------------------------------------------------------------------------------------------
(est8 stored)

added macro:
             e(YearFE) : "Yes"

added macro:
      e(AffiliationFE) : "Yes"

added macro:
       e(ResearcherFE) : "Yes"
