----------------------------------------------------------------------------------------------------
      name:  <unnamed>
       log:  /Users/nj995/dropbox/projects/2018_helios/output/regression_results/20181113_citations_
> per_pub.log
  log type:  text
 opened on:  13 Nov 2018, 14:42:48

      Source |       SS           df       MS      Number of obs   =   112,218
-------------+----------------------------------   F(15, 112202)   =    287.73
       Model |  33566846.2        15  2237789.74   Prob > F        =    0.0000
    Residual |   872638661   112,202  7777.38954   R-squared       =    0.0370
-------------+----------------------------------   Adj R-squared   =    0.0369
       Total |   906205507   112,217  8075.47437   Root MSE        =     88.19

---------------------------------------------------------------------------------------------------
                citations_per_pub |      Coef.   Std. Err.      t    P>|t|     [95% Conf. Interval]
----------------------------------+----------------------------------------------------------------
                      1.post_flag |  -27.25908   1.969243   -13.84   0.000    -31.11877   -23.39939
                                  |
                        funder_id |
                INCa/INSERM/DGOS  |  -20.32247   1.932297   -10.52   0.000    -24.10974    -16.5352
       National Cancer Institute  |   1.232321   1.421509     0.87   0.386    -1.553815    4.018458
National Health and Medical Rese  |   -6.65834   1.691266    -3.94   0.000    -9.973197   -3.343484
                  Wellcome Trust  |  -3.390662   3.202935    -1.06   0.290    -9.668367    2.887043
                                  |
              post_flag#funder_id |
              1#INCa/INSERM/DGOS  |   7.975007   2.728405     2.92   0.003     2.627373    13.32264
     1#National Cancer Institute  |  -3.387863   2.066954    -1.64   0.101    -7.439061    .6633353
                               1 #|
National Health and Medical Rese  |   .7497697   2.456837     0.31   0.760    -4.065594    5.565134
                1#Wellcome Trust  |    6.05112   4.526614     1.34   0.181    -2.820976    14.92322
                                  |
              orcid_confirmed_rsr |
                            True  |    8.25776   2.429368     3.40   0.001     3.496235    13.01928
                                  |
                       start_year |
                            2008  |  -6.545233   .8543991    -7.66   0.000    -8.219842   -4.870623
                            2009  |   -5.98968   .8226551    -7.28   0.000    -7.602071   -4.377288
                            2010  |  -14.19887   .8983962   -15.80   0.000    -15.95971   -12.43802
                            2011  |  -19.13079   .9101814   -21.02   0.000    -20.91473   -17.34685
                            2012  |  -24.70496   .9430509   -26.20   0.000    -26.55333    -22.8566
                                  |
                            _cons |   74.16504   1.417679    52.31   0.000     71.38641    76.94367
---------------------------------------------------------------------------------------------------
(est1 stored)

added macro:
          e(CountryFE) : "No"

added macro:
      e(AffiliationFE) : "No"

added macro:
       e(ResearcherFE) : "No"

      Source |       SS           df       MS      Number of obs   =   112,218
-------------+----------------------------------   F(35, 112182)   =    136.48
       Model |  37010048.7        35  1057429.96   Prob > F        =    0.0000
    Residual |   869195459   112,182   7748.0831   R-squared       =    0.0408
-------------+----------------------------------   Adj R-squared   =    0.0405
       Total |   906205507   112,217  8075.47437   Root MSE        =    88.023

---------------------------------------------------------------------------------------------------
                citations_per_pub |      Coef.   Std. Err.      t    P>|t|     [95% Conf. Interval]
----------------------------------+----------------------------------------------------------------
                        post_year |
                          post_1  |  -20.42964   3.463774    -5.90   0.000    -27.21858   -13.64069
                          post_2  |  -23.62663    3.48724    -6.78   0.000    -30.46157   -16.79169
                          post_3  |  -28.35118   3.471527    -8.17   0.000    -35.15533   -21.54704
                          post_4  |  -31.59479   3.452257    -9.15   0.000    -38.36116   -24.82842
                          post_5  |   -32.2734   3.483293    -9.27   0.000    -39.10061    -25.4462
                                  |
                        funder_id |
                INCa/INSERM/DGOS  |  -20.32639   1.928655   -10.54   0.000    -24.10652   -16.54625
       National Cancer Institute  |   1.238559   1.418828     0.87   0.383    -1.542323    4.019442
National Health and Medical Rese  |  -6.654539   1.688077    -3.94   0.000    -9.963144   -3.345934
                  Wellcome Trust  |  -3.384962   3.196895    -1.06   0.290    -9.650829    2.880905
                                  |
              post_year#funder_id |
         post_1#INCa/INSERM/DGOS  |   6.806275   4.803229     1.42   0.156    -2.607983    16.22053
post_1#National Cancer Institute  |   1.763543    3.63592     0.49   0.628    -5.362805    8.889891
                          post_1 #|
National Health and Medical Rese  |   3.296298   4.325079     0.76   0.446    -5.180793    11.77339
           post_1#Wellcome Trust  |   17.18131   7.993948     2.15   0.032     1.513293    32.84933
         post_2#INCa/INSERM/DGOS  |   9.256621   4.821311     1.92   0.055     -.193077    18.70632
post_2#National Cancer Institute  |  -.4732552   3.656935    -0.13   0.897    -7.640794    6.694284
                          post_2 #|
National Health and Medical Rese  |   3.080071   4.336767     0.71   0.478    -5.419927    11.58007
           post_2#Wellcome Trust  |    7.13407   7.944135     0.90   0.369    -8.436316    22.70446
         post_3#INCa/INSERM/DGOS  |   9.103915   4.790202     1.90   0.057      -.28481    18.49264
post_3#National Cancer Institute  |  -2.154962    3.64192    -0.59   0.554    -9.293072    4.983147
                          post_3 #|
National Health and Medical Rese  |   1.831007   4.326982     0.42   0.672    -6.649814    10.31183
           post_3#Wellcome Trust  |   9.174781   7.922626     1.16   0.247    -6.353447    24.70301
         post_4#INCa/INSERM/DGOS  |   8.638104   4.785487     1.81   0.071     -.741379    18.01759
post_4#National Cancer Institute  |  -5.903591   3.624556    -1.63   0.103    -13.00767    1.200485
                          post_4 #|
National Health and Medical Rese  |  -.6874571   4.302122    -0.16   0.873    -9.119553    7.744639
           post_4#Wellcome Trust  |   3.053775   7.658427     0.40   0.690    -11.95663    18.06418
         post_5#INCa/INSERM/DGOS  |   6.191456   4.803315     1.29   0.197     -3.22297    15.60588
post_5#National Cancer Institute  |  -10.38305   3.656265    -2.84   0.005    -17.54927   -3.216824
                          post_5 #|
National Health and Medical Rese  |  -3.641172   4.334541    -0.84   0.401    -12.13681    4.854464
           post_5#Wellcome Trust  |  -3.439369   7.660168    -0.45   0.653    -18.45318    11.57445
                                  |
              orcid_confirmed_rsr |
                            True  |   8.290389    2.42484     3.42   0.001     3.537739    13.04304
                                  |
                       start_year |
                            2008  |   -6.55054   .8527928    -7.68   0.000    -8.222001   -4.879079
                            2009  |  -6.048168   .8211163    -7.37   0.000    -7.657544   -4.438792
                            2010  |  -14.20254   .8967144   -15.84   0.000    -15.96009   -12.44499
                            2011  |  -19.15722   .9084747   -21.09   0.000    -20.93781   -17.37662
                            2012  |  -24.74693   .9412814   -26.29   0.000    -26.59183   -22.90203
                                  |
                            _cons |   74.18221   1.415007    52.43   0.000     71.40882    76.95561
---------------------------------------------------------------------------------------------------
(est2 stored)

added macro:
          e(CountryFE) : "No"

added macro:
      e(AffiliationFE) : "No"

added macro:
       e(ResearcherFE) : "No"

      Source |       SS           df       MS      Number of obs   =   112,218
-------------+----------------------------------   F(60, 112157)   =     87.33
       Model |  40447103.9        60  674118.399   Prob > F        =    0.0000
    Residual |   865758403   112,157  7719.16513   R-squared       =    0.0446
-------------+----------------------------------   Adj R-squared   =    0.0441
       Total |   906205507   112,217  8075.47437   Root MSE        =    87.859

---------------------------------------------------------------------------------------------------
                citations_per_pub |      Coef.   Std. Err.      t    P>|t|     [95% Conf. Interval]
----------------------------------+----------------------------------------------------------------
                    pre_post_year |
                          post_1  |   -25.1781   4.667586    -5.39   0.000     -34.3265    -16.0297
                          post_2  |  -28.37519   4.684958    -6.06   0.000    -37.55764   -19.19274
                          post_3  |  -33.09917   4.673319    -7.08   0.000    -42.25881   -23.93954
                          post_4  |  -36.34314   4.659076    -7.80   0.000    -45.47486   -27.21142
                          post_5  |  -37.02154   4.682031    -7.91   0.000    -46.19826   -27.84483
                          pre_-1  |    -12.138    4.69383    -2.59   0.010    -21.33784   -2.938164
                          pre_-2  |  -.6064663   4.713499    -0.13   0.898    -9.844853    8.631921
                          pre_-3  |   2.705843   4.746604     0.57   0.569    -6.597431    12.00912
                          pre_-4  |  -2.372411   4.807563    -0.49   0.622    -11.79516    7.050342
                           pre_0  |  -14.85988   4.686428    -3.17   0.002    -24.04521   -5.674546
                                  |
                        funder_id |
                INCa/INSERM/DGOS  |  -17.72267   4.766385    -3.72   0.000    -27.06471   -8.380621
       National Cancer Institute  |   7.066908   3.587258     1.97   0.049     .0359352    14.09788
National Health and Medical Rese  |  -3.944057   4.297043    -0.92   0.359     -12.3662    4.478084
                  Wellcome Trust  |  -4.943912   8.297633    -0.60   0.551    -21.20715    11.31933
                                  |
          pre_post_year#funder_id |
         post_1#INCa/INSERM/DGOS  |    4.19225   6.479924     0.65   0.518    -8.508304    16.89281
post_1#National Cancer Institute  |  -4.067776   4.902334    -0.83   0.407    -13.67628    5.540727
                          post_1 #|
National Health and Medical Rese  |   .5739721   5.853463     0.10   0.922    -10.89873    12.04667
           post_1#Wellcome Trust  |   18.72118   11.06041     1.69   0.091    -2.957051    40.39942
         post_2#INCa/INSERM/DGOS  |   6.642609   6.493266     1.02   0.306    -6.084096    19.36931
post_2#National Cancer Institute  |  -6.304228   4.917879    -1.28   0.200     -15.9432    3.334743
                          post_2 #|
National Health and Medical Rese  |   .3581717   5.862055     0.06   0.951    -11.13137    11.84771
           post_2#Wellcome Trust  |   8.674741   11.02458     0.79   0.431    -12.93328    30.28276
         post_3#INCa/INSERM/DGOS  |    6.48859   6.470273     1.00   0.316    -6.193049    19.17023
post_3#National Cancer Institute  |  -7.986682   4.906776    -1.63   0.104    -17.60389    1.630526
                          post_3 #|
National Health and Medical Rese  |  -.8919209   5.854858    -0.15   0.879    -12.36736    10.58351
           post_3#Wellcome Trust  |   10.71004   11.00913     0.97   0.331     -10.8677    32.28777
         post_4#INCa/INSERM/DGOS  |   6.023454   6.466809     0.93   0.352    -6.651395     18.6983
post_4#National Cancer Institute  |  -11.73519   4.893951    -2.40   0.016    -21.32726   -2.143119
                          post_4 #|
National Health and Medical Rese  |  -3.409483   5.836584    -0.58   0.559     -14.8491    8.030134
           post_4#Wellcome Trust  |   4.592579   10.82128     0.42   0.671    -16.61696    25.80212
         post_5#INCa/INSERM/DGOS  |    3.57672   6.479955     0.55   0.581    -9.123895    16.27734
post_5#National Cancer Institute  |  -16.21465    4.91739    -3.30   0.001    -25.85266   -6.576637
                          post_5 #|
National Health and Medical Rese  |   -6.36338   5.860431    -1.09   0.278    -17.84974    5.122978
           post_5#Wellcome Trust  |  -1.901064   10.82251    -0.18   0.861    -23.11303     19.3109
         pre_-1#INCa/INSERM/DGOS  |   1.856672    6.51387     0.29   0.776    -10.91042    14.62376
pre_-1#National Cancer Institute  |  -5.028883   4.930166    -1.02   0.308    -14.69193    4.634169
                          pre_-1 #|
National Health and Medical Rese  |   .8108083   5.884872     0.14   0.890    -10.72345    12.34507
           pre_-1#Wellcome Trust  |  -2.448385   11.19973    -0.22   0.827    -24.39968    19.50291
         pre_-2#INCa/INSERM/DGOS  |  -5.303551   6.552272    -0.81   0.418    -18.14591    7.538805
pre_-2#National Cancer Institute  |  -10.66204   4.951484    -2.15   0.031    -20.36687   -.9572015
                          pre_-2 #|
National Health and Medical Rese  |  -3.860735   5.909929    -0.65   0.514    -15.44411    7.722638
           pre_-2#Wellcome Trust  |   -8.06959   11.24565    -0.72   0.473    -30.11089    13.97171
         pre_-3#INCa/INSERM/DGOS  |  -12.82504   6.620614    -1.94   0.053    -25.80135    .1512598
pre_-3#National Cancer Institute  |  -10.18309   4.986786    -2.04   0.041    -19.95711   -.4090584
                          pre_-3 #|
National Health and Medical Rese  |  -9.878624   5.963934    -1.66   0.098    -21.56785    1.810599
           pre_-3#Wellcome Trust  |   15.68477   11.45298     1.37   0.171    -6.762898    38.13244
         pre_-4#INCa/INSERM/DGOS  |  -1.402098   6.673069    -0.21   0.834    -14.48121    11.67702
pre_-4#National Cancer Institute  |   .5519772   5.048252     0.11   0.913    -9.342521    10.44648
                          pre_-4 #|
National Health and Medical Rese  |  -1.763138   6.028912    -0.29   0.770    -13.57972    10.05344
           pre_-4#Wellcome Trust  |   9.069986   11.70687     0.77   0.438     -13.8753    32.01527
          pre_0#INCa/INSERM/DGOS  |   1.786959   6.512181     0.27   0.784    -10.97682    14.55074
 pre_0#National Cancer Institute  |  -8.518769   4.922079    -1.73   0.084    -18.16597    1.128433
                           pre_0 #|
National Health and Medical Rese  |  -1.228047   5.873488    -0.21   0.834       -12.74     10.2839
            pre_0#Wellcome Trust  |  -1.200976   11.12481    -0.11   0.914    -23.00545    20.60349
                                  |
              orcid_confirmed_rsr |
                            True  |   8.286778    2.42036     3.42   0.001     3.542908    13.03065
                                  |
                       start_year |
                            2008  |  -6.529329   .8512071    -7.67   0.000    -8.197682   -4.860975
                            2009  |  -6.093251   .8195957    -7.43   0.000    -7.699646   -4.486856
                            2010  |  -14.18638   .8950518   -15.85   0.000    -15.94067   -12.43209
                            2011  |  -19.11139   .9067887   -21.08   0.000    -20.88868    -17.3341
                            2012  |    -24.638   .9395452   -26.22   0.000    -26.47949    -22.7965
                                  |
                            _cons |   78.91837    3.43928    22.95   0.000     72.17743    85.65931
---------------------------------------------------------------------------------------------------
(est3 stored)

added macro:
          e(CountryFE) : "No"

added macro:
      e(AffiliationFE) : "No"

added macro:
       e(ResearcherFE) : "No"

      Source |       SS           df       MS      Number of obs   =   112,218
-------------+----------------------------------   F(17, 112200)   =    257.58
       Model |  34038308.5        17  2002253.44   Prob > F        =    0.0000
    Residual |   872167199   112,200  7773.32619   R-squared       =    0.0376
-------------+----------------------------------   Adj R-squared   =    0.0374
       Total |   906205507   112,217  8075.47437   Root MSE        =    88.166

---------------------------------------------------------------------------------------------------
                citations_per_pub |      Coef.   Std. Err.      t    P>|t|     [95% Conf. Interval]
----------------------------------+----------------------------------------------------------------
                      1.post_flag |  -26.45791   1.973193   -13.41   0.000    -30.32534   -22.59048
                                  |
                        funder_id |
                INCa/INSERM/DGOS  |  -20.27228   1.931877   -10.49   0.000    -24.05873   -16.48583
       National Cancer Institute  |   1.004863   1.421604     0.71   0.480    -1.781461    3.791187
National Health and Medical Rese  |  -6.790706   1.690918    -4.02   0.000    -10.10488   -3.476533
                  Wellcome Trust  |  -3.618839   3.202283    -1.13   0.258    -9.895267    2.657589
                                  |
              post_flag#funder_id |
              1#INCa/INSERM/DGOS  |   7.767226   2.727823     2.85   0.004     2.420733    13.11372
     1#National Cancer Institute  |  -3.414325   2.066418    -1.65   0.098    -7.464473    .6358236
                               1 #|
National Health and Medical Rese  |   .7761572     2.4562     0.32   0.752    -4.037959    5.590273
                1#Wellcome Trust  |   5.440632   4.526135     1.20   0.229    -3.430526    14.31179
                                  |
                   rsr_career_age |  -.6694782   .0891531    -7.51   0.000     -.844217   -.4947395
                 rsr_career_age_2 |    .014345   .0022191     6.46   0.000     .0099957    .0186943
                                  |
              orcid_confirmed_rsr |
                            True  |   8.490165   2.429007     3.50   0.000     3.729347    13.25098
                                  |
                       start_year |
                            2008  |  -6.702092   .8544308    -7.84   0.000    -8.376764   -5.027421
                            2009  |  -6.000538   .8230256    -7.29   0.000    -7.613656    -4.38742
                            2010  |   -14.3047   .8982873   -15.92   0.000    -16.06533   -12.54407
                            2011  |  -19.27585   .9101355   -21.18   0.000     -21.0597     -17.492
                            2012  |  -24.96263   .9434002   -26.46   0.000    -26.81168   -23.11358
                                  |
                            _cons |   79.84062   1.593712    50.10   0.000     76.71697    82.96427
---------------------------------------------------------------------------------------------------
(est4 stored)

added macro:
          e(CountryFE) : "No"

added macro:
      e(AffiliationFE) : "No"

added macro:
       e(ResearcherFE) : "No"

      Source |       SS           df       MS      Number of obs   =   112,218
-------------+----------------------------------   F(37, 112180)   =    130.37
       Model |  37359046.8        37  1009703.97   Prob > F        =    0.0000
    Residual |   868846460   112,180  7745.11018   R-squared       =    0.0412
-------------+----------------------------------   Adj R-squared   =    0.0409
       Total |   906205507   112,217  8075.47437   Root MSE        =    88.006

---------------------------------------------------------------------------------------------------
                citations_per_pub |      Coef.   Std. Err.      t    P>|t|     [95% Conf. Interval]
----------------------------------+----------------------------------------------------------------
                        post_year |
                          post_1  |  -20.08086   3.463999    -5.80   0.000    -26.87025   -13.29148
                          post_2  |  -23.16085   3.488206    -6.64   0.000    -29.99768   -16.32402
                          post_3  |  -27.76924   3.473532    -7.99   0.000    -34.57731   -20.96117
                          post_4  |  -30.96473   3.455326    -8.96   0.000    -37.73712   -24.19234
                          post_5  |  -31.61111    3.48751    -9.06   0.000    -38.44658   -24.77565
                                  |
                        funder_id |
                INCa/INSERM/DGOS  |  -20.31108   1.928371   -10.53   0.000    -24.09066    -16.5315
       National Cancer Institute  |   1.013638   1.419022     0.71   0.475    -1.767625      3.7949
National Health and Medical Rese  |  -6.773554   1.687846    -4.01   0.000    -10.08171   -3.465401
                  Wellcome Trust  |   -3.60464   3.196466    -1.13   0.259    -9.869667    2.660386
                                  |
              post_year#funder_id |
         post_1#INCa/INSERM/DGOS  |   6.716242   4.802329     1.40   0.162    -2.696251    16.12874
post_1#National Cancer Institute  |   1.764832   3.635223     0.49   0.627     -5.36015    8.889815
                          post_1 #|
National Health and Medical Rese  |   3.352666   4.324258     0.78   0.438    -5.122815    11.82815
           post_1#Wellcome Trust  |   16.86645   7.992565     2.11   0.035     1.201146    32.53176
         post_2#INCa/INSERM/DGOS  |   9.064869   4.820475     1.88   0.060    -.3831897    18.51293
post_2#National Cancer Institute  |  -.4963371    3.65624    -0.14   0.892    -7.662512    6.669838
                          post_2 #|
National Health and Medical Rese  |   3.086227   4.335938     0.71   0.477    -5.412147     11.5846
           post_2#Wellcome Trust  |   6.760839   7.942842     0.85   0.395    -8.807014    22.32869
         post_3#INCa/INSERM/DGOS  |   8.889051   4.789397     1.86   0.063    -.4980954     18.2762
post_3#National Cancer Institute  |  -2.206448   3.641231    -0.61   0.545    -9.343207    4.930311
                          post_3 #|
National Health and Medical Rese  |   1.825281   4.326152     0.42   0.673    -6.653914    10.30447
           post_3#Wellcome Trust  |   8.674262   7.921499     1.10   0.274    -6.851758    24.20028
         post_4#INCa/INSERM/DGOS  |   8.441531    4.78466     1.76   0.078    -.9363325    17.81939
post_4#National Cancer Institute  |   -5.91493   3.623863    -1.63   0.103    -13.01765    1.187788
                          post_4 #|
National Health and Medical Rese  |  -.6597607   4.301304    -0.15   0.878    -9.090252    7.770731
           post_4#Wellcome Trust  |   2.370413   7.657851     0.31   0.757    -12.63886    17.37969
         post_5#INCa/INSERM/DGOS  |   5.999697   4.802478     1.25   0.212     -3.41309    15.41248
post_5#National Cancer Institute  |  -10.38726   3.655564    -2.84   0.004    -17.55211   -3.222405
                          post_5 #|
National Health and Medical Rese  |  -3.588377   4.333717    -0.83   0.408     -12.0824    4.905644
           post_5#Wellcome Trust  |  -3.997798   7.659314    -0.52   0.602    -19.00994    11.01434
                                  |
                   rsr_career_age |  -.5976605   .0890645    -6.71   0.000    -.7722256   -.4230953
                 rsr_career_age_2 |   .0139642   .0022152     6.30   0.000     .0096225     .018306
                                  |
              orcid_confirmed_rsr |
                            True  |   8.517543   2.424648     3.51   0.000     3.765268    13.26982
                                  |
                       start_year |
                            2008  |  -6.673152    .852885    -7.82   0.000    -8.344794    -5.00151
                            2009  |  -6.105641   .8215542    -7.43   0.000    -7.715875   -4.495407
                            2010  |  -14.28082   .8966689   -15.93   0.000    -16.03828   -12.52336
                            2011  |  -19.28055   .9084908   -21.22   0.000    -21.06118   -17.49992
                            2012  |  -24.97052   .9416935   -26.52   0.000    -26.81623   -23.12482
                                  |
                            _cons |   78.94234   1.591447    49.60   0.000     75.82313    82.06155
---------------------------------------------------------------------------------------------------
(est5 stored)

added macro:
          e(CountryFE) : "No"

added macro:
      e(AffiliationFE) : "No"

added macro:
       e(ResearcherFE) : "No"

      Source |       SS           df       MS      Number of obs   =   112,218
-------------+----------------------------------   F(62, 112155)   =     85.02
       Model |    40681477        62  656152.855   Prob > F        =    0.0000
    Residual |   865524030   112,155  7717.21306   R-squared       =    0.0449
-------------+----------------------------------   Adj R-squared   =    0.0444
       Total |   906205507   112,217  8075.47437   Root MSE        =    87.848

---------------------------------------------------------------------------------------------------
                citations_per_pub |      Coef.   Std. Err.      t    P>|t|     [95% Conf. Interval]
----------------------------------+----------------------------------------------------------------
                    pre_post_year |
                          post_1  |  -24.77155   4.669048    -5.31   0.000    -33.92281   -15.62029
                          post_2  |  -27.90466   4.687325    -5.95   0.000    -37.09174   -18.71757
                          post_3  |  -32.56746   4.676829    -6.96   0.000    -41.73397   -23.40094
                          post_4  |  -35.80617   4.663652    -7.68   0.000    -44.94686   -26.66548
                          post_5  |  -36.49269   4.687719    -7.78   0.000    -45.68055   -27.30483
                          pre_-1  |   -11.8327   4.694105    -2.52   0.012    -21.03308   -2.632328
                          pre_-2  |  -.3556538   4.713409    -0.08   0.940    -9.593865    8.882557
                          pre_-3  |    2.84095    4.74617     0.60   0.549    -6.461473    12.14337
                          pre_-4  |  -2.239862   4.807065    -0.47   0.641    -11.66164    7.181914
                           pre_0  |  -14.48068   4.687382    -3.09   0.002    -23.66788   -5.293484
                                  |
                        funder_id |
                INCa/INSERM/DGOS  |  -17.65494   4.765851    -3.70   0.000    -26.99594   -8.313948
       National Cancer Institute  |   6.922074   3.586915     1.93   0.054    -.1082257    13.95237
National Health and Medical Rese  |  -3.999331   4.296512    -0.93   0.352    -12.42043    4.421768
                  Wellcome Trust  |  -4.927404   8.296608    -0.59   0.553    -21.18863    11.33382
                                  |
          pre_post_year#funder_id |
         post_1#INCa/INSERM/DGOS  |   4.048178   6.479169     0.62   0.532    -8.650897    16.74725
post_1#National Cancer Institute  |  -4.116571   4.901727    -0.84   0.401    -13.72388    5.490741
                          post_1 #|
National Health and Medical Rese  |   .5807629   5.852724     0.10   0.921    -10.89049    12.05201
           post_1#Wellcome Trust  |   18.28387   11.05938     1.65   0.098    -3.392342    39.96008
         post_2#INCa/INSERM/DGOS  |   6.418891   6.492594     0.99   0.323    -6.306498    19.14428
post_2#National Cancer Institute  |  -6.368316   4.917283    -1.30   0.195    -16.00612    3.269485
                          post_2 #|
National Health and Medical Rese  |   .3292596   5.861322     0.06   0.955    -11.15884    11.81736
           post_2#Wellcome Trust  |   8.203961   11.02365     0.74   0.457    -13.40224    29.81016
         post_3#INCa/INSERM/DGOS  |   6.248806   6.469631     0.97   0.334    -6.431574    18.92919
post_3#National Cancer Institute  |    -8.0756   4.906192    -1.65   0.100    -17.69166    1.540464
                          post_3 #|
National Health and Medical Rese  |   -.937417   5.854125    -0.16   0.873    -12.41141    10.53658
           post_3#Wellcome Trust  |   10.14009   11.00839     0.92   0.357    -11.43619    31.71637
         post_4#INCa/INSERM/DGOS  |   5.793679   6.466144     0.90   0.370    -6.879868    18.46723
post_4#National Cancer Institute  |  -11.79251    4.89335    -2.41   0.016     -21.3834   -2.201613
                          post_4 #|
National Health and Medical Rese  |  -3.419402   5.835853    -0.59   0.558    -14.85759    8.018784
           post_4#Wellcome Trust  |   3.918523   10.82104     0.36   0.717    -17.29056    25.12761
         post_5#INCa/INSERM/DGOS  |   3.346591   6.479282     0.52   0.606    -9.352706    16.04589
post_5#National Cancer Institute  |  -16.27079   4.916781    -3.31   0.001    -25.90761    -6.63397
                          post_5 #|
National Health and Medical Rese  |  -6.360332   5.859691    -1.09   0.278    -17.84524    5.124575
           post_5#Wellcome Trust  |  -2.485462   10.82201    -0.23   0.818    -23.69644    18.72551
         pre_-1#INCa/INSERM/DGOS  |   1.732152   6.513088     0.27   0.790     -11.0334    14.49771
pre_-1#National Cancer Institute  |  -5.092712   4.929559    -1.03   0.302    -14.75457    4.569151
                          pre_-1 #|
National Health and Medical Rese  |   .7703078   5.884134     0.13   0.896    -10.76251    12.30312
           pre_-1#Wellcome Trust  |  -2.806914   11.19857    -0.25   0.802    -24.75594    19.14211
         pre_-2#INCa/INSERM/DGOS  |  -5.412708   6.551476    -0.83   0.409     -18.2535    7.428087
pre_-2#National Cancer Institute  |  -10.74102    4.95088    -2.17   0.030    -20.44467   -1.037365
                          pre_-2 #|
National Health and Medical Rese  |  -3.929194   5.909195    -0.66   0.506    -15.51113    7.652741
           pre_-2#Wellcome Trust  |   -8.44034   11.24447    -0.75   0.453    -30.47933    13.59865
         pre_-3#INCa/INSERM/DGOS  |  -12.83458   6.619778    -1.94   0.053    -25.80925    .1400819
pre_-3#National Cancer Institute  |  -10.19761   4.986156    -2.05   0.041    -19.97041   -.4248201
                          pre_-3 #|
National Health and Medical Rese  |  -9.889185    5.96318    -1.66   0.097    -21.57693     1.79856
           pre_-3#Wellcome Trust  |   15.56091   11.45155     1.36   0.174    -6.883965    38.00579
         pre_-4#INCa/INSERM/DGOS  |  -1.485599   6.672246    -0.22   0.824     -14.5631     11.5919
pre_-4#National Cancer Institute  |   .4695552    5.04764     0.09   0.926    -9.423745    10.36286
                          pre_-4 #|
National Health and Medical Rese  |  -1.846406   6.028174    -0.31   0.759    -13.66154    9.968725
           pre_-4#Wellcome Trust  |   9.063579   11.70539     0.77   0.439    -13.87881    32.00597
          pre_0#INCa/INSERM/DGOS  |   1.650291   6.511413     0.25   0.800    -11.11198    14.41256
 pre_0#National Cancer Institute  |  -8.595002   4.921489    -1.75   0.081    -18.24105    1.051042
                           pre_0 #|
National Health and Medical Rese  |  -1.277147   5.872761    -0.22   0.828    -12.78767    10.23338
            pre_0#Wellcome Trust  |   -1.51972   11.12361    -0.14   0.891    -23.32182    20.28238
                                  |
                   rsr_career_age |  -.4793564   .0891159    -5.38   0.000    -.6540222   -.3046906
                 rsr_career_age_2 |   .0121289   .0022133     5.48   0.000     .0077909     .016467
                                  |
              orcid_confirmed_rsr |
                            True  |   8.485468   2.420328     3.51   0.000     3.741661    13.22927
                                  |
                       start_year |
                            2008  |  -6.614019   .8513597    -7.77   0.000    -8.282671   -4.945366
                            2009  |   -6.17794   .8200908    -7.53   0.000    -7.785306   -4.570575
                            2010  |  -14.23635   .8950671   -15.91   0.000    -15.99067   -12.48203
                            2011  |   -19.2065   .9068688   -21.18   0.000    -20.98395   -17.42905
                            2012  |  -24.81437   .9400362   -26.40   0.000    -26.65683   -22.97192
                                  |
                            _cons |   82.28481     3.5046    23.48   0.000     75.41584    89.15377
---------------------------------------------------------------------------------------------------
(est6 stored)

added macro:
          e(CountryFE) : "No"

added macro:
      e(AffiliationFE) : "No"

added macro:
       e(ResearcherFE) : "No"
       panel variable:  rsr_affiliation_id (unbalanced)

Fixed-effects (within) regression               Number of obs     =    112,218
Group variable: rsr_affili~d                    Number of groups  =      3,966

R-sq:                                           Obs per group:
     within  = 0.0364                                         min =          1
     between = 0.0282                                         avg =       28.3
     overall = 0.0362                                         max =      1,883

                                                F(17,3965)        =     132.47
corr(u_i, Xb)  = -0.0341                        Prob > F          =     0.0000

                                      (Std. Err. adjusted for 3,966 clusters in rsr_affiliation_id)
---------------------------------------------------------------------------------------------------
                                  |               Robust
                citations_per_pub |      Coef.   Std. Err.      t    P>|t|     [95% Conf. Interval]
----------------------------------+----------------------------------------------------------------
                      1.post_flag |  -24.95822   2.251332   -11.09   0.000     -29.3721   -20.54434
                                  |
                        funder_id |
                INCa/INSERM/DGOS  |   -25.8929   5.591305    -4.63   0.000      -36.855    -14.9308
       National Cancer Institute  |      3.768   4.377036     0.86   0.389    -4.813453    12.34945
National Health and Medical Rese  |    1.26249   4.903115     0.26   0.797    -8.350374    10.87535
                  Wellcome Trust  |  -3.731343   7.501921    -0.50   0.619    -18.43933    10.97664
                                  |
              post_flag#funder_id |
              1#INCa/INSERM/DGOS  |   7.452507   2.634642     2.83   0.005     2.287127    12.61789
     1#National Cancer Institute  |  -4.328923   2.414165    -1.79   0.073    -9.062044    .4041986
                               1 #|
National Health and Medical Rese  |   .3335858    2.51452     0.13   0.894    -4.596287    5.263459
                1#Wellcome Trust  |   4.715977   5.631544     0.84   0.402    -6.325017    15.75697
                                  |
                   rsr_career_age |  -.9978117   .2396001    -4.16   0.000    -1.467563   -.5280607
                 rsr_career_age_2 |   .0192305   .0053044     3.63   0.000     .0088309    .0296302
                                  |
              orcid_confirmed_rsr |
                            True  |   9.683098   4.370343     2.22   0.027     1.114768    18.25143
                                  |
                       start_year |
                            2008  |  -6.429607   1.719373    -3.74   0.000    -9.800545   -3.058669
                            2009  |  -6.731853   2.400394    -2.80   0.005    -11.43798    -2.02573
                            2010  |  -14.73329   1.832891    -8.04   0.000    -18.32678   -11.13979
                            2011  |  -18.49851   1.714403   -10.79   0.000     -21.8597   -15.13731
                            2012  |  -25.37175   1.658833   -15.29   0.000    -28.62399    -22.1195
                                  |
                            _cons |   80.60932   4.051712    19.90   0.000     72.66568    88.55295
----------------------------------+----------------------------------------------------------------
                          sigma_u |  42.915221
                          sigma_e |   85.25306
                              rho |  .20216867   (fraction of variance due to u_i)
---------------------------------------------------------------------------------------------------
(est7 stored)

added macro:
          e(CountryFE) : "No"

added macro:
      e(AffiliationFE) : "Yes"

added macro:
       e(ResearcherFE) : "No"
       panel variable:  rsr_affiliation_id (unbalanced)

Fixed-effects (within) regression               Number of obs     =    112,218
Group variable: rsr_affili~d                    Number of groups  =      3,966

R-sq:                                           Obs per group:
     within  = 0.0404                                         min =          1
     between = 0.0298                                         avg =       28.3
     overall = 0.0400                                         max =      1,883

                                                F(37,3965)        =      86.56
corr(u_i, Xb)  = -0.0309                        Prob > F          =     0.0000

                                      (Std. Err. adjusted for 3,966 clusters in rsr_affiliation_id)
---------------------------------------------------------------------------------------------------
                                  |               Robust
                citations_per_pub |      Coef.   Std. Err.      t    P>|t|     [95% Conf. Interval]
----------------------------------+----------------------------------------------------------------
                        post_year |
                          post_1  |  -17.96959   1.908691    -9.41   0.000     -21.7117   -14.22748
                          post_2  |  -22.35491   2.181788   -10.25   0.000    -26.63244   -18.07738
                          post_3  |  -26.42305   2.380696   -11.10   0.000    -31.09055   -21.75555
                          post_4  |  -29.82738   2.733991   -10.91   0.000    -35.18754   -24.46722
                          post_5  |  -30.50414    6.51167    -4.68   0.000    -43.27068   -17.73761
                                  |
                        funder_id |
                INCa/INSERM/DGOS  |  -25.98741   5.596141    -4.64   0.000    -36.95899   -15.01582
       National Cancer Institute  |   3.637681   4.375178     0.83   0.406    -4.940128    12.21549
National Health and Medical Rese  |   1.118205   4.884267     0.23   0.819    -8.457705    10.69412
                  Wellcome Trust  |  -3.606827   7.518329    -0.48   0.631    -18.34698    11.13333
                                  |
              post_year#funder_id |
         post_1#INCa/INSERM/DGOS  |    5.18477   2.608599     1.99   0.047     .0704487    10.29909
post_1#National Cancer Institute  |   .0027321   2.183155     0.00   0.999    -4.277479    4.282943
                          post_1 #|
National Health and Medical Rese  |   1.929644   2.404461     0.80   0.422    -2.784451    6.643739
           post_1#Wellcome Trust  |   14.06069   7.764652     1.81   0.070    -1.162395    29.28377
         post_2#INCa/INSERM/DGOS  |    8.92928   2.825092     3.16   0.002      3.39051    14.46805
post_2#National Cancer Institute  |  -.9366575    2.47966    -0.38   0.706    -5.798187    3.924872
                          post_2 #|
National Health and Medical Rese  |   2.968756    2.85357     1.04   0.298    -2.625846    8.563358
           post_2#Wellcome Trust  |   5.906556   5.672761     1.04   0.298    -5.215246    17.02836
         post_3#INCa/INSERM/DGOS  |   8.661356   2.922323     2.96   0.003      2.93196    14.39075
post_3#National Cancer Institute  |    -3.0776   2.542869    -1.21   0.226    -8.063053    1.907854
                          post_3 #|
National Health and Medical Rese  |    1.31482   2.808483     0.47   0.640    -4.191387    6.821027
           post_3#Wellcome Trust  |   8.957576   7.228687     1.24   0.215    -5.214716    23.12987
         post_4#INCa/INSERM/DGOS  |   8.426018   3.127392     2.69   0.007      2.29457    14.55747
post_4#National Cancer Institute  |  -6.591577   2.908803    -2.27   0.024    -12.29447   -.8886865
                          post_4 #|
National Health and Medical Rese  |  -.7563384   2.972468    -0.25   0.799    -6.584047     5.07137
           post_4#Wellcome Trust  |   1.880124   7.064109     0.27   0.790     -11.9695    15.72975
         post_5#INCa/INSERM/DGOS  |   6.196465   6.715823     0.92   0.356    -6.970325    19.36326
post_5#National Cancer Institute  |  -11.20287   6.607682    -1.70   0.090    -24.15764    1.751908
                          post_5 #|
National Health and Medical Rese  |  -3.626729   6.701757    -0.54   0.588    -16.76594    9.512483
           post_5#Wellcome Trust  |  -4.218039   8.654336    -0.49   0.626    -21.18541    12.74933
                                  |
                   rsr_career_age |    -.89006   .2401072    -3.71   0.000    -1.360805   -.4193149
                 rsr_career_age_2 |   .0187808    .005316     3.53   0.000     .0083585    .0292032
                                  |
              orcid_confirmed_rsr |
                            True  |   9.612569   4.347084     2.21   0.027     1.089839     18.1353
                                  |
                       start_year |
                            2008  |  -6.387593   1.720394    -3.71   0.000    -9.760533   -3.014652
                            2009  |  -6.868199   2.403686    -2.86   0.004    -11.58078   -2.155622
                            2010  |    -14.687   1.828396    -8.03   0.000    -18.27169   -11.10232
                            2011  |  -18.52275   1.713359   -10.81   0.000     -21.8819    -15.1636
                            2012  |   -25.3969   1.659112   -15.31   0.000    -28.64969    -22.1441
                                  |
                            _cons |   79.37744    4.04864    19.61   0.000     71.43983    87.31506
----------------------------------+----------------------------------------------------------------
                          sigma_u |   42.86609
                          sigma_e |  85.084439
                              rho |  .20243796   (fraction of variance due to u_i)
---------------------------------------------------------------------------------------------------
(est8 stored)

added macro:
          e(CountryFE) : "No"

added macro:
      e(AffiliationFE) : "Yes"

added macro:
       e(ResearcherFE) : "No"
       panel variable:  rsr_affiliation_id (unbalanced)

Fixed-effects (within) regression               Number of obs     =    112,218
Group variable: rsr_affili~d                    Number of groups  =      3,966

R-sq:                                           Obs per group:
     within  = 0.0442                                         min =          1
     between = 0.0329                                         avg =       28.3
     overall = 0.0437                                         max =      1,883

                                                F(62,3965)        =      56.76
corr(u_i, Xb)  = -0.0273                        Prob > F          =     0.0000

                                      (Std. Err. adjusted for 3,966 clusters in rsr_affiliation_id)
---------------------------------------------------------------------------------------------------
                                  |               Robust
                citations_per_pub |      Coef.   Std. Err.      t    P>|t|     [95% Conf. Interval]
----------------------------------+----------------------------------------------------------------
                    pre_post_year |
                          post_1  |  -22.16568   3.498352    -6.34   0.000    -29.02442   -15.30694
                          post_2  |  -26.64509   3.719988    -7.16   0.000    -33.93836   -19.35182
                          post_3  |  -30.82543   3.745267    -8.23   0.000    -38.16826    -23.4826
                          post_4  |  -34.31055   3.819206    -8.98   0.000    -41.79835   -26.82276
                          post_5  |  -35.05415   7.286627    -4.81   0.000    -49.34004   -20.76826
                          pre_-1  |  -11.08739   3.788725    -2.93   0.003    -18.51542    -3.65936
                          pre_-2  |   .4158436   4.645414     0.09   0.929    -8.691781    9.523468
                          pre_-3  |   2.908712   4.272739     0.68   0.496    -5.468261    11.28568
                          pre_-4  |  -2.110157   3.584989    -0.59   0.556    -9.138753    4.918438
                           pre_0  |  -12.29698   3.572696    -3.44   0.001    -19.30147   -5.292482
                                  |
                        funder_id |
                INCa/INSERM/DGOS  |  -23.13018   7.414409    -3.12   0.002    -37.66659   -8.593772
       National Cancer Institute  |   9.895387    5.97222     1.66   0.098    -1.813523     21.6043
National Health and Medical Rese  |   4.217951    6.24664     0.68   0.500    -8.028977    16.46488
                  Wellcome Trust  |  -5.277747     8.1444    -0.65   0.517    -21.24535    10.68986
                                  |
          pre_post_year#funder_id |
         post_1#INCa/INSERM/DGOS  |   2.223888   5.560354     0.40   0.689    -8.677533    13.12531
post_1#National Cancer Institute  |  -6.374165   4.203404    -1.52   0.129     -14.6152    1.866871
                          post_1 #|
National Health and Medical Rese  |  -1.276379   4.211616    -0.30   0.762    -9.533515    6.980756
           post_1#Wellcome Trust  |   15.92188   9.483512     1.68   0.093    -2.671134     34.5149
         post_2#INCa/INSERM/DGOS  |   5.982225   5.806673     1.03   0.303     -5.40212    17.36657
post_2#National Cancer Institute  |   -7.30161    4.32715    -1.69   0.092    -15.78526    1.182038
                          post_2 #|
National Health and Medical Rese  |  -.2229991   4.607249    -0.05   0.961    -9.255798      8.8098
           post_2#Wellcome Trust  |   7.816854   8.433451     0.93   0.354    -8.717454    24.35116
         post_3#INCa/INSERM/DGOS  |   5.726858   5.714562     1.00   0.316    -5.476897    16.93061
post_3#National Cancer Institute  |  -9.427547   4.291653    -2.20   0.028     -17.8416   -1.013494
                          post_3 #|
National Health and Medical Rese  |  -1.870761   4.528634    -0.41   0.680    -10.74943    7.007908
           post_3#Wellcome Trust  |   10.96418   8.787645     1.25   0.212    -6.264548    28.19291
         post_4#INCa/INSERM/DGOS  |   5.497934   5.670446     0.97   0.332     -5.61933     16.6152
post_4#National Cancer Institute  |  -12.94831   4.396715    -2.94   0.003    -21.56835   -4.328279
                          post_4 #|
National Health and Medical Rese  |  -3.942369   4.373842    -0.90   0.367    -12.51756    4.632822
           post_4#Wellcome Trust  |   3.932899   9.244756     0.43   0.671    -14.19202    22.05782
         post_5#INCa/INSERM/DGOS  |   3.243257   8.494213     0.38   0.703    -13.41018    19.89669
post_5#National Cancer Institute  |  -17.56867   7.645665    -2.30   0.022    -32.55847   -2.578869
                          post_5 #|
National Health and Medical Rese  |  -6.827495   7.723597    -0.88   0.377    -21.97009    8.315098
           post_5#Wellcome Trust  |  -2.245292   9.794441    -0.23   0.819    -21.44791    16.95732
         pre_-1#INCa/INSERM/DGOS  |   1.406231   6.750261     0.21   0.835    -11.82808    14.64054
pre_-1#National Cancer Institute  |  -5.387109   4.261942    -1.26   0.206    -13.74291    2.968695
                          pre_-1 #|
National Health and Medical Rese  |   .4549789   4.706696     0.10   0.923    -8.772793    9.682751
           pre_-1#Wellcome Trust  |  -2.314338     8.3232    -0.28   0.781    -18.63249    14.00382
         pre_-2#INCa/INSERM/DGOS  |  -5.660556   6.536676    -0.87   0.387    -18.47612    7.155005
pre_-2#National Cancer Institute  |  -11.15731   5.101931    -2.19   0.029    -21.15996   -1.154652
                          pre_-2 #|
National Health and Medical Rese  |  -4.386978   5.919782    -0.74   0.459    -15.99308    7.219124
           pre_-2#Wellcome Trust  |  -8.481333   9.505651    -0.89   0.372    -27.11776    10.15509
         pre_-3#INCa/INSERM/DGOS  |  -12.13933   5.894271    -2.06   0.040    -23.69542   -.5832471
pre_-3#National Cancer Institute  |  -10.21348   4.629214    -2.21   0.027    -19.28934   -1.137618
                          pre_-3 #|
National Health and Medical Rese  |   -9.73062    5.40717    -1.80   0.072    -20.33171    .8704742
           pre_-3#Wellcome Trust  |   16.77301   16.96205     0.99   0.323    -16.48214    50.02816
         pre_-4#INCa/INSERM/DGOS  |  -1.867347   6.027473    -0.31   0.757    -13.68459    9.949891
pre_-4#National Cancer Institute  |   .2706148   4.232789     0.06   0.949    -8.028033    8.569263
                          pre_-4 #|
National Health and Medical Rese  |  -1.816073   4.507081    -0.40   0.687    -10.65249    7.020341
           pre_-4#Wellcome Trust  |   10.38711    15.9178     0.65   0.514    -20.82073    41.59495
          pre_0#INCa/INSERM/DGOS  |   .3252202   5.995163     0.05   0.957    -11.42867    12.07911
 pre_0#National Cancer Institute  |  -10.51298   4.208833    -2.50   0.013    -18.76466     -2.2613
                           pre_0 #|
National Health and Medical Rese  |  -3.209741   4.492034    -0.71   0.475    -12.01665    5.597173
            pre_0#Wellcome Trust  |   -1.60251   8.012756    -0.20   0.841    -17.31202      14.107
                                  |
                   rsr_career_age |   -.687784   .2364153    -2.91   0.004    -1.151291    -.224277
                 rsr_career_age_2 |   .0157455   .0052456     3.00   0.003     .0054613    .0260298
                                  |
              orcid_confirmed_rsr |
                            True  |   9.485528   4.318655     2.20   0.028     1.018535    17.95252
                                  |
                       start_year |
                            2008  |  -6.318085   1.714833    -3.68   0.000    -9.680123   -2.956047
                            2009  |   -6.96912   2.405846    -2.90   0.004    -11.68593   -2.252308
                            2010  |  -14.61069   1.828076    -7.99   0.000    -18.19475   -11.02664
                            2011  |  -18.47175   1.707308   -10.82   0.000    -21.81904   -15.12447
                            2012  |  -25.22336   1.654903   -15.24   0.000    -28.46791   -21.97882
                                  |
                            _cons |   81.35602   5.000337    16.27   0.000     71.55255     91.1595
----------------------------------+----------------------------------------------------------------
                          sigma_u |  42.771801
                          sigma_e |  84.924886
                              rho |  .20233301   (fraction of variance due to u_i)
---------------------------------------------------------------------------------------------------
(est9 stored)

added macro:
          e(CountryFE) : "No"

added macro:
      e(AffiliationFE) : "Yes"

added macro:
       e(ResearcherFE) : "No"
       panel variable:  person_id (balanced)
note: 2.funder_id omitted because of collinearity
note: 3.funder_id omitted because of collinearity
note: 4.funder_id omitted because of collinearity
note: 5.funder_id omitted because of collinearity

Fixed-effects (within) regression               Number of obs     =    112,218
Group variable: person_id                       Number of groups  =     11,997

R-sq:                                           Obs per group:
     within  = 0.0359                                         min =          1
     between = 0.0003                                         avg =        9.4
     overall = 0.0241                                         max =         11

                                                F(5,11996)        =     538.47
corr(u_i, Xb)  = -0.0183                        Prob > F          =     0.0000

                                              (Std. Err. adjusted for 11,997 clusters in person_id)
---------------------------------------------------------------------------------------------------
                                  |               Robust
                citations_per_pub |      Coef.   Std. Err.      t    P>|t|     [95% Conf. Interval]
----------------------------------+----------------------------------------------------------------
                      1.post_flag |  -26.44923   2.110545   -12.53   0.000    -30.58624   -22.31222
                                  |
                        funder_id |
                INCa/INSERM/DGOS  |          0  (omitted)
       National Cancer Institute  |          0  (omitted)
National Health and Medical Rese  |          0  (omitted)
                  Wellcome Trust  |          0  (omitted)
                                  |
              post_flag#funder_id |
              1#INCa/INSERM/DGOS  |   7.532956   2.571558     2.93   0.003     2.492285    12.57363
     1#National Cancer Institute  |  -4.962824   2.230311    -2.23   0.026    -9.334594   -.5910542
                               1 #|
National Health and Medical Rese  |   .3630987    2.44234     0.15   0.882    -4.424283    5.150481
                1#Wellcome Trust  |   5.646075   4.996821     1.13   0.259    -4.148503    15.44065
                                  |
                            _cons |   62.64668    .270435   231.65   0.000     62.11659    63.17678
----------------------------------+----------------------------------------------------------------
                          sigma_u |  48.395737
                          sigma_e |  79.405859
                              rho |  .27084871   (fraction of variance due to u_i)
---------------------------------------------------------------------------------------------------
(est10 stored)

added macro:
          e(CountryFE) : "No"

added macro:
      e(AffiliationFE) : "No"

added macro:
       e(ResearcherFE) : "Yes"
       panel variable:  person_id (balanced)
note: 2.funder_id omitted because of collinearity
note: 3.funder_id omitted because of collinearity
note: 4.funder_id omitted because of collinearity
note: 5.funder_id omitted because of collinearity

Fixed-effects (within) regression               Number of obs     =    112,218
Group variable: person_id                       Number of groups  =     11,997

R-sq:                                           Obs per group:
     within  = 0.0414                                         min =          1
     between = 0.0004                                         avg =        9.4
     overall = 0.0279                                         max =         11

                                                F(25,11996)       =     160.84
corr(u_i, Xb)  = -0.0189                        Prob > F          =     0.0000

                                              (Std. Err. adjusted for 11,997 clusters in person_id)
---------------------------------------------------------------------------------------------------
                                  |               Robust
                citations_per_pub |      Coef.   Std. Err.      t    P>|t|     [95% Conf. Interval]
----------------------------------+----------------------------------------------------------------
                        post_year |
                          post_1  |  -18.86865   2.012158    -9.38   0.000     -22.8128   -14.92449
                          post_2  |   -22.7202   1.935862   -11.74   0.000     -26.5148    -18.9256
                          post_3  |  -26.80508   2.368338   -11.32   0.000    -31.44741   -22.16276
                          post_4  |  -31.65448   2.564969   -12.34   0.000    -36.68223   -26.62672
                          post_5  |  -32.14779   6.369159    -5.05   0.000    -44.63237   -19.66321
                                  |
                        funder_id |
                INCa/INSERM/DGOS  |          0  (omitted)
       National Cancer Institute  |          0  (omitted)
National Health and Medical Rese  |          0  (omitted)
                  Wellcome Trust  |          0  (omitted)
                                  |
              post_year#funder_id |
         post_1#INCa/INSERM/DGOS  |   5.308415   2.776164     1.91   0.056    -.1333144    10.75014
post_1#National Cancer Institute  |  -.2119203   2.244595    -0.09   0.925     -4.61169     4.18785
                          post_1 #|
National Health and Medical Rese  |   2.397535   2.538798     0.94   0.345    -2.578919     7.37399
           post_1#Wellcome Trust  |   14.66344   8.137418     1.80   0.072    -1.287218    30.61409
         post_2#INCa/INSERM/DGOS  |   8.501643   2.623242     3.24   0.001     3.359664    13.64362
post_2#National Cancer Institute  |  -1.769084   2.218991    -0.80   0.425    -6.118666    2.580498
                          post_2 #|
National Health and Medical Rese  |   2.382785   2.653495     0.90   0.369    -2.818494    7.584064
           post_2#Wellcome Trust  |   6.324827   5.109229     1.24   0.216    -3.690088    16.33974
         post_3#INCa/INSERM/DGOS  |   8.149645   2.939693     2.77   0.006      2.38737    13.91192
post_3#National Cancer Institute  |   -4.57316     2.5292    -1.81   0.071    -9.530801    .3844817
                          post_3 #|
National Health and Medical Rese  |    .721315   2.799732     0.26   0.797    -4.766612    6.209242
           post_3#Wellcome Trust  |   7.238208   6.130867     1.18   0.238    -4.779283     19.2557
         post_4#INCa/INSERM/DGOS  |   9.102257   3.083163     2.95   0.003     3.058759    15.14575
post_4#National Cancer Institute  |  -6.811269   2.699702    -2.52   0.012    -12.10312   -1.519416
                          post_4 #|
National Health and Medical Rese  |    .009587   2.891059     0.00   0.997    -5.657356     5.67653
           post_4#Wellcome Trust  |   3.362357   6.617078     0.51   0.611    -9.608186     16.3329
         post_5#INCa/INSERM/DGOS  |   6.580969   6.577649     1.00   0.317    -6.312288    19.47423
post_5#National Cancer Institute  |  -11.87775   6.427083    -1.85   0.065    -24.47587    .7203738
                          post_5 #|
National Health and Medical Rese  |  -3.725504   6.611779    -0.56   0.573    -16.68566    9.234652
           post_5#Wellcome Trust  |  -2.508536   7.989747    -0.31   0.754    -18.16973    13.15266
                                  |
                            _cons |   62.66376   .2703417   231.79   0.000     62.13385    63.19368
----------------------------------+----------------------------------------------------------------
                          sigma_u |  48.407462
                          sigma_e |  79.186154
                              rho |   .2720404   (fraction of variance due to u_i)
---------------------------------------------------------------------------------------------------
(est11 stored)

added macro:
          e(CountryFE) : "No"

added macro:
      e(AffiliationFE) : "No"

added macro:
       e(ResearcherFE) : "Yes"
       panel variable:  person_id (balanced)
note: 2.funder_id omitted because of collinearity
note: 3.funder_id omitted because of collinearity
note: 4.funder_id omitted because of collinearity
note: 5.funder_id omitted because of collinearity

Fixed-effects (within) regression               Number of obs     =    112,218
Group variable: person_id                       Number of groups  =     11,997

R-sq:                                           Obs per group:
     within  = 0.0465                                         min =          1
     between = 0.0001                                         avg =        9.4
     overall = 0.0297                                         max =         11

                                                F(50,11996)       =      83.29
corr(u_i, Xb)  = -0.0360                        Prob > F          =     0.0000

                                              (Std. Err. adjusted for 11,997 clusters in person_id)
---------------------------------------------------------------------------------------------------
                                  |               Robust
                citations_per_pub |      Coef.   Std. Err.      t    P>|t|     [95% Conf. Interval]
----------------------------------+----------------------------------------------------------------
                    pre_post_year |
                          post_1  |  -23.79189   3.068698    -7.75   0.000    -29.80704   -17.77675
                          post_2  |  -27.64264   3.025021    -9.14   0.000    -33.57217   -21.71311
                          post_3  |  -31.70723   3.362348    -9.43   0.000    -38.29798   -25.11648
                          post_4  |   -36.5656   3.420012   -10.69   0.000    -43.26938   -29.86182
                          post_5  |  -37.06445   6.907744    -5.37   0.000    -50.60474   -23.52415
                          pre_-1  |  -11.96595    3.49997    -3.42   0.001    -18.82646   -5.105445
                          pre_-2  |  -1.008133   4.553724    -0.22   0.825    -9.934169    7.917902
                          pre_-3  |   2.005069   4.520299     0.44   0.657    -6.855447    10.86559
                          pre_-4  |  -3.056832   3.638839    -0.84   0.401    -10.18955    4.075881
                           pre_0  |  -14.02789    3.35372    -4.18   0.000    -20.60173   -7.454057
                                  |
                        funder_id |
                INCa/INSERM/DGOS  |          0  (omitted)
       National Cancer Institute  |          0  (omitted)
National Health and Medical Rese  |          0  (omitted)
                  Wellcome Trust  |          0  (omitted)
                                  |
          pre_post_year#funder_id |
         post_1#INCa/INSERM/DGOS  |   2.790946   5.340152     0.52   0.601    -7.676615    13.25851
post_1#National Cancer Institute  |  -6.244927    3.50828    -1.78   0.075    -13.12172    .6318685
                          post_1 #|
National Health and Medical Rese  |  -.0756412   3.974952    -0.02   0.985     -7.86719    7.715908
           post_1#Wellcome Trust  |   17.15088   10.12388     1.69   0.090    -2.693571    36.99533
         post_2#INCa/INSERM/DGOS  |   5.972961   5.379362     1.11   0.267    -4.571459    16.51738
post_2#National Cancer Institute  |  -7.805477   3.501169    -2.23   0.026    -14.66833   -.9426204
                          post_2 #|
National Health and Medical Rese  |  -.1055321   4.072312    -0.03   0.979    -8.087923    7.876858
           post_2#Wellcome Trust  |   8.691057   8.640587     1.01   0.315    -8.245891    25.62801
         post_3#INCa/INSERM/DGOS  |   5.597308   5.472715     1.02   0.306    -5.130099    16.32472
post_3#National Cancer Institute  |  -10.61454   3.750569    -2.83   0.005    -17.96627   -3.262821
                          post_3 #|
National Health and Medical Rese  |  -1.793751   4.177977    -0.43   0.668    -9.983263     6.39576
           post_3#Wellcome Trust  |   9.675511   8.405429     1.15   0.250     -6.80049    26.15151
         post_4#INCa/INSERM/DGOS  |   6.557715   5.500322     1.19   0.233    -4.223805    17.33924
post_4#National Cancer Institute  |  -12.84578   3.786125    -3.39   0.001     -20.2672   -5.424362
                          post_4 #|
National Health and Medical Rese  |   -2.49227   4.194141    -0.59   0.552    -10.71347    5.728925
           post_4#Wellcome Trust  |   5.709154   9.135108     0.62   0.532    -12.19714    23.61544
         post_5#INCa/INSERM/DGOS  |   4.044162   8.181076     0.49   0.621    -11.99207    20.08039
post_5#National Cancer Institute  |  -17.89082   7.102414    -2.52   0.012     -31.8127   -3.968937
                          post_5 #|
National Health and Medical Rese  |  -6.210175   7.410805    -0.84   0.402    -20.73655    8.316202
           post_5#Wellcome Trust  |  -.1277728    9.64411    -0.01   0.989    -19.03179    18.77624
         pre_-1#INCa/INSERM/DGOS  |   1.806879   6.587165     0.27   0.784    -11.10503    14.71879
pre_-1#National Cancer Institute  |  -5.516161   3.891044    -1.42   0.156    -13.14324    2.110914
                          pre_-1 #|
National Health and Medical Rese  |   .9293078   4.439054     0.21   0.834    -7.771955    9.630571
           pre_-1#Wellcome Trust  |   1.119679   9.612711     0.12   0.907    -17.72279    19.96215
         pre_-2#INCa/INSERM/DGOS  |  -4.813338   6.413171    -0.75   0.453    -17.38419    7.757516
pre_-2#National Cancer Institute  |  -10.46832   4.933362    -2.12   0.034    -20.13851   -.7981328
                          pre_-2 #|
National Health and Medical Rese  |  -3.224725   5.840006    -0.55   0.581    -14.67208    8.222632
           pre_-2#Wellcome Trust  |  -6.570981   9.474591    -0.69   0.488    -25.14271    12.00075
         pre_-3#INCa/INSERM/DGOS  |  -11.75325    6.05389    -1.94   0.052    -23.61985    .1133565
pre_-3#National Cancer Institute  |  -9.635358   4.855335    -1.98   0.047     -19.1526   -.1181171
                          pre_-3 #|
National Health and Medical Rese  |  -9.240599   5.394715    -1.71   0.087    -19.81511    1.333914
           pre_-3#Wellcome Trust  |   15.90258   17.13676     0.93   0.353    -17.68824    49.49341
         pre_-4#INCa/INSERM/DGOS  |  -1.687872   6.183467    -0.27   0.785    -13.80847    10.43272
pre_-4#National Cancer Institute  |    .846376   4.132624     0.20   0.838    -7.254236    8.946988
                          pre_-4 #|
National Health and Medical Rese  |  -.9061951   4.770609    -0.19   0.849    -10.25736    8.444971
           pre_-4#Wellcome Trust  |   9.466989   12.32389     0.77   0.442    -14.68983    33.62381
          pre_0#INCa/INSERM/DGOS  |   1.108015   5.799703     0.19   0.848    -10.26034    12.47637
 pre_0#National Cancer Institute  |  -9.792873    3.76229    -2.60   0.009    -17.16757   -2.418176
                           pre_0 #|
National Health and Medical Rese  |  -1.926901   4.298907    -0.45   0.654    -10.35345    6.499652
            pre_0#Wellcome Trust  |   -1.23356   8.165714    -0.15   0.880    -17.23968    14.77256
                                  |
                            _cons |   72.25724   1.070232    67.52   0.000     70.15941    74.35506
----------------------------------+----------------------------------------------------------------
                          sigma_u |  48.594528
                          sigma_e |  78.983814
                              rho |  .27458879   (fraction of variance due to u_i)
---------------------------------------------------------------------------------------------------
(est12 stored)

added macro:
          e(CountryFE) : "No"

added macro:
      e(AffiliationFE) : "No"

added macro:
       e(ResearcherFE) : "Yes"
