----------------------------------------------------------------------------------------------------
      name:  <unnamed>
       log:  /Users/nj995/dropbox/projects/2018_helios/output/regression_results/20181113_nb_collab_
> countries.log
  log type:  text
 opened on:  13 Nov 2018, 14:42:05

      Source |       SS           df       MS      Number of obs   =   132,913
-------------+----------------------------------   F(15, 132897)   =    416.89
       Model |  57096.0639        15  3806.40426   Prob > F        =    0.0000
    Residual |  1213423.55   132,897   9.1305564   R-squared       =    0.0449
-------------+----------------------------------   Adj R-squared   =    0.0448
       Total |  1270519.62   132,912   9.5591039   Root MSE        =    3.0217

---------------------------------------------------------------------------------------------------
              nb_collab_countries |      Coef.   Std. Err.      t    P>|t|     [95% Conf. Interval]
----------------------------------+----------------------------------------------------------------
                      1.post_flag |   1.365968   .0624292    21.88   0.000     1.243608    1.488328
                                  |
                        funder_id |
                INCa/INSERM/DGOS  |   .0150871    .060362     0.25   0.803    -.1032214    .1333956
       National Cancer Institute  |  -.5215096   .0442806   -11.78   0.000    -.6082987   -.4347205
National Health and Medical Rese  |   -.021672    .052609    -0.41   0.680    -.1247847    .0814407
                  Wellcome Trust  |  -.4076492   .0893622    -4.56   0.000    -.5827974   -.2325009
                                  |
              post_flag#funder_id |
              1#INCa/INSERM/DGOS  |   .0625876   .0869499     0.72   0.472    -.1078326    .2330078
     1#National Cancer Institute  |  -.4451334   .0655004    -6.80   0.000     -.573513   -.3167538
                               1 #|
National Health and Medical Rese  |   .0513142   .0778917     0.66   0.510    -.1013522    .2039805
                1#Wellcome Trust  |    .303815   .1323126     2.30   0.022     .0444846    .5631454
                                  |
              orcid_confirmed_rsr |
                            True  |  -.1288151   .0783568    -1.64   0.100     -.282393    .0247628
                                  |
                       start_year |
                            2008  |  -.0377287   .0268906    -1.40   0.161    -.0904339    .0149764
                            2009  |   .2709352   .0260482    10.40   0.000     .2198811    .3219892
                            2010  |   .2685235   .0283575     9.47   0.000     .2129433    .3241036
                            2011  |    .405218   .0287181    14.11   0.000     .3489311    .4615049
                            2012  |    .381624   .0294722    12.95   0.000     .3238592    .4393889
                                  |
                            _cons |   1.775223   .0442629    40.11   0.000     1.688468    1.861977
---------------------------------------------------------------------------------------------------
(est1 stored)

added macro:
          e(CountryFE) : "No"

added macro:
      e(AffiliationFE) : "No"

added macro:
       e(ResearcherFE) : "No"

      Source |       SS           df       MS      Number of obs   =   132,913
-------------+----------------------------------   F(35, 132877)   =    204.96
       Model |  65077.3015        35  1859.35147   Prob > F        =    0.0000
    Residual |  1205442.32   132,877  9.07186583   R-squared       =    0.0512
-------------+----------------------------------   Adj R-squared   =    0.0510
       Total |  1270519.62   132,912   9.5591039   Root MSE        =     3.012

---------------------------------------------------------------------------------------------------
              nb_collab_countries |      Coef.   Std. Err.      t    P>|t|     [95% Conf. Interval]
----------------------------------+----------------------------------------------------------------
                        post_year |
                          post_1  |   .7627086   .1110005     6.87   0.000     .5451495    .9802676
                          post_2  |   1.042103   .1110005     9.39   0.000     .8245442    1.259662
                          post_3  |   1.227202   .1110005    11.06   0.000     1.009643    1.444761
                          post_4  |   1.742918   .1110005    15.70   0.000     1.525359    1.960477
                          post_5  |   2.054909   .1110005    18.51   0.000      1.83735    2.272468
                                  |
                        funder_id |
                INCa/INSERM/DGOS  |   .0150871   .0601677     0.25   0.802    -.1028405    .1330147
       National Cancer Institute  |  -.5215096    .044138   -11.82   0.000    -.6080193   -.4349999
National Health and Medical Rese  |   -.021672   .0524396    -0.41   0.679    -.1244527    .0811087
                  Wellcome Trust  |  -.4076492   .0890745    -4.58   0.000    -.5822336   -.2330648
                                  |
              post_year#funder_id |
         post_1#INCa/INSERM/DGOS  |  -.0455313   .1545989    -0.29   0.768    -.3485424    .2574797
post_1#National Cancer Institute  |  -.2578578   .1164612    -2.21   0.027    -.4861197    -.029596
                          post_1 #|
National Health and Medical Rese  |   .1398622   .1384933     1.01   0.313    -.1315821    .4113065
           post_1#Wellcome Trust  |   .0713023   .2352549     0.30   0.762    -.3897931    .5323976
         post_2#INCa/INSERM/DGOS  |   .0284657   .1545989     0.18   0.854    -.2745453    .3314767
post_2#National Cancer Institute  |  -.3581655   .1164612    -3.08   0.002    -.5864273   -.1299037
                          post_2 #|
National Health and Medical Rese  |   .0211934   .1384933     0.15   0.878    -.2502509    .2926377
           post_2#Wellcome Trust  |    .328493   .2352549     1.40   0.163    -.1326024    .7895883
         post_3#INCa/INSERM/DGOS  |   .1354893   .1545989     0.88   0.381    -.1675217    .4385003
post_3#National Cancer Institute  |  -.3150049   .1164612    -2.70   0.007    -.5432667    -.086743
                          post_3 #|
National Health and Medical Rese  |   .0071897   .1384933     0.05   0.959    -.2642546     .278634
           post_3#Wellcome Trust  |   .5946135   .2352549     2.53   0.011     .1335182    1.055709
         post_4#INCa/INSERM/DGOS  |  -.0060472   .1545989    -0.04   0.969    -.3090583    .2969638
post_4#National Cancer Institute  |  -.5443694   .1164612    -4.67   0.000    -.7726313   -.3161076
                          post_4 #|
National Health and Medical Rese  |   .1408581   .1384933     1.02   0.309    -.1305862    .4123024
           post_4#Wellcome Trust  |   .1520683   .2352549     0.65   0.518     -.309027    .6131637
         post_5#INCa/INSERM/DGOS  |   .2005617   .1545989     1.30   0.195    -.1024494    .5035727
post_5#National Cancer Institute  |  -.7502693   .1164612    -6.44   0.000    -.9785311   -.5220075
                          post_5 #|
National Health and Medical Rese  |  -.0525325   .1384933    -0.38   0.704    -.3239768    .2189118
           post_5#Wellcome Trust  |    .372598   .2352549     1.58   0.113    -.0884974    .8336933
                                  |
              orcid_confirmed_rsr |
                            True  |  -.1288151   .0781046    -1.65   0.099    -.2818986    .0242684
                                  |
                       start_year |
                            2008  |  -.0377287    .026804    -1.41   0.159    -.0902642    .0148067
                            2009  |   .2709352   .0259644    10.43   0.000     .2200454    .3218249
                            2010  |   .2685235   .0282662     9.50   0.000     .2131223    .3239247
                            2011  |    .405218   .0286256    14.16   0.000     .3491123    .4613238
                            2012  |    .381624   .0293773    12.99   0.000     .3240451     .439203
                                  |
                            _cons |   1.775223   .0441204    40.24   0.000     1.688748    1.861698
---------------------------------------------------------------------------------------------------
(est2 stored)

added macro:
          e(CountryFE) : "No"

added macro:
      e(AffiliationFE) : "No"

added macro:
       e(ResearcherFE) : "No"

      Source |       SS           df       MS      Number of obs   =   132,913
-------------+----------------------------------   F(60, 132852)   =    129.13
       Model |  70014.2736        60  1166.90456   Prob > F        =    0.0000
    Residual |  1200505.34   132,852  9.03641153   R-squared       =    0.0551
-------------+----------------------------------   Adj R-squared   =    0.0547
       Total |  1270519.62   132,912   9.5591039   Root MSE        =    3.0061

---------------------------------------------------------------------------------------------------
              nb_collab_countries |      Coef.   Std. Err.      t    P>|t|     [95% Conf. Interval]
----------------------------------+----------------------------------------------------------------
                    pre_post_year |
                          post_1  |   1.193248   .1450496     8.23   0.000     .9089535    1.477542
                          post_2  |   1.472643   .1450496    10.15   0.000     1.188348    1.756937
                          post_3  |   1.657742   .1450496    11.43   0.000     1.373447    1.942036
                          post_4  |   2.173458   .1450496    14.98   0.000     1.889163    2.457752
                          post_5  |   2.485448   .1450496    17.14   0.000     2.201154    2.769743
                          pre_-1  |   .7240978   .1450496     4.99   0.000     .4398033    1.008392
                          pre_-2  |   .4877765   .1450496     3.36   0.001      .203482     .772071
                          pre_-3  |   .2712456   .1450496     1.87   0.061    -.0130489    .5555401
                          pre_-4  |   .1059371   .1450496     0.73   0.465    -.1783574    .3902316
                           pre_0  |   .9941793   .1450496     6.85   0.000     .7098848    1.278474
                                  |
                        funder_id |
                INCa/INSERM/DGOS  |  -.0417915   .1435664    -0.29   0.771    -.3231789     .239596
       National Cancer Institute  |  -.3923628   .1076601    -3.64   0.000    -.6033747    -.181351
National Health and Medical Rese  |  -.0359371   .1280074    -0.28   0.779    -.2868293    .2149551
                  Wellcome Trust  |  -.3951315   .2174415    -1.82   0.069    -.8213129      .03105
                                  |
          pre_post_year#funder_id |
         post_1#INCa/INSERM/DGOS  |   .0113472   .2020215     0.06   0.955    -.3846113    .4073058
post_1#National Cancer Institute  |  -.3870046   .1521852    -2.54   0.011    -.6852849   -.0887242
                          post_1 #|
National Health and Medical Rese  |   .1541273   .1809756     0.85   0.394    -.2005816    .5088361
           post_1#Wellcome Trust  |   .0587846   .3074185     0.19   0.848    -.5437501    .6613192
         post_2#INCa/INSERM/DGOS  |   .0853443   .2020215     0.42   0.673    -.3106143    .4813028
post_2#National Cancer Institute  |  -.4873122   .1521852    -3.20   0.001    -.7855926   -.1890319
                          post_2 #|
National Health and Medical Rese  |   .0354585   .1809756     0.20   0.845    -.3192503    .3901673
           post_2#Wellcome Trust  |   .3159753   .3074185     1.03   0.304    -.2865594      .91851
         post_3#INCa/INSERM/DGOS  |   .1923678   .2020215     0.95   0.341    -.2035907    .5883264
post_3#National Cancer Institute  |  -.4441516   .1521852    -2.92   0.004    -.7424319   -.1458713
                          post_3 #|
National Health and Medical Rese  |   .0214548   .1809756     0.12   0.906     -.333254    .3761636
           post_3#Wellcome Trust  |   .5820958   .3074185     1.89   0.058    -.0204388    1.184631
         post_4#INCa/INSERM/DGOS  |   .0508313   .2020215     0.25   0.801    -.3451272    .4467899
post_4#National Cancer Institute  |  -.6735162   .1521852    -4.43   0.000    -.9717965   -.3752359
                          post_4 #|
National Health and Medical Rese  |   .1551232   .1809756     0.86   0.391    -.1995857     .509832
           post_4#Wellcome Trust  |   .1395506   .3074185     0.45   0.650    -.4629841    .7420853
         post_5#INCa/INSERM/DGOS  |   .2574402   .2020215     1.27   0.203    -.1385184    .6533988
post_5#National Cancer Institute  |   -.879416   .1521852    -5.78   0.000    -1.177696   -.5811357
                          post_5 #|
National Health and Medical Rese  |  -.0382674   .1809756    -0.21   0.833    -.3929762    .3164415
           post_5#Wellcome Trust  |   .3600803   .3074185     1.17   0.241    -.2424544    .9626149
         pre_-1#INCa/INSERM/DGOS  |   .1008475   .2020215     0.50   0.618    -.2951111    .4968061
pre_-1#National Cancer Institute  |  -.2327235   .1521852    -1.53   0.126    -.5310039    .0655568
                          pre_-1 #|
National Health and Medical Rese  |   .0477752   .1809756     0.26   0.792    -.3069336     .402484
           pre_-1#Wellcome Trust  |   .1173656   .3074185     0.38   0.703    -.4851691    .7199003
         pre_-2#INCa/INSERM/DGOS  |   .0527049   .2020215     0.26   0.794    -.3432536    .4486635
pre_-2#National Cancer Institute  |  -.1271381   .1521852    -0.84   0.403    -.4254184    .1711423
                          pre_-2 #|
National Health and Medical Rese  |  -.0081913   .1809756    -0.05   0.964    -.3629001    .3465176
           pre_-2#Wellcome Trust  |  -.1015976   .3074185    -0.33   0.741    -.7041323    .5009371
         pre_-3#INCa/INSERM/DGOS  |   .0416647   .2020215     0.21   0.837    -.3542939    .4376232
pre_-3#National Cancer Institute  |  -.0474456   .1521852    -0.31   0.755    -.3457259    .2508347
                          pre_-3 #|
National Health and Medical Rese  |   .0288192   .1809756     0.16   0.873    -.3258897     .383528
           pre_-3#Wellcome Trust  |  -.0639286   .3074185    -0.21   0.835    -.6664632    .5386061
         pre_-4#INCa/INSERM/DGOS  |    .074588   .2020215     0.37   0.712    -.3213705    .4705466
pre_-4#National Cancer Institute  |   .0161143   .1521852     0.11   0.916    -.2821661    .3143946
                          pre_-4 #|
National Health and Medical Rese  |   .0334018   .1809756     0.18   0.854     -.321307    .3881106
           pre_-4#Wellcome Trust  |  -.0815469   .3074185    -0.27   0.791    -.6840816    .5209878
          pre_0#INCa/INSERM/DGOS  |   .0714662   .2020215     0.35   0.724    -.3244923    .4674248
 pre_0#National Cancer Institute  |  -.3836876   .1521852    -2.52   0.012    -.6819679   -.0854072
                           pre_0 #|
National Health and Medical Rese  |  -.0162143   .1809756    -0.09   0.929    -.3709231    .3384946
            pre_0#Wellcome Trust  |   .0546012   .3074185     0.18   0.859    -.5479335    .6571359
                                  |
              orcid_confirmed_rsr |
                            True  |  -.1288151   .0779518    -1.65   0.098    -.2815992     .023969
                                  |
                       start_year |
                            2008  |  -.0377287   .0267516    -1.41   0.158    -.0901614     .014704
                            2009  |   .2709352   .0259136    10.46   0.000      .220145    .3217253
                            2010  |   .2685235   .0282109     9.52   0.000     .2132306    .3238163
                            2011  |    .405218   .0285696    14.18   0.000     .3492221     .461214
                            2012  |    .381624   .0293198    13.02   0.000     .3241577    .4390904
                                  |
                            _cons |   1.344683   .1034669    13.00   0.000      1.14189    1.547477
---------------------------------------------------------------------------------------------------
(est3 stored)

added macro:
          e(CountryFE) : "No"

added macro:
      e(AffiliationFE) : "No"

added macro:
       e(ResearcherFE) : "No"

      Source |       SS           df       MS      Number of obs   =   132,913
-------------+----------------------------------   F(17, 132895)   =    848.57
       Model |  124409.795        17  7318.22325   Prob > F        =    0.0000
    Residual |  1146109.82   132,895  8.62417565   R-squared       =    0.0979
-------------+----------------------------------   Adj R-squared   =    0.0978
       Total |  1270519.62   132,912   9.5591039   Root MSE        =    2.9367

---------------------------------------------------------------------------------------------------
              nb_collab_countries |      Coef.   Std. Err.      t    P>|t|     [95% Conf. Interval]
----------------------------------+----------------------------------------------------------------
                      1.post_flag |   .9572245   .0608507    15.73   0.000     .8379583    1.076491
                                  |
                        funder_id |
                INCa/INSERM/DGOS  |    .010864   .0586689     0.19   0.853     -.104126     .125854
       National Cancer Institute  |  -.4842206   .0430481   -11.25   0.000    -.5685942   -.3998471
National Health and Medical Rese  |   .0197774   .0511333     0.39   0.699     -.080443    .1199978
                  Wellcome Trust  |   .0246254   .0870718     0.28   0.777    -.1460337    .1952846
                                  |
              post_flag#funder_id |
              1#INCa/INSERM/DGOS  |   .0690742   .0845046     0.82   0.414    -.0965533    .2347018
     1#National Cancer Institute  |  -.4461904   .0636582    -7.01   0.000    -.5709592   -.3214215
                               1 #|
National Health and Medical Rese  |    .042873   .0757015     0.57   0.571    -.1055004    .1912465
                1#Wellcome Trust  |   .2243389   .1286166     1.74   0.081    -.0277472     .476425
                                  |
                   rsr_career_age |   .1267851   .0020796    60.97   0.000      .122709    .1308611
                 rsr_career_age_2 |   -.001752   .0000562   -31.17   0.000    -.0018622   -.0016419
                                  |
              orcid_confirmed_rsr |
                            True  |  -.1921682    .076165    -2.52   0.012    -.3414502   -.0428862
                                  |
                       start_year |
                            2008  |   .0080539   .0261399     0.31   0.758    -.0431798    .0592876
                            2009  |   .2207949   .0253357     8.71   0.000     .1711374    .2704524
                            2010  |   .2909535   .0275611    10.56   0.000     .2369343    .3449727
                            2011  |   .4371436   .0279135    15.66   0.000     .3824336    .4918536
                            2012  |   .4660847   .0286674    16.26   0.000      .409897    .5222723
                                  |
                            _cons |   .6118627   .0454483    13.46   0.000     .5227849    .7009406
---------------------------------------------------------------------------------------------------
(est4 stored)

added macro:
          e(CountryFE) : "No"

added macro:
      e(AffiliationFE) : "No"

added macro:
       e(ResearcherFE) : "No"

      Source |       SS           df       MS      Number of obs   =   132,913
-------------+----------------------------------   F(37, 132875)   =    406.04
       Model |  129059.528        37  3488.09535   Prob > F        =    0.0000
    Residual |  1141460.09   132,875  8.59048045   R-squared       =    0.1016
-------------+----------------------------------   Adj R-squared   =    0.1013
       Total |  1270519.62   132,912   9.5591039   Root MSE        =     2.931

---------------------------------------------------------------------------------------------------
              nb_collab_countries |      Coef.   Std. Err.      t    P>|t|     [95% Conf. Interval]
----------------------------------+----------------------------------------------------------------
                        post_year |
                          post_1  |   .4919506   .1080611     4.55   0.000     .2801528    .7037484
                          post_2  |   .7033818   .1080866     6.51   0.000     .4915339    .9152297
                          post_3  |   .8240409   .1081169     7.62   0.000     .6121337    1.035948
                          post_4  |    1.27884   .1081519    11.82   0.000     1.066865    1.490816
                          post_5  |   1.533438   .1081922    14.17   0.000     1.321384    1.745493
                                  |
                        funder_id |
                INCa/INSERM/DGOS  |   .0116126   .0585542     0.20   0.843    -.1031525    .1263778
       National Cancer Institute  |  -.4841484    .042964   -11.27   0.000     -.568357   -.3999398
National Health and Medical Rese  |   .0192788   .0510333     0.38   0.706    -.0807456    .1193032
                  Wellcome Trust  |   .0188231    .086902     0.22   0.829    -.1515032    .1891494
                                  |
              post_year#funder_id |
         post_1#INCa/INSERM/DGOS  |  -.0413806   .1504413    -0.28   0.783    -.3362428    .2534815
post_1#National Cancer Institute  |  -.2585342   .1133292    -2.28   0.023    -.4806573   -.0364111
                          post_1 #|
National Health and Medical Rese  |   .1344608   .1347688     1.00   0.318    -.1296837    .3986052
           post_1#Wellcome Trust  |   .0204461   .2289338     0.09   0.929    -.4282601    .4691522
         post_2#INCa/INSERM/DGOS  |   .0338024   .1504413     0.22   0.822    -.2610599    .3286646
post_2#National Cancer Institute  |  -.3590351   .1133292    -3.17   0.002    -.5811582    -.136912
                          post_2 #|
National Health and Medical Rese  |   .0142487   .1347689     0.11   0.916    -.2498959    .2783933
           post_2#Wellcome Trust  |   .2631065   .2289376     1.15   0.250     -.185607      .71182
         post_3#INCa/INSERM/DGOS  |   .1420119   .1504414     0.94   0.345    -.1528505    .4368742
post_3#National Cancer Institute  |  -.3160677   .1133292    -2.79   0.005    -.5381908   -.0939446
                          post_3 #|
National Health and Medical Rese  |  -.0012982    .134769    -0.01   0.992     -.265443    .2628465
           post_3#Wellcome Trust  |   .5146967   .2289423     2.25   0.025      .065974    .9634193
         post_4#INCa/INSERM/DGOS  |   .0016613   .1504414     0.01   0.991    -.2932012    .2965237
post_4#National Cancer Institute  |  -.5456255   .1133292    -4.81   0.000    -.7677487   -.3235024
                          post_4 #|
National Health and Medical Rese  |   .1308269   .1347691     0.97   0.332    -.1333181    .3949718
           post_4#Wellcome Trust  |   .0576211   .2289479     0.25   0.801    -.3911125    .5063548
         post_5#INCa/INSERM/DGOS  |   .2094561   .1504415     1.39   0.164    -.0854065    .5043186
post_5#National Cancer Institute  |  -.7517186   .1133292    -6.63   0.000    -.9738418   -.5295955
                          post_5 #|
National Health and Medical Rese  |  -.0641069   .1347692    -0.48   0.634    -.3282522    .2000383
           post_5#Wellcome Trust  |   .2636204   .2289544     1.15   0.250    -.1851261    .7123669
                                  |
                   rsr_career_age |   .1254204   .0020766    60.40   0.000     .1213503    .1294905
                 rsr_career_age_2 |  -.0017618   .0000561   -31.40   0.000    -.0018717   -.0016518
                                  |
              orcid_confirmed_rsr |
                            True  |  -.1918429   .0760161    -2.52   0.012     -.340833   -.0428528
                                  |
                       start_year |
                            2008  |   .0072081   .0260888     0.28   0.782    -.0439255    .0583416
                            2009  |   .2226183   .0252863     8.80   0.000     .1730576     .272179
                            2010  |   .2904454   .0275072    10.56   0.000     .2365318    .3443591
                            2011  |   .4366516    .027859    15.67   0.000     .3820486    .4912547
                            2012  |   .4648929   .0286114    16.25   0.000      .408815    .5209708
                                  |
                            _cons |   .6309994   .0453681    13.91   0.000     .5420787    .7199201
---------------------------------------------------------------------------------------------------
(est5 stored)

added macro:
          e(CountryFE) : "No"

added macro:
      e(AffiliationFE) : "No"

added macro:
       e(ResearcherFE) : "No"

      Source |       SS           df       MS      Number of obs   =   132,913
-------------+----------------------------------   F(62, 132850)   =    244.92
       Model |   130325.57        62  2102.02531   Prob > F        =    0.0000
    Residual |  1140194.05   132,850  8.58256717   R-squared       =    0.1026
-------------+----------------------------------   Adj R-squared   =    0.1022
       Total |  1270519.62   132,912   9.5591039   Root MSE        =    2.9296

---------------------------------------------------------------------------------------------------
              nb_collab_countries |      Coef.   Std. Err.      t    P>|t|     [95% Conf. Interval]
----------------------------------+----------------------------------------------------------------
                    pre_post_year |
                          post_1  |   .7204332   .1414756     5.09   0.000     .4431436    .9977229
                          post_2  |   .9330123   .1415084     6.59   0.000     .6556583    1.210366
                          post_3  |    1.05472   .1415436     7.45   0.000     .7772975    1.332143
                          post_4  |    1.51047   .1415812    10.67   0.000     1.232974    1.787967
                          post_5  |    1.76592   .1416216    12.47   0.000     1.488344    2.043496
                          pre_-1  |   .3951887   .1414184     2.79   0.005     .1180113    .6723662
                          pre_-2  |   .2359575   .1413951     1.67   0.095    -.0411745    .5130894
                          pre_-3  |   .0999415   .1413768     0.71   0.480    -.1771545    .3770374
                          pre_-4  |   .0185726   .1413646     0.13   0.895    -.2584994    .2956447
                           pre_0  |    .591605   .1414455     4.18   0.000     .3143744    .8688355
                                  |
                        funder_id |
                INCa/INSERM/DGOS  |  -.0483326   .1399162    -0.35   0.730    -.3225658    .2259006
       National Cancer Institute  |  -.3555294   .1049272    -3.39   0.001    -.5611848   -.1498739
National Health and Medical Rese  |    .007883   .1247538     0.06   0.950    -.2366321    .2523982
                  Wellcome Trust  |   .0577009   .2120364     0.27   0.786    -.3578867    .4732885
                                  |
          pre_post_year#funder_id |
         post_1#INCa/INSERM/DGOS  |   .0182634   .1968832     0.09   0.926     -.367624    .4041509
post_1#National Cancer Institute  |  -.3881316   .1483143    -2.62   0.009     -.678825   -.0974381
                          post_1 #|
National Health and Medical Rese  |   .1451271   .1763726     0.82   0.411    -.2005601    .4908142
           post_1#Wellcome Trust  |  -.0259555   .2996121    -0.09   0.931    -.6131898    .5612789
         post_2#INCa/INSERM/DGOS  |   .0934132   .1968832     0.47   0.635    -.2924743    .4793007
post_2#National Cancer Institute  |  -.4886271   .1483144    -3.29   0.001    -.7793205   -.1979336
                          post_2 #|
National Health and Medical Rese  |   .0249583   .1763727     0.14   0.887    -.3207291    .3706456
           post_2#Wellcome Trust  |   .2171119   .2996168     0.72   0.469    -.3701316    .8043554
         post_3#INCa/INSERM/DGOS  |   .2015895   .1968833     1.02   0.306    -.1842982    .5874771
post_3#National Cancer Institute  |  -.4456543   .1483144    -3.00   0.003    -.7363477   -.1549608
                          post_3 #|
National Health and Medical Rese  |   .0094545   .1763728     0.05   0.957     -.336233    .3551421
           post_3#Wellcome Trust  |   .4691092   .2996222     1.57   0.117    -.1181449    1.056363
         post_4#INCa/INSERM/DGOS  |   .0612057   .1968833     0.31   0.756    -.3246821    .4470934
post_4#National Cancer Institute  |  -.6752067   .1483144    -4.55   0.000    -.9659001   -.3845132
                          post_4 #|
National Health and Medical Rese  |   .1416229   .1763729     0.80   0.422    -.2040649    .4873106
           post_4#Wellcome Trust  |   .0124406   .2996283     0.04   0.967    -.5748255    .5997066
         post_5#INCa/INSERM/DGOS  |   .2689672   .1968834     1.37   0.172    -.1169206    .6548551
post_5#National Cancer Institute  |  -.8812944   .1483144    -5.94   0.000    -1.171988   -.5906009
                          post_5 #|
National Health and Medical Rese  |  -.0532677   .1763731    -0.30   0.763    -.3989557    .2924203
           post_5#Wellcome Trust  |   .2188469   .2996351     0.73   0.465    -.3684325    .8061263
         pre_-1#INCa/INSERM/DGOS  |   .1054583   .1968831     0.54   0.592     -.280429    .4913456
pre_-1#National Cancer Institute  |  -.2334749   .1483143    -1.57   0.115    -.5241683    .0572186
                          pre_-1 #|
National Health and Medical Rese  |   .0417751   .1763725     0.24   0.813    -.3039118    .3874619
           pre_-1#Wellcome Trust  |   .0608723   .2996049     0.20   0.839    -.5263479    .6480925
         pre_-2#INCa/INSERM/DGOS  |    .056163   .1968831     0.29   0.775    -.3297242    .4420503
pre_-2#National Cancer Institute  |  -.1277016   .1483143    -0.86   0.389     -.418395    .1629919
                          pre_-2 #|
National Health and Medical Rese  |  -.0126914   .1763724    -0.07   0.943    -.3583781    .3329954
           pre_-2#Wellcome Trust  |  -.1439676   .2996024    -0.48   0.631    -.7311829    .4432477
         pre_-3#INCa/INSERM/DGOS  |   .0439701    .196883     0.22   0.823    -.3419171    .4298573
pre_-3#National Cancer Institute  |  -.0478213   .1483143    -0.32   0.747    -.3385147    .2428721
                          pre_-3 #|
National Health and Medical Rese  |   .0258191   .1763724     0.15   0.884    -.3198676    .3715058
           pre_-3#Wellcome Trust  |  -.0921752   .2996006    -0.31   0.758     -.679387    .4950365
         pre_-4#INCa/INSERM/DGOS  |   .0757407    .196883     0.38   0.700    -.3101464    .4616279
pre_-4#National Cancer Institute  |   .0159264   .1483143     0.11   0.914     -.274767    .3066199
                          pre_-4 #|
National Health and Medical Rese  |   .0319018   .1763724     0.18   0.856    -.3137849    .3775884
           pre_-4#Wellcome Trust  |  -.0956702   .2995995    -0.32   0.749    -.6828799    .4915394
          pre_0#INCa/INSERM/DGOS  |   .0772298   .1968831     0.39   0.695    -.3086576    .4631171
 pre_0#National Cancer Institute  |  -.3846267   .1483143    -2.59   0.010    -.6753202   -.0939333
                           pre_0 #|
National Health and Medical Rese  |  -.0237144   .1763725    -0.13   0.893    -.3694014    .3219725
            pre_0#Wellcome Trust  |  -.0160155   .2996082    -0.05   0.957     -.603242    .5712111
                                  |
                   rsr_career_age |   .1226632   .0020935    58.59   0.000       .11856    .1267664
                 rsr_career_age_2 |  -.0017124   .0000563   -30.42   0.000    -.0018227   -.0016021
                                  |
              orcid_confirmed_rsr |
                            True  |  -.1903248   .0759812    -2.50   0.012    -.3392466    -.041403
                                  |
                       start_year |
                            2008  |   .0063514   .0260769     0.24   0.808    -.0447589    .0574617
                            2009  |   .2232035   .0252747     8.83   0.000     .1736655    .2727414
                            2010  |   .2900626   .0274946    10.55   0.000     .2361738    .3439514
                            2011  |   .4360157   .0278462    15.66   0.000     .3814377    .4905938
                            2012  |   .4631674   .0285988    16.20   0.000     .4071143    .5192204
                                  |
                            _cons |   .4301514   .1015833     4.23   0.000     .2310499    .6292529
---------------------------------------------------------------------------------------------------
(est6 stored)

added macro:
          e(CountryFE) : "No"

added macro:
      e(AffiliationFE) : "No"

added macro:
       e(ResearcherFE) : "No"
       panel variable:  rsr_affiliation_id (unbalanced)

Fixed-effects (within) regression               Number of obs     =    132,913
Group variable: rsr_affili~d                    Number of groups  =      4,002

R-sq:                                           Obs per group:
     within  = 0.0770                                         min =         11
     between = 0.1509                                         avg =       33.2
     overall = 0.0938                                         max =      2,145

                                                F(17,4001)        =     135.79
corr(u_i, Xb)  = 0.0204                         Prob > F          =     0.0000

                                      (Std. Err. adjusted for 4,002 clusters in rsr_affiliation_id)
---------------------------------------------------------------------------------------------------
                                  |               Robust
              nb_collab_countries |      Coef.   Std. Err.      t    P>|t|     [95% Conf. Interval]
----------------------------------+----------------------------------------------------------------
                      1.post_flag |   .9794826   .0904018    10.83   0.000     .8022447    1.156721
                                  |
                        funder_id |
                INCa/INSERM/DGOS  |    -.42213    .417393    -1.01   0.312    -1.240453    .3961929
       National Cancer Institute  |  -.2422917   .1330131    -1.82   0.069    -.5030714    .0184879
National Health and Medical Rese  |   .3193731   .1714487     1.86   0.063    -.0167619     .655508
                  Wellcome Trust  |    .107495   .1717414     0.63   0.531    -.2292138    .4442038
                                  |
              post_flag#funder_id |
              1#INCa/INSERM/DGOS  |   .0675747   .1272935     0.53   0.596    -.1819914    .3171409
     1#National Cancer Institute  |   -.445946   .0958794    -4.65   0.000    -.6339231    -.257969
                               1 #|
National Health and Medical Rese  |   .0448244   .1161962     0.39   0.700     -.182985    .2726337
                1#Wellcome Trust  |   .2427114   .2109193     1.15   0.250     -.170808    .6562307
                                  |
                   rsr_career_age |   .1106091   .0042032    26.32   0.000     .1023684    .1188498
                 rsr_career_age_2 |   -.001347   .0001299   -10.37   0.000    -.0016018   -.0010923
                                  |
              orcid_confirmed_rsr |
                            True  |  -.1576221   .2604885    -0.61   0.545    -.6683247    .3530806
                                  |
                       start_year |
                            2008  |   .0389698   .0602686     0.65   0.518    -.0791902    .1571298
                            2009  |   .2388719   .0692117     3.45   0.001     .1031784    .3745654
                            2010  |    .270517   .0638176     4.24   0.000     .1453989     .395635
                            2011  |   .4754297   .0826364     5.75   0.000     .3134162    .6374431
                            2012  |   .4780617   .0750126     6.37   0.000     .3309953    .6251281
                                  |
                            _cons |   .5170691   .1278737     4.04   0.000     .2663654    .7677728
----------------------------------+----------------------------------------------------------------
                          sigma_u |  1.8302038
                          sigma_e |  2.7336679
                              rho |  .30950514   (fraction of variance due to u_i)
---------------------------------------------------------------------------------------------------
(est7 stored)

added macro:
          e(CountryFE) : "No"

added macro:
      e(AffiliationFE) : "Yes"

added macro:
       e(ResearcherFE) : "No"
       panel variable:  rsr_affiliation_id (unbalanced)

Fixed-effects (within) regression               Number of obs     =    132,913
Group variable: rsr_affili~d                    Number of groups  =      4,002

R-sq:                                           Obs per group:
     within  = 0.0816                                         min =         11
     between = 0.1511                                         avg =       33.2
     overall = 0.0974                                         max =      2,145

                                                F(37,4001)        =      66.28
corr(u_i, Xb)  = 0.0251                         Prob > F          =     0.0000

                                      (Std. Err. adjusted for 4,002 clusters in rsr_affiliation_id)
---------------------------------------------------------------------------------------------------
                                  |               Robust
              nb_collab_countries |      Coef.   Std. Err.      t    P>|t|     [95% Conf. Interval]
----------------------------------+----------------------------------------------------------------
                        post_year |
                          post_1  |   .5137186   .0760992     6.75   0.000     .3645217    .6629155
                          post_2  |   .7292059   .1095782     6.65   0.000     .5143717    .9440401
                          post_3  |   .8531097   .1119134     7.62   0.000      .633697    1.072522
                          post_4  |   1.310343   .1686642     7.77   0.000      .979667    1.641019
                          post_5  |   1.566563   .1505985    10.40   0.000     1.271306     1.86182
                                  |
                        funder_id |
                INCa/INSERM/DGOS  |  -.4204893    .416913    -1.01   0.313    -1.237871    .3968924
       National Cancer Institute  |   -.238098   .1329839    -1.79   0.073    -.4988205    .0226245
National Health and Medical Rese  |   .3237396    .171916     1.88   0.060    -.0133114    .6607907
                  Wellcome Trust  |   .0995338   .1715498     0.58   0.562    -.2367994     .435867
                                  |
              post_year#funder_id |
         post_1#INCa/INSERM/DGOS  |  -.0423363     .12478    -0.34   0.734    -.2869747    .2023021
post_1#National Cancer Institute  |  -.2583784   .0796893    -3.24   0.001    -.4146138   -.1021431
                          post_1 #|
National Health and Medical Rese  |   .1357044   .1019869     1.33   0.183    -.0642468    .3356556
           post_1#Wellcome Trust  |   .0321555   .1484193     0.22   0.828     -.258829      .32314
         post_2#INCa/INSERM/DGOS  |   .0325736   .1465279     0.22   0.824    -.2547028      .31985
post_2#National Cancer Institute  |  -.3588349   .1147168    -3.13   0.002    -.5837437   -.1339261
                          post_2 #|
National Health and Medical Rese  |   .0158477   .1353389     0.12   0.907     -.249492    .2811874
           post_2#Wellcome Trust  |   .2781615   .2596998     1.07   0.284    -.2309948    .7873177
         post_3#INCa/INSERM/DGOS  |   .1405101   .1531479     0.92   0.359    -.1597452    .4407654
post_3#National Cancer Institute  |   -.315823   .1178705    -2.68   0.007    -.5469148   -.0847312
                          post_3 #|
National Health and Medical Rese  |   .0006561   .1485769     0.00   0.996    -.2906375    .2919496
           post_3#Wellcome Trust  |   .5330972    .275005     1.94   0.053    -.0060657     1.07226
         post_4#INCa/INSERM/DGOS  |  -.0001136   .2184676    -0.00   1.000    -.4284318    .4282046
post_4#National Cancer Institute  |  -.5453363   .1766497    -3.09   0.002    -.8916682   -.1990044
                          post_4 #|
National Health and Medical Rese  |   .1331365   .2050214     0.65   0.516    -.2688196    .5350927
           post_4#Wellcome Trust  |   .0793672   .2739912     0.29   0.772    -.4578081    .6165425
         post_5#INCa/INSERM/DGOS  |   .2074082   .2249817     0.92   0.357    -.2336813    .6484976
post_5#National Cancer Institute  |  -.7513849   .1578047    -4.76   0.000     -1.06077   -.4419999
                          post_5 #|
National Health and Medical Rese  |   -.061442   .1984911    -0.31   0.757    -.4505951    .3277112
           post_5#Wellcome Trust  |   .2887121   .3810337     0.76   0.449    -.4583263     1.03575
                                  |
                   rsr_career_age |   .1081351   .0041952    25.78   0.000     .0999102      .11636
                 rsr_career_age_2 |  -.0013561   .0001295   -10.47   0.000      -.00161   -.0011023
                                  |
              orcid_confirmed_rsr |
                            True  |  -.1544363   .2610883    -0.59   0.554    -.6663148    .3574421
                                  |
                       start_year |
                            2008  |   .0380094   .0602238     0.63   0.528    -.0800628    .1560817
                            2009  |   .2421926   .0693296     3.49   0.000     .1062679    .3781172
                            2010  |    .269259   .0638834     4.21   0.000      .144012     .394506
                            2011  |   .4758522   .0826393     5.76   0.000     .3138331    .6378714
                            2012  |   .4765968   .0750569     6.35   0.000     .3294434    .6237501
                                  |
                            _cons |   .5456815   .1276163     4.28   0.000     .2954826    .7958805
----------------------------------+----------------------------------------------------------------
                          sigma_u |  1.8308154
                          sigma_e |  2.7271193
                              rho |   .3106743   (fraction of variance due to u_i)
---------------------------------------------------------------------------------------------------
(est8 stored)

added macro:
          e(CountryFE) : "No"

added macro:
      e(AffiliationFE) : "Yes"

added macro:
       e(ResearcherFE) : "No"
       panel variable:  rsr_affiliation_id (unbalanced)

Fixed-effects (within) regression               Number of obs     =    132,913
Group variable: rsr_affili~d                    Number of groups  =      4,002

R-sq:                                           Obs per group:
     within  = 0.0830                                         min =         11
     between = 0.1504                                         avg =       33.2
     overall = 0.0982                                         max =      2,145

                                                F(62,4001)        =      45.45
corr(u_i, Xb)  = 0.0286                         Prob > F          =     0.0000

                                      (Std. Err. adjusted for 4,002 clusters in rsr_affiliation_id)
---------------------------------------------------------------------------------------------------
                                  |               Robust
              nb_collab_countries |      Coef.   Std. Err.      t    P>|t|     [95% Conf. Interval]
----------------------------------+----------------------------------------------------------------
                    pre_post_year |
                          post_1  |   .7693205   .0985325     7.81   0.000     .5761419    .9624991
                          post_2  |   .9869527   .1323116     7.46   0.000     .7275482    1.246357
                          post_3  |    1.11283   .1325583     8.40   0.000     .8529417    1.372718
                          post_4  |   1.571865   .1879306     8.36   0.000     1.203416    1.940313
                          post_5  |   1.829715   .1688311    10.84   0.000     1.498712    2.160718
                          pre_-1  |    .431317   .0825953     5.22   0.000     .2693843    .5932497
                          pre_-2  |     .26438    .073599     3.59   0.000      .120085     .408675
                          pre_-3  |    .119774   .0612106     1.96   0.050    -.0002328    .2397809
                          pre_-4  |    .028931     .05758     0.50   0.615    -.0839578    .1418198
                           pre_0  |   .6345549   .0910336     6.97   0.000     .4560783    .8130314
                                  |
                        funder_id |
                INCa/INSERM/DGOS  |  -.4790439   .4190929    -1.14   0.253    -1.300699    .3426117
       National Cancer Institute  |  -.1067529   .1426784    -0.75   0.454    -.3864821    .1729763
National Health and Medical Rese  |   .3143286     .18094     1.74   0.082    -.0404146    .6690719
                  Wellcome Trust  |   .1249879   .1747958     0.72   0.475    -.2177092     .467685
                                  |
          pre_post_year#funder_id |
         post_1#INCa/INSERM/DGOS  |   .0164779   .1581556     0.10   0.917    -.2935952     .326551
post_1#National Cancer Institute  |  -.3878406   .1015982    -3.82   0.000    -.5870297   -.1886515
                          post_1 #|
National Health and Medical Rese  |   .1474507   .1363645     1.08   0.280    -.1198996     .414801
           post_1#Wellcome Trust  |  -.0040778   .1938727    -0.02   0.983    -.3841763    .3760207
         post_2#INCa/INSERM/DGOS  |     .09133   .1767958     0.52   0.605    -.2552883    .4379483
post_2#National Cancer Institute  |  -.4882876   .1373937    -3.55   0.000    -.7576557   -.2189195
                          post_2 #|
National Health and Medical Rese  |   .0276691   .1656237     0.17   0.867    -.2970455    .3523838
           post_2#Wellcome Trust  |   .2426359   .3000451     0.81   0.419    -.3456196    .8308914
         post_3#INCa/INSERM/DGOS  |   .1992087   .1848315     1.08   0.281    -.1631639    .5615813
post_3#National Cancer Institute  |  -.4452663   .1378857    -3.23   0.001    -.7155991   -.1749336
                          post_3 #|
National Health and Medical Rese  |   .0125527   .1840413     0.07   0.946    -.3482707    .3733761
           post_3#Wellcome Trust  |   .4982794   .3039935     1.64   0.101    -.0977173    1.094276
         post_4#INCa/INSERM/DGOS  |   .0585273   .2419079     0.24   0.809     -.415747    .5328016
post_4#National Cancer Institute  |  -.6747702   .1966463    -3.43   0.001    -1.060307    -.289234
                          post_4 #|
National Health and Medical Rese  |   .1451083   .2341171     0.62   0.535    -.3138917    .6041083
           post_4#Wellcome Trust  |   .0452571   .3197811     0.14   0.887    -.5816921    .6722063
         post_5#INCa/INSERM/DGOS  |   .2659913   .2487856     1.07   0.285    -.2217672    .7537497
post_5#National Cancer Institute  |  -.8808094   .1754083    -5.02   0.000    -1.224707   -.5369115
                          post_5 #|
National Health and Medical Rese  |   -.049395   .2261404    -0.22   0.827    -.4927562    .3939661
           post_5#Wellcome Trust  |   .2553097   .4163905     0.61   0.540    -.5610477    1.071667
         pre_-1#INCa/INSERM/DGOS  |   .1042679   .1237133     0.84   0.399     -.138279    .3468149
pre_-1#National Cancer Institute  |  -.2332809   .0857515    -2.72   0.007    -.4014016   -.0651602
                          pre_-1 #|
National Health and Medical Rese  |   .0433241   .1260918     0.34   0.731     -.203886    .2905342
           pre_-1#Wellcome Trust  |   .0754574   .2019865     0.37   0.709    -.3205487    .4714634
         pre_-2#INCa/INSERM/DGOS  |   .0552702   .1048938     0.53   0.598      -.15038    .2609204
pre_-2#National Cancer Institute  |  -.1275561   .0768837    -1.66   0.097    -.2782909    .0231788
                          pre_-2 #|
National Health and Medical Rese  |  -.0115296   .1079018    -0.11   0.915    -.2230772     .200018
           pre_-2#Wellcome Trust  |  -.1330288   .1474842    -0.90   0.367    -.4221799    .1561223
         pre_-3#INCa/INSERM/DGOS  |   .0433749   .0883873     0.49   0.624    -.1299135    .2166633
pre_-3#National Cancer Institute  |  -.0477243   .0634393    -0.75   0.452    -.1721007    .0766521
                          pre_-3 #|
National Health and Medical Rese  |   .0265936   .0973203     0.27   0.785    -.1642084    .2173957
           pre_-3#Wellcome Trust  |  -.0848827    .130118    -0.65   0.514    -.3399865    .1702211
         pre_-4#INCa/INSERM/DGOS  |   .0754431   .0850345     0.89   0.375    -.0912718     .242158
pre_-4#National Cancer Institute  |   .0159749   .0606103     0.26   0.792     -.102855    .1348049
                          pre_-4 #|
National Health and Medical Rese  |    .032289   .0942706     0.34   0.732    -.1525338    .2171119
           pre_-4#Wellcome Trust  |   -.092024   .1038597    -0.89   0.376    -.2956468    .1115989
          pre_0#INCa/INSERM/DGOS  |   .0757418   .1359542     0.56   0.577    -.1908043    .3422878
 pre_0#National Cancer Institute  |  -.3843843   .0928735    -4.14   0.000     -.566468   -.2023005
                           pre_0 #|
National Health and Medical Rese  |  -.0217781   .1248409    -0.17   0.862    -.2665358    .2229796
            pre_0#Wellcome Trust  |   .0022159   .1935359     0.01   0.991    -.3772222    .3816541
                                  |
                   rsr_career_age |   .1031916   .0042587    24.23   0.000     .0948422     .111541
                 rsr_career_age_2 |  -.0012703   .0001298    -9.78   0.000    -.0015249   -.0010157
                                  |
              orcid_confirmed_rsr |
                            True  |  -.1504059   .2615764    -0.57   0.565    -.6632414    .3624295
                                  |
                       start_year |
                            2008  |   .0367495   .0602369     0.61   0.542    -.0813483    .1548473
                            2009  |    .243573   .0693794     3.51   0.000     .1075508    .3795952
                            2010  |   .2684175   .0639192     4.20   0.000     .1431003    .3937348
                            2011  |    .475168   .0826496     5.75   0.000     .3131288    .6372072
                            2012  |    .473603   .0751074     6.31   0.000     .3263506    .6208554
                                  |
                            _cons |   .3372062   .1358557     2.48   0.013     .0708534     .603559
----------------------------------+----------------------------------------------------------------
                          sigma_u |  1.8324801
                          sigma_e |  2.7252469
                              rho |  .31135816   (fraction of variance due to u_i)
---------------------------------------------------------------------------------------------------
(est9 stored)

added macro:
          e(CountryFE) : "No"

added macro:
      e(AffiliationFE) : "Yes"

added macro:
       e(ResearcherFE) : "No"
       panel variable:  person_id (balanced)
note: 2.funder_id omitted because of collinearity
note: 3.funder_id omitted because of collinearity
note: 4.funder_id omitted because of collinearity
note: 5.funder_id omitted because of collinearity

Fixed-effects (within) regression               Number of obs     =    132,913
Group variable: person_id                       Number of groups  =     12,083

R-sq:                                           Obs per group:
     within  = 0.0574                                         min =         11
     between = 0.0220                                         avg =       11.0
     overall = 0.0369                                         max =         11

                                                F(5,12082)        =     508.09
corr(u_i, Xb)  = 0.0187                         Prob > F          =     0.0000

                                              (Std. Err. adjusted for 12,083 clusters in person_id)
---------------------------------------------------------------------------------------------------
                                  |               Robust
              nb_collab_countries |      Coef.   Std. Err.      t    P>|t|     [95% Conf. Interval]
----------------------------------+----------------------------------------------------------------
                      1.post_flag |   1.365968   .0842972    16.20   0.000     1.200732    1.531204
                                  |
                        funder_id |
                INCa/INSERM/DGOS  |          0  (omitted)
       National Cancer Institute  |          0  (omitted)
National Health and Medical Rese  |          0  (omitted)
                  Wellcome Trust  |          0  (omitted)
                                  |
              post_flag#funder_id |
              1#INCa/INSERM/DGOS  |   .0625876   .1183912     0.53   0.597    -.1694782    .2946534
     1#National Cancer Institute  |  -.4451334   .0875787    -5.08   0.000    -.6168016   -.2734652
                               1 #|
National Health and Medical Rese  |   .0513142   .1095301     0.47   0.639    -.1633823    .2660107
                1#Wellcome Trust  |    .303815   .2187446     1.39   0.165    -.1249594    .7325895
                                  |
                            _cons |   1.588485     .00967   164.27   0.000      1.56953     1.60744
----------------------------------+----------------------------------------------------------------
                          sigma_u |  2.0799535
                          sigma_e |  2.3173174
                              rho |    .446177   (fraction of variance due to u_i)
---------------------------------------------------------------------------------------------------
(est10 stored)

added macro:
          e(CountryFE) : "No"

added macro:
      e(AffiliationFE) : "No"

added macro:
       e(ResearcherFE) : "Yes"
       panel variable:  person_id (balanced)
note: 2.funder_id omitted because of collinearity
note: 3.funder_id omitted because of collinearity
note: 4.funder_id omitted because of collinearity
note: 5.funder_id omitted because of collinearity

Fixed-effects (within) regression               Number of obs     =    132,913
Group variable: person_id                       Number of groups  =     12,083

R-sq:                                           Obs per group:
     within  = 0.0690                                         min =         11
     between = 0.0220                                         avg =       11.0
     overall = 0.0432                                         max =         11

                                                F(25,12082)       =     102.82
corr(u_i, Xb)  = 0.0171                         Prob > F          =     0.0000

                                              (Std. Err. adjusted for 12,083 clusters in person_id)
---------------------------------------------------------------------------------------------------
                                  |               Robust
              nb_collab_countries |      Coef.   Std. Err.      t    P>|t|     [95% Conf. Interval]
----------------------------------+----------------------------------------------------------------
                        post_year |
                          post_1  |   .7627086   .0763163     9.99   0.000     .6131165    .9123007
                          post_2  |   1.042103      .0994    10.48   0.000     .8472632    1.236943
                          post_3  |   1.227202   .1022958    12.00   0.000     1.026686    1.427718
                          post_4  |   1.742918   .1509556    11.55   0.000     1.447021    2.038815
                          post_5  |   2.054909   .1445165    14.22   0.000     1.771633    2.338184
                                  |
                        funder_id |
                INCa/INSERM/DGOS  |          0  (omitted)
       National Cancer Institute  |          0  (omitted)
National Health and Medical Rese  |          0  (omitted)
                  Wellcome Trust  |          0  (omitted)
                                  |
              post_year#funder_id |
         post_1#INCa/INSERM/DGOS  |  -.0455313    .114465    -0.40   0.691    -.2699011    .1788384
post_1#National Cancer Institute  |  -.2578578   .0794389    -3.25   0.001    -.4135708   -.1021448
                          post_1 #|
National Health and Medical Rese  |   .1398622   .1081817     1.29   0.196    -.0721913    .3519156
           post_1#Wellcome Trust  |   .0713023   .1548901     0.46   0.645    -.2323072    .3749118
         post_2#INCa/INSERM/DGOS  |   .0284657   .1393074     0.20   0.838    -.2445991    .3015305
post_2#National Cancer Institute  |  -.3581655   .1024945    -3.49   0.000    -.5590712   -.1572598
                          post_2 #|
National Health and Medical Rese  |   .0211934   .1289727     0.16   0.869    -.2316138    .2740006
           post_2#Wellcome Trust  |    .328493   .2596202     1.27   0.206    -.1804042    .8373902
         post_3#INCa/INSERM/DGOS  |   .1354893   .1471629     0.92   0.357    -.1529735    .4239521
post_3#National Cancer Institute  |  -.3150049   .1067833    -2.95   0.003    -.5243173   -.1056924
                          post_3 #|
National Health and Medical Rese  |   .0071897   .1350709     0.05   0.958    -.2575709    .2719503
           post_3#Wellcome Trust  |   .5946135   .2762352     2.15   0.031     .0531482    1.136079
         post_4#INCa/INSERM/DGOS  |  -.0060472   .2068116    -0.03   0.977    -.4114312    .3993367
post_4#National Cancer Institute  |  -.5443694   .1563473    -3.48   0.000    -.8508353   -.2379036
                          post_4 #|
National Health and Medical Rese  |   .1408581   .1900347     0.74   0.459    -.2316403    .5133565
           post_4#Wellcome Trust  |   .1520683   .3057887     0.50   0.619    -.4473266    .7514633
         post_5#INCa/INSERM/DGOS  |   .2005617   .2148627     0.93   0.351    -.2206036     .621727
post_5#National Cancer Institute  |  -.7502693   .1505917    -4.98   0.000    -1.045453   -.4550854
                          post_5 #|
National Health and Medical Rese  |  -.0525325   .1898087    -0.28   0.782    -.4245879    .3195229
           post_5#Wellcome Trust  |    .372598   .3890547     0.96   0.338    -.3900117    1.135208
                                  |
                            _cons |   1.588485   .0096707   164.26   0.000     1.569529    1.607441
----------------------------------+----------------------------------------------------------------
                          sigma_u |  2.0799535
                          sigma_e |  2.3032112
                              rho |  .44919652   (fraction of variance due to u_i)
---------------------------------------------------------------------------------------------------
(est11 stored)

added macro:
          e(CountryFE) : "No"

added macro:
      e(AffiliationFE) : "No"

added macro:
       e(ResearcherFE) : "Yes"
       panel variable:  person_id (balanced)
note: 2.funder_id omitted because of collinearity
note: 3.funder_id omitted because of collinearity
note: 4.funder_id omitted because of collinearity
note: 5.funder_id omitted because of collinearity

Fixed-effects (within) regression               Number of obs     =    132,913
Group variable: person_id                       Number of groups  =     12,083

R-sq:                                           Obs per group:
     within  = 0.0761                                         min =         11
     between = 0.0227                                         avg =       11.0
     overall = 0.0497                                         max =         11

                                                F(50,12082)       =      60.60
corr(u_i, Xb)  = 0.0182                         Prob > F          =     0.0000

                                              (Std. Err. adjusted for 12,083 clusters in person_id)
---------------------------------------------------------------------------------------------------
                                  |               Robust
              nb_collab_countries |      Coef.   Std. Err.      t    P>|t|     [95% Conf. Interval]
----------------------------------+----------------------------------------------------------------
                    pre_post_year |
                          post_1  |   1.193248   .0990361    12.05   0.000     .9991214    1.387375
                          post_2  |   1.472643   .1189189    12.38   0.000     1.239542    1.705743
                          post_3  |   1.657742   .1212967    13.67   0.000     1.419981    1.895503
                          post_4  |   2.173458   .1682289    12.92   0.000     1.843702    2.503213
                          post_5  |   2.485448   .1619519    15.35   0.000     2.167997      2.8029
                          pre_-1  |   .7240978   .0857375     8.45   0.000     .5560386     .892157
                          pre_-2  |   .4877765   .0712732     6.84   0.000     .3480695    .6274834
                          pre_-3  |   .2712456   .0592341     4.58   0.000     .1551373     .387354
                          pre_-4  |   .1059371   .0567268     1.87   0.062    -.0052565    .2171308
                           pre_0  |   .9941793   .0907567    10.95   0.000     .8162816    1.172077
                                  |
                        funder_id |
                INCa/INSERM/DGOS  |          0  (omitted)
       National Cancer Institute  |          0  (omitted)
National Health and Medical Rese  |          0  (omitted)
                  Wellcome Trust  |          0  (omitted)
                                  |
          pre_post_year#funder_id |
         post_1#INCa/INSERM/DGOS  |   .0113472   .1430648     0.08   0.937    -.2690828    .2917773
post_1#National Cancer Institute  |  -.3870046   .1025915    -3.77   0.000    -.5881004   -.1859087
                          post_1 #|
National Health and Medical Rese  |   .1541273   .1381837     1.12   0.265    -.1167349    .4249894
           post_1#Wellcome Trust  |   .0587846   .1954905     0.30   0.764    -.3244082    .4419773
         post_2#INCa/INSERM/DGOS  |   .0853443   .1669292     0.51   0.609    -.2418638    .4125523
post_2#National Cancer Institute  |  -.4873122   .1225594    -3.98   0.000    -.7275482   -.2470763
                          post_2 #|
National Health and Medical Rese  |   .0354585   .1583337     0.22   0.823     -.274901     .345818
           post_2#Wellcome Trust  |   .3159753   .2928183     1.08   0.281    -.2579955    .8899461
         post_3#INCa/INSERM/DGOS  |   .1923678   .1737626     1.11   0.268    -.1482347    .5329704
post_3#National Cancer Institute  |  -.4441516   .1262556    -3.52   0.000    -.6916328   -.1966704
                          post_3 #|
National Health and Medical Rese  |   .0214548   .1647686     0.13   0.896    -.3015181    .3444277
           post_3#Wellcome Trust  |   .5820958   .3076953     1.89   0.059    -.0210362    1.185228
         post_4#INCa/INSERM/DGOS  |   .0508313   .2288686     0.22   0.824    -.3977879    .4994506
post_4#National Cancer Institute  |  -.6735162   .1740313    -3.87   0.000    -1.014645   -.3323869
                          post_4 #|
National Health and Medical Rese  |   .1551232   .2166875     0.72   0.474     -.269619    .5798654
           post_4#Wellcome Trust  |   .1395506   .3393267     0.41   0.681    -.5255842    .8046854
         post_5#INCa/INSERM/DGOS  |   .2574402   .2361947     1.09   0.276    -.2055393    .7204197
post_5#National Cancer Institute  |   -.879416   .1684437    -5.22   0.000    -1.209593   -.5492393
                          post_5 #|
National Health and Medical Rese  |  -.0382674   .2153871    -0.18   0.859    -.4604606    .3839258
           post_5#Wellcome Trust  |   .3600803   .4250186     0.85   0.397    -.4730243    1.193185
         pre_-1#INCa/INSERM/DGOS  |   .1008475    .122097     0.83   0.409    -.1384822    .3401772
pre_-1#National Cancer Institute  |  -.2327235   .0882597    -2.64   0.008    -.4057267   -.0597204
                          pre_-1 #|
National Health and Medical Rese  |   .0477752   .1209185     0.40   0.693    -.1892444    .2847948
           pre_-1#Wellcome Trust  |   .1173656    .187276     0.63   0.531    -.2497253    .4844566
         pre_-2#INCa/INSERM/DGOS  |   .0527049   .1035804     0.51   0.611    -.1503292     .255739
pre_-2#National Cancer Institute  |  -.1271381   .0737527    -1.72   0.085    -.2717052    .0174291
                          pre_-2 #|
National Health and Medical Rese  |  -.0081913   .1034135    -0.08   0.937    -.2108984    .1945158
           pre_-2#Wellcome Trust  |  -.1015976   .1348277    -0.75   0.451    -.3658815    .1626863
         pre_-3#INCa/INSERM/DGOS  |   .0416646   .0896714     0.46   0.642    -.1341056    .2174349
pre_-3#National Cancer Institute  |  -.0474456   .0616861    -0.77   0.442    -.1683603    .0734691
                          pre_-3 #|
National Health and Medical Rese  |   .0288192   .0989106     0.29   0.771    -.1650614    .2226998
           pre_-3#Wellcome Trust  |  -.0639286   .1237727    -0.52   0.606    -.3065429    .1786858
         pre_-4#INCa/INSERM/DGOS  |    .074588   .0850511     0.88   0.381    -.0921258    .2413019
pre_-4#National Cancer Institute  |   .0161143   .0588104     0.27   0.784    -.0991636    .1313921
                          pre_-4 #|
National Health and Medical Rese  |   .0334018   .0943645     0.35   0.723    -.1515678    .2183714
           pre_-4#Wellcome Trust  |  -.0815469   .1019336    -0.80   0.424    -.2813531    .1182593
          pre_0#INCa/INSERM/DGOS  |   .0714662   .1316303     0.54   0.587    -.1865502    .3294827
 pre_0#National Cancer Institute  |  -.3836876   .0936825    -4.10   0.000    -.5673204   -.2000547
                           pre_0 #|
National Health and Medical Rese  |  -.0162143   .1261496    -0.13   0.898    -.2634877    .2310591
            pre_0#Wellcome Trust  |   .0546012   .1954902     0.28   0.780    -.3285909    .4377933
                                  |
                            _cons |   1.243152   .0172208    72.19   0.000     1.209396    1.276907
----------------------------------+----------------------------------------------------------------
                          sigma_u |   2.073963
                          sigma_e |  2.2945597
                              rho |  .44963156   (fraction of variance due to u_i)
---------------------------------------------------------------------------------------------------
(est12 stored)

added macro:
          e(CountryFE) : "No"

added macro:
      e(AffiliationFE) : "No"

added macro:
       e(ResearcherFE) : "Yes"
