----------------------------------------------------------------------------------------------------
      name:  <unnamed>
       log:  /Users/nj995/dropbox/projects/2018_helios/output/regression_results/20181115_nb_pubs.lo
> g
  log type:  text
 opened on:  15 Nov 2018, 11:26:22

      Source |       SS           df       MS      Number of obs   =   132,913
-------------+----------------------------------   F(15, 132897)   =    176.49
       Model |  202442.314        15  13496.1542   Prob > F        =    0.0000
    Residual |  10162880.7   132,897  76.4718596   R-squared       =    0.0195
-------------+----------------------------------   Adj R-squared   =    0.0194
       Total |    10365323   132,912  77.9863597   Root MSE        =    8.7448

---------------------------------------------------------------------------------------------------
                          nb_pubs |      Coef.   Std. Err.      t    P>|t|     [95% Conf. Interval]
----------------------------------+----------------------------------------------------------------
                      1.post_flag |   1.918372   .1805666    10.62   0.000     1.564465    2.272279
                                  |
                        funder_id |
                INCa/INSERM/DGOS  |   1.704632   .1746382     9.76   0.000     1.362344     2.04692
       National Cancer Institute  |   .7245354   .1280804     5.66   0.000     .4735001    .9755707
National Health and Medical Rese  |   .2221196   .1521927     1.46   0.144    -.0761752    .5204145
                  Wellcome Trust  |  -.5580802   .2589934    -2.15   0.031    -1.065703   -.0504577
                                  |
              post_flag#funder_id |
              1#INCa/INSERM/DGOS  |   .7454499   .2515597     2.96   0.003     .2523975    1.238502
     1#National Cancer Institute  |   .2487757   .1894596     1.31   0.189    -.1225616    .6201131
                               1 #|
National Health and Medical Rese  |   .6886057   .2253363     3.06   0.002     .2469505    1.130261
                1#Wellcome Trust  |  -.1678959   .3834735    -0.44   0.662    -.9194971    .5837053
                                  |
              orcid_confirmed_cat |
                            True  |  -.8453584   .2267665    -3.73   0.000    -1.289817   -.4009002
                                  |
                       start_year |
                            2008  |  -.2667874   .0778316    -3.43   0.001    -.4193359    -.114239
                            2009  |   .3234083   .0753841     4.29   0.000     .1756569    .4711597
                            2010  |   .2453908   .0820671     2.99   0.003     .0845408    .4062408
                            2011  |  -.1237261   .0830929    -1.49   0.136    -.2865867    .0391346
                            2012  |  -.5147432    .085293    -6.03   0.000    -.6819159   -.3475705
                                  |
                            _cons |   4.533391   .1280371    35.41   0.000     4.282441    4.784342
---------------------------------------------------------------------------------------------------
(est1 stored)

added macro:
          e(CountryFE) : "No"

added macro:
      e(AffiliationFE) : "No"

added macro:
       e(ResearcherFE) : "No"

      Source |       SS           df       MS      Number of obs   =   132,913
-------------+----------------------------------   F(35, 132877)   =     79.96
       Model |  213797.583        35  6108.50237   Prob > F        =    0.0000
    Residual |  10151525.5   132,877  76.3979127   R-squared       =    0.0206
-------------+----------------------------------   Adj R-squared   =    0.0204
       Total |    10365323   132,912  77.9863597   Root MSE        =    8.7406

---------------------------------------------------------------------------------------------------
                          nb_pubs |      Coef.   Std. Err.      t    P>|t|     [95% Conf. Interval]
----------------------------------+----------------------------------------------------------------
                        post_year |
                          post_1  |   1.087209   .3219326     3.38   0.001     .4562273    1.718191
                          post_2  |   1.515116   .3219326     4.71   0.000     .8841343    2.146098
                          post_3  |   2.098837   .3219326     6.52   0.000     1.467855    2.729819
                          post_4  |   2.604651   .3219326     8.09   0.000     1.973669    3.235633
                          post_5  |   2.286047   .3219326     7.10   0.000     1.655065    2.917029
                                  |
                        funder_id |
                INCa/INSERM/DGOS  |   1.704632   .1745537     9.77   0.000      1.36251    2.046754
       National Cancer Institute  |   .7245354   .1280185     5.66   0.000     .4736215    .9754493
National Health and Medical Rese  |   .2221196   .1521191     1.46   0.144     -.076031    .5202702
                  Wellcome Trust  |  -.5580802   .2588682    -2.16   0.031    -1.065457   -.0507032
                                  |
              post_year#funder_id |
         post_1#INCa/INSERM/DGOS  |   .6910547   .4485064     1.54   0.123    -.1880096    1.570119
post_1#National Cancer Institute  |   .5742937    .337788     1.70   0.089    -.0877647    1.236352
                          post_1 #|
National Health and Medical Rese  |   .6893083   .4017527     1.72   0.086    -.0981198    1.476736
           post_1#Wellcome Trust  |   .0583689    .683696     0.09   0.932    -1.281663    1.398401
         post_2#INCa/INSERM/DGOS  |   .9053797   .4485064     2.02   0.044     .0263153    1.784444
post_2#National Cancer Institute  |   .3543435    .337788     1.05   0.294    -.3077148    1.016402
                          post_2 #|
National Health and Medical Rese  |   .5536891   .4017527     1.38   0.168     -.233739    1.341117
           post_2#Wellcome Trust  |  -.2879054    .683696    -0.42   0.674    -1.627937    1.052126
         post_3#INCa/INSERM/DGOS  |   .5940877   .4485064     1.32   0.185    -.2849767    1.473152
post_3#National Cancer Institute  |   .1370115    .337788     0.41   0.685    -.5250468    .7990698
                          post_3 #|
National Health and Medical Rese  |   .4443687   .4017527     1.11   0.269    -.3430594    1.231797
           post_3#Wellcome Trust  |  -.3042794    .683696    -0.45   0.656    -1.644311    1.035752
         post_4#INCa/INSERM/DGOS  |   .4876173   .4485064     1.09   0.277    -.3914471    1.366682
post_4#National Cancer Institute  |  -.0643781    .337788    -0.19   0.849    -.7264364    .5976802
                          post_4 #|
National Health and Medical Rese  |   .7428321   .4017527     1.85   0.064     -.044596     1.53026
           post_4#Wellcome Trust  |   -.014175    .683696    -0.02   0.983    -1.354207    1.325857
         post_5#INCa/INSERM/DGOS  |    1.04911   .4485064     2.34   0.019     .1700459    1.928175
post_5#National Cancer Institute  |   .2426082    .337788     0.72   0.473    -.4194501    .9046665
                          post_5 #|
National Health and Medical Rese  |    1.01283   .4017527     2.52   0.012     .2254021    1.800258
           post_5#Wellcome Trust  |  -.2914887    .683696    -0.43   0.670     -1.63152    1.048543
                                  |
              orcid_confirmed_cat |
                            True  |  -.8453584   .2266568    -3.73   0.000    -1.289602   -.4011151
                                  |
                       start_year |
                            2008  |  -.2667874   .0777939    -3.43   0.001    -.4192621   -.1143127
                            2009  |   .3234083   .0753476     4.29   0.000     .1757284    .4710882
                            2010  |   .2453908   .0820274     2.99   0.003     .0846186     .406163
                            2011  |  -.1237261   .0830527    -1.49   0.136     -.286508    .0390558
                            2012  |  -.5147432   .0852517    -6.04   0.000    -.6818351   -.3476513
                                  |
                            _cons |   4.533391   .1279752    35.42   0.000     4.282562     4.78422
---------------------------------------------------------------------------------------------------
(est2 stored)

added macro:
          e(CountryFE) : "No"

added macro:
      e(AffiliationFE) : "No"

added macro:
       e(ResearcherFE) : "No"

      Source |       SS           df       MS      Number of obs   =   132,913
-------------+----------------------------------   F(60, 132852)   =     54.45
       Model |  248783.132        60  4146.38553   Prob > F        =    0.0000
    Residual |  10116539.9   132,852   76.148947   R-squared       =    0.0240
-------------+----------------------------------   Adj R-squared   =    0.0236
       Total |    10365323   132,912  77.9863597   Root MSE        =    8.7263

---------------------------------------------------------------------------------------------------
                          nb_pubs |      Coef.   Std. Err.      t    P>|t|     [95% Conf. Interval]
----------------------------------+----------------------------------------------------------------
                    pre_post_year |
                          post_1  |   1.840698   .4208213     4.37   0.000     1.015896      2.6655
                          post_2  |   2.268605   .4208213     5.39   0.000     1.443803    3.093407
                          post_3  |   2.852326   .4208213     6.78   0.000     2.027523    3.677128
                          post_4  |    3.35814   .4208213     7.98   0.000     2.533337    4.182942
                          post_5  |   3.039535   .4208213     7.22   0.000     2.214733    3.864337
                          pre_-1  |   1.280233   .4208213     3.04   0.002     .4554304    2.105035
                          pre_-2  |   .9348837   .4208213     2.22   0.026     .1100816    1.759686
                          pre_-3  |   .7127907   .4208213     1.69   0.090    -.1120114    1.537593
                          pre_-4  |   .2697674   .4208213     0.64   0.521    -.5550347     1.09457
                           pre_0  |   1.323256   .4208213     3.14   0.002     .4984537    2.148058
                                  |
                        funder_id |
                INCa/INSERM/DGOS  |   1.108376   .4166362     2.66   0.008     .2917761    1.924975
       National Cancer Institute  |   .5141307   .3123624     1.65   0.100    -.0980939    1.126355
National Health and Medical Rese  |  -.1383475   .3714547    -0.37   0.710    -.8663919    .5896969
                  Wellcome Trust  |  -.6916666    .632133    -1.09   0.274    -1.930636    .5473026
                                  |
          pre_post_year#funder_id |
         post_1#INCa/INSERM/DGOS  |   1.287311   .5862751     2.20   0.028     .1382226      2.4364
post_1#National Cancer Institute  |   .7846984   .4415471     1.78   0.076    -.0807258    1.650123
                          post_1 #|
National Health and Medical Rese  |   1.049775     .52516     2.00   0.046     .0204714     2.07908
           post_1#Wellcome Trust  |   .1919554   .8937084     0.21   0.830    -1.559697    1.943608
         post_2#INCa/INSERM/DGOS  |   1.501636   .5862751     2.56   0.010     .3525475    2.650725
post_2#National Cancer Institute  |   .5647482   .4415471     1.28   0.201     -.300676    1.430172
                          post_2 #|
National Health and Medical Rese  |   .9141562     .52516     1.74   0.082    -.1151479     1.94346
           post_2#Wellcome Trust  |  -.1543189   .8937084    -0.17   0.863    -1.905971    1.597333
         post_3#INCa/INSERM/DGOS  |   1.190344   .5862751     2.03   0.042     .0412555    2.339433
post_3#National Cancer Institute  |   .3474162   .4415471     0.79   0.431     -.518008     1.21284
                          post_3 #|
National Health and Medical Rese  |   .8048358     .52516     1.53   0.125    -.2244683     1.83414
           post_3#Wellcome Trust  |  -.1706929   .8937084    -0.19   0.849    -1.922345    1.580959
         post_4#INCa/INSERM/DGOS  |   1.083874   .5862751     1.85   0.064    -.0652149    2.232962
post_4#National Cancer Institute  |   .1460266   .4415471     0.33   0.741    -.7193976    1.011451
                          post_4 #|
National Health and Medical Rese  |   1.103299     .52516     2.10   0.036     .0739951    2.132603
           post_4#Wellcome Trust  |   .1194115   .8937084     0.13   0.894    -1.632241    1.871064
         post_5#INCa/INSERM/DGOS  |   1.645367   .5862751     2.81   0.005     .4962781    2.794455
post_5#National Cancer Institute  |   .4530129   .4415471     1.03   0.305    -.4124113    1.318437
                          post_5 #|
National Health and Medical Rese  |   1.373297     .52516     2.62   0.009     .3439932    2.402601
           post_5#Wellcome Trust  |  -.1579022   .8937084    -0.18   0.860    -1.909554     1.59375
         pre_-1#INCa/INSERM/DGOS  |   .9560913   .5862751     1.63   0.103    -.1929972     2.10518
pre_-1#National Cancer Institute  |   .2731063   .4415471     0.62   0.536     -.592318     1.13853
                          pre_-1 #|
National Health and Medical Rese  |    .547376     .52516     1.04   0.297    -.4819281     1.57668
           pre_-1#Wellcome Trust  |  -.0802326   .8937084    -0.09   0.928    -1.831885     1.67142
         pre_-2#INCa/INSERM/DGOS  |   .5410463   .5862751     0.92   0.356    -.6080422    1.690135
pre_-2#National Cancer Institute  |   .1890454   .4415471     0.43   0.669    -.6763788     1.05447
                          pre_-2 #|
National Health and Medical Rese  |   .4837812     .52516     0.92   0.357    -.5455229    1.513085
           pre_-2#Wellcome Trust  |   .1998102   .8937084     0.22   0.823    -1.551842    1.951462
         pre_-3#INCa/INSERM/DGOS  |   .2948679   .5862751     0.50   0.615    -.8542206    1.443956
pre_-3#National Cancer Institute  |   .0837121   .4415471     0.19   0.850    -.7817122    .9491363
                          pre_-3 #|
National Health and Medical Rese  |   .0733402     .52516     0.14   0.889    -.9559639    1.102644
           pre_-3#Wellcome Trust  |   .1321073   .8937084     0.15   0.882    -1.619545    1.883759
         pre_-4#INCa/INSERM/DGOS  |   .0792479   .5862751     0.14   0.892    -1.069841    1.228336
pre_-4#National Cancer Institute  |   .1327675   .4415471     0.30   0.764    -.7326568    .9981917
                          pre_-4 #|
National Health and Medical Rese  |    .145009     .52516     0.28   0.782    -.8842951    1.174313
           pre_-4#Wellcome Trust  |   .1751305   .8937084     0.20   0.845    -1.576522    1.926783
          pre_0#INCa/INSERM/DGOS  |   1.706285   .5862751     2.91   0.004     .5571962    2.855373
 pre_0#National Cancer Institute  |   .5837973   .4415471     1.32   0.186    -.2816269    1.449222
                           pre_0 #|
National Health and Medical Rese  |   .9132964     .52516     1.74   0.082    -.1160077      1.9426
            pre_0#Wellcome Trust  |   .3747034   .8937084     0.42   0.675    -1.376949    2.126356
                                  |
              orcid_confirmed_cat |
                            True  |  -.8453584   .2262872    -3.74   0.000    -1.288877   -.4018396
                                  |
                       start_year |
                            2008  |  -.2667874   .0776671    -3.44   0.001    -.4190135   -.1145614
                            2009  |   .3234083   .0752247     4.30   0.000     .1759692    .4708474
                            2010  |   .2453908   .0818936     3.00   0.003     .0848807    .4059008
                            2011  |  -.1237261   .0829173    -1.49   0.136    -.2862425    .0387903
                            2012  |  -.5147432   .0851127    -6.05   0.000    -.6815626   -.3479238
                                  |
                            _cons |   3.779903   .3001866    12.59   0.000     3.191542    4.368263
---------------------------------------------------------------------------------------------------
(est3 stored)

added macro:
          e(CountryFE) : "No"

added macro:
      e(AffiliationFE) : "No"

added macro:
       e(ResearcherFE) : "No"

      Source |       SS           df       MS      Number of obs   =   132,913
-------------+----------------------------------   F(19, 132893)   =    745.02
       Model |  997804.081        19  52516.0043   Prob > F        =    0.0000
    Residual |  9367518.95   132,893  70.4891827   R-squared       =    0.0963
-------------+----------------------------------   Adj R-squared   =    0.0961
       Total |    10365323   132,912  77.9863597   Root MSE        =    8.3958

---------------------------------------------------------------------------------------------------
                          nb_pubs |      Coef.   Std. Err.      t    P>|t|     [95% Conf. Interval]
----------------------------------+----------------------------------------------------------------
                      1.post_flag |   .5997323   .1738869     3.45   0.001     .2589171    .9405476
                                  |
                        funder_id |
                INCa/INSERM/DGOS  |   1.666319   .1676901     9.94   0.000      1.33765    1.994989
       National Cancer Institute  |   .8386085   .1231949     6.81   0.000     .5971488    1.080068
National Health and Medical Rese  |   .3729165   .1461354     2.55   0.011     .0864938    .6593392
                  Wellcome Trust  |   .9123702   .2492859     3.66   0.000     .4237744    1.400966
                                  |
              post_flag#funder_id |
              1#INCa/INSERM/DGOS  |   .7844861   .2415207     3.25   0.001       .31111    1.257862
     1#National Cancer Institute  |   .2459742   .1818976     1.35   0.176    -.1105419    .6024902
                               1 #|
National Health and Medical Rese  |   .6556311   .2163437     3.03   0.002     .2316014    1.079661
                1#Wellcome Trust  |  -.4857883   .3682376    -1.32   0.187    -1.207527    .2359508
                                  |
                   rsr_career_age |   .4527718    .005963    75.93   0.000     .4410844    .4644592
                 rsr_career_age_2 |   -.007122   .0001607   -44.33   0.000    -.0074369   -.0068071
                                  |
              orcid_confirmed_cat |
                            True  |  -1.111836   .2177889    -5.11   0.000    -1.538699   -.6849738
                                  |
                       gender_cat |
                               F  |  -.8825757   .0718642   -12.28   0.000    -1.023428   -.7417233
                               M  |   .2594648   .0666494     3.89   0.000     .1288332    .3900963
                                  |
                       start_year |
                            2008  |   -.076978   .0747628    -1.03   0.303    -.2235118    .0695558
                            2009  |   .1949461   .0724388     2.69   0.007     .0529673    .3369249
                            2010  |   .3575336   .0788246     4.54   0.000     .2030387    .5120284
                            2011  |   .0591528   .0798423     0.74   0.459    -.0973367    .2156422
                            2012  |  -.1776998   .0819772    -2.17   0.030    -.3383736    -.017026
                                  |
                            _cons |   .6944493   .1416973     4.90   0.000     .4167253    .9721734
---------------------------------------------------------------------------------------------------
(est4 stored)

added macro:
          e(CountryFE) : "No"

added macro:
      e(AffiliationFE) : "No"

added macro:
       e(ResearcherFE) : "No"

      Source |       SS           df       MS      Number of obs   =   132,913
-------------+----------------------------------   F(39, 132873)   =    363.84
       Model |  1000127.19        39  25644.2869   Prob > F        =    0.0000
    Residual |  9365195.85   132,873   70.482309   R-squared       =    0.0965
-------------+----------------------------------   Adj R-squared   =    0.0962
       Total |    10365323   132,912  77.9863597   Root MSE        =    8.3954

---------------------------------------------------------------------------------------------------
                          nb_pubs |      Coef.   Std. Err.      t    P>|t|     [95% Conf. Interval]
----------------------------------+----------------------------------------------------------------
                        post_year |
                          post_1  |   .1843729   .3093535     0.60   0.551    -.4219543       .7907
                          post_2  |   .3923243   .3094297     1.27   0.205    -.2141523    .9988008
                          post_3  |   .7703387   .3095201     2.49   0.013      .163685    1.376992
                          post_4  |   1.084695   .3096249     3.50   0.000     .4778362    1.691554
                          post_5  |   .5888825   .3097453     1.90   0.057    -.0182128    1.195978
                                  |
                        funder_id |
                INCa/INSERM/DGOS  |   1.666834    .167682     9.94   0.000      1.33818    1.995487
       National Cancer Institute  |   .8388313   .1231889     6.81   0.000     .5973832    1.080279
National Health and Medical Rese  |    .372758   .1461283     2.55   0.011     .0863492    .6591667
                  Wellcome Trust  |    .909483    .249275     3.65   0.000     .4209085    1.398057
                                  |
              post_year#funder_id |
         post_1#INCa/INSERM/DGOS  |   .7159049   .4307927     1.66   0.097    -.1284409    1.560251
post_1#National Cancer Institute  |   .5725102   .3244468     1.76   0.078    -.0633997     1.20842
                          post_1 #|
National Health and Medical Rese  |   .6683169   .3858855     1.73   0.083    -.0880117    1.424646
           post_1#Wellcome Trust  |  -.1439994   .6567088    -0.22   0.826    -1.431137    1.143138
         post_2#INCa/INSERM/DGOS  |     .93733   .4307929     2.18   0.030     .0929837    1.781676
post_2#National Cancer Institute  |   .3520505   .3244468     1.09   0.278    -.2838594    .9879603
                          post_2 #|
National Health and Medical Rese  |   .5267001   .3858857     1.36   0.172    -.2296288    1.283029
           post_2#Wellcome Trust  |  -.5480933   .6567191    -0.83   0.404    -1.835251    .7390643
         post_3#INCa/INSERM/DGOS  |    .633138   .4307932     1.47   0.142    -.2112089    1.477485
post_3#National Cancer Institute  |   .1342089   .3244468     0.41   0.679     -.501701    .7701188
                          post_3 #|
National Health and Medical Rese  |   .4113822   .3858859     1.07   0.286    -.3449473    1.167712
           post_3#Wellcome Trust  |  -.6222868   .6567321    -0.95   0.343     -1.90947    .6648961
         post_4#INCa/INSERM/DGOS  |   .5337676   .4307936     1.24   0.215      -.31058    1.378115
post_4#National Cancer Institute  |  -.0676903   .3244468    -0.21   0.835    -.7036001    .5682196
                          post_4 #|
National Health and Medical Rese  |   .7038481   .3858862     1.82   0.068    -.0524819    1.460178
           post_4#Wellcome Trust  |  -.3900019   .6567476    -0.59   0.553    -1.677215    .8972115
         post_5#INCa/INSERM/DGOS  |   1.102361    .430794     2.56   0.011     .2580123    1.946709
post_5#National Cancer Institute  |   .2387865   .3244468     0.74   0.462    -.3971234    .8746964
                          post_5 #|
National Health and Medical Rese  |   .9678486   .3858866     2.51   0.012     .2115179    1.724179
           post_5#Wellcome Trust  |  -.7251352   .6567657    -1.10   0.270    -2.012384    .5621137
                                  |
                   rsr_career_age |   .4520506    .005966    75.77   0.000     .4403574    .4637438
                 rsr_career_age_2 |  -.0071246   .0001607   -44.34   0.000    -.0074395   -.0068097
                                  |
              orcid_confirmed_cat |
                            True  |  -1.111938   .2177783    -5.11   0.000     -1.53878   -.6850968
                                  |
                       gender_cat |
                               F  |  -.8823596   .0718607   -12.28   0.000    -1.023205    -.741514
                               M  |   .2628646   .0666534     3.94   0.000     .1322251    .3935041
                                  |
                       start_year |
                            2008  |  -.0772574   .0747592    -1.03   0.301    -.2237842    .0692693
                            2009  |   .1958224   .0724358     2.70   0.007     .0538496    .3377952
                            2010  |   .3574482   .0788208     4.53   0.000     .2029608    .5119355
                            2011  |   .0590748   .0798384     0.74   0.459    -.0974071    .2155566
                            2012  |  -.1781694   .0819733    -2.17   0.030    -.3388355   -.0175032
                                  |
                            _cons |   .7017906   .1417048     4.95   0.000     .4240517    .9795295
---------------------------------------------------------------------------------------------------
(est5 stored)

added macro:
          e(CountryFE) : "No"

added macro:
      e(AffiliationFE) : "No"

added macro:
       e(ResearcherFE) : "No"

      Source |       SS           df       MS      Number of obs   =   132,913
-------------+----------------------------------   F(64, 132848)   =    222.79
       Model |  1004659.04        64  15697.7974   Prob > F        =    0.0000
    Residual |     9360664   132,848  70.4614597   R-squared       =    0.0969
-------------+----------------------------------   Adj R-squared   =    0.0965
       Total |    10365323   132,912  77.9863597   Root MSE        =    8.3941

---------------------------------------------------------------------------------------------------
                          nb_pubs |      Coef.   Std. Err.      t    P>|t|     [95% Conf. Interval]
----------------------------------+----------------------------------------------------------------
                    pre_post_year |
                          post_1  |   .2388624   .4051433     0.59   0.555    -.5552112    1.032936
                          post_2  |   .4490445   .4052413     1.11   0.268     -.345221     1.24331
                          post_3  |   .8291113   .4053466     2.05   0.041     .0346393    1.623583
                          post_4  |   1.145342   .4054595     2.82   0.005     .3506487    1.940035
                          post_5  |   .6512247   .4055808     1.61   0.108    -.1437063    1.446156
                          pre_-1  |   .1560593    .404973     0.39   0.700    -.6376804     .949799
                          pre_-2  |   .0706476   .4049042     0.17   0.861    -.7229573    .8642525
                          pre_-3  |   .1225625     .40485     0.30   0.762    -.6709361    .9160612
                          pre_-4  |   -.032382   .4048141    -0.08   0.936    -.8258103    .7610463
                           pre_0  |  -.0467838   .4050534    -0.12   0.908    -.8406812    .7471135
                                  |
                        funder_id |
                INCa/INSERM/DGOS  |   1.053239   .4007829     2.63   0.009     .2677117    1.838766
       National Cancer Institute  |    .628407   .3005642     2.09   0.037     .0393067    1.217507
National Health and Medical Rese  |   .0257262   .3573225     0.07   0.943    -.6746194    .7260719
                  Wellcome Trust  |   .9021586   .6084224     1.48   0.138    -.2903382    2.094655
                                  |
          pre_post_year#funder_id |
         post_1#INCa/INSERM/DGOS  |   1.329378   .5639569     2.36   0.018     .2240328    2.434723
post_1#National Cancer Institute  |   .7816793   .4247378     1.84   0.066     -.050799    1.614158
                          post_1 #|
National Health and Medical Rese  |   1.014241   .5051683     2.01   0.045     .0241199    2.004361
           post_1#Wellcome Trust  |  -.1506193   .8597215    -0.18   0.861    -1.835658    1.534419
         post_2#INCa/INSERM/DGOS  |   1.550714   .5639572     2.75   0.006     .4453684     2.65606
post_2#National Cancer Institute  |    .561226   .4247378     1.32   0.186    -.2712524    1.393704
                          post_2 #|
National Health and Medical Rese  |   .8726989   .5051685     1.73   0.084    -.1174222     1.86282
           post_2#Wellcome Trust  |  -.5539895   .8597345    -0.64   0.519    -2.239053    1.131075
         post_3#INCa/INSERM/DGOS  |   1.246433   .5639576     2.21   0.027     .1410869     2.35178
post_3#National Cancer Institute  |   .3433908   .4247378     0.81   0.419    -.4890876    1.175869
                          post_3 #|
National Health and Medical Rese  |    .757456   .5051688     1.50   0.134    -.2326656    1.747578
           post_3#Wellcome Trust  |  -.6274592   .8597494    -0.73   0.466    -2.312552    1.057634
         post_4#INCa/INSERM/DGOS  |   1.146974    .563958     2.03   0.042     .0416269    2.252322
post_4#National Cancer Institute  |    .141498   .4247378     0.33   0.739    -.6909803    .9739763
                          post_4 #|
National Health and Medical Rese  |   1.049997   .5051691     2.08   0.038     .0598747    2.040119
           post_4#Wellcome Trust  |  -.3944506   .8597664    -0.46   0.646    -2.079577    1.290676
         post_5#INCa/INSERM/DGOS  |   1.715478   .5639584     3.04   0.002     .6101303    2.820827
post_5#National Cancer Institute  |   .4479811   .4247378     1.05   0.292    -.3844972    1.280459
                          post_5 #|
National Health and Medical Rese  |   1.314073   .5051695     2.60   0.009     .3239496    2.304196
           post_5#Wellcome Trust  |  -.7288601   .8597853    -0.85   0.397    -2.414024    .9563034
         pre_-1#INCa/INSERM/DGOS  |    .984136   .5639565     1.75   0.081    -.1212084     2.08948
pre_-1#National Cancer Institute  |   .2710935   .4247378     0.64   0.523    -.5613848    1.103572
                          pre_-1 #|
National Health and Medical Rese  |   .5236861   .5051679     1.04   0.300    -.4664338    1.513806
           pre_-1#Wellcome Trust  |  -.3086157   .8597016    -0.36   0.720    -1.993615    1.376384
         pre_-2#INCa/INSERM/DGOS  |   .5620798   .5639563     1.00   0.319    -.5432643    1.667424
pre_-2#National Cancer Institute  |   .1875358   .4247378     0.44   0.659    -.6449425    1.020014
                          pre_-2 #|
National Health and Medical Rese  |   .4660138   .5051678     0.92   0.356    -.5241059    1.456134
           pre_-2#Wellcome Trust  |   .0285228   .8596946     0.03   0.974    -1.656463    1.713509
         pre_-3#INCa/INSERM/DGOS  |   .3088903   .5639562     0.55   0.584    -.7964536    1.414234
pre_-3#National Cancer Institute  |   .0827057   .4247378     0.19   0.846    -.7497726     .915184
                          pre_-3 #|
National Health and Medical Rese  |   .0614953   .5051677     0.12   0.903    -.9286242    1.051615
           pre_-3#Wellcome Trust  |   .0179157   .8596897     0.02   0.983     -1.66706    1.702892
         pre_-4#INCa/INSERM/DGOS  |   .0862591   .5639561     0.15   0.878    -1.019085    1.191603
pre_-4#National Cancer Institute  |   .1322643   .4247378     0.31   0.755     -.700214    .9647426
                          pre_-4 #|
National Health and Medical Rese  |   .1390865   .5051676     0.28   0.783    -.8510329    1.129206
           pre_-4#Wellcome Trust  |   .1180347   .8596867     0.14   0.891    -1.566936    1.803005
          pre_0#INCa/INSERM/DGOS  |   1.741341   .5639567     3.09   0.002     .6359957    2.846685
 pre_0#National Cancer Institute  |   .5812814   .4247378     1.37   0.171    -.2511969     1.41376
                           pre_0 #|
National Health and Medical Rese  |    .883684   .5051681     1.75   0.080    -.1064363    1.873804
            pre_0#Wellcome Trust  |   .0892244   .8597106     0.10   0.917    -1.595793    1.774242
                                  |
                   rsr_career_age |   .4469147   .0060176    74.27   0.000     .4351204    .4587091
                 rsr_career_age_2 |  -.0070354   .0001613   -43.63   0.000    -.0073515   -.0067193
                                  |
              orcid_confirmed_cat |
                            True  |  -1.109745   .2177464    -5.10   0.000    -1.536524   -.6829659
                                  |
                       gender_cat |
                               F  |  -.8827174   .0718501   -12.29   0.000    -1.023542   -.7418925
                               M  |   .2708331   .0666541     4.06   0.000     .1401922     .401474
                                  |
                       start_year |
                            2008  |  -.0785387   .0747484    -1.05   0.293    -.2250443    .0679668
                            2009  |   .1970991   .0724253     2.72   0.007     .0551469    .3390514
                            2010  |   .3571157   .0788092     4.53   0.000     .2026512    .5115802
                            2011  |   .0583027   .0798267     0.73   0.465    -.0981562    .2147615
                            2012  |  -.1810758   .0819624    -2.21   0.027    -.3417206    -.020431
                                  |
                            _cons |   .6948047    .296439     2.34   0.019     .1137897     1.27582
---------------------------------------------------------------------------------------------------
(est6 stored)

added macro:
          e(CountryFE) : "No"

added macro:
      e(AffiliationFE) : "No"

added macro:
       e(ResearcherFE) : "No"

      Source |       SS           df       MS      Number of obs   =   132,913
-------------+----------------------------------   F(19, 132893)   =    745.02
       Model |  997804.081        19  52516.0043   Prob > F        =    0.0000
    Residual |  9367518.95   132,893  70.4891827   R-squared       =    0.0963
-------------+----------------------------------   Adj R-squared   =    0.0961
       Total |    10365323   132,912  77.9863597   Root MSE        =    8.3958

---------------------------------------------------------------------------------------------------
                          nb_pubs |      Coef.   Std. Err.      t    P>|t|     [95% Conf. Interval]
----------------------------------+----------------------------------------------------------------
                      1.post_flag |   .5997323   .1738869     3.45   0.001     .2589171    .9405476
                                  |
                        funder_id |
                INCa/INSERM/DGOS  |   1.666319   .1676901     9.94   0.000      1.33765    1.994989
       National Cancer Institute  |   .8386085   .1231949     6.81   0.000     .5971488    1.080068
National Health and Medical Rese  |   .3729165   .1461354     2.55   0.011     .0864938    .6593392
                  Wellcome Trust  |   .9123702   .2492859     3.66   0.000     .4237744    1.400966
                                  |
              post_flag#funder_id |
              1#INCa/INSERM/DGOS  |   .7844861   .2415207     3.25   0.001       .31111    1.257862
     1#National Cancer Institute  |   .2459742   .1818976     1.35   0.176    -.1105419    .6024902
                               1 #|
National Health and Medical Rese  |   .6556311   .2163437     3.03   0.002     .2316014    1.079661
                1#Wellcome Trust  |  -.4857883   .3682376    -1.32   0.187    -1.207527    .2359508
                                  |
                   rsr_career_age |   .4527718    .005963    75.93   0.000     .4410844    .4644592
                 rsr_career_age_2 |   -.007122   .0001607   -44.33   0.000    -.0074369   -.0068071
                                  |
              orcid_confirmed_cat |
                            True  |  -1.111836   .2177889    -5.11   0.000    -1.538699   -.6849738
                                  |
                       gender_cat |
                               F  |  -.8825757   .0718642   -12.28   0.000    -1.023428   -.7417233
                               M  |   .2594648   .0666494     3.89   0.000     .1288332    .3900963
                                  |
                       start_year |
                            2008  |   -.076978   .0747628    -1.03   0.303    -.2235118    .0695558
                            2009  |   .1949461   .0724388     2.69   0.007     .0529673    .3369249
                            2010  |   .3575336   .0788246     4.54   0.000     .2030387    .5120284
                            2011  |   .0591528   .0798423     0.74   0.459    -.0973367    .2156422
                            2012  |  -.1776998   .0819772    -2.17   0.030    -.3383736    -.017026
                                  |
                            _cons |   .6944493   .1416973     4.90   0.000     .4167253    .9721734
---------------------------------------------------------------------------------------------------
(est7 stored)

added macro:
          e(CountryFE) : "No"

added macro:
      e(AffiliationFE) : "No"

added macro:
       e(ResearcherFE) : "No"

      Source |       SS           df       MS      Number of obs   =   132,913
-------------+----------------------------------   F(39, 132873)   =    363.84
       Model |  1000127.19        39  25644.2869   Prob > F        =    0.0000
    Residual |  9365195.85   132,873   70.482309   R-squared       =    0.0965
-------------+----------------------------------   Adj R-squared   =    0.0962
       Total |    10365323   132,912  77.9863597   Root MSE        =    8.3954

---------------------------------------------------------------------------------------------------
                          nb_pubs |      Coef.   Std. Err.      t    P>|t|     [95% Conf. Interval]
----------------------------------+----------------------------------------------------------------
                        post_year |
                          post_1  |   .1843729   .3093535     0.60   0.551    -.4219543       .7907
                          post_2  |   .3923243   .3094297     1.27   0.205    -.2141523    .9988008
                          post_3  |   .7703387   .3095201     2.49   0.013      .163685    1.376992
                          post_4  |   1.084695   .3096249     3.50   0.000     .4778362    1.691554
                          post_5  |   .5888825   .3097453     1.90   0.057    -.0182128    1.195978
                                  |
                        funder_id |
                INCa/INSERM/DGOS  |   1.666834    .167682     9.94   0.000      1.33818    1.995487
       National Cancer Institute  |   .8388313   .1231889     6.81   0.000     .5973832    1.080279
National Health and Medical Rese  |    .372758   .1461283     2.55   0.011     .0863492    .6591667
                  Wellcome Trust  |    .909483    .249275     3.65   0.000     .4209085    1.398057
                                  |
              post_year#funder_id |
         post_1#INCa/INSERM/DGOS  |   .7159049   .4307927     1.66   0.097    -.1284409    1.560251
post_1#National Cancer Institute  |   .5725102   .3244468     1.76   0.078    -.0633997     1.20842
                          post_1 #|
National Health and Medical Rese  |   .6683169   .3858855     1.73   0.083    -.0880117    1.424646
           post_1#Wellcome Trust  |  -.1439994   .6567088    -0.22   0.826    -1.431137    1.143138
         post_2#INCa/INSERM/DGOS  |     .93733   .4307929     2.18   0.030     .0929837    1.781676
post_2#National Cancer Institute  |   .3520505   .3244468     1.09   0.278    -.2838594    .9879603
                          post_2 #|
National Health and Medical Rese  |   .5267001   .3858857     1.36   0.172    -.2296288    1.283029
           post_2#Wellcome Trust  |  -.5480933   .6567191    -0.83   0.404    -1.835251    .7390643
         post_3#INCa/INSERM/DGOS  |    .633138   .4307932     1.47   0.142    -.2112089    1.477485
post_3#National Cancer Institute  |   .1342089   .3244468     0.41   0.679     -.501701    .7701188
                          post_3 #|
National Health and Medical Rese  |   .4113822   .3858859     1.07   0.286    -.3449473    1.167712
           post_3#Wellcome Trust  |  -.6222868   .6567321    -0.95   0.343     -1.90947    .6648961
         post_4#INCa/INSERM/DGOS  |   .5337676   .4307936     1.24   0.215      -.31058    1.378115
post_4#National Cancer Institute  |  -.0676903   .3244468    -0.21   0.835    -.7036001    .5682196
                          post_4 #|
National Health and Medical Rese  |   .7038481   .3858862     1.82   0.068    -.0524819    1.460178
           post_4#Wellcome Trust  |  -.3900019   .6567476    -0.59   0.553    -1.677215    .8972115
         post_5#INCa/INSERM/DGOS  |   1.102361    .430794     2.56   0.011     .2580123    1.946709
post_5#National Cancer Institute  |   .2387865   .3244468     0.74   0.462    -.3971234    .8746964
                          post_5 #|
National Health and Medical Rese  |   .9678486   .3858866     2.51   0.012     .2115179    1.724179
           post_5#Wellcome Trust  |  -.7251352   .6567657    -1.10   0.270    -2.012384    .5621137
                                  |
                   rsr_career_age |   .4520506    .005966    75.77   0.000     .4403574    .4637438
                 rsr_career_age_2 |  -.0071246   .0001607   -44.34   0.000    -.0074395   -.0068097
                                  |
              orcid_confirmed_cat |
                            True  |  -1.111938   .2177783    -5.11   0.000     -1.53878   -.6850968
                                  |
                       gender_cat |
                               F  |  -.8823596   .0718607   -12.28   0.000    -1.023205    -.741514
                               M  |   .2628646   .0666534     3.94   0.000     .1322251    .3935041
                                  |
                       start_year |
                            2008  |  -.0772574   .0747592    -1.03   0.301    -.2237842    .0692693
                            2009  |   .1958224   .0724358     2.70   0.007     .0538496    .3377952
                            2010  |   .3574482   .0788208     4.53   0.000     .2029608    .5119355
                            2011  |   .0590748   .0798384     0.74   0.459    -.0974071    .2155566
                            2012  |  -.1781694   .0819733    -2.17   0.030    -.3388355   -.0175032
                                  |
                            _cons |   .7017906   .1417048     4.95   0.000     .4240517    .9795295
---------------------------------------------------------------------------------------------------
(est8 stored)

added macro:
          e(CountryFE) : "No"

added macro:
      e(AffiliationFE) : "No"

added macro:
       e(ResearcherFE) : "No"

      Source |       SS           df       MS      Number of obs   =   132,913
-------------+----------------------------------   F(64, 132848)   =    222.79
       Model |  1004659.04        64  15697.7974   Prob > F        =    0.0000
    Residual |     9360664   132,848  70.4614597   R-squared       =    0.0969
-------------+----------------------------------   Adj R-squared   =    0.0965
       Total |    10365323   132,912  77.9863597   Root MSE        =    8.3941

---------------------------------------------------------------------------------------------------
                          nb_pubs |      Coef.   Std. Err.      t    P>|t|     [95% Conf. Interval]
----------------------------------+----------------------------------------------------------------
                    pre_post_year |
                          post_1  |   .2388624   .4051433     0.59   0.555    -.5552112    1.032936
                          post_2  |   .4490445   .4052413     1.11   0.268     -.345221     1.24331
                          post_3  |   .8291113   .4053466     2.05   0.041     .0346393    1.623583
                          post_4  |   1.145342   .4054595     2.82   0.005     .3506487    1.940035
                          post_5  |   .6512247   .4055808     1.61   0.108    -.1437063    1.446156
                          pre_-1  |   .1560593    .404973     0.39   0.700    -.6376804     .949799
                          pre_-2  |   .0706476   .4049042     0.17   0.861    -.7229573    .8642525
                          pre_-3  |   .1225625     .40485     0.30   0.762    -.6709361    .9160612
                          pre_-4  |   -.032382   .4048141    -0.08   0.936    -.8258103    .7610463
                           pre_0  |  -.0467838   .4050534    -0.12   0.908    -.8406812    .7471135
                                  |
                        funder_id |
                INCa/INSERM/DGOS  |   1.053239   .4007829     2.63   0.009     .2677117    1.838766
       National Cancer Institute  |    .628407   .3005642     2.09   0.037     .0393067    1.217507
National Health and Medical Rese  |   .0257262   .3573225     0.07   0.943    -.6746194    .7260719
                  Wellcome Trust  |   .9021586   .6084224     1.48   0.138    -.2903382    2.094655
                                  |
          pre_post_year#funder_id |
         post_1#INCa/INSERM/DGOS  |   1.329378   .5639569     2.36   0.018     .2240328    2.434723
post_1#National Cancer Institute  |   .7816793   .4247378     1.84   0.066     -.050799    1.614158
                          post_1 #|
National Health and Medical Rese  |   1.014241   .5051683     2.01   0.045     .0241199    2.004361
           post_1#Wellcome Trust  |  -.1506193   .8597215    -0.18   0.861    -1.835658    1.534419
         post_2#INCa/INSERM/DGOS  |   1.550714   .5639572     2.75   0.006     .4453684     2.65606
post_2#National Cancer Institute  |    .561226   .4247378     1.32   0.186    -.2712524    1.393704
                          post_2 #|
National Health and Medical Rese  |   .8726989   .5051685     1.73   0.084    -.1174222     1.86282
           post_2#Wellcome Trust  |  -.5539895   .8597345    -0.64   0.519    -2.239053    1.131075
         post_3#INCa/INSERM/DGOS  |   1.246433   .5639576     2.21   0.027     .1410869     2.35178
post_3#National Cancer Institute  |   .3433908   .4247378     0.81   0.419    -.4890876    1.175869
                          post_3 #|
National Health and Medical Rese  |    .757456   .5051688     1.50   0.134    -.2326656    1.747578
           post_3#Wellcome Trust  |  -.6274592   .8597494    -0.73   0.466    -2.312552    1.057634
         post_4#INCa/INSERM/DGOS  |   1.146974    .563958     2.03   0.042     .0416269    2.252322
post_4#National Cancer Institute  |    .141498   .4247378     0.33   0.739    -.6909803    .9739763
                          post_4 #|
National Health and Medical Rese  |   1.049997   .5051691     2.08   0.038     .0598747    2.040119
           post_4#Wellcome Trust  |  -.3944506   .8597664    -0.46   0.646    -2.079577    1.290676
         post_5#INCa/INSERM/DGOS  |   1.715478   .5639584     3.04   0.002     .6101303    2.820827
post_5#National Cancer Institute  |   .4479811   .4247378     1.05   0.292    -.3844972    1.280459
                          post_5 #|
National Health and Medical Rese  |   1.314073   .5051695     2.60   0.009     .3239496    2.304196
           post_5#Wellcome Trust  |  -.7288601   .8597853    -0.85   0.397    -2.414024    .9563034
         pre_-1#INCa/INSERM/DGOS  |    .984136   .5639565     1.75   0.081    -.1212084     2.08948
pre_-1#National Cancer Institute  |   .2710935   .4247378     0.64   0.523    -.5613848    1.103572
                          pre_-1 #|
National Health and Medical Rese  |   .5236861   .5051679     1.04   0.300    -.4664338    1.513806
           pre_-1#Wellcome Trust  |  -.3086157   .8597016    -0.36   0.720    -1.993615    1.376384
         pre_-2#INCa/INSERM/DGOS  |   .5620798   .5639563     1.00   0.319    -.5432643    1.667424
pre_-2#National Cancer Institute  |   .1875358   .4247378     0.44   0.659    -.6449425    1.020014
                          pre_-2 #|
National Health and Medical Rese  |   .4660138   .5051678     0.92   0.356    -.5241059    1.456134
           pre_-2#Wellcome Trust  |   .0285228   .8596946     0.03   0.974    -1.656463    1.713509
         pre_-3#INCa/INSERM/DGOS  |   .3088903   .5639562     0.55   0.584    -.7964536    1.414234
pre_-3#National Cancer Institute  |   .0827057   .4247378     0.19   0.846    -.7497726     .915184
                          pre_-3 #|
National Health and Medical Rese  |   .0614953   .5051677     0.12   0.903    -.9286242    1.051615
           pre_-3#Wellcome Trust  |   .0179157   .8596897     0.02   0.983     -1.66706    1.702892
         pre_-4#INCa/INSERM/DGOS  |   .0862591   .5639561     0.15   0.878    -1.019085    1.191603
pre_-4#National Cancer Institute  |   .1322643   .4247378     0.31   0.755     -.700214    .9647426
                          pre_-4 #|
National Health and Medical Rese  |   .1390865   .5051676     0.28   0.783    -.8510329    1.129206
           pre_-4#Wellcome Trust  |   .1180347   .8596867     0.14   0.891    -1.566936    1.803005
          pre_0#INCa/INSERM/DGOS  |   1.741341   .5639567     3.09   0.002     .6359957    2.846685
 pre_0#National Cancer Institute  |   .5812814   .4247378     1.37   0.171    -.2511969     1.41376
                           pre_0 #|
National Health and Medical Rese  |    .883684   .5051681     1.75   0.080    -.1064363    1.873804
            pre_0#Wellcome Trust  |   .0892244   .8597106     0.10   0.917    -1.595793    1.774242
                                  |
                   rsr_career_age |   .4469147   .0060176    74.27   0.000     .4351204    .4587091
                 rsr_career_age_2 |  -.0070354   .0001613   -43.63   0.000    -.0073515   -.0067193
                                  |
              orcid_confirmed_cat |
                            True  |  -1.109745   .2177464    -5.10   0.000    -1.536524   -.6829659
                                  |
                       gender_cat |
                               F  |  -.8827174   .0718501   -12.29   0.000    -1.023542   -.7418925
                               M  |   .2708331   .0666541     4.06   0.000     .1401922     .401474
                                  |
                       start_year |
                            2008  |  -.0785387   .0747484    -1.05   0.293    -.2250443    .0679668
                            2009  |   .1970991   .0724253     2.72   0.007     .0551469    .3390514
                            2010  |   .3571157   .0788092     4.53   0.000     .2026512    .5115802
                            2011  |   .0583027   .0798267     0.73   0.465    -.0981562    .2147615
                            2012  |  -.1810758   .0819624    -2.21   0.027    -.3417206    -.020431
                                  |
                            _cons |   .6948047    .296439     2.34   0.019     .1137897     1.27582
---------------------------------------------------------------------------------------------------
(est9 stored)

added macro:
          e(CountryFE) : "No"

added macro:
      e(AffiliationFE) : "No"

added macro:
       e(ResearcherFE) : "No"
       panel variable:  rsr_affiliation_id (unbalanced)

Fixed-effects (within) regression               Number of obs     =    132,913
Group variable: rsr_affili~d                    Number of groups  =      4,004

R-sq:                                           Obs per group:
     within  = 0.0816                                         min =         11
     between = 0.1304                                         avg =       33.2
     overall = 0.0946                                         max =      2,156

                                                F(19,4003)        =     135.94
corr(u_i, Xb)  = 0.0029                         Prob > F          =     0.0000

                                      (Std. Err. adjusted for 4,004 clusters in rsr_affiliation_id)
---------------------------------------------------------------------------------------------------
                                  |               Robust
                          nb_pubs |      Coef.   Std. Err.      t    P>|t|     [95% Conf. Interval]
----------------------------------+----------------------------------------------------------------
                      1.post_flag |   .6053597    .172704     3.51   0.000     .2667637    .9439558
                                  |
                        funder_id |
                INCa/INSERM/DGOS  |   .9399984   .9069824     1.04   0.300     -.838192    2.718189
       National Cancer Institute  |   .9322359    .367159     2.54   0.011     .2123998    1.652072
National Health and Medical Rese  |   1.174117   .5452909     2.15   0.031     .1050434    2.243191
                  Wellcome Trust  |   .8374879   .3976439     2.11   0.035     .0578845    1.617091
                                  |
              post_flag#funder_id |
              1#INCa/INSERM/DGOS  |   .7801399    .294312     2.65   0.008     .2031244    1.357155
     1#National Cancer Institute  |   .2462861   .1801467     1.37   0.172    -.1069018     .599474
                               1 #|
National Health and Medical Rese  |   .6593024   .2188373     3.01   0.003     .2302595    1.088345
                1#Wellcome Trust  |  -.4503946   .3126562    -1.44   0.150    -1.063375    .1625857
                                  |
                   rsr_career_age |   .4280314   .0158184    27.06   0.000     .3970185    .4590443
                 rsr_career_age_2 |   -.006329   .0004582   -13.81   0.000    -.0072273   -.0054308
                                  |
              orcid_confirmed_cat |
                            True  |  -.8993383   .7026489    -1.28   0.201    -2.276921    .4782448
                                  |
                       gender_cat |
                               F  |  -.7240871   .1776784    -4.08   0.000    -1.072436   -.3757386
                               M  |   .3853941   .1700684     2.27   0.023     .0519653    .7188228
                                  |
                       start_year |
                            2008  |   -.139373   .2349431    -0.59   0.553    -.5999924    .3212463
                            2009  |    .166608   .2093923     0.80   0.426    -.2439175    .5771335
                            2010  |   .1790686   .2307923     0.78   0.438    -.2734127    .6315499
                            2011  |   .0157411   .2416482     0.07   0.948    -.4580239    .4895061
                            2012  |  -.1680405    .201587    -0.83   0.405    -.5632632    .2271822
                                  |
                            _cons |   .6163549   .4089948     1.51   0.132    -.1855026    1.418212
----------------------------------+----------------------------------------------------------------
                          sigma_u |  6.0250311
                          sigma_e |  7.5856306
                              rho |   .3868278   (fraction of variance due to u_i)
---------------------------------------------------------------------------------------------------
(est10 stored)

added macro:
          e(CountryFE) : "No"

added macro:
      e(AffiliationFE) : "Yes"

added macro:
       e(ResearcherFE) : "No"
       panel variable:  rsr_affiliation_id (unbalanced)

Fixed-effects (within) regression               Number of obs     =    132,913
Group variable: rsr_affili~d                    Number of groups  =      4,004

R-sq:                                           Obs per group:
     within  = 0.0819                                         min =         11
     between = 0.1304                                         avg =       33.2
     overall = 0.0948                                         max =      2,156

                                                F(39,4003)        =      71.43
corr(u_i, Xb)  = 0.0039                         Prob > F          =     0.0000

                                      (Std. Err. adjusted for 4,004 clusters in rsr_affiliation_id)
---------------------------------------------------------------------------------------------------
                                  |               Robust
                          nb_pubs |      Coef.   Std. Err.      t    P>|t|     [95% Conf. Interval]
----------------------------------+----------------------------------------------------------------
                        post_year |
                          post_1  |   .1969664   .1352512     1.46   0.145    -.0682012     .462134
                          post_2  |   .4042791   .1819256     2.22   0.026     .0476037    .7609545
                          post_3  |    .780066   .1987934     3.92   0.000     .3903203    1.169812
                          post_4  |   1.090606   .2594557     4.20   0.000     .5819286    1.599284
                          post_5  |   .5893882   .2498466     2.36   0.018     .0995497    1.079227
                                  |
                        funder_id |
                INCa/INSERM/DGOS  |   .9413201   .9068979     1.04   0.299    -.8367047    2.719345
       National Cancer Institute  |   .9343662   .3670489     2.55   0.011      .214746    1.653986
National Health and Medical Rese  |   1.176202   .5454237     2.16   0.031     .1068682    2.245536
                  Wellcome Trust  |   .8335617   .3971978     2.10   0.036      .054833    1.612291
                                  |
              post_year#funder_id |
         post_1#INCa/INSERM/DGOS  |    .713134   .2466047     2.89   0.004     .2296515    1.196617
post_1#National Cancer Institute  |    .572709   .1859944     3.08   0.002     .2080564    .9373617
                          post_1 #|
National Health and Medical Rese  |   .6706575   .2519758     2.66   0.008     .1766447     1.16467
           post_1#Wellcome Trust  |  -.1214346   .2861928    -0.42   0.671    -.6825318    .4396625
         post_2#INCa/INSERM/DGOS  |   .9337674   .3042305     3.07   0.002     .3373062    1.530229
post_2#National Cancer Institute  |   .3523061    .194513     1.81   0.070    -.0290477      .73366
                          post_2 #|
National Health and Medical Rese  |   .5297095   .2252695     2.35   0.019     .0880559    .9713631
           post_2#Wellcome Trust  |  -.5190814    .339997    -1.53   0.127    -1.185665    .1475019
         post_3#INCa/INSERM/DGOS  |   .6287837    .353616     1.78   0.075    -.0645006    1.322068
post_3#National Cancer Institute  |   .1345214   .2148032     0.63   0.531    -.2866126    .5556553
                          post_3 #|
National Health and Medical Rese  |   .4150603   .2501004     1.66   0.097    -.0752757    .9053963
           post_3#Wellcome Trust  |  -.5868279   .3557698    -1.65   0.099    -1.284335     .110679
         post_4#INCa/INSERM/DGOS  |   .5286217   .3954747     1.34   0.181    -.2467288    1.303972
post_4#National Cancer Institute  |  -.0673209   .2716404    -0.25   0.804    -.5998873    .4652454
                          post_4 #|
National Health and Medical Rese  |   .7081949   .3456511     2.05   0.041     .0305264    1.385863
           post_4#Wellcome Trust  |  -.3480959   .7636458    -0.46   0.649    -1.845267    1.149075
         post_5#INCa/INSERM/DGOS  |   1.096423   .3931666     2.79   0.005     .3255976    1.867249
post_5#National Cancer Institute  |   .2392126   .2596529     0.92   0.357    -.2698517    .7482769
                          post_5 #|
National Health and Medical Rese  |   .9728642   .3161534     3.08   0.002     .3530275    1.592701
           post_5#Wellcome Trust  |  -.6767821   .4069754    -1.66   0.096    -1.474681    .1211164
                                  |
                   rsr_career_age |     .42681   .0158114    26.99   0.000     .3958108    .4578091
                 rsr_career_age_2 |  -.0063301   .0004584   -13.81   0.000    -.0072288   -.0054315
                                  |
              orcid_confirmed_cat |
                            True  |  -.8982251   .7031786    -1.28   0.202    -2.276847    .4803964
                                  |
                       gender_cat |
                               F  |  -.7237608   .1777112    -4.07   0.000    -1.072174    -.375348
                               M  |   .3904136   .1701254     2.29   0.022      .056873    .7239541
                                  |
                       start_year |
                            2008  |  -.1396385   .2350051    -0.59   0.552    -.6003795    .3211024
                            2009  |   .1680396   .2094578     0.80   0.422    -.2426143    .5786935
                            2010  |   .1787213   .2308029     0.77   0.439    -.2737808    .6312234
                            2011  |   .0160084   .2416667     0.07   0.947    -.4577928    .4898097
                            2012  |  -.1686839   .2016154    -0.84   0.403    -.5639624    .2265946
                                  |
                            _cons |   .6267174   .4093469     1.53   0.126    -.1758304    1.429265
----------------------------------+----------------------------------------------------------------
                          sigma_u |  6.0249599
                          sigma_e |  7.5850571
                              rho |  .38685805   (fraction of variance due to u_i)
---------------------------------------------------------------------------------------------------
(est11 stored)

added macro:
          e(CountryFE) : "No"

added macro:
      e(AffiliationFE) : "Yes"

added macro:
       e(ResearcherFE) : "No"
       panel variable:  rsr_affiliation_id (unbalanced)

Fixed-effects (within) regression               Number of obs     =    132,913
Group variable: rsr_affili~d                    Number of groups  =      4,004

R-sq:                                           Obs per group:
     within  = 0.0825                                         min =         11
     between = 0.1303                                         avg =       33.2
     overall = 0.0952                                         max =      2,156

                                                F(64,4003)        =      47.46
corr(u_i, Xb)  = 0.0070                         Prob > F          =     0.0000

                                      (Std. Err. adjusted for 4,004 clusters in rsr_affiliation_id)
---------------------------------------------------------------------------------------------------
                                  |               Robust
                          nb_pubs |      Coef.   Std. Err.      t    P>|t|     [95% Conf. Interval]
----------------------------------+----------------------------------------------------------------
                    pre_post_year |
                          post_1  |   .2808348   .2052897     1.37   0.171    -.1216473    .6833169
                          post_2  |   .4920516   .2521046     1.95   0.051    -.0022137     .986317
                          post_3  |   .8714501   .2614685     3.33   0.001     .3588262    1.384074
                          post_4  |   1.185309   .3218833     3.68   0.000     .5542388     1.81638
                          post_5  |   .6871175   .3168949     2.17   0.030     .0658271    1.308408
                          pre_-1  |   .1908532   .1795495     1.06   0.288    -.1611638    .5428701
                          pre_-2  |   .0992976   .1464919     0.68   0.498    -.1879081    .3865033
                          pre_-3  |   .1433656   .1289382     1.11   0.266    -.1094251    .3961563
                          pre_-4  |   -.021129   .1211302    -0.17   0.862    -.2586116    .2163537
                           pre_0  |  -.0075491   .1867726    -0.04   0.968    -.3737275    .3586292
                                  |
                        funder_id |
                INCa/INSERM/DGOS  |   .3335666   .9160551     0.36   0.716    -1.462411    2.129545
       National Cancer Institute  |   .7291982   .3694623     1.97   0.048     .0048464     1.45355
National Health and Medical Rese  |   .8330763   .5414662     1.54   0.124    -.2284989    1.894652
                  Wellcome Trust  |   .8020043   .4347203     1.84   0.065    -.0502895    1.654298
                                  |
          pre_post_year#funder_id |
         post_1#INCa/INSERM/DGOS  |   1.324287   .3195285     4.14   0.000     .6978327     1.95074
post_1#National Cancer Institute  |   .7820447   .2416668     3.24   0.001     .3082433    1.255846
                          post_1 #|
National Health and Medical Rese  |   1.018542   .3099443     3.29   0.001     .4108781    1.626205
           post_1#Wellcome Trust  |  -.1091556   .4056751    -0.27   0.788    -.9045047    .6861935
         post_2#INCa/INSERM/DGOS  |   1.544774   .3763801     4.10   0.000     .8068595    2.282689
post_2#National Cancer Institute  |   .5616523   .2628083     2.14   0.033     .0464017    1.076903
                          post_2 #|
National Health and Medical Rese  |   .8777167   .2963262     2.96   0.003     .2967523    1.458681
           post_2#Wellcome Trust  |  -.5056151   .4463744    -1.13   0.257    -1.380757    .3695272
         post_3#INCa/INSERM/DGOS  |   1.239645   .4167077     2.97   0.003     .4226656    2.056624
post_3#National Cancer Institute  |    .343878    .272408     1.26   0.207    -.1901933    .8779493
                          post_3 #|
National Health and Medical Rese  |   .7631907   .3185652     2.40   0.017     .1386255    1.387756
           post_3#Wellcome Trust  |  -.5721743   .4605679    -1.24   0.214    -1.475144    .3307953
         post_4#INCa/INSERM/DGOS  |   1.139337   .4607822     2.47   0.013     .2359472    2.042726
post_4#National Cancer Institute  |   .1420461   .3329845     0.43   0.670    -.5107888    .7948811
                          post_4 #|
National Health and Medical Rese  |   1.056448   .4046779     2.61   0.009     .2630544    1.849842
           post_4#Wellcome Trust  |   -.332255   .7877818    -0.42   0.673    -1.876746    1.212236
         post_5#INCa/INSERM/DGOS  |   1.706992   .4610372     3.70   0.000     .8031028    2.610882
post_5#National Cancer Institute  |   .4485901    .324795     1.38   0.167    -.1881889    1.085369
                          post_5 #|
National Health and Medical Rese  |   1.321241   .3836578     3.44   0.001     .5690579    2.073424
           post_5#Wellcome Trust  |  -.6597539   .5081518    -1.30   0.194    -1.656014    .3365065
         pre_-1#INCa/INSERM/DGOS  |   .9807416   .2643509     3.71   0.000     .4624666    1.499017
pre_-1#National Cancer Institute  |   .2713371   .1840929     1.47   0.141    -.0895875    .6322618
                          pre_-1 #|
National Health and Medical Rese  |   .5265534   .2118445     2.49   0.013     .1112202    .9418866
           pre_-1#Wellcome Trust  |  -.2809732   .2976979    -0.94   0.345    -.8646268    .3026803
         pre_-2#INCa/INSERM/DGOS  |    .559534   .2067454     2.71   0.007     .1541979    .9648701
pre_-2#National Cancer Institute  |   .1877186   .1549831     1.21   0.226    -.1161345    .4915717
                          pre_-2 #|
National Health and Medical Rese  |   .4681643   .1779106     2.63   0.009     .1193605    .8169681
           pre_-2#Wellcome Trust  |   .0492546   .2922855     0.17   0.866    -.5237878    .6222971
         pre_-3#INCa/INSERM/DGOS  |   .3071931   .1910223     1.61   0.108    -.0673169    .6817031
pre_-3#National Cancer Institute  |   .0828275   .1363103     0.61   0.543    -.1844167    .3500717
                          pre_-3 #|
National Health and Medical Rese  |   .0629289   .1606724     0.39   0.695    -.2520784    .3779363
           pre_-3#Wellcome Trust  |   .0317369   .2451609     0.13   0.897    -.4489149    .5123888
         pre_-4#INCa/INSERM/DGOS  |   .0854105   .1849241     0.46   0.644    -.2771438    .4479647
pre_-4#National Cancer Institute  |   .1323252   .1253939     1.06   0.291    -.1135167     .378167
                          pre_-4 #|
National Health and Medical Rese  |   .1398033   .1526134     0.92   0.360    -.1594039    .4390105
           pre_-4#Wellcome Trust  |   .1249453   .2292178     0.55   0.586    -.3244492    .5743399
          pre_0#INCa/INSERM/DGOS  |   1.737098   .6497324     2.67   0.008     .4632603    3.010935
 pre_0#National Cancer Institute  |   .5815859   .1992074     2.92   0.004     .1910285    .9721434
                           pre_0 #|
National Health and Medical Rese  |   .8872681   .2154198     4.12   0.000     .4649254    1.309611
            pre_0#Wellcome Trust  |   .1237775   .3617826     0.34   0.732    -.5855178    .8330728
                                  |
                   rsr_career_age |   .4181399   .0160323    26.08   0.000     .3867077    .4495721
                 rsr_career_age_2 |  -.0061839   .0004595   -13.46   0.000    -.0070848   -.0052829
                                  |
              orcid_confirmed_cat |
                            True  |  -.8913299   .7047743    -1.26   0.206     -2.27308    .4904201
                                  |
                       gender_cat |
                               F  |  -.7244543   .1778919    -4.07   0.000    -1.073222   -.3756871
                               M  |    .403524   .1701404     2.37   0.018     .0699542    .7370939
                                  |
                       start_year |
                            2008  |  -.1412684   .2351998    -0.60   0.548    -.6023909    .3198541
                            2009  |   .1705892   .2095562     0.81   0.416    -.2402577    .5814361
                            2010  |   .1778542   .2307418     0.77   0.441    -.2745283    .6302366
                            2011  |   .0152369   .2417355     0.06   0.950    -.4586992     .489173
                            2012  |  -.1737594   .2016826    -0.86   0.389    -.5691695    .2216507
                                  |
                            _cons |   .6188436   .4048458     1.53   0.126    -.1748796    1.412567
----------------------------------+----------------------------------------------------------------
                          sigma_u |  6.0256888
                          sigma_e |  7.5832935
                              rho |  .38702577   (fraction of variance due to u_i)
---------------------------------------------------------------------------------------------------
(est12 stored)

added macro:
          e(CountryFE) : "No"

added macro:
      e(AffiliationFE) : "Yes"

added macro:
       e(ResearcherFE) : "No"
       panel variable:  person_id (balanced)
note: 2.funder_id omitted because of collinearity
note: 3.funder_id omitted because of collinearity
note: 4.funder_id omitted because of collinearity
note: 5.funder_id omitted because of collinearity

Fixed-effects (within) regression               Number of obs     =    132,913
Group variable: person_id                       Number of groups  =     12,083

R-sq:                                           Obs per group:
     within  = 0.0376                                         min =         11
     between = 0.0012                                         avg =       11.0
     overall = 0.0165                                         max =         11

                                                F(5,12082)        =     445.01
corr(u_i, Xb)  = 0.0017                         Prob > F          =     0.0000

                                              (Std. Err. adjusted for 12,083 clusters in person_id)
---------------------------------------------------------------------------------------------------
                                  |               Robust
                          nb_pubs |      Coef.   Std. Err.      t    P>|t|     [95% Conf. Interval]
----------------------------------+----------------------------------------------------------------
                      1.post_flag |   1.918372   .1459932    13.14   0.000     1.632202    2.204542
                                  |
                        funder_id |
                INCa/INSERM/DGOS  |          0  (omitted)
       National Cancer Institute  |          0  (omitted)
National Health and Medical Rese  |          0  (omitted)
                  Wellcome Trust  |          0  (omitted)
                                  |
              post_flag#funder_id |
              1#INCa/INSERM/DGOS  |   .7454499   .2460024     3.03   0.002     .2632458    1.227654
     1#National Cancer Institute  |   .2487757   .1574728     1.58   0.114    -.0598962    .5574477
                               1 #|
National Health and Medical Rese  |   .6886057   .1882056     3.66   0.000     .3196926    1.057519
                1#Wellcome Trust  |  -.1678959   .3086122    -0.54   0.586    -.7728253    .4370335
                                  |
                            _cons |   5.149314   .0219184   234.93   0.000     5.106351    5.192278
----------------------------------+----------------------------------------------------------------
                          sigma_u |  6.6855903
                          sigma_e |  5.9337314
                              rho |  .55936923   (fraction of variance due to u_i)
---------------------------------------------------------------------------------------------------
(est13 stored)

added macro:
          e(CountryFE) : "No"

added macro:
      e(AffiliationFE) : "No"

added macro:
       e(ResearcherFE) : "Yes"
       panel variable:  person_id (balanced)
note: 2.funder_id omitted because of collinearity
note: 3.funder_id omitted because of collinearity
note: 4.funder_id omitted because of collinearity
note: 5.funder_id omitted because of collinearity

Fixed-effects (within) regression               Number of obs     =    132,913
Group variable: person_id                       Number of groups  =     12,083

R-sq:                                           Obs per group:
     within  = 0.0401                                         min =         11
     between = 0.0012                                         avg =       11.0
     overall = 0.0176                                         max =         11

                                                F(25,12082)       =     101.11
corr(u_i, Xb)  = 0.0017                         Prob > F          =     0.0000

                                              (Std. Err. adjusted for 12,083 clusters in person_id)
---------------------------------------------------------------------------------------------------
                                  |               Robust
                          nb_pubs |      Coef.   Std. Err.      t    P>|t|     [95% Conf. Interval]
----------------------------------+----------------------------------------------------------------
                        post_year |
                          post_1  |   1.087209   .1263711     8.60   0.000     .8395017    1.334917
                          post_2  |   1.515116   .1619186     9.36   0.000      1.19773    1.832503
                          post_3  |   2.098837   .1759864    11.93   0.000     1.753876    2.443799
                          post_4  |   2.604651   .2198036    11.85   0.000     2.173801    3.035501
                          post_5  |   2.286047   .2112999    10.82   0.000     1.871865    2.700228
                                  |
                        funder_id |
                INCa/INSERM/DGOS  |          0  (omitted)
       National Cancer Institute  |          0  (omitted)
National Health and Medical Rese  |          0  (omitted)
                  Wellcome Trust  |          0  (omitted)
                                  |
              post_year#funder_id |
         post_1#INCa/INSERM/DGOS  |   .6910547   .2254695     3.06   0.002     .2490984    1.133011
post_1#National Cancer Institute  |   .5742937    .184573     3.11   0.002     .2125009    .9360864
                          post_1 #|
National Health and Medical Rese  |   .6893083   .2469324     2.79   0.005     .2052811    1.173335
           post_1#Wellcome Trust  |   .0583689    .266705     0.22   0.827    -.4644157    .5811535
         post_2#INCa/INSERM/DGOS  |   .9053797   .2746511     3.30   0.001     .3670195     1.44374
post_2#National Cancer Institute  |   .3543435   .1745415     2.03   0.042     .0122141    .6964729
                          post_2 #|
National Health and Medical Rese  |   .5536891    .201931     2.74   0.006      .157872    .9495061
           post_2#Wellcome Trust  |  -.2879054   .3044544    -0.95   0.344    -.8846849    .3088741
         post_3#INCa/INSERM/DGOS  |   .5940877   .2965304     2.00   0.045     .0128406    1.175335
post_3#National Cancer Institute  |   .1370115   .1985837     0.69   0.490    -.2522444    .5262674
                          post_3 #|
National Health and Medical Rese  |   .4443687   .2202895     2.02   0.044     .0125659    .8761715
           post_3#Wellcome Trust  |  -.3042794   .3347788    -0.91   0.363    -.9604996    .3519408
         post_4#INCa/INSERM/DGOS  |   .4876173   .3301856     1.48   0.140    -.1595994    1.134834
post_4#National Cancer Institute  |  -.0643781   .2350263    -0.27   0.784    -.5250674    .3963112
                          post_4 #|
National Health and Medical Rese  |   .7428321   .3187287     2.33   0.020     .1180728    1.367591
           post_4#Wellcome Trust  |   -.014175   .8137917    -0.02   0.986    -1.609337    1.580987
         post_5#INCa/INSERM/DGOS  |    1.04911   .3422069     3.07   0.002     .3783299    1.719891
post_5#National Cancer Institute  |   .2426082   .2243468     1.08   0.280    -.1971476    .6823639
                          post_5 #|
National Health and Medical Rese  |    1.01283   .2611566     3.88   0.000     .5009213    1.524739
           post_5#Wellcome Trust  |  -.2914887   .3925335    -0.74   0.458    -1.060917    .4779398
                                  |
                            _cons |   5.149314     .02192   234.91   0.000     5.106348    5.192281
----------------------------------+----------------------------------------------------------------
                          sigma_u |  6.6855903
                          sigma_e |  5.9262974
                              rho |  .55998712   (fraction of variance due to u_i)
---------------------------------------------------------------------------------------------------
(est14 stored)

added macro:
          e(CountryFE) : "No"

added macro:
      e(AffiliationFE) : "No"

added macro:
       e(ResearcherFE) : "Yes"
       panel variable:  person_id (balanced)
note: 2.funder_id omitted because of collinearity
note: 3.funder_id omitted because of collinearity
note: 4.funder_id omitted because of collinearity
note: 5.funder_id omitted because of collinearity

Fixed-effects (within) regression               Number of obs     =    132,913
Group variable: person_id                       Number of groups  =     12,083

R-sq:                                           Obs per group:
     within  = 0.0481                                         min =         11
     between = 0.0018                                         avg =       11.0
     overall = 0.0215                                         max =         11

                                                F(50,12082)       =      66.36
corr(u_i, Xb)  = 0.0015                         Prob > F          =     0.0000

                                              (Std. Err. adjusted for 12,083 clusters in person_id)
---------------------------------------------------------------------------------------------------
                                  |               Robust
                          nb_pubs |      Coef.   Std. Err.      t    P>|t|     [95% Conf. Interval]
----------------------------------+----------------------------------------------------------------
                    pre_post_year |
                          post_1  |   1.840698   .1819699    10.12   0.000     1.484007    2.197388
                          post_2  |   2.268605   .2125214    10.67   0.000     1.852029    2.685181
                          post_3  |   2.852326   .2208347    12.92   0.000     2.419454    3.285197
                          post_4  |    3.35814    .267836    12.54   0.000     2.833138    3.883141
                          post_5  |   3.039535   .2607601    11.66   0.000     2.528403    3.550667
                          pre_-1  |   1.280233    .165512     7.73   0.000     .9558025    1.604663
                          pre_-2  |   .9348837   .1453699     6.43   0.000     .6499354    1.219832
                          pre_-3  |   .7127907   .1330675     5.36   0.000      .451957    .9736244
                          pre_-4  |   .2697674   .1237737     2.18   0.029     .0271512    .5123837
                           pre_0  |   1.323256   .1684392     7.86   0.000     .9930879    1.653424
                                  |
                        funder_id |
                INCa/INSERM/DGOS  |          0  (omitted)
       National Cancer Institute  |          0  (omitted)
National Health and Medical Rese  |          0  (omitted)
                  Wellcome Trust  |          0  (omitted)
                                  |
          pre_post_year#funder_id |
         post_1#INCa/INSERM/DGOS  |   1.287311    .288815     4.46   0.000     .7211873    1.853435
post_1#National Cancer Institute  |   .7846984   .2302301     3.41   0.001     .3334106    1.235986
                          post_1 #|
National Health and Medical Rese  |   1.049775   .2961978     3.54   0.000     .4691802    1.630371
           post_1#Wellcome Trust  |   .1919554   .3624632     0.53   0.596    -.5185305    .9024413
         post_2#INCa/INSERM/DGOS  |   1.501636     .33036     4.55   0.000     .8540775    2.149195
post_2#National Cancer Institute  |   .5647482   .2265782     2.49   0.013     .1206186    1.008878
                          post_2 #|
National Health and Medical Rese  |   .9141562   .2619398     3.49   0.000     .4007122      1.4276
           post_2#Wellcome Trust  |  -.1543189   .3829921    -0.40   0.687    -.9050449    .5964071
         post_3#INCa/INSERM/DGOS  |   1.190344   .3485946     3.41   0.001     .5070427    1.873645
post_3#National Cancer Institute  |   .3474162   .2432013     1.43   0.153    -.1292973    .8241297
                          post_3 #|
National Health and Medical Rese  |   .8048358   .2758227     2.92   0.004      .264179    1.345493
           post_3#Wellcome Trust  |  -.1706929   .4185206    -0.41   0.683    -.9910604    .6496745
         post_4#INCa/INSERM/DGOS  |   1.083874   .3884378     2.79   0.005     .3224732    1.845274
post_4#National Cancer Institute  |   .1460266   .2839081     0.51   0.607    -.4104789    .7025321
                          post_4 #|
National Health and Medical Rese  |   1.103299   .3680479     3.00   0.003     .3818664    1.824732
           post_4#Wellcome Trust  |   .1194115   .8440865     0.14   0.888    -1.535133    1.773956
         post_5#INCa/INSERM/DGOS  |   1.645367   .3972882     4.14   0.000     .8666181    2.424115
post_5#National Cancer Institute  |   .4530129   .2755641     1.64   0.100    -.0871369    .9931627
                          post_5 #|
National Health and Medical Rese  |   1.373297   .3183322     4.31   0.000      .749315    1.997279
           post_5#Wellcome Trust  |  -.1579022   .4682183    -0.34   0.736    -1.075685    .7598808
         pre_-1#INCa/INSERM/DGOS  |   .9560913   .2591849     3.69   0.000     .4480474    1.464135
pre_-1#National Cancer Institute  |   .2731063   .1738068     1.57   0.116    -.0675829    .6137954
                          pre_-1 #|
National Health and Medical Rese  |    .547376   .2038328     2.69   0.007     .1478309     .946921
           pre_-1#Wellcome Trust  |  -.0802326   .2659876    -0.30   0.763    -.6016109    .4411457
         pre_-2#INCa/INSERM/DGOS  |   .5410463   .2156711     2.51   0.012     .1182963    .9637962
pre_-2#National Cancer Institute  |   .1890454   .1532921     1.23   0.218    -.1114317    .4895225
                          pre_-2 #|
National Health and Medical Rese  |   .4837812   .1841307     2.63   0.009     .1228556    .8447069
           pre_-2#Wellcome Trust  |   .1998102   .2886364     0.69   0.489    -.3659634    .7655838
         pre_-3#INCa/INSERM/DGOS  |   .2948679   .2006038     1.47   0.142    -.0983477    .6880836
pre_-3#National Cancer Institute  |   .0837121   .1401605     0.60   0.550     -.191025    .3584491
                          pre_-3 #|
National Health and Medical Rese  |   .0733402   .1619888     0.45   0.651    -.2441838    .3908642
           pre_-3#Wellcome Trust  |   .1321073    .256146     0.52   0.606    -.3699799    .6341945
         pre_-4#INCa/INSERM/DGOS  |   .0792479   .1853999     0.43   0.669    -.2841657    .4426614
pre_-4#National Cancer Institute  |   .1327675   .1297055     1.02   0.306     -.121476     .387011
                          pre_-4 #|
National Health and Medical Rese  |    .145009   .1486262     0.98   0.329    -.1463222    .4363402
           pre_-4#Wellcome Trust  |   .1751305   .2283198     0.77   0.443    -.2724129    .6226739
          pre_0#INCa/INSERM/DGOS  |   1.706285   .6455594     2.64   0.008     .4408847    2.971685
 pre_0#National Cancer Institute  |   .5837973    .189048     3.09   0.002      .213233    .9543617
                           pre_0 #|
National Health and Medical Rese  |   .9132964   .2082189     4.39   0.000      .505154    1.321439
            pre_0#Wellcome Trust  |   .3747034   .3237321     1.16   0.247    -.2598635     1.00927
                                  |
                            _cons |   4.153604   .0395229   105.09   0.000     4.076133    4.231075
----------------------------------+----------------------------------------------------------------
                          sigma_u |  6.6826238
                          sigma_e |  5.9024238
                              rho |  .56175685   (fraction of variance due to u_i)
---------------------------------------------------------------------------------------------------
(est15 stored)

added macro:
          e(CountryFE) : "No"

added macro:
      e(AffiliationFE) : "No"

added macro:
       e(ResearcherFE) : "Yes"
