----------------------------------------------------------------------------------------------------------------------------------------------------------------------------------------------------------------------------
      name:  <unnamed>
       log:  /Users/nj995/dropbox/projects/2018_helios/output/regression_results/20181116_nb_collab_countries.log
  log type:  text
 opened on:  16 Nov 2018, 17:13:00
(sum of wgt is 132,913)

Linear regression                               Number of obs     =    132,913
                                                F(15, 132897)     =     344.95
                                                Prob > F          =     0.0000
                                                R-squared         =     0.0447
                                                Root MSE          =     3.1248

-----------------------------------------------------------------------------------------------------
                                    |               Robust
                nb_collab_countries |      Coef.   Std. Err.      t    P>|t|     [95% Conf. Interval]
------------------------------------+----------------------------------------------------------------
                        1.post_flag |   1.413643   .0724064    19.52   0.000     1.271728    1.555559
                                    |
                          funder_id |
                  INCa/INSERM/DGOS  |   .0813283   .0523654     1.55   0.120     -.021307    .1839635
         National Cancer Institute  |  -.5137808   .0327957   -15.67   0.000    -.5780599   -.4495018
  National Health and Medical Rese  |  -.0093823   .0428288    -0.22   0.827     -.093326    .0745614
                    Wellcome Trust  |  -.4058962   .0708813    -5.73   0.000    -.5448222   -.2669701
                                    |
                post_flag#funder_id |
                1#INCa/INSERM/DGOS  |   .0461669   .1065871     0.43   0.665    -.1627419    .2550758
       1#National Cancer Institute  |  -.4694624   .0750924    -6.25   0.000    -.6166421   -.3222827
1#National Health and Medical Rese  |   .0547515   .0938831     0.58   0.560    -.1292577    .2387606
                  1#Wellcome Trust  |   .3271729   .1790405     1.83   0.068    -.0237433    .6780891
                                    |
                orcid_confirmed_cat |
                              True  |  -.0788039   .0948014    -0.83   0.406     -.264613    .1070052
                                    |
                         start_year |
                              2008  |  -.0411964   .0233074    -1.77   0.077    -.0868785    .0044856
                              2009  |   .2749594   .0242683    11.33   0.000     .2273939    .3225249
                              2010  |   .2725991   .0278006     9.81   0.000     .2181104    .3270878
                              2011  |   .4107424   .0314779    13.05   0.000     .3490463    .4724384
                              2012  |    .392537   .0332619    11.80   0.000     .3273442    .4577298
                                    |
                              _cons |   1.777583   .0336773    52.78   0.000     1.711576     1.84359
-----------------------------------------------------------------------------------------------------
(est1 stored)

added macro:
             e(YearFE) : "Yes"

added macro:
      e(AffiliationFE) : "No"

added macro:
       e(ResearcherFE) : "No"
(sum of wgt is 132,913)

Linear regression                               Number of obs     =    132,913
                                                F(17, 132895)     =     341.02
                                                Prob > F          =     0.0000
                                                R-squared         =     0.0490
                                                Root MSE          =     3.1178

-----------------------------------------------------------------------------------------------------
                                    |               Robust
                nb_collab_countries |      Coef.   Std. Err.      t    P>|t|     [95% Conf. Interval]
------------------------------------+----------------------------------------------------------------
                        1.post_flag |   1.413643   .0720287    19.63   0.000     1.272468    1.554818
                                    |
                          funder_id |
                  INCa/INSERM/DGOS  |   .0835412   .0521932     1.60   0.109    -.0187566     .185839
         National Cancer Institute  |  -.5003667    .032643   -15.33   0.000    -.5643464   -.4363871
  National Health and Medical Rese  |  -.0003818   .0425572    -0.01   0.993    -.0837931    .0830296
                    Wellcome Trust  |   -.406299   .0701682    -5.79   0.000    -.5438275   -.2687706
                                    |
                post_flag#funder_id |
                1#INCa/INSERM/DGOS  |   .0461669   .1062625     0.43   0.664    -.1621056    .2544395
       1#National Cancer Institute  |  -.4694624   .0747215    -6.28   0.000    -.6159152   -.3230095
1#National Health and Medical Rese  |   .0547515   .0934656     0.59   0.558    -.1284395    .2379425
                  1#Wellcome Trust  |   .3271729   .1780835     1.84   0.066    -.0218674    .6762133
                                    |
                orcid_confirmed_cat |
                              True  |  -.1046214   .0943216    -1.11   0.267      -.28949    .0802472
                                    |
                         gender_cat |
                                 F  |  -.1290854   .0250994    -5.14   0.000    -.1782799    -.079891
                                 M  |   .3284982   .0227134    14.46   0.000     .2839805     .373016
                                    |
                         start_year |
                              2008  |  -.0233111   .0232809    -1.00   0.317    -.0689413    .0223192
                              2009  |   .2791621   .0242081    11.53   0.000     .2317146    .3266095
                              2010  |   .2927233    .027759    10.55   0.000     .2383162    .3471304
                              2011  |   .4378089   .0314664    13.91   0.000     .3761353    .4994824
                              2012  |   .4111952   .0332197    12.38   0.000     .3460851    .4763053
                                    |
                              _cons |    1.61389   .0385549    41.86   0.000     1.538323    1.689457
-----------------------------------------------------------------------------------------------------
(est2 stored)

added macro:
             e(YearFE) : "Yes"

added macro:
      e(AffiliationFE) : "No"

added macro:
       e(ResearcherFE) : "No"
(sum of wgt is 132,913)

Linear regression                               Number of obs     =    132,913
                                                F(19, 132893)     =     899.96
                                                Prob > F          =     0.0000
                                                R-squared         =     0.0968
                                                Root MSE          =     3.0384

-----------------------------------------------------------------------------------------------------
                                    |               Robust
                nb_collab_countries |      Coef.   Std. Err.      t    P>|t|     [95% Conf. Interval]
------------------------------------+----------------------------------------------------------------
                        1.post_flag |   1.004752    .069852    14.38   0.000      .867843     1.14166
                                    |
                          funder_id |
                  INCa/INSERM/DGOS  |   .0646567   .0490517     1.32   0.187    -.0314837    .1607971
         National Cancer Institute  |  -.4803914   .0305169   -15.74   0.000    -.5402041   -.4205788
  National Health and Medical Rese  |   .0326188   .0402018     0.81   0.417    -.0461761    .1114136
                    Wellcome Trust  |   .0189296   .0629357     0.30   0.764    -.1044232    .1422825
                                    |
                post_flag#funder_id |
                1#INCa/INSERM/DGOS  |   .0558787   .1030005     0.54   0.587    -.1460005    .2577579
       1#National Cancer Institute  |  -.4701594   .0724851    -6.49   0.000    -.6122288   -.3280899
1#National Health and Medical Rese  |   .0465478   .0908501     0.51   0.608    -.1315168    .2246124
                  1#Wellcome Trust  |   .2480849   .1692573     1.47   0.143    -.0836563     .579826
                                    |
                orcid_confirmed_cat |
                              True  |  -.1470751   .0918805    -1.60   0.109    -.3271593    .0330091
                                    |
                         gender_cat |
                                 F  |  -.1279645   .0244799    -5.23   0.000    -.1759447   -.0799843
                                 M  |   .0645703   .0223304     2.89   0.004     .0208032    .1083374
                                    |
                     rsr_career_age |   .1273407   .0017242    73.85   0.000     .1239613    .1307201
                   rsr_career_age_2 |  -.0017719   .0000585   -30.30   0.000    -.0018865   -.0016573
                                    |
                         start_year |
                              2008  |   .0113519   .0226922     0.50   0.617    -.0331243    .0558281
                              2009  |   .2272297   .0235449     9.65   0.000     .1810822    .2733772
                              2010  |   .3020928   .0270273    11.18   0.000     .2491197    .3550659
                              2011  |   .4560673   .0306626    14.87   0.000     .3959692    .5161654
                              2012  |   .4850458   .0324388    14.95   0.000     .4214663    .5486252
                                    |
                              _cons |   .6127218   .0371727    16.48   0.000     .5398641    .6855796
-----------------------------------------------------------------------------------------------------
(est3 stored)

added macro:
             e(YearFE) : "Yes"

added macro:
      e(AffiliationFE) : "No"

added macro:
       e(ResearcherFE) : "No"
       panel variable:  person_id (unbalanced)
note: 2.funder_id omitted because of collinearity
note: 3.funder_id omitted because of collinearity
note: 4.funder_id omitted because of collinearity
note: 5.funder_id omitted because of collinearity

Fixed-effects (within) regression               Number of obs     =    132,913
Group variable: person_id                       Number of groups  =     12,083

R-sq:                                           Obs per group:
     within  = 0.0563                                         min =         11
     between = 0.0224                                         avg =       11.0
     overall = 0.0367                                         max =         11

                                                F(5,12082)        =     507.45
corr(u_i, Xb)  = 0.0192                         Prob > F          =     0.0000

                                                (Std. Err. adjusted for 12,083 clusters in person_id)
-----------------------------------------------------------------------------------------------------
                                    |               Robust
                nb_collab_countries |      Coef.   Std. Err.      t    P>|t|     [95% Conf. Interval]
------------------------------------+----------------------------------------------------------------
                        1.post_flag |   1.413643   .0857772    16.48   0.000     1.245506    1.581781
                                    |
                          funder_id |
                  INCa/INSERM/DGOS  |          0  (omitted)
         National Cancer Institute  |          0  (omitted)
  National Health and Medical Rese  |          0  (omitted)
                    Wellcome Trust  |          0  (omitted)
                                    |
                post_flag#funder_id |
                1#INCa/INSERM/DGOS  |   .0461669   .1222643     0.38   0.706    -.1934906    .2858245
       1#National Cancer Institute  |  -.4694624   .0891663    -5.27   0.000    -.6442427   -.2946821
1#National Health and Medical Rese  |   .0547515   .1122836     0.49   0.626    -.1653423    .2748453
                  1#Wellcome Trust  |   .3271729   .2242495     1.46   0.145    -.1123921    .7667379
                                    |
                              _cons |   1.606637   .0099464   161.53   0.000     1.587141    1.626134
------------------------------------+----------------------------------------------------------------
                            sigma_u |  2.1380741
                            sigma_e |  2.4090198
                                rho |  .44062425   (fraction of variance due to u_i)
-----------------------------------------------------------------------------------------------------
(est4 stored)

added macro:
             e(YearFE) : "Yes"

added macro:
      e(AffiliationFE) : "Yes"

added macro:
       e(ResearcherFE) : "Yes"
(sum of wgt is 3,255,139.6510478)

Linear regression                               Number of obs     =     98,197
                                                F(15, 98181)      =     560.53
                                                Prob > F          =     0.0000
                                                R-squared         =     0.3701
                                                Root MSE          =     .52275

-----------------------------------------------------------------------------------------------------
                                    |               Robust
                nb_collab_countries |      Coef.   Std. Err.      t    P>|t|     [95% Conf. Interval]
------------------------------------+----------------------------------------------------------------
                        1.post_flag |   1.724617   .9447705     1.83   0.068    -.1271219    3.576356
                                    |
                          funder_id |
                  INCa/INSERM/DGOS  |  -.5177132   .5824289    -0.89   0.374    -1.659267    .6238406
         National Cancer Institute  |  -.8066336   .5697057    -1.42   0.157     -1.92325    .3099828
  National Health and Medical Rese  |  -.9491275   .5653566    -1.68   0.093     -2.05722    .1589648
                    Wellcome Trust  |   -.815765   .5670764    -1.44   0.150    -1.927228    .2956981
                                    |
                post_flag#funder_id |
                1#INCa/INSERM/DGOS  |  -.2648066   .9481598    -0.28   0.780    -2.123189    1.593575
       1#National Cancer Institute  |  -.5748291   .9523035    -0.60   0.546    -2.441333    1.291675
1#National Health and Medical Rese  |  -1.123862   .9697372    -1.16   0.246    -3.024536    .7768112
                  1#Wellcome Trust  |   -1.44975   .9754088    -1.49   0.137    -3.361539    .4620399
                                    |
                orcid_confirmed_cat |
                              True  |  -.1452709   .0970802    -1.50   0.135     -.335547    .0450051
                                    |
                         start_year |
                              2008  |  -.5820201   .2678169    -2.17   0.030    -1.106938   -.0571021
                              2009  |  -1.896728   .2594965    -7.31   0.000    -2.405338   -1.388118
                              2010  |  -.5145848   .2576768    -2.00   0.046    -1.019628   -.0095414
                              2011  |   .8353752   .3925476     2.13   0.033     .0659865    1.604764
                              2012  |  -.1011346   .2472994    -0.41   0.683    -.5858384    .3835693
                                    |
                              _cons |   2.848286    .706291     4.03   0.000     1.463964    4.232608
-----------------------------------------------------------------------------------------------------
(est5 stored)

added macro:
             e(YearFE) : "Yes"

added macro:
      e(AffiliationFE) : "No"

added macro:
       e(ResearcherFE) : "No"
(sum of wgt is 3,255,139.6510478)

Linear regression                               Number of obs     =     98,197
                                                F(17, 98179)      =     497.00
                                                Prob > F          =     0.0000
                                                R-squared         =     0.3723
                                                Root MSE          =     .52187

-----------------------------------------------------------------------------------------------------
                                    |               Robust
                nb_collab_countries |      Coef.   Std. Err.      t    P>|t|     [95% Conf. Interval]
------------------------------------+----------------------------------------------------------------
                        1.post_flag |   1.724617    .938295     1.84   0.066    -.1144301    3.563664
                                    |
                          funder_id |
                  INCa/INSERM/DGOS  |  -.4782182   .5728957    -0.83   0.404    -1.601087    .6446505
         National Cancer Institute  |  -.7937677   .5585907    -1.42   0.155    -1.888599    .3010633
  National Health and Medical Rese  |  -.9803002   .5631183    -1.74   0.082    -2.084005     .123405
                    Wellcome Trust  |  -.6499505    .546046    -1.19   0.234    -1.720194    .4202931
                                    |
                post_flag#funder_id |
                1#INCa/INSERM/DGOS  |  -.2648066   .9417028    -0.28   0.779    -2.110533     1.58092
       1#National Cancer Institute  |  -.5748291   .9458887    -0.61   0.543     -2.42876    1.279102
1#National Health and Medical Rese  |  -1.123862   .9634303    -1.17   0.243    -3.012174    .7644497
                  1#Wellcome Trust  |   -1.44975   .9667215    -1.50   0.134    -3.344512    .4450129
                                    |
                orcid_confirmed_cat |
                              True  |  -.1534689   .0974983    -1.57   0.115    -.3445644    .0376267
                                    |
                         gender_cat |
                                 F  |  -.6288625   .1312436    -4.79   0.000    -.8860984   -.3716265
                                 M  |  -.0206004   .1812676    -0.11   0.910    -.3758828     .334682
                                    |
                         start_year |
                              2008  |  -.5301843   .2535903    -2.09   0.037    -1.027218   -.0331502
                              2009  |    -1.9861   .2858722    -6.95   0.000    -2.546406   -1.425794
                              2010  |  -.2925019   .2237611    -1.31   0.191    -.7310711    .1460673
                              2011  |   .8815769   .3863147     2.28   0.022     .1244046    1.638749
                              2012  |  -.1051879   .2331872    -0.45   0.652     -.562232    .3518562
                                    |
                              _cons |     2.9896   .6540934     4.57   0.000     1.707584    4.271615
-----------------------------------------------------------------------------------------------------
(est6 stored)

added macro:
             e(YearFE) : "Yes"

added macro:
      e(AffiliationFE) : "No"

added macro:
       e(ResearcherFE) : "No"
(sum of wgt is 3,255,139.6510478)

Linear regression                               Number of obs     =     98,197
                                                F(19, 98177)      =     104.31
                                                Prob > F          =     0.0000
                                                R-squared         =     0.4060
                                                Root MSE          =     .50765

-----------------------------------------------------------------------------------------------------
                                    |               Robust
                nb_collab_countries |      Coef.   Std. Err.      t    P>|t|     [95% Conf. Interval]
------------------------------------+----------------------------------------------------------------
                        1.post_flag |   1.487687   .9216196     1.61   0.106    -.3186766     3.29405
                                    |
                          funder_id |
                  INCa/INSERM/DGOS  |   -.598711   .5712829    -1.05   0.295    -1.718419    .5209968
         National Cancer Institute  |  -.9033585   .5559051    -1.63   0.104    -1.992926    .1862089
  National Health and Medical Rese  |  -1.247207    .626922    -1.99   0.047    -2.475967   -.0184476
                    Wellcome Trust  |  -.8142693   .5560779    -1.46   0.143    -1.904175    .2756368
                                    |
                post_flag#funder_id |
                1#INCa/INSERM/DGOS  |  -.2143255    .919526    -0.23   0.816    -2.016586    1.587935
       1#National Cancer Institute  |   -.527698   .9235236    -0.57   0.568    -2.337793    1.282397
1#National Health and Medical Rese  |  -.5503826   .9390579    -0.59   0.558    -2.390925     1.29016
                  1#Wellcome Trust  |  -1.583142   .9581037    -1.65   0.098    -3.461014    .2947295
                                    |
                orcid_confirmed_cat |
                              True  |   -.077575   .0991052    -0.78   0.434      -.27182      .11667
                                    |
                         gender_cat |
                                 F  |  -.7146985   .1326708    -5.39   0.000    -.9747317   -.4546654
                                 M  |   -.186743      .1743    -1.07   0.284     -.528369     .154883
                                    |
                     rsr_career_age |  -.0624409   .0450094    -1.39   0.165    -.1506587    .0257769
                   rsr_career_age_2 |   .0031172   .0009825     3.17   0.002     .0011915    .0050428
                                    |
                         start_year |
                              2008  |  -.4654701   .2506144    -1.86   0.063    -.9566713    .0257311
                              2009  |  -1.947323   .4105248    -4.74   0.000    -2.751947     -1.1427
                              2010  |  -.3755469    .230846    -1.63   0.104    -.8280023    .0769085
                              2011  |   .8455779   .3762603     2.25   0.025     .1081122    1.583044
                              2012  |  -.0002686   .2395156    -0.00   0.999    -.4697164    .4691792
                                    |
                              _cons |   3.199619   .8125881     3.94   0.000     1.606956    4.792282
-----------------------------------------------------------------------------------------------------
(est7 stored)

added macro:
             e(YearFE) : "Yes"

added macro:
      e(AffiliationFE) : "No"

added macro:
       e(ResearcherFE) : "No"
       panel variable:  person_id (unbalanced)
note: 2.funder_id omitted because of collinearity
note: 3.funder_id omitted because of collinearity
note: 4.funder_id omitted because of collinearity
note: 5.funder_id omitted because of collinearity

Fixed-effects (within) regression               Number of obs     =     98,197
Group variable: person_id                       Number of groups  =      8,927

R-sq:                                           Obs per group:
     within  = 0.3241                                         min =         11
     between = 0.0000                                         avg =       11.0
     overall = 0.0260                                         max =         11

                                                F(5,8926)         =   83959.39
corr(u_i, Xb)  = -0.0126                        Prob > F          =     0.0000

                                                 (Std. Err. adjusted for 8,927 clusters in person_id)
-----------------------------------------------------------------------------------------------------
                                    |               Robust
                nb_collab_countries |      Coef.   Std. Err.      t    P>|t|     [95% Conf. Interval]
------------------------------------+----------------------------------------------------------------
                        1.post_flag |   1.724617   .2185569     7.89   0.000     1.296195    2.153039
                                    |
                          funder_id |
                  INCa/INSERM/DGOS  |          0  (omitted)
         National Cancer Institute  |          0  (omitted)
  National Health and Medical Rese  |          0  (omitted)
                    Wellcome Trust  |          0  (omitted)
                                    |
                post_flag#funder_id |
                1#INCa/INSERM/DGOS  |  -.2648066   .2352834    -1.13   0.260    -.7260161    .1964028
       1#National Cancer Institute  |  -.5748291   .2594353    -2.22   0.027    -1.083382   -.0662763
1#National Health and Medical Rese  |  -1.123862   .2185589    -5.14   0.000    -1.552288   -.6954367
                  1#Wellcome Trust  |   -1.44975   .3684575    -3.93   0.000    -2.172011   -.7274883
                                    |
                              _cons |   .0267034   .0006404    41.70   0.000     .0254482    .0279587
------------------------------------+----------------------------------------------------------------
                            sigma_u |  2.2098895
                            sigma_e |  .46158453
                                rho |   .9581962   (fraction of variance due to u_i)
-----------------------------------------------------------------------------------------------------
(est8 stored)

added macro:
             e(YearFE) : "Yes"

added macro:
      e(AffiliationFE) : "Yes"

added macro:
       e(ResearcherFE) : "Yes"
