----------------------------------------------------------------------------------------------------
      name:  <unnamed>
       log:  /Users/nj995/dropbox/projects/2018_helios/output/regression_results/20181115_citations_
> per_pub.log
  log type:  text
 opened on:  15 Nov 2018, 11:29:55

      Source |       SS           df       MS      Number of obs   =   112,221
-------------+----------------------------------   F(15, 112205)   =    286.13
       Model |  33684899.2        15  2245659.95   Prob > F        =    0.0000
    Residual |   880618559   112,205  7848.30051   R-squared       =    0.0368
-------------+----------------------------------   Adj R-squared   =    0.0367
       Total |   914303458   112,220  8147.41987   Root MSE        =    88.591

---------------------------------------------------------------------------------------------------
                citations_per_pub |      Coef.   Std. Err.      t    P>|t|     [95% Conf. Interval]
----------------------------------+----------------------------------------------------------------
                      1.post_flag |  -27.33621   1.978239   -13.82   0.000    -31.21353   -23.45889
                                  |
                        funder_id |
                INCa/INSERM/DGOS  |  -20.95209   1.942008   -10.79   0.000     -24.7584   -17.14578
       National Cancer Institute  |   1.221109   1.430797     0.85   0.393    -1.583231    4.025449
National Health and Medical Rese  |  -6.642075   1.701434    -3.90   0.000     -9.97686   -3.307289
                  Wellcome Trust  |  -3.055469   3.221571    -0.95   0.343      -9.3697    3.258762
                                  |
              post_flag#funder_id |
              1#INCa/INSERM/DGOS  |   8.449541   2.739699     3.08   0.002     3.079772    13.81931
     1#National Cancer Institute  |   -3.32286   2.076437    -1.60   0.110    -7.392646    .7469256
                               1 #|
National Health and Medical Rese  |   .5870855   2.467186     0.24   0.812    -4.248563    5.422734
                1#Wellcome Trust  |   5.847294   4.542556     1.29   0.198    -3.056048    14.75064
                                  |
              orcid_confirmed_cat |
                            True  |   8.359215   2.437595     3.43   0.001     3.581566    13.13686
                                  |
                       start_year |
                            2008  |  -6.486264   .8584486    -7.56   0.000    -8.168811   -4.803718
                            2009  |  -6.004322   .8260139    -7.27   0.000    -7.623296   -4.385347
                            2010  |  -14.17712   .9024604   -15.71   0.000    -15.94593   -12.40831
                            2011  |  -19.13878   .9139587   -20.94   0.000    -20.93013   -17.34744
                            2012  |  -24.66201   .9471684   -26.04   0.000    -26.51845   -22.80558
                                  |
                            _cons |   74.34534   1.426511    52.12   0.000      71.5494    77.14128
---------------------------------------------------------------------------------------------------
(est1 stored)

added macro:
          e(CountryFE) : "No"

added macro:
      e(AffiliationFE) : "No"

added macro:
       e(ResearcherFE) : "No"

      Source |       SS           df       MS      Number of obs   =   112,221
-------------+----------------------------------   F(35, 112185)   =    135.58
       Model |  37105532.5        35  1060158.07   Prob > F        =    0.0000
    Residual |   877197925   112,185  7819.20868   R-squared       =    0.0406
-------------+----------------------------------   Adj R-squared   =    0.0403
       Total |   914303458   112,220  8147.41987   Root MSE        =    88.426

---------------------------------------------------------------------------------------------------
                citations_per_pub |      Coef.   Std. Err.      t    P>|t|     [95% Conf. Interval]
----------------------------------+----------------------------------------------------------------
                        post_year |
                          post_1  |  -20.47504   3.484641    -5.88   0.000    -27.30489    -13.6452
                          post_2  |  -23.56588    3.50035    -6.73   0.000    -30.42652   -16.70525
                          post_3  |  -28.56376   3.474946    -8.22   0.000     -35.3746   -21.75291
                          post_4  |  -31.96124   3.452103    -9.26   0.000    -38.72731   -25.19517
                          post_5  |  -32.02583   3.504324    -9.14   0.000    -38.89425   -25.15741
                                  |
                        funder_id |
                INCa/INSERM/DGOS  |  -20.95459   1.938407   -10.81   0.000    -24.75384   -17.15534
       National Cancer Institute  |   1.227946   1.428142     0.86   0.390    -1.571192    4.027084
National Health and Medical Rese  |  -6.638237   1.698278    -3.91   0.000    -9.966837   -3.309638
                  Wellcome Trust  |  -3.049772   3.215595    -0.95   0.343    -9.352289    3.252746
                                  |
              post_year#funder_id |
         post_1#INCa/INSERM/DGOS  |   7.342358   4.827179     1.52   0.128    -2.118841    16.80356
post_1#National Cancer Institute  |   1.799722   3.657568     0.49   0.623    -5.369056    8.968501
                          post_1 #|
National Health and Medical Rese  |   2.780567   4.346067     0.64   0.522     -5.73766    11.29879
           post_1#Wellcome Trust  |   17.91481   8.064866     2.22   0.026     2.107794    33.72183
         post_2#INCa/INSERM/DGOS  |   9.659275   4.840858     2.00   0.046     .1712663    19.14728
post_2#National Cancer Institute  |  -.6714526   3.670674    -0.18   0.855    -7.865918    6.523013
                          post_2 #|
National Health and Medical Rese  |   2.793056   4.348297     0.64   0.521    -5.729542    11.31565
           post_2#Wellcome Trust  |   7.403865   7.965685     0.93   0.353     -8.20876    23.01649
         post_3#INCa/INSERM/DGOS  |   9.648961    4.80264     2.01   0.045     .2358595    19.06206
post_3#National Cancer Institute  |  -1.869496    3.64699    -0.51   0.608    -9.017541     5.27855
                          post_3 #|
National Health and Medical Rese  |   1.697721   4.333994     0.39   0.695    -6.796843    10.19228
           post_3#Wellcome Trust  |   8.472127   7.911142     1.07   0.284    -7.033593    23.97785
         post_4#INCa/INSERM/DGOS  |   9.102403   4.793098     1.90   0.058    -.2919986     18.4968
post_4#National Cancer Institute  |  -5.561716   3.625702    -1.53   0.125    -12.66804    1.544607
                          post_4 #|
National Health and Medical Rese  |  -.3804887   4.307691    -0.09   0.930    -8.823498    8.062521
           post_4#Wellcome Trust  |    3.12223   7.650575     0.41   0.683    -11.87278    18.11724
         post_5#INCa/INSERM/DGOS  |   6.557936   4.827379     1.36   0.174    -2.903656    16.01953
post_5#National Cancer Institute  |  -10.59571   3.678121    -2.88   0.004    -17.80477   -3.386651
                          post_5 #|
National Health and Medical Rese  |  -3.976368   4.358062    -0.91   0.362     -12.5181    4.565369
           post_5#Wellcome Trust  |  -4.382598   7.674296    -0.57   0.568     -19.4241    10.65891
                                  |
              orcid_confirmed_cat |
                            True  |   8.382393   2.433108     3.45   0.001     3.613538    13.15125
                                  |
                       start_year |
                            2008  |  -6.493023   .8568612    -7.58   0.000    -8.172458   -4.813587
                            2009  |  -6.073209   .8244943    -7.37   0.000    -7.689205   -4.457212
                            2010  |  -14.17981   .9008007   -15.74   0.000    -15.94537   -12.41426
                            2011  |   -19.1738   .9122727   -21.02   0.000    -20.96184   -17.38576
                            2012  |  -24.69984   .9454186   -26.13   0.000    -26.55285   -22.84683
                                  |
                            _cons |   74.36504   1.423866    52.23   0.000     71.57428    77.15579
---------------------------------------------------------------------------------------------------
(est2 stored)

added macro:
          e(CountryFE) : "No"

added macro:
      e(AffiliationFE) : "No"

added macro:
       e(ResearcherFE) : "No"

      Source |       SS           df       MS      Number of obs   =   112,221
-------------+----------------------------------   F(60, 112160)   =     86.58
       Model |  40473378.6        60   674556.31   Prob > F        =    0.0000
    Residual |   873830079   112,160  7790.92439   R-squared       =    0.0443
-------------+----------------------------------   Adj R-squared   =    0.0438
       Total |   914303458   112,220  8147.41987   Root MSE        =    88.266

---------------------------------------------------------------------------------------------------
                citations_per_pub |      Coef.   Std. Err.      t    P>|t|     [95% Conf. Interval]
----------------------------------+----------------------------------------------------------------
                    pre_post_year |
                          post_1  |  -25.13157   4.692111    -5.36   0.000    -34.32804    -15.9351
                          post_2  |  -28.22248   4.703743    -6.00   0.000    -37.44174   -19.00321
                          post_3  |  -33.21966   4.684937    -7.09   0.000    -42.40207   -24.03725
                          post_4  |  -36.61749   4.668081    -7.84   0.000    -45.76686   -27.46812
                          post_5  |  -36.68209   4.706689    -7.79   0.000    -45.90713   -27.45705
                          pre_-1  |  -11.76079   4.717096    -2.49   0.013    -21.00623   -2.515356
                          pre_-2  |  -.4381563   4.744688    -0.09   0.926    -9.737674    8.861361
                          pre_-3  |   2.032318   4.775149     0.43   0.670    -7.326904    11.39154
                          pre_-4  |   -2.39044   4.829858    -0.49   0.621    -11.85689    7.076009
                           pre_0  |  -14.24894   4.718602    -3.02   0.003    -23.49733   -5.000553
                                  |
                        funder_id |
                INCa/INSERM/DGOS  |  -18.17805   4.785417    -3.80   0.000    -27.55739   -8.798698
       National Cancer Institute  |   7.075998   3.603893     1.96   0.050      .012422    14.13957
National Health and Medical Rese  |  -3.958091    4.31697    -0.92   0.359    -12.41929    4.503105
                  Wellcome Trust  |  -4.951443   8.336112    -0.59   0.553     -21.2901    11.38721
                                  |
          pre_post_year#funder_id |
         post_1#INCa/INSERM/DGOS  |   4.556363   6.508809     0.70   0.484    -8.200807    17.31353
post_1#National Cancer Institute  |  -4.051559   4.927965    -0.82   0.411     -13.7103    5.607179
                          post_1 #|
National Health and Medical Rese  |   .0892033   5.880776     0.02   0.988    -11.43703    11.61544
           post_1#Wellcome Trust  |   19.79725   11.13527     1.78   0.075    -2.027706     41.6222
         post_2#INCa/INSERM/DGOS  |   6.874003   6.518897     1.05   0.292    -5.902938    19.65094
post_2#National Cancer Institute  |  -6.522583    4.93766    -1.32   0.187    -16.20032    3.155157
                          post_2 #|
National Health and Medical Rese  |   .1020871   5.882398     0.02   0.986    -11.42733     11.6315
           post_2#Wellcome Trust  |   9.286452   11.06389     0.84   0.401    -12.39861    30.97152
         post_3#INCa/INSERM/DGOS  |   6.861886    6.49067     1.06   0.290     -5.85973     19.5835
post_3#National Cancer Institute  |  -7.721304   4.920153    -1.57   0.117    -17.36473    1.922123
                          post_3 #|
National Health and Medical Rese  |  -.9945686   5.871886    -0.17   0.865    -12.50338    10.51424
           post_3#Wellcome Trust  |   10.35001   11.02481     0.94   0.348    -11.25845    31.95847
         post_4#INCa/INSERM/DGOS  |   6.315791   6.483646     0.97   0.330    -6.392057    19.02364
post_4#National Cancer Institute  |  -11.41346   4.904452    -2.33   0.020    -21.02612    -1.80081
                          post_4 #|
National Health and Medical Rese  |   -3.07208   5.852578    -0.52   0.600    -14.54305    8.398885
           post_4#Wellcome Trust  |   5.002852   10.84004     0.46   0.644    -16.24347    26.24917
         post_5#INCa/INSERM/DGOS  |   3.771314   6.508925     0.58   0.562    -8.986082    16.52871
post_5#National Cancer Institute  |  -16.44733   4.943185    -3.33   0.001     -26.1359   -6.758761
                          post_5 #|
National Health and Medical Rese  |  -6.668002   5.889613    -1.13   0.258    -18.21156    4.875551
           post_5#Wellcome Trust  |  -2.501811   10.85674    -0.23   0.818    -23.78087    18.77724
         pre_-1#INCa/INSERM/DGOS  |   1.355603   6.540092     0.21   0.836    -11.46288    14.17409
pre_-1#National Cancer Institute  |  -5.290866   4.954648    -1.07   0.286     -15.0019    4.420171
                          pre_-1 #|
National Health and Medical Rese  |   .3597719   5.912993     0.06   0.951    -11.22961    11.94915
           pre_-1#Wellcome Trust  |  -2.074137   11.26477    -0.18   0.854    -24.15292    20.00465
         pre_-2#INCa/INSERM/DGOS  |  -5.367697   6.585117    -0.82   0.415    -18.27443    7.539036
pre_-2#National Cancer Institute  |  -10.77923    4.98342    -2.16   0.031    -20.54665   -1.011795
                          pre_-2 #|
National Health and Medical Rese  |  -3.466848   5.947472    -0.58   0.560     -15.1238    8.190109
           pre_-2#Wellcome Trust  |  -8.231983   11.30171    -0.73   0.466    -30.38317     13.9192
         pre_-3#INCa/INSERM/DGOS  |  -11.93647   6.652629    -1.79   0.073    -24.97552    1.102583
pre_-3#National Cancer Institute  |  -9.474402   5.016146    -1.89   0.059    -19.30597    .3571701
                          pre_-3 #|
National Health and Medical Rese  |  -9.095623   5.998061    -1.52   0.129    -20.85173    2.660486
           pre_-3#Wellcome Trust  |   16.37733    11.5088     1.42   0.155     -6.17975    38.93441
         pre_-4#INCa/INSERM/DGOS  |  -1.635602   6.699551    -0.24   0.807    -14.76662    11.49542
pre_-4#National Cancer Institute  |   .5734011   5.071662     0.11   0.910    -9.366981    10.51378
                          pre_-4 #|
National Health and Medical Rese  |  -1.736761    6.05687    -0.29   0.774    -13.60814    10.13462
           pre_-4#Wellcome Trust  |   9.055352   11.76116     0.77   0.441    -13.99634    32.10705
          pre_0#INCa/INSERM/DGOS  |   .7740595   6.545724     0.12   0.906    -12.05546    13.60358
 pre_0#National Cancer Institute  |   -8.95287   4.955009    -1.81   0.071    -18.66461    .7588737
                           pre_0 #|
National Health and Medical Rese  |  -1.679538   5.907261    -0.28   0.776    -13.25768    9.898605
            pre_0#Wellcome Trust  |   -.344721   11.19251    -0.03   0.975    -22.28187    21.59243
                                  |
              orcid_confirmed_cat |
                            True  |   8.371075   2.428753     3.45   0.001     3.610756    13.13139
                                  |
                       start_year |
                            2008  |  -6.482302   .8553176    -7.58   0.000    -8.158711   -4.805892
                            2009  |  -6.118255   .8230168    -7.43   0.000    -7.731356   -4.505154
                            2010  |  -14.15553    .899182   -15.74   0.000    -15.91791   -12.39314
                            2011  |  -19.12763   .9106326   -21.00   0.000    -20.91245    -17.3428
                            2012  |  -24.59322   .9437291   -26.06   0.000    -26.44291   -22.74352
                                  |
                            _cons |   79.01037   3.455207    22.87   0.000     72.23822    85.78253
---------------------------------------------------------------------------------------------------
(est3 stored)

added macro:
          e(CountryFE) : "No"

added macro:
      e(AffiliationFE) : "No"

added macro:
       e(ResearcherFE) : "No"

      Source |       SS           df       MS      Number of obs   =   112,221
-------------+----------------------------------   F(19, 112201)   =    234.47
       Model |  34915468.1        19  1837656.22   Prob > F        =    0.0000
    Residual |   879387990   112,201  7837.61276   R-squared       =    0.0382
-------------+----------------------------------   Adj R-squared   =    0.0380
       Total |   914303458   112,220  8147.41987   Root MSE        =     88.53

---------------------------------------------------------------------------------------------------
                citations_per_pub |      Coef.   Std. Err.      t    P>|t|     [95% Conf. Interval]
----------------------------------+----------------------------------------------------------------
                      1.post_flag |  -26.21702   1.981649   -13.23   0.000    -30.10102   -22.33302
                                  |
                        funder_id |
                INCa/INSERM/DGOS  |   -20.8544    1.94097   -10.74   0.000    -24.65867   -17.05013
       National Cancer Institute  |   1.197807    1.43265     0.84   0.403    -1.610165     4.00578
National Health and Medical Rese  |  -6.683217    1.70042    -3.93   0.000    -10.01601   -3.350419
                  Wellcome Trust  |  -3.632974    3.21979    -1.13   0.259    -9.943715    2.677766
                                  |
              post_flag#funder_id |
              1#INCa/INSERM/DGOS  |   8.219841   2.737986     3.00   0.003     2.853429    13.58625
     1#National Cancer Institute  |  -3.365273   2.075028    -1.62   0.105    -7.432297    .7017506
                               1 #|
National Health and Medical Rese  |   .6332733   2.465512     0.26   0.797    -4.199093    5.465639
                1#Wellcome Trust  |   5.263186   4.540164     1.16   0.246    -3.635469    14.16184
                                  |
                   rsr_career_age |  -.7374717   .0897507    -8.22   0.000    -.9133819   -.5615616
                 rsr_career_age_2 |   .0147183   .0022262     6.61   0.000      .010355    .0190815
                                  |
              orcid_confirmed_cat |
                            True  |    8.35406   2.436658     3.43   0.001     3.578246    13.12987
                                  |
                       gender_cat |
                               F  |  -1.750731    .834454    -2.10   0.036    -3.386248   -.1152138
                               M  |   4.081889   .7678589     5.32   0.000     2.576897    5.586881
                                  |
                       start_year |
                            2008  |  -6.437634   .8583888    -7.50   0.000    -8.120064   -4.755205
                            2009  |   -5.92109   .8260989    -7.17   0.000    -7.540231   -4.301948
                            2010  |  -14.04933   .9023204   -15.57   0.000    -15.81786   -12.28079
                            2011  |  -18.93936   .9142383   -20.72   0.000    -20.73125   -17.14747
                            2012  |  -24.73132   .9473107   -26.11   0.000    -26.58804   -22.87461
                                  |
                            _cons |   78.75168   1.723828    45.68   0.000       75.373    82.13035
---------------------------------------------------------------------------------------------------
(est4 stored)

added macro:
          e(CountryFE) : "No"

added macro:
      e(AffiliationFE) : "No"

added macro:
       e(ResearcherFE) : "No"

      Source |       SS           df       MS      Number of obs   =   112,221
-------------+----------------------------------   F(39, 112181)   =    125.26
       Model |  38153842.3        39  978303.649   Prob > F        =    0.0000
    Residual |   876149616   112,181  7810.14268   R-squared       =    0.0417
-------------+----------------------------------   Adj R-squared   =    0.0414
       Total |   914303458   112,220  8147.41987   Root MSE        =    88.375

---------------------------------------------------------------------------------------------------
                citations_per_pub |      Coef.   Std. Err.      t    P>|t|     [95% Conf. Interval]
----------------------------------+----------------------------------------------------------------
                        post_year |
                          post_1  |   -19.9549    3.48356    -5.73   0.000    -26.78263   -13.12718
                          post_2  |  -22.80997   3.500099    -6.52   0.000    -29.67011   -15.94983
                          post_3  |  -27.66141   3.475789    -7.96   0.000     -34.4739   -20.84891
                          post_4  |  -30.97676   3.454084    -8.97   0.000    -37.74671   -24.20681
                          post_5  |  -30.95756   3.507463    -8.83   0.000    -37.83213   -24.08298
                                  |
                        funder_id |
                INCa/INSERM/DGOS  |  -20.90358   1.937569   -10.79   0.000    -24.70119   -17.10597
       National Cancer Institute  |   1.189351   1.430137     0.83   0.406    -1.613697    3.992398
National Health and Medical Rese  |  -6.670952   1.697437    -3.93   0.000    -9.997904   -3.343999
                  Wellcome Trust  |  -3.607229   3.214143    -1.12   0.262    -9.906901    2.692443
                                  |
              post_year#funder_id |
         post_1#INCa/INSERM/DGOS  |   7.252245   4.824401     1.50   0.133    -2.203509      16.708
post_1#National Cancer Institute  |   1.822511   3.655449     0.50   0.618    -5.342114    8.987136
                          post_1 #|
National Health and Medical Rese  |   2.875152   4.343556     0.66   0.508    -5.638153    11.38846
           post_1#Wellcome Trust  |   17.60853   8.060314     2.18   0.029     1.810438    33.40663
         post_2#INCa/INSERM/DGOS  |    9.35572   4.838157     1.93   0.053    -.1269953    18.83843
post_2#National Cancer Institute  |   -.736284   3.668553    -0.20   0.841    -7.926594    6.454026
                          post_2 #|
National Health and Medical Rese  |   2.814244   4.345785     0.65   0.517     -5.70343    11.33192
           post_2#Wellcome Trust  |   7.092754   7.961333     0.89   0.373    -8.511341    22.69685
         post_3#INCa/INSERM/DGOS  |    9.42949   4.799986     1.96   0.049     .0215896    18.83739
post_3#National Cancer Institute  |  -1.959705   3.644888    -0.54   0.591    -9.103632    5.184221
                          post_3 #|
National Health and Medical Rese  |   1.655163   4.331483     0.38   0.702    -6.834478    10.14481
           post_3#Wellcome Trust  |   8.001633   7.906956     1.01   0.312    -7.495883    23.49915
         post_4#INCa/INSERM/DGOS  |   8.917899   4.790442     1.86   0.063    -.4712972    18.30709
post_4#National Cancer Institute  |  -5.573625   3.623602    -1.54   0.124    -12.67583    1.528582
                          post_4 #|
National Health and Medical Rese  |  -.3157546   4.305201    -0.07   0.942    -8.753885    8.122376
           post_4#Wellcome Trust  |    2.45702   7.647036     0.32   0.748    -12.53106     17.4451
         post_5#INCa/INSERM/DGOS  |   6.359119   4.824685     1.32   0.187    -3.097192    15.81543
post_5#National Cancer Institute  |  -10.61474    3.67599    -2.89   0.004    -17.81962    -3.40985
                          post_5 #|
National Health and Medical Rese  |  -3.878541   4.355546    -0.89   0.373    -12.41535    4.658264
           post_5#Wellcome Trust  |  -4.955074   7.670481    -0.65   0.518     -19.9891    10.07895
                                  |
                   rsr_career_age |  -.6638891   .0896726    -7.40   0.000    -.8396461   -.4881321
                 rsr_career_age_2 |   .0143293   .0022224     6.45   0.000     .0099734    .0186853
                                  |
              orcid_confirmed_cat |
                            True  |    8.39223   2.432421     3.45   0.001     3.624721    13.15974
                                  |
                       gender_cat |
                               F  |  -1.775538    .832998    -2.13   0.033    -3.408201   -.1428739
                               M  |   3.836665   .7666184     5.00   0.000     2.334104    5.339226
                                  |
                       start_year |
                            2008  |  -6.419668    .856889    -7.49   0.000    -8.099158   -4.740179
                            2009  |  -6.039111   .8246767    -7.32   0.000    -7.655465   -4.422757
                            2010  |   -14.0356   .9007526   -15.58   0.000    -15.80106   -12.27014
                            2011  |  -18.96504   .9126433   -20.78   0.000     -20.7538   -17.17627
                            2012  |  -24.74368    .945655   -26.17   0.000    -26.59715   -22.89022
                                  |
                            _cons |    77.9981   1.721233    45.32   0.000     74.62451     81.3717
---------------------------------------------------------------------------------------------------
(est5 stored)

added macro:
          e(CountryFE) : "No"

added macro:
      e(AffiliationFE) : "No"

added macro:
       e(ResearcherFE) : "No"

      Source |       SS           df       MS      Number of obs   =   112,221
-------------+----------------------------------   F(64, 112156)   =     82.97
       Model |  41330528.5        64  645789.508   Prob > F        =    0.0000
    Residual |   872972929   112,156  7783.55977   R-squared       =    0.0452
-------------+----------------------------------   Adj R-squared   =    0.0447
       Total |   914303458   112,220  8147.41987   Root MSE        =    88.224

---------------------------------------------------------------------------------------------------
                citations_per_pub |      Coef.   Std. Err.      t    P>|t|     [95% Conf. Interval]
----------------------------------+----------------------------------------------------------------
                    pre_post_year |
                          post_1  |  -24.37106   4.692114    -5.19   0.000    -33.56753   -15.17458
                          post_2  |  -27.28511   4.704785    -5.80   0.000    -36.50642   -18.06381
                          post_3  |  -32.19135   4.687176    -6.87   0.000    -41.37814   -23.00455
                          post_4  |  -35.55186   4.671462    -7.61   0.000    -44.70785   -26.39586
                          post_5  |  -35.57454   4.711218    -7.55   0.000    -44.80845   -26.34062
                          pre_-1  |  -11.20675   4.715826    -2.38   0.017     -20.4497   -1.963804
                          pre_-2  |   .0481449   4.743028     0.01   0.992    -9.248119    9.344409
                          pre_-3  |   2.312016   4.773084     0.48   0.628    -7.043157    11.66719
                          pre_-4  |  -2.155439   4.827698    -0.45   0.655    -11.61766    7.306778
                           pre_0  |  -13.49207   4.718129    -2.86   0.004    -22.73953   -4.244608
                                  |
                        funder_id |
                INCa/INSERM/DGOS  |  -18.05383   4.783294    -3.77   0.000    -27.42901   -8.678642
       National Cancer Institute  |   7.143639   3.603198     1.98   0.047     .0814243    14.20585
National Health and Medical Rese  |  -3.900387   4.314963    -0.90   0.366    -12.35765    4.556876
                  Wellcome Trust  |  -5.246051   8.332282    -0.63   0.529     -21.5772     11.0851
                                  |
          pre_post_year#funder_id |
         post_1#INCa/INSERM/DGOS  |   4.378997   6.505793     0.67   0.501     -8.37226    17.13025
post_1#National Cancer Institute  |  -4.127577   4.925648    -0.84   0.402    -13.78177     5.52662
                          post_1 #|
National Health and Medical Rese  |   .0998599   5.877998     0.02   0.986    -11.42093    11.62065
           post_1#Wellcome Trust  |   19.34623   11.13032     1.74   0.082    -2.469034     41.1615
         post_2#INCa/INSERM/DGOS  |   6.511992   6.515979     1.00   0.318     -6.25923    19.28321
post_2#National Cancer Institute  |  -6.673782   4.935363    -1.35   0.176    -16.34702    2.999457
                          post_2 #|
National Health and Medical Rese  |   .0554753   5.879638     0.01   0.992    -11.46853    11.57948
           post_2#Wellcome Trust  |   8.864227   11.05915     0.80   0.423    -12.81155    30.54001
         post_3#INCa/INSERM/DGOS  |   6.586331   6.487786     1.02   0.310    -6.129633     19.3023
post_3#National Cancer Institute  |   -7.89316   4.917875    -1.60   0.108    -17.53212    1.745802
                          post_3 #|
National Health and Medical Rese  |  -1.106835   5.869125    -0.19   0.850    -12.61023    10.39656
           post_3#Wellcome Trust  |   9.797512   11.02025     0.89   0.374      -11.802    31.39703
         post_4#INCa/INSERM/DGOS  |   6.067617   6.480752     0.94   0.349    -6.634561    18.76979
post_4#National Cancer Institute  |   -11.5177   4.902156    -2.35   0.019    -21.12586    -1.90955
                          post_4 #|
National Health and Medical Rese  |  -3.079597   5.849819    -0.53   0.599    -14.54516    8.385962
           post_4#Wellcome Trust  |   4.331685   10.83604     0.40   0.689    -16.90679    25.57016
         post_5#INCa/INSERM/DGOS  |   3.504279   6.506007     0.54   0.590    -9.247398    16.25596
post_5#National Cancer Institute  |  -16.56511   4.940869    -3.35   0.001    -26.24915   -6.881084
                          post_5 #|
National Health and Medical Rese  |   -6.65606   5.886834    -1.13   0.258    -18.19417    4.882047
           post_5#Wellcome Trust  |  -3.111563   10.85248    -0.29   0.774    -24.38226    18.15913
         pre_-1#INCa/INSERM/DGOS  |   1.229023   6.537039     0.19   0.851    -11.58348    14.04152
pre_-1#National Cancer Institute  |  -5.376344   4.952325    -1.09   0.278    -15.08283    4.330139
                          pre_-1 #|
National Health and Medical Rese  |   .3042294   5.910206     0.05   0.959    -11.27969    11.88814
           pre_-1#Wellcome Trust  |  -2.448705   11.25969    -0.22   0.828    -24.51752    19.62011
         pre_-2#INCa/INSERM/DGOS  |  -5.507861   6.582039    -0.84   0.403    -18.40856    7.392838
pre_-2#National Cancer Institute  |  -10.93266   4.981102    -2.19   0.028    -20.69554   -1.169773
                          pre_-2 #|
National Health and Medical Rese  |  -3.599886   5.944689    -0.61   0.545    -15.25139    8.051616
           pre_-2#Wellcome Trust  |  -8.657251   11.29662    -0.77   0.443    -30.79845    13.48395
         pre_-3#INCa/INSERM/DGOS  |  -11.96984   6.649486    -1.80   0.072    -25.00273    1.063056
pre_-3#National Cancer Institute  |  -9.530921   5.013778    -1.90   0.057    -19.35785    .2960091
                          pre_-3 #|
National Health and Medical Rese  |  -9.092898   5.995225    -1.52   0.129    -20.84345    2.657655
           pre_-3#Wellcome Trust  |   16.36981   11.50339     1.42   0.155    -6.176661    38.91629
         pre_-4#INCa/INSERM/DGOS  |  -1.752527   6.696401    -0.26   0.794    -14.87737    11.37232
pre_-4#National Cancer Institute  |   .4524783   5.069294     0.09   0.929    -9.483262    10.38822
                          pre_-4 #|
National Health and Medical Rese  |  -1.861318   6.054033    -0.31   0.759    -13.72713     10.0045
           pre_-4#Wellcome Trust  |   9.045113    11.7556     0.77   0.442    -13.99569    32.08592
          pre_0#INCa/INSERM/DGOS  |   .5368087   6.542693     0.08   0.935    -12.28677    13.36039
 pre_0#National Cancer Institute  |  -9.133711   4.952715    -1.84   0.065    -18.84096    .5735371
                           pre_0 #|
National Health and Medical Rese  |  -1.826549   5.904502    -0.31   0.757    -13.39929    9.746188
            pre_0#Wellcome Trust  |  -.7863574   11.18741    -0.07   0.944    -22.71352    21.14081
                                  |
                   rsr_career_age |  -.5441484   .0897476    -6.06   0.000    -.7200523   -.3682444
                 rsr_career_age_2 |   .0125135   .0022208     5.63   0.000     .0081608    .0168663
                                  |
              orcid_confirmed_cat |
                            True  |   8.373874   2.428328     3.45   0.001     3.614388    13.13336
                                  |
                       gender_cat |
                               F  |  -1.775208   .8315903    -2.13   0.033    -3.405112    -.145303
                               M  |    3.54035   .7654833     4.62   0.000     2.040014    5.040686
                                  |
                       start_year |
                            2008  |  -6.383939    .855439    -7.46   0.000    -8.060587   -4.707292
                            2009  |   -6.11581   .8232928    -7.43   0.000    -7.729452   -4.502168
                            2010  |  -13.99787   .8992315   -15.57   0.000    -15.76035   -12.23539
                            2011  |  -18.90926   .9111017   -20.75   0.000    -20.69501   -17.12351
                            2012  |  -24.60297   .9440796   -26.06   0.000    -26.45335   -22.75259
                                  |
                            _cons |   81.22631   3.576648    22.71   0.000     74.21613    88.23649
---------------------------------------------------------------------------------------------------
(est6 stored)

added macro:
          e(CountryFE) : "No"

added macro:
      e(AffiliationFE) : "No"

added macro:
       e(ResearcherFE) : "No"

      Source |       SS           df       MS      Number of obs   =   112,221
-------------+----------------------------------   F(19, 112201)   =    234.47
       Model |  34915468.1        19  1837656.22   Prob > F        =    0.0000
    Residual |   879387990   112,201  7837.61276   R-squared       =    0.0382
-------------+----------------------------------   Adj R-squared   =    0.0380
       Total |   914303458   112,220  8147.41987   Root MSE        =     88.53

---------------------------------------------------------------------------------------------------
                citations_per_pub |      Coef.   Std. Err.      t    P>|t|     [95% Conf. Interval]
----------------------------------+----------------------------------------------------------------
                      1.post_flag |  -26.21702   1.981649   -13.23   0.000    -30.10102   -22.33302
                                  |
                        funder_id |
                INCa/INSERM/DGOS  |   -20.8544    1.94097   -10.74   0.000    -24.65867   -17.05013
       National Cancer Institute  |   1.197807    1.43265     0.84   0.403    -1.610165     4.00578
National Health and Medical Rese  |  -6.683217    1.70042    -3.93   0.000    -10.01601   -3.350419
                  Wellcome Trust  |  -3.632974    3.21979    -1.13   0.259    -9.943715    2.677766
                                  |
              post_flag#funder_id |
              1#INCa/INSERM/DGOS  |   8.219841   2.737986     3.00   0.003     2.853429    13.58625
     1#National Cancer Institute  |  -3.365273   2.075028    -1.62   0.105    -7.432297    .7017506
                               1 #|
National Health and Medical Rese  |   .6332733   2.465512     0.26   0.797    -4.199093    5.465639
                1#Wellcome Trust  |   5.263186   4.540164     1.16   0.246    -3.635469    14.16184
                                  |
                   rsr_career_age |  -.7374717   .0897507    -8.22   0.000    -.9133819   -.5615616
                 rsr_career_age_2 |   .0147183   .0022262     6.61   0.000      .010355    .0190815
                                  |
              orcid_confirmed_cat |
                            True  |    8.35406   2.436658     3.43   0.001     3.578246    13.12987
                                  |
                       gender_cat |
                               F  |  -1.750731    .834454    -2.10   0.036    -3.386248   -.1152138
                               M  |   4.081889   .7678589     5.32   0.000     2.576897    5.586881
                                  |
                       start_year |
                            2008  |  -6.437634   .8583888    -7.50   0.000    -8.120064   -4.755205
                            2009  |   -5.92109   .8260989    -7.17   0.000    -7.540231   -4.301948
                            2010  |  -14.04933   .9023204   -15.57   0.000    -15.81786   -12.28079
                            2011  |  -18.93936   .9142383   -20.72   0.000    -20.73125   -17.14747
                            2012  |  -24.73132   .9473107   -26.11   0.000    -26.58804   -22.87461
                                  |
                            _cons |   78.75168   1.723828    45.68   0.000       75.373    82.13035
---------------------------------------------------------------------------------------------------
(est7 stored)

added macro:
          e(CountryFE) : "No"

added macro:
      e(AffiliationFE) : "No"

added macro:
       e(ResearcherFE) : "No"

      Source |       SS           df       MS      Number of obs   =   112,221
-------------+----------------------------------   F(39, 112181)   =    125.26
       Model |  38153842.3        39  978303.649   Prob > F        =    0.0000
    Residual |   876149616   112,181  7810.14268   R-squared       =    0.0417
-------------+----------------------------------   Adj R-squared   =    0.0414
       Total |   914303458   112,220  8147.41987   Root MSE        =    88.375

---------------------------------------------------------------------------------------------------
                citations_per_pub |      Coef.   Std. Err.      t    P>|t|     [95% Conf. Interval]
----------------------------------+----------------------------------------------------------------
                        post_year |
                          post_1  |   -19.9549    3.48356    -5.73   0.000    -26.78263   -13.12718
                          post_2  |  -22.80997   3.500099    -6.52   0.000    -29.67011   -15.94983
                          post_3  |  -27.66141   3.475789    -7.96   0.000     -34.4739   -20.84891
                          post_4  |  -30.97676   3.454084    -8.97   0.000    -37.74671   -24.20681
                          post_5  |  -30.95756   3.507463    -8.83   0.000    -37.83213   -24.08298
                                  |
                        funder_id |
                INCa/INSERM/DGOS  |  -20.90358   1.937569   -10.79   0.000    -24.70119   -17.10597
       National Cancer Institute  |   1.189351   1.430137     0.83   0.406    -1.613697    3.992398
National Health and Medical Rese  |  -6.670952   1.697437    -3.93   0.000    -9.997904   -3.343999
                  Wellcome Trust  |  -3.607229   3.214143    -1.12   0.262    -9.906901    2.692443
                                  |
              post_year#funder_id |
         post_1#INCa/INSERM/DGOS  |   7.252245   4.824401     1.50   0.133    -2.203509      16.708
post_1#National Cancer Institute  |   1.822511   3.655449     0.50   0.618    -5.342114    8.987136
                          post_1 #|
National Health and Medical Rese  |   2.875152   4.343556     0.66   0.508    -5.638153    11.38846
           post_1#Wellcome Trust  |   17.60853   8.060314     2.18   0.029     1.810438    33.40663
         post_2#INCa/INSERM/DGOS  |    9.35572   4.838157     1.93   0.053    -.1269953    18.83843
post_2#National Cancer Institute  |   -.736284   3.668553    -0.20   0.841    -7.926594    6.454026
                          post_2 #|
National Health and Medical Rese  |   2.814244   4.345785     0.65   0.517     -5.70343    11.33192
           post_2#Wellcome Trust  |   7.092754   7.961333     0.89   0.373    -8.511341    22.69685
         post_3#INCa/INSERM/DGOS  |    9.42949   4.799986     1.96   0.049     .0215896    18.83739
post_3#National Cancer Institute  |  -1.959705   3.644888    -0.54   0.591    -9.103632    5.184221
                          post_3 #|
National Health and Medical Rese  |   1.655163   4.331483     0.38   0.702    -6.834478    10.14481
           post_3#Wellcome Trust  |   8.001633   7.906956     1.01   0.312    -7.495883    23.49915
         post_4#INCa/INSERM/DGOS  |   8.917899   4.790442     1.86   0.063    -.4712972    18.30709
post_4#National Cancer Institute  |  -5.573625   3.623602    -1.54   0.124    -12.67583    1.528582
                          post_4 #|
National Health and Medical Rese  |  -.3157546   4.305201    -0.07   0.942    -8.753885    8.122376
           post_4#Wellcome Trust  |    2.45702   7.647036     0.32   0.748    -12.53106     17.4451
         post_5#INCa/INSERM/DGOS  |   6.359119   4.824685     1.32   0.187    -3.097192    15.81543
post_5#National Cancer Institute  |  -10.61474    3.67599    -2.89   0.004    -17.81962    -3.40985
                          post_5 #|
National Health and Medical Rese  |  -3.878541   4.355546    -0.89   0.373    -12.41535    4.658264
           post_5#Wellcome Trust  |  -4.955074   7.670481    -0.65   0.518     -19.9891    10.07895
                                  |
                   rsr_career_age |  -.6638891   .0896726    -7.40   0.000    -.8396461   -.4881321
                 rsr_career_age_2 |   .0143293   .0022224     6.45   0.000     .0099734    .0186853
                                  |
              orcid_confirmed_cat |
                            True  |    8.39223   2.432421     3.45   0.001     3.624721    13.15974
                                  |
                       gender_cat |
                               F  |  -1.775538    .832998    -2.13   0.033    -3.408201   -.1428739
                               M  |   3.836665   .7666184     5.00   0.000     2.334104    5.339226
                                  |
                       start_year |
                            2008  |  -6.419668    .856889    -7.49   0.000    -8.099158   -4.740179
                            2009  |  -6.039111   .8246767    -7.32   0.000    -7.655465   -4.422757
                            2010  |   -14.0356   .9007526   -15.58   0.000    -15.80106   -12.27014
                            2011  |  -18.96504   .9126433   -20.78   0.000     -20.7538   -17.17627
                            2012  |  -24.74368    .945655   -26.17   0.000    -26.59715   -22.89022
                                  |
                            _cons |    77.9981   1.721233    45.32   0.000     74.62451     81.3717
---------------------------------------------------------------------------------------------------
(est8 stored)

added macro:
          e(CountryFE) : "No"

added macro:
      e(AffiliationFE) : "No"

added macro:
       e(ResearcherFE) : "No"

      Source |       SS           df       MS      Number of obs   =   112,221
-------------+----------------------------------   F(64, 112156)   =     82.97
       Model |  41330528.5        64  645789.508   Prob > F        =    0.0000
    Residual |   872972929   112,156  7783.55977   R-squared       =    0.0452
-------------+----------------------------------   Adj R-squared   =    0.0447
       Total |   914303458   112,220  8147.41987   Root MSE        =    88.224

---------------------------------------------------------------------------------------------------
                citations_per_pub |      Coef.   Std. Err.      t    P>|t|     [95% Conf. Interval]
----------------------------------+----------------------------------------------------------------
                    pre_post_year |
                          post_1  |  -24.37106   4.692114    -5.19   0.000    -33.56753   -15.17458
                          post_2  |  -27.28511   4.704785    -5.80   0.000    -36.50642   -18.06381
                          post_3  |  -32.19135   4.687176    -6.87   0.000    -41.37814   -23.00455
                          post_4  |  -35.55186   4.671462    -7.61   0.000    -44.70785   -26.39586
                          post_5  |  -35.57454   4.711218    -7.55   0.000    -44.80845   -26.34062
                          pre_-1  |  -11.20675   4.715826    -2.38   0.017     -20.4497   -1.963804
                          pre_-2  |   .0481449   4.743028     0.01   0.992    -9.248119    9.344409
                          pre_-3  |   2.312016   4.773084     0.48   0.628    -7.043157    11.66719
                          pre_-4  |  -2.155439   4.827698    -0.45   0.655    -11.61766    7.306778
                           pre_0  |  -13.49207   4.718129    -2.86   0.004    -22.73953   -4.244608
                                  |
                        funder_id |
                INCa/INSERM/DGOS  |  -18.05383   4.783294    -3.77   0.000    -27.42901   -8.678642
       National Cancer Institute  |   7.143639   3.603198     1.98   0.047     .0814243    14.20585
National Health and Medical Rese  |  -3.900387   4.314963    -0.90   0.366    -12.35765    4.556876
                  Wellcome Trust  |  -5.246051   8.332282    -0.63   0.529     -21.5772     11.0851
                                  |
          pre_post_year#funder_id |
         post_1#INCa/INSERM/DGOS  |   4.378997   6.505793     0.67   0.501     -8.37226    17.13025
post_1#National Cancer Institute  |  -4.127577   4.925648    -0.84   0.402    -13.78177     5.52662
                          post_1 #|
National Health and Medical Rese  |   .0998599   5.877998     0.02   0.986    -11.42093    11.62065
           post_1#Wellcome Trust  |   19.34623   11.13032     1.74   0.082    -2.469034     41.1615
         post_2#INCa/INSERM/DGOS  |   6.511992   6.515979     1.00   0.318     -6.25923    19.28321
post_2#National Cancer Institute  |  -6.673782   4.935363    -1.35   0.176    -16.34702    2.999457
                          post_2 #|
National Health and Medical Rese  |   .0554753   5.879638     0.01   0.992    -11.46853    11.57948
           post_2#Wellcome Trust  |   8.864227   11.05915     0.80   0.423    -12.81155    30.54001
         post_3#INCa/INSERM/DGOS  |   6.586331   6.487786     1.02   0.310    -6.129633     19.3023
post_3#National Cancer Institute  |   -7.89316   4.917875    -1.60   0.108    -17.53212    1.745802
                          post_3 #|
National Health and Medical Rese  |  -1.106835   5.869125    -0.19   0.850    -12.61023    10.39656
           post_3#Wellcome Trust  |   9.797512   11.02025     0.89   0.374      -11.802    31.39703
         post_4#INCa/INSERM/DGOS  |   6.067617   6.480752     0.94   0.349    -6.634561    18.76979
post_4#National Cancer Institute  |   -11.5177   4.902156    -2.35   0.019    -21.12586    -1.90955
                          post_4 #|
National Health and Medical Rese  |  -3.079597   5.849819    -0.53   0.599    -14.54516    8.385962
           post_4#Wellcome Trust  |   4.331685   10.83604     0.40   0.689    -16.90679    25.57016
         post_5#INCa/INSERM/DGOS  |   3.504279   6.506007     0.54   0.590    -9.247398    16.25596
post_5#National Cancer Institute  |  -16.56511   4.940869    -3.35   0.001    -26.24915   -6.881084
                          post_5 #|
National Health and Medical Rese  |   -6.65606   5.886834    -1.13   0.258    -18.19417    4.882047
           post_5#Wellcome Trust  |  -3.111563   10.85248    -0.29   0.774    -24.38226    18.15913
         pre_-1#INCa/INSERM/DGOS  |   1.229023   6.537039     0.19   0.851    -11.58348    14.04152
pre_-1#National Cancer Institute  |  -5.376344   4.952325    -1.09   0.278    -15.08283    4.330139
                          pre_-1 #|
National Health and Medical Rese  |   .3042294   5.910206     0.05   0.959    -11.27969    11.88814
           pre_-1#Wellcome Trust  |  -2.448705   11.25969    -0.22   0.828    -24.51752    19.62011
         pre_-2#INCa/INSERM/DGOS  |  -5.507861   6.582039    -0.84   0.403    -18.40856    7.392838
pre_-2#National Cancer Institute  |  -10.93266   4.981102    -2.19   0.028    -20.69554   -1.169773
                          pre_-2 #|
National Health and Medical Rese  |  -3.599886   5.944689    -0.61   0.545    -15.25139    8.051616
           pre_-2#Wellcome Trust  |  -8.657251   11.29662    -0.77   0.443    -30.79845    13.48395
         pre_-3#INCa/INSERM/DGOS  |  -11.96984   6.649486    -1.80   0.072    -25.00273    1.063056
pre_-3#National Cancer Institute  |  -9.530921   5.013778    -1.90   0.057    -19.35785    .2960091
                          pre_-3 #|
National Health and Medical Rese  |  -9.092898   5.995225    -1.52   0.129    -20.84345    2.657655
           pre_-3#Wellcome Trust  |   16.36981   11.50339     1.42   0.155    -6.176661    38.91629
         pre_-4#INCa/INSERM/DGOS  |  -1.752527   6.696401    -0.26   0.794    -14.87737    11.37232
pre_-4#National Cancer Institute  |   .4524783   5.069294     0.09   0.929    -9.483262    10.38822
                          pre_-4 #|
National Health and Medical Rese  |  -1.861318   6.054033    -0.31   0.759    -13.72713     10.0045
           pre_-4#Wellcome Trust  |   9.045113    11.7556     0.77   0.442    -13.99569    32.08592
          pre_0#INCa/INSERM/DGOS  |   .5368087   6.542693     0.08   0.935    -12.28677    13.36039
 pre_0#National Cancer Institute  |  -9.133711   4.952715    -1.84   0.065    -18.84096    .5735371
                           pre_0 #|
National Health and Medical Rese  |  -1.826549   5.904502    -0.31   0.757    -13.39929    9.746188
            pre_0#Wellcome Trust  |  -.7863574   11.18741    -0.07   0.944    -22.71352    21.14081
                                  |
                   rsr_career_age |  -.5441484   .0897476    -6.06   0.000    -.7200523   -.3682444
                 rsr_career_age_2 |   .0125135   .0022208     5.63   0.000     .0081608    .0168663
                                  |
              orcid_confirmed_cat |
                            True  |   8.373874   2.428328     3.45   0.001     3.614388    13.13336
                                  |
                       gender_cat |
                               F  |  -1.775208   .8315903    -2.13   0.033    -3.405112    -.145303
                               M  |    3.54035   .7654833     4.62   0.000     2.040014    5.040686
                                  |
                       start_year |
                            2008  |  -6.383939    .855439    -7.46   0.000    -8.060587   -4.707292
                            2009  |   -6.11581   .8232928    -7.43   0.000    -7.729452   -4.502168
                            2010  |  -13.99787   .8992315   -15.57   0.000    -15.76035   -12.23539
                            2011  |  -18.90926   .9111017   -20.75   0.000    -20.69501   -17.12351
                            2012  |  -24.60297   .9440796   -26.06   0.000    -26.45335   -22.75259
                                  |
                            _cons |   81.22631   3.576648    22.71   0.000     74.21613    88.23649
---------------------------------------------------------------------------------------------------
(est9 stored)

added macro:
          e(CountryFE) : "No"

added macro:
      e(AffiliationFE) : "No"

added macro:
       e(ResearcherFE) : "No"
       panel variable:  rsr_affiliation_id (unbalanced)

Fixed-effects (within) regression               Number of obs     =    112,221
Group variable: rsr_affili~d                    Number of groups  =      3,968

R-sq:                                           Obs per group:
     within  = 0.0363                                         min =          1
     between = 0.0306                                         avg =       28.3
     overall = 0.0371                                         max =      1,893

                                                F(19,3967)        =     120.86
corr(u_i, Xb)  = -0.0204                        Prob > F          =     0.0000

                                      (Std. Err. adjusted for 3,968 clusters in rsr_affiliation_id)
---------------------------------------------------------------------------------------------------
                                  |               Robust
                citations_per_pub |      Coef.   Std. Err.      t    P>|t|     [95% Conf. Interval]
----------------------------------+----------------------------------------------------------------
                      1.post_flag |  -24.84183   2.231004   -11.13   0.000    -29.21585   -20.46781
                                  |
                        funder_id |
                INCa/INSERM/DGOS  |  -23.03383   5.439482    -4.23   0.000    -33.69827   -12.36939
       National Cancer Institute  |   4.216153   4.272212     0.99   0.324    -4.159784    12.59209
National Health and Medical Rese  |   1.309608   4.773045     0.27   0.784    -8.048244    10.66746
                  Wellcome Trust  |  -3.602997   7.558909    -0.48   0.634    -18.42271    11.21672
                                  |
              post_flag#funder_id |
              1#INCa/INSERM/DGOS  |   7.833556   2.634338     2.97   0.003     2.668773    12.99834
     1#National Cancer Institute  |  -4.247027   2.398824    -1.77   0.077    -8.950072    .4560174
                               1 #|
National Health and Medical Rese  |   .2366438   2.505834     0.09   0.925      -4.6762    5.149487
                1#Wellcome Trust  |   4.475767   5.657941     0.79   0.429    -6.616978    15.56851
                                  |
                   rsr_career_age |  -1.047589   .2361122    -4.44   0.000    -1.510502   -.5846766
                 rsr_career_age_2 |   .0196573   .0052938     3.71   0.000     .0092785    .0300361
                                  |
              orcid_confirmed_cat |
                            True  |   7.028769   3.685145     1.91   0.057    -.1961871    14.25372
                                  |
                       gender_cat |
                               F  |  -2.124551   1.725261    -1.23   0.218    -5.507033    1.257931
                               M  |   2.371282   1.938101     1.22   0.221    -1.428485    6.171049
                                  |
                       start_year |
                            2008  |  -6.367143   1.699946    -3.75   0.000    -9.699993   -3.034292
                            2009  |  -6.593944   2.382558    -2.77   0.006     -11.2651   -1.922792
                            2010  |  -14.51577   1.837313    -7.90   0.000    -18.11793    -10.9136
                            2011  |  -18.09894   1.705651   -10.61   0.000    -21.44297    -14.7549
                            2012  |  -25.32628   1.648503   -15.36   0.000    -28.55828   -22.09429
                                  |
                            _cons |   79.95293   4.192833    19.07   0.000     71.73262    88.17324
----------------------------------+----------------------------------------------------------------
                          sigma_u |  43.149817
                          sigma_e |  85.608195
                              rho |  .20258662   (fraction of variance due to u_i)
---------------------------------------------------------------------------------------------------
(est10 stored)

added macro:
          e(CountryFE) : "No"

added macro:
      e(AffiliationFE) : "Yes"

added macro:
       e(ResearcherFE) : "No"
       panel variable:  rsr_affiliation_id (unbalanced)

Fixed-effects (within) regression               Number of obs     =    112,221
Group variable: rsr_affili~d                    Number of groups  =      3,968

R-sq:                                           Obs per group:
     within  = 0.0402                                         min =          1
     between = 0.0321                                         avg =       28.3
     overall = 0.0407                                         max =      1,893

                                                F(39,3967)        =      81.29
corr(u_i, Xb)  = -0.0181                        Prob > F          =     0.0000

                                      (Std. Err. adjusted for 3,968 clusters in rsr_affiliation_id)
---------------------------------------------------------------------------------------------------
                                  |               Robust
                citations_per_pub |      Coef.   Std. Err.      t    P>|t|     [95% Conf. Interval]
----------------------------------+----------------------------------------------------------------
                        post_year |
                          post_1  |  -17.97184   1.924878    -9.34   0.000    -21.74569     -14.198
                          post_2  |  -22.17247   2.126467   -10.43   0.000    -26.34154    -18.0034
                          post_3  |  -26.38448    2.34443   -11.25   0.000    -30.98088   -21.78808
                          post_4  |   -29.9402   2.719624   -11.01   0.000     -35.2722   -24.60821
                          post_5  |  -30.01142   6.555872    -4.58   0.000    -42.86462   -17.15823
                                  |
                        funder_id |
                INCa/INSERM/DGOS  |  -23.14864   5.448206    -4.25   0.000    -33.83018   -12.46709
       National Cancer Institute  |   4.075243   4.271859     0.95   0.340    -4.300003    12.45049
National Health and Medical Rese  |   1.173407   4.758002     0.25   0.805    -8.154952    10.50177
                  Wellcome Trust  |  -3.430146   7.576997    -0.45   0.651    -18.28532    11.42503
                                  |
              post_year#funder_id |
         post_1#INCa/INSERM/DGOS  |    5.75606   2.646816     2.17   0.030      .566813    10.94531
post_1#National Cancer Institute  |   .1096529   2.195865     0.05   0.960    -4.195476    4.414782
                          post_1 #|
National Health and Medical Rese  |   1.525332   2.399294     0.64   0.525    -3.178632    6.229297
           post_1#Wellcome Trust  |   14.66891   7.913623     1.85   0.064    -.8462359    30.18407
         post_2#INCa/INSERM/DGOS  |   9.481114   2.738218     3.46   0.001     4.112666    14.84956
post_2#National Cancer Institute  |  -1.058897   2.439088    -0.43   0.664    -5.840882    3.723087
                          post_2 #|
National Health and Medical Rese  |   2.834789   2.798957     1.01   0.311    -2.652741    8.322318
           post_2#Wellcome Trust  |   6.103601   5.875583     1.04   0.299    -5.415845    17.62305
         post_3#INCa/INSERM/DGOS  |   9.010179   2.879802     3.13   0.002     3.364149    14.65621
post_3#National Cancer Institute  |  -2.866602   2.512204    -1.14   0.254    -7.791935    2.058731
                          post_3 #|
National Health and Medical Rese  |   1.154457   2.768901     0.42   0.677    -4.274145    6.583059
           post_3#Wellcome Trust  |   8.385036    7.02952     1.19   0.233    -5.396776    22.16685
         post_4#INCa/INSERM/DGOS  |   8.731823    3.19309     2.73   0.006     2.471573    14.99207
post_4#National Cancer Institute  |  -6.254519   2.896461    -2.16   0.031    -11.93321   -.5758273
                          post_4 #|
National Health and Medical Rese  |  -.4261042   2.961137    -0.14   0.886    -6.231598     5.37939
           post_4#Wellcome Trust  |   1.712629   6.983023     0.25   0.806    -11.97802    15.40328
         post_5#INCa/INSERM/DGOS  |   6.258451   6.756565     0.93   0.354    -6.988215    19.50512
post_5#National Cancer Institute  |  -11.41518   6.655316    -1.72   0.086    -24.46334    1.632984
                          post_5 #|
National Health and Medical Rese  |   -3.91059    6.75839    -0.58   0.563    -17.16083    9.339654
           post_5#Wellcome Trust  |  -5.115093     8.7111    -0.59   0.557    -22.19375    11.96356
                                  |
                   rsr_career_age |  -.9372223   .2365499    -3.96   0.000    -1.400993   -.4734514
                 rsr_career_age_2 |   .0192054    .005307     3.62   0.000     .0088007    .0296101
                                  |
              orcid_confirmed_cat |
                            True  |    6.96788   3.659359     1.90   0.057    -.2065198    14.14228
                                  |
                       gender_cat |
                               F  |  -2.176345   1.728953    -1.26   0.208    -5.566064    1.213374
                               M  |   1.988151   1.942878     1.02   0.306    -1.820981    5.797284
                                  |
                       start_year |
                            2008  |  -6.334726   1.700891    -3.72   0.000    -9.669429   -3.000024
                            2009  |  -6.736216   2.385783    -2.82   0.005    -11.41369    -2.05874
                            2010  |  -14.48113    1.83261    -7.90   0.000    -18.07408   -10.88819
                            2011  |  -18.14157   1.704271   -10.64   0.000     -21.4829   -14.80024
                            2012  |  -25.35427   1.648618   -15.38   0.000    -28.58649   -22.12205
                                  |
                            _cons |   78.92823   4.187045    18.85   0.000     70.71927     87.1372
----------------------------------+----------------------------------------------------------------
                          sigma_u |  43.105107
                          sigma_e |  85.443412
                              rho |  .20287432   (fraction of variance due to u_i)
---------------------------------------------------------------------------------------------------
(est11 stored)

added macro:
          e(CountryFE) : "No"

added macro:
      e(AffiliationFE) : "Yes"

added macro:
       e(ResearcherFE) : "No"
       panel variable:  rsr_affiliation_id (unbalanced)

Fixed-effects (within) regression               Number of obs     =    112,221
Group variable: rsr_affili~d                    Number of groups  =      3,968

R-sq:                                           Obs per group:
     within  = 0.0438                                         min =          1
     between = 0.0350                                         avg =       28.3
     overall = 0.0443                                         max =      1,893

                                                F(64,3967)        =      54.86
corr(u_i, Xb)  = -0.0153                        Prob > F          =     0.0000

                                      (Std. Err. adjusted for 3,968 clusters in rsr_affiliation_id)
---------------------------------------------------------------------------------------------------
                                  |               Robust
                citations_per_pub |      Coef.   Std. Err.      t    P>|t|     [95% Conf. Interval]
----------------------------------+----------------------------------------------------------------
                    pre_post_year |
                          post_1  |  -21.99509   3.524379    -6.24   0.000    -28.90485   -15.08533
                          post_2  |  -26.29929    3.68614    -7.13   0.000     -33.5262   -19.07239
                          post_3  |  -30.62913   3.722247    -8.23   0.000    -37.92683   -23.33144
                          post_4  |  -34.26014   3.835583    -8.93   0.000    -41.78004   -26.74025
                          post_5  |  -34.40845   7.345087    -4.68   0.000    -48.80895   -20.00795
                          pre_-1  |  -10.54973   3.743914    -2.82   0.005    -17.88991   -3.209552
                          pre_-2  |   .6630792   4.754037     0.14   0.889    -8.657506    9.983664
                          pre_-3  |   2.227091   4.334568     0.51   0.607    -6.271098    10.72528
                          pre_-4  |  -2.018795   3.595928    -0.56   0.575    -9.068835    5.031245
                           pre_0  |  -11.54082   3.615925    -3.19   0.001    -18.63007   -4.451577
                                  |
                        funder_id |
                INCa/INSERM/DGOS  |  -20.19379   7.315487    -2.76   0.006    -34.53626   -5.851323
       National Cancer Institute  |   10.31601   5.922445     1.74   0.082    -1.295308    21.92733
National Health and Medical Rese  |   4.225177   6.217895     0.68   0.497    -7.965392    16.41575
                  Wellcome Trust  |  -5.493847   8.286306    -0.66   0.507    -21.73966    10.75197
                                  |
          pre_post_year#funder_id |
         post_1#INCa/INSERM/DGOS  |   2.590953   5.556508     0.47   0.641    -8.302927    13.48483
post_1#National Cancer Institute  |  -6.299346   4.230221    -1.49   0.137    -14.59296    1.994265
                          post_1 #|
National Health and Medical Rese  |  -1.682344   4.237732    -0.40   0.691     -9.99068    6.625992
           post_1#Wellcome Trust  |   16.92158   9.660655     1.75   0.080    -2.018731     35.8619
         post_2#INCa/INSERM/DGOS  |   6.335147     5.7088     1.11   0.267     -4.85731     17.5276
post_2#National Cancer Institute  |   -7.45014   4.309926    -1.73   0.084    -15.90002    .9997369
                          post_2 #|
National Health and Medical Rese  |  -.3555734   4.558382    -0.08   0.938    -9.292565    8.581418
           post_2#Wellcome Trust  |   8.424942   8.707991     0.97   0.333    -8.647617     25.4975
         post_3#INCa/INSERM/DGOS  |   5.888118   5.630344     1.05   0.296    -5.150521    16.92676
post_3#National Cancer Institute  |   -9.23778    4.28059    -2.16   0.031    -17.63014   -.8454164
                          post_3 #|
National Health and Medical Rese  |   -2.01498   4.493527    -0.45   0.654    -10.82482    6.794859
           post_3#Wellcome Trust  |   10.79992   8.710902     1.24   0.215    -6.278345    27.87818
         post_4#INCa/INSERM/DGOS  |   5.601986   5.686184     0.99   0.325    -5.546132     16.7501
post_4#National Cancer Institute  |  -12.64262   4.416414    -2.86   0.004    -21.30128   -3.983971
                          post_4 #|
National Health and Medical Rese  |  -3.611089   4.390728    -0.82   0.411    -12.21938    4.997207
           post_4#Wellcome Trust  |   4.145893   9.321763     0.44   0.657       -14.13    22.42179
         post_5#INCa/INSERM/DGOS  |   3.123929   8.528241     0.37   0.714    -13.59622    19.84408
post_5#National Cancer Institute  |   -17.8059   7.709205    -2.31   0.021    -32.92028   -2.691527
                          post_5 #|
National Health and Medical Rese  |  -7.103524   7.795434    -0.91   0.362    -22.38696    8.179908
           post_5#Wellcome Trust  |  -2.732398   9.857029    -0.28   0.782    -22.05772    16.59292
         pre_-1#INCa/INSERM/DGOS  |   .9600537   6.666844     0.14   0.886    -12.11071    14.03082
pre_-1#National Cancer Institute  |  -5.690305     4.2271    -1.35   0.178     -13.9778    2.597188
                          pre_-1 #|
National Health and Medical Rese  |  -.0196753   4.695912    -0.00   0.997    -9.226303    9.186953
           pre_-1#Wellcome Trust  |  -1.996653   8.321546    -0.24   0.810    -18.31156    14.31825
         pre_-2#INCa/INSERM/DGOS  |  -5.815856   6.577103    -0.88   0.377    -18.71068    7.078964
pre_-2#National Cancer Institute  |  -11.26422   5.203331    -2.16   0.030    -21.46567   -1.062763
                          pre_-2 #|
National Health and Medical Rese  |  -4.038268   6.029747    -0.67   0.503    -15.85996    7.783426
           pre_-2#Wellcome Trust  |  -8.582439   9.561119    -0.90   0.369    -27.32761    10.16273
         pre_-3#INCa/INSERM/DGOS  |  -11.19964   5.869637    -1.91   0.056    -22.70743    .3081472
pre_-3#National Cancer Institute  |  -9.440131   4.684394    -2.02   0.044    -18.62418   -.2560846
                          pre_-3 #|
National Health and Medical Rese  |  -8.897332   5.495151    -1.62   0.106    -19.67092    1.876253
           pre_-3#Wellcome Trust  |   17.65388   16.96667     1.04   0.298    -15.61034     50.9181
         pre_-4#INCa/INSERM/DGOS  |  -2.192086   5.923037    -0.37   0.711    -13.80457    9.420397
pre_-4#National Cancer Institute  |   .2121889    4.24226     0.05   0.960    -8.105027    8.529404
                          pre_-4 #|
National Health and Medical Rese  |  -1.873026   4.519124    -0.41   0.679    -10.73305    6.986997
           pre_-4#Wellcome Trust  |   10.57415   15.94246     0.66   0.507    -20.68204    41.83033
          pre_0#INCa/INSERM/DGOS  |  -.7382576   5.898825    -0.13   0.900    -12.30327    10.82676
 pre_0#National Cancer Institute  |   -10.9368   4.256384    -2.57   0.010    -19.28171   -2.591897
                           pre_0 #|
National Health and Medical Rese  |  -3.682915   4.559767    -0.81   0.419    -12.62262    5.256792
            pre_0#Wellcome Trust  |  -.7771983   8.504778    -0.09   0.927    -17.45134    15.89695
                                  |
                   rsr_career_age |  -.7330565   .2326023    -3.15   0.002    -1.189088   -.2770253
                 rsr_career_age_2 |   .0161932   .0052331     3.09   0.002     .0059335    .0264529
                                  |
              orcid_confirmed_cat |
                            True  |   6.854278   3.622277     1.89   0.059     -.247422    13.95598
                                  |
                       gender_cat |
                               F  |  -2.167742   1.726107    -1.26   0.209    -5.551882    1.216399
                               M  |   1.591096   1.939637     0.82   0.412    -2.211682    5.393875
                                  |
                       start_year |
                            2008  |  -6.290816   1.695337    -3.71   0.000     -9.61463   -2.967001
                            2009  |  -6.838965   2.387663    -2.86   0.004    -11.52013   -2.157803
                            2010  |  -14.41295   1.832832    -7.86   0.000    -18.00634   -10.81957
                            2011  |  -18.10604   1.698806   -10.66   0.000    -21.43666   -14.77543
                            2012  |  -25.18663   1.644748   -15.31   0.000    -28.41126     -21.962
                                  |
                            _cons |   80.96962   5.128742    15.79   0.000     70.91441    91.02484
----------------------------------+----------------------------------------------------------------
                          sigma_u |  43.019191
                          sigma_e |  85.290387
                              rho |   .2028088   (fraction of variance due to u_i)
---------------------------------------------------------------------------------------------------
(est12 stored)

added macro:
          e(CountryFE) : "No"

added macro:
      e(AffiliationFE) : "Yes"

added macro:
       e(ResearcherFE) : "No"
       panel variable:  person_id (balanced)
note: 2.funder_id omitted because of collinearity
note: 3.funder_id omitted because of collinearity
note: 4.funder_id omitted because of collinearity
note: 5.funder_id omitted because of collinearity

Fixed-effects (within) regression               Number of obs     =    112,221
Group variable: person_id                       Number of groups  =     11,998

R-sq:                                           Obs per group:
     within  = 0.0355                                         min =          1
     between = 0.0002                                         avg =        9.4
     overall = 0.0238                                         max =         11

                                                F(5,11997)        =     533.79
corr(u_i, Xb)  = -0.0186                        Prob > F          =     0.0000

                                              (Std. Err. adjusted for 11,998 clusters in person_id)
---------------------------------------------------------------------------------------------------
                                  |               Robust
                citations_per_pub |      Coef.   Std. Err.      t    P>|t|     [95% Conf. Interval]
----------------------------------+----------------------------------------------------------------
                      1.post_flag |  -26.45827   2.125544   -12.45   0.000    -30.62468   -22.29186
                                  |
                        funder_id |
                INCa/INSERM/DGOS  |          0  (omitted)
       National Cancer Institute  |          0  (omitted)
National Health and Medical Rese  |          0  (omitted)
                  Wellcome Trust  |          0  (omitted)
                                  |
              post_flag#funder_id |
              1#INCa/INSERM/DGOS  |   7.940673    2.57835     3.08   0.002      2.88669    12.99466
     1#National Cancer Institute  |  -4.948853   2.245497    -2.20   0.028     -9.35039   -.5473163
                               1 #|
National Health and Medical Rese  |   .2060543   2.459284     0.08   0.933    -4.614541    5.026649
                1#Wellcome Trust  |   5.578203   4.997008     1.12   0.264     -4.21674    15.37315
                                  |
                            _cons |   62.77724   .2716915   231.06   0.000     62.24468     63.3098
----------------------------------+----------------------------------------------------------------
                          sigma_u |  48.588041
                          sigma_e |  79.780783
                              rho |  .27055463   (fraction of variance due to u_i)
---------------------------------------------------------------------------------------------------
(est13 stored)

added macro:
          e(CountryFE) : "No"

added macro:
      e(AffiliationFE) : "No"

added macro:
       e(ResearcherFE) : "Yes"
       panel variable:  person_id (balanced)
note: 2.funder_id omitted because of collinearity
note: 3.funder_id omitted because of collinearity
note: 4.funder_id omitted because of collinearity
note: 5.funder_id omitted because of collinearity

Fixed-effects (within) regression               Number of obs     =    112,221
Group variable: person_id                       Number of groups  =     11,998

R-sq:                                           Obs per group:
     within  = 0.0410                                         min =          1
     between = 0.0004                                         avg =        9.4
     overall = 0.0276                                         max =         11

                                                F(25,11997)       =     159.04
corr(u_i, Xb)  = -0.0192                        Prob > F          =     0.0000

                                              (Std. Err. adjusted for 11,998 clusters in person_id)
---------------------------------------------------------------------------------------------------
                                  |               Robust
                citations_per_pub |      Coef.   Std. Err.      t    P>|t|     [95% Conf. Interval]
----------------------------------+----------------------------------------------------------------
                        post_year |
                          post_1  |  -18.80011   2.045996    -9.19   0.000    -22.81059   -14.78962
                          post_2  |  -22.70293    1.94727   -11.66   0.000     -26.5199   -18.88597
                          post_3  |  -27.03232   2.364126   -11.43   0.000    -31.66639   -22.39825
                          post_4  |  -31.74717   2.547252   -12.46   0.000    -36.74019   -26.75414
                          post_5  |   -31.8468   6.436855    -4.95   0.000    -44.46408   -19.22952
                                  |
                        funder_id |
                INCa/INSERM/DGOS  |          0  (omitted)
       National Cancer Institute  |          0  (omitted)
National Health and Medical Rese  |          0  (omitted)
                  Wellcome Trust  |          0  (omitted)
                                  |
              post_year#funder_id |
         post_1#INCa/INSERM/DGOS  |   5.717752   2.803872     2.04   0.041     .2217095    11.21379
post_1#National Cancer Institute  |  -.2587701   2.276911    -0.11   0.910    -4.721884    4.204344
                          post_1 #|
National Health and Medical Rese  |   1.756387   2.544303     0.69   0.490    -3.230858    6.743632
           post_1#Wellcome Trust  |    14.8666   8.242782     1.80   0.071    -1.290589    31.02378
         post_2#INCa/INSERM/DGOS  |   9.030765   2.620791     3.45   0.001     3.893589    14.16794
post_2#National Cancer Institute  |  -1.919423   2.230658    -0.86   0.390    -6.291874    2.453027
                          post_2 #|
National Health and Medical Rese  |    2.26667   2.659224     0.85   0.394     -2.94584    7.479179
           post_2#Wellcome Trust  |   6.748053    5.31843     1.27   0.205     -3.67693    17.17304
         post_3#INCa/INSERM/DGOS  |   8.677478   2.927334     2.96   0.003      2.93943    14.41553
post_3#National Cancer Institute  |   -4.27477   2.528705    -1.69   0.091    -9.231441    .6819008
                          post_3 #|
National Health and Medical Rese  |    .695374   2.792994     0.25   0.803    -4.779346    6.170094
           post_3#Wellcome Trust  |   7.159254   5.965451     1.20   0.230    -4.533995     18.8525
         post_4#INCa/INSERM/DGOS  |   9.286749    3.05366     3.04   0.002     3.301082    15.27242
post_4#National Cancer Institute  |  -6.682622      2.684    -2.49   0.013     -11.9437   -1.421548
                          post_4 #|
National Health and Medical Rese  |   .1362522   2.879695     0.05   0.962    -5.508416     5.78092
           post_4#Wellcome Trust  |   3.377171    6.40166     0.53   0.598    -9.171117    15.92546
         post_5#INCa/INSERM/DGOS  |   6.857807   6.643071     1.03   0.302    -6.163686     19.8793
post_5#National Cancer Institute  |  -12.15704   6.494961    -1.87   0.061    -24.88821    .5741324
                          post_5 #|
National Health and Medical Rese  |  -4.054885   6.681493    -0.61   0.544    -17.15169    9.041923
           post_5#Wellcome Trust  |  -3.151834   8.031045    -0.39   0.695    -18.89398    12.59031
                                  |
                            _cons |   62.79453   .2715861   231.21   0.000     62.26218    63.32689
----------------------------------+----------------------------------------------------------------
                          sigma_u |  48.598033
                          sigma_e |  79.563969
                              rho |  .27171147   (fraction of variance due to u_i)
---------------------------------------------------------------------------------------------------
(est14 stored)

added macro:
          e(CountryFE) : "No"

added macro:
      e(AffiliationFE) : "No"

added macro:
       e(ResearcherFE) : "Yes"
       panel variable:  person_id (balanced)
note: 2.funder_id omitted because of collinearity
note: 3.funder_id omitted because of collinearity
note: 4.funder_id omitted because of collinearity
note: 5.funder_id omitted because of collinearity

Fixed-effects (within) regression               Number of obs     =    112,221
Group variable: person_id                       Number of groups  =     11,998

R-sq:                                           Obs per group:
     within  = 0.0460                                         min =          1
     between = 0.0001                                         avg =        9.4
     overall = 0.0293                                         max =         11

                                                F(50,11997)       =      82.32
corr(u_i, Xb)  = -0.0364                        Prob > F          =     0.0000

                                              (Std. Err. adjusted for 11,998 clusters in person_id)
---------------------------------------------------------------------------------------------------
                                  |               Robust
                citations_per_pub |      Coef.   Std. Err.      t    P>|t|     [95% Conf. Interval]
----------------------------------+----------------------------------------------------------------
                    pre_post_year |
                          post_1  |  -23.53849    3.08715    -7.62   0.000     -29.5898   -17.48718
                          post_2  |  -27.43874   3.032632    -9.05   0.000    -33.38319    -21.4943
                          post_3  |  -31.75093   3.350503    -9.48   0.000    -38.31845    -25.1834
                          post_4  |  -36.47289   3.422885   -10.66   0.000     -43.1823   -29.76348
                          post_5  |  -36.58216   6.971387    -5.25   0.000    -50.24721   -22.91711
                          pre_-1  |  -11.58339   3.505667    -3.30   0.001    -18.45506   -4.711711
                          pre_-2  |  -.6942661   4.616532    -0.15   0.880    -9.743415    8.354883
                          pre_-3  |   1.529446   4.521692     0.34   0.735    -7.333801    10.39269
                          pre_-4  |  -2.956537   3.645975    -0.81   0.417    -10.10324    4.190165
                           pre_0  |  -13.33877   3.387228    -3.94   0.000    -19.97829   -6.699256
                                  |
                        funder_id |
                INCa/INSERM/DGOS  |          0  (omitted)
       National Cancer Institute  |          0  (omitted)
National Health and Medical Rese  |          0  (omitted)
                  Wellcome Trust  |          0  (omitted)
                                  |
          pre_post_year#funder_id |
         post_1#INCa/INSERM/DGOS  |   3.010567   5.344806     0.56   0.573    -7.466116    13.48725
post_1#National Cancer Institute  |  -6.420728   3.526932    -1.82   0.069    -13.33408    .4926287
                          post_1 #|
National Health and Medical Rese  |  -.8135864   3.966237    -0.21   0.837    -8.588053     6.96088
           post_1#Wellcome Trust  |   17.64293   10.26435     1.72   0.086    -2.476856    37.76271
         post_2#INCa/INSERM/DGOS  |    6.31078    5.37574     1.17   0.240    -4.226541     16.8481
post_2#National Cancer Institute  |    -8.0829   3.509561    -2.30   0.021    -14.96221   -1.203593
                          post_2 #|
National Health and Medical Rese  |  -.3181521   4.072079    -0.08   0.938    -8.300086    7.663781
           post_2#Wellcome Trust  |   9.434423   8.951204     1.05   0.292    -8.111386    26.98023
         post_3#INCa/INSERM/DGOS  |   5.935996   5.453001     1.09   0.276    -4.752769    16.62476
post_3#National Cancer Institute  |  -10.44183   3.743292    -2.79   0.005    -17.77929   -3.104372
                          post_3 #|
National Health and Medical Rese  |  -1.912266   4.162495    -0.46   0.646    -10.07143    6.246898
           post_3#Wellcome Trust  |   9.919101   8.421949     1.18   0.239    -6.589282    26.42748
         post_4#INCa/INSERM/DGOS  |   6.552701   5.487848     1.19   0.232    -4.204368    17.30977
post_4#National Cancer Institute  |  -12.84572   3.790528    -3.39   0.001    -20.27576   -5.415669
                          post_4 #|
National Health and Medical Rese  |  -2.462673   4.198673    -0.59   0.558    -10.69275    5.767406
           post_4#Wellcome Trust  |    6.00055   9.176155     0.65   0.513     -11.9862     23.9873
         post_5#INCa/INSERM/DGOS  |   4.136046   8.232734     0.50   0.615    -12.00144    20.27354
post_5#National Cancer Institute  |  -18.29594   7.165564    -2.55   0.011    -32.34161   -4.250279
                          post_5 #|
National Health and Medical Rese  |  -6.633729   7.472923    -0.89   0.375    -21.28187    8.014409
           post_5#Wellcome Trust  |  -.4472716   9.700402    -0.05   0.963    -19.46163    18.56709
         pre_-1#INCa/INSERM/DGOS  |   1.382213   6.567135     0.21   0.833    -11.49043    14.25486
pre_-1#National Cancer Institute  |  -5.806666   3.898267    -1.49   0.136     -13.4479    1.834568
                          pre_-1 #|
National Health and Medical Rese  |   .4838834   4.446041     0.11   0.913    -8.231075    9.198842
           pre_-1#Wellcome Trust  |   1.507071   9.657233     0.16   0.876    -17.42267    20.43681
         pre_-2#INCa/INSERM/DGOS  |  -4.907647    6.44544    -0.76   0.446    -17.54175    7.726457
pre_-2#National Cancer Institute  |  -10.75356    4.99357    -2.15   0.031    -20.54176   -.9653502
                          pre_-2 #|
National Health and Medical Rese  |  -3.035063   5.923686    -0.51   0.608    -14.64645     8.57632
           pre_-2#Wellcome Trust  |  -6.815113   9.523985    -0.72   0.474    -25.48366    11.85344
         pre_-3#INCa/INSERM/DGOS  |  -10.97447   6.050071    -1.81   0.070    -22.83359    .8846437
pre_-3#National Cancer Institute  |   -9.14123   4.857995    -1.88   0.060    -18.66369    .3812262
                          pre_-3 #|
National Health and Medical Rese  |  -8.707718   5.424483    -1.61   0.108    -19.34058    1.925145
           pre_-3#Wellcome Trust  |   16.47382   17.16843     0.96   0.337    -17.17907    50.12672
         pre_-4#INCa/INSERM/DGOS  |  -1.930318   6.172978    -0.31   0.755    -14.03035    10.16972
pre_-4#National Cancer Institute  |   .7357152   4.140885     0.18   0.859     -7.38109     8.85252
                          pre_-4 #|
National Health and Medical Rese  |  -1.025746   4.779796    -0.21   0.830    -10.39492    8.343428
           pre_-4#Wellcome Trust  |   9.580045   12.38712     0.77   0.439     -14.7007    33.86079
          pre_0#INCa/INSERM/DGOS  |   .0859053   5.748632     0.01   0.988    -11.18234    11.35415
 pre_0#National Cancer Institute  |  -10.32669   3.797745    -2.72   0.007    -17.77088   -2.882491
                           pre_0 #|
National Health and Medical Rese  |  -2.521765   4.348457    -0.58   0.562    -11.04544    6.001914
            pre_0#Wellcome Trust  |   -.567418   8.687171    -0.07   0.948    -17.59568    16.46084
                                  |
                            _cons |   72.31458   1.072105    67.45   0.000     70.21308    74.41608
----------------------------------+----------------------------------------------------------------
                          sigma_u |  48.788849
                          sigma_e |  79.366383
                              rho |  .27425384   (fraction of variance due to u_i)
---------------------------------------------------------------------------------------------------
(est15 stored)

added macro:
          e(CountryFE) : "No"

added macro:
      e(AffiliationFE) : "No"

added macro:
       e(ResearcherFE) : "Yes"
