----------------------------------------------------------------------------------------------------
      name:  <unnamed>
       log:  /Users/nj995/dropbox/projects/2018_helios/output/regression_results/20181119_nb_collab_
> countries.log
  log type:  text
 opened on:  19 Nov 2018, 19:31:03
(sum of wgt is 132,913)

Linear regression                               Number of obs     =    132,913
                                                F(15, 132897)     =     344.95
                                                Prob > F          =     0.0000
                                                R-squared         =     0.0447
                                                Root MSE          =     3.1248

---------------------------------------------------------------------------------------------------
                                  |               Robust
              nb_collab_countries |      Coef.   Std. Err.      t    P>|t|     [95% Conf. Interval]
----------------------------------+----------------------------------------------------------------
                      1.post_flag |   1.413643   .0724064    19.52   0.000     1.271728    1.555559
                                  |
                        funder_id |
                INCa/INSERM/DGOS  |   .0813283   .0523654     1.55   0.120     -.021307    .1839635
       National Cancer Institute  |  -.5137808   .0327957   -15.67   0.000    -.5780599   -.4495018
National Health and Medical Rese  |  -.0093823   .0428288    -0.22   0.827     -.093326    .0745614
                  Wellcome Trust  |  -.4058962   .0708813    -5.73   0.000    -.5448222   -.2669701
                                  |
              post_flag#funder_id |
              1#INCa/INSERM/DGOS  |   .0461669   .1065871     0.43   0.665    -.1627419    .2550758
     1#National Cancer Institute  |  -.4694624   .0750924    -6.25   0.000    -.6166421   -.3222827
                               1 #|
National Health and Medical Rese  |   .0547515   .0938831     0.58   0.560    -.1292577    .2387606
                1#Wellcome Trust  |   .3271729   .1790405     1.83   0.068    -.0237433    .6780891
                                  |
              orcid_confirmed_cat |
                            True  |  -.0788039   .0948014    -0.83   0.406     -.264613    .1070052
                                  |
                       start_year |
                            2008  |  -.0411964   .0233074    -1.77   0.077    -.0868785    .0044856
                            2009  |   .2749594   .0242683    11.33   0.000     .2273939    .3225249
                            2010  |   .2725991   .0278006     9.81   0.000     .2181104    .3270878
                            2011  |   .4107424   .0314779    13.05   0.000     .3490463    .4724384
                            2012  |    .392537   .0332619    11.80   0.000     .3273442    .4577298
                                  |
                            _cons |   1.777583   .0336773    52.78   0.000     1.711576     1.84359
---------------------------------------------------------------------------------------------------
(est1 stored)

added macro:
             e(YearFE) : "Yes"

added macro:
      e(AffiliationFE) : "No"

added macro:
       e(ResearcherFE) : "No"
(sum of wgt is 132,913)

Linear regression                               Number of obs     =    132,913
                                                F(17, 132895)     =     341.02
                                                Prob > F          =     0.0000
                                                R-squared         =     0.0490
                                                Root MSE          =     3.1178

---------------------------------------------------------------------------------------------------
                                  |               Robust
              nb_collab_countries |      Coef.   Std. Err.      t    P>|t|     [95% Conf. Interval]
----------------------------------+----------------------------------------------------------------
                      1.post_flag |   1.413643   .0720287    19.63   0.000     1.272468    1.554818
                                  |
                        funder_id |
                INCa/INSERM/DGOS  |   .0835412   .0521932     1.60   0.109    -.0187566     .185839
       National Cancer Institute  |  -.5003667    .032643   -15.33   0.000    -.5643464   -.4363871
National Health and Medical Rese  |  -.0003818   .0425572    -0.01   0.993    -.0837931    .0830296
                  Wellcome Trust  |   -.406299   .0701682    -5.79   0.000    -.5438275   -.2687706
                                  |
              post_flag#funder_id |
              1#INCa/INSERM/DGOS  |   .0461669   .1062625     0.43   0.664    -.1621056    .2544395
     1#National Cancer Institute  |  -.4694624   .0747215    -6.28   0.000    -.6159152   -.3230095
                               1 #|
National Health and Medical Rese  |   .0547515   .0934656     0.59   0.558    -.1284395    .2379425
                1#Wellcome Trust  |   .3271729   .1780835     1.84   0.066    -.0218674    .6762133
                                  |
              orcid_confirmed_cat |
                            True  |  -.1046214   .0943216    -1.11   0.267      -.28949    .0802472
                                  |
                       gender_cat |
                               F  |  -.1290854   .0250994    -5.14   0.000    -.1782799    -.079891
                               M  |   .3284982   .0227134    14.46   0.000     .2839805     .373016
                                  |
                       start_year |
                            2008  |  -.0233111   .0232809    -1.00   0.317    -.0689413    .0223192
                            2009  |   .2791621   .0242081    11.53   0.000     .2317146    .3266095
                            2010  |   .2927233    .027759    10.55   0.000     .2383162    .3471304
                            2011  |   .4378089   .0314664    13.91   0.000     .3761353    .4994824
                            2012  |   .4111952   .0332197    12.38   0.000     .3460851    .4763053
                                  |
                            _cons |    1.61389   .0385549    41.86   0.000     1.538323    1.689457
---------------------------------------------------------------------------------------------------
(est2 stored)

added macro:
             e(YearFE) : "Yes"

added macro:
      e(AffiliationFE) : "No"

added macro:
       e(ResearcherFE) : "No"
(sum of wgt is 132,913)

Linear regression                               Number of obs     =    132,913
                                                F(19, 132893)     =     853.51
                                                Prob > F          =     0.0000
                                                R-squared         =     0.0962
                                                Root MSE          =     3.0395

---------------------------------------------------------------------------------------------------
                                  |               Robust
              nb_collab_countries |      Coef.   Std. Err.      t    P>|t|     [95% Conf. Interval]
----------------------------------+----------------------------------------------------------------
                      1.post_flag |    .988714   .0698711    14.15   0.000     .8517678     1.12566
                                  |
                        funder_id |
                INCa/INSERM/DGOS  |   .0626142   .0490159     1.28   0.201    -.0334561    .1586845
       National Cancer Institute  |  -.4827737   .0304984   -15.83   0.000    -.5425501   -.4229973
National Health and Medical Rese  |   .0302514   .0401856     0.75   0.452    -.0485117    .1090145
                  Wellcome Trust  |  -.0293867   .0628362    -0.47   0.640    -.1525445    .0937711
                                  |
              post_flag#funder_id |
              1#INCa/INSERM/DGOS  |   .0571461   .1029986     0.55   0.579    -.1447293    .2590214
     1#National Cancer Institute  |  -.4696444   .0724907    -6.48   0.000    -.6117248   -.3275639
                               1 #|
National Health and Medical Rese  |   .0462777   .0908671     0.51   0.611    -.1318202    .2243756
                1#Wellcome Trust  |   .2500813   .1696693     1.47   0.141    -.0824675    .5826301
                                  |
              orcid_confirmed_cat |
                            True  |  -.1474536   .0918975    -1.60   0.109     -.327571    .0326638
                                  |
                       gender_cat |
                               F  |  -.1386603   .0244827    -5.66   0.000     -.186646   -.0906745
                               M  |   .0530679   .0223524     2.37   0.018     .0092576    .0968782
                                  |
                   rsr_career_age |    .136167   .0019713    69.08   0.000     .1323033    .1400306
                 rsr_career_age_2 |  -.0019599   .0000637   -30.78   0.000    -.0020847   -.0018351
                                  |
                       start_year |
                            2008  |   .0125856   .0227057     0.55   0.579    -.0319171    .0570884
                            2009  |   .2291436   .0235518     9.73   0.000     .1829825    .2753046
                            2010  |   .3090305   .0270412    11.43   0.000     .2560302    .3620308
                            2011  |   .4630322   .0306778    15.09   0.000     .4029042    .5231601
                            2012  |   .4909534   .0324646    15.12   0.000     .4273233    .5545834
                                  |
                            _cons |   .5446226   .0374765    14.53   0.000     .4711694    .6180757
---------------------------------------------------------------------------------------------------
(est3 stored)

added macro:
             e(YearFE) : "Yes"

added macro:
      e(AffiliationFE) : "No"

added macro:
       e(ResearcherFE) : "No"
       panel variable:  person_id (balanced)
note: 2.funder_id omitted because of collinearity
note: 3.funder_id omitted because of collinearity
note: 4.funder_id omitted because of collinearity
note: 5.funder_id omitted because of collinearity

Fixed-effects (within) regression               Number of obs     =    132,913
Group variable: person_id                       Number of groups  =     12,083

R-sq:                                           Obs per group:
     within  = 0.0563                                         min =         11
     between = 0.0224                                         avg =       11.0
     overall = 0.0367                                         max =         11

                                                F(5,12082)        =     507.45
corr(u_i, Xb)  = 0.0192                         Prob > F          =     0.0000

                                              (Std. Err. adjusted for 12,083 clusters in person_id)
---------------------------------------------------------------------------------------------------
                                  |               Robust
              nb_collab_countries |      Coef.   Std. Err.      t    P>|t|     [95% Conf. Interval]
----------------------------------+----------------------------------------------------------------
                      1.post_flag |   1.413643   .0857772    16.48   0.000     1.245506    1.581781
                                  |
                        funder_id |
                INCa/INSERM/DGOS  |          0  (omitted)
       National Cancer Institute  |          0  (omitted)
National Health and Medical Rese  |          0  (omitted)
                  Wellcome Trust  |          0  (omitted)
                                  |
              post_flag#funder_id |
              1#INCa/INSERM/DGOS  |   .0461669   .1222643     0.38   0.706    -.1934906    .2858245
     1#National Cancer Institute  |  -.4694624   .0891663    -5.27   0.000    -.6442427   -.2946821
                               1 #|
National Health and Medical Rese  |   .0547515   .1122836     0.49   0.626    -.1653423    .2748453
                1#Wellcome Trust  |   .3271729   .2242495     1.46   0.145    -.1123921    .7667379
                                  |
                            _cons |   1.606637   .0099464   161.53   0.000     1.587141    1.626134
----------------------------------+----------------------------------------------------------------
                          sigma_u |  2.1380741
                          sigma_e |  2.4090198
                              rho |  .44062425   (fraction of variance due to u_i)
---------------------------------------------------------------------------------------------------
(est4 stored)

added macro:
             e(YearFE) : "Yes"

added macro:
      e(AffiliationFE) : "Yes"

added macro:
       e(ResearcherFE) : "Yes"
(sum of wgt is 42,257.7057465465)

Linear regression                               Number of obs     =    126,544
                                                F(15, 126528)     =     103.93
                                                Prob > F          =     0.0000
                                                R-squared         =     0.0492
                                                Root MSE          =     3.4654

---------------------------------------------------------------------------------------------------
                                  |               Robust
              nb_collab_countries |      Coef.   Std. Err.      t    P>|t|     [95% Conf. Interval]
----------------------------------+----------------------------------------------------------------
                      1.post_flag |   1.477451   .1716653     8.61   0.000      1.14099    1.813912
                                  |
                        funder_id |
                INCa/INSERM/DGOS  |   .0677259   .0845999     0.80   0.423    -.0980884    .2335402
       National Cancer Institute  |  -.4723754   .0757133    -6.24   0.000    -.6207721   -.3239786
National Health and Medical Rese  |  -.0235396   .1000494    -0.24   0.814    -.2196346    .1725554
                  Wellcome Trust  |  -.3493661   .1393565    -2.51   0.012    -.6225025   -.0762297
                                  |
              post_flag#funder_id |
              1#INCa/INSERM/DGOS  |  -.0176404   .1887453    -0.09   0.926    -.3875779     .352297
     1#National Cancer Institute  |  -.4781682   .1768918    -2.70   0.007     -.824873   -.1314634
                               1 #|
National Health and Medical Rese  |  -.1341249   .2302125    -0.58   0.560    -.5853374    .3170877
                1#Wellcome Trust  |  -.3081669   .3766436    -0.82   0.413    -1.046382    .4300481
                                  |
              orcid_confirmed_cat |
                            True  |  -.0925028   .0952419    -0.97   0.331    -.2791752    .0941697
                                  |
                       start_year |
                            2008  |  -.0434979   .0840025    -0.52   0.605    -.2081414    .1211456
                            2009  |   .1226465   .0788318     1.56   0.120    -.0318624    .2771554
                            2010  |   .1928114   .1289897     1.49   0.135    -.0600062    .4456289
                            2011  |   .9312594   .1395701     6.67   0.000     .6577044    1.204814
                            2012  |   .4079518   .0969522     4.21   0.000     .2179271    .5979765
                                  |
                            _cons |   1.735906   .0842201    20.61   0.000     1.570836    1.900976
---------------------------------------------------------------------------------------------------
(est5 stored)

added macro:
             e(YearFE) : "Yes"

added macro:
      e(AffiliationFE) : "No"

added macro:
       e(ResearcherFE) : "No"
(sum of wgt is 42,257.7057465465)

Linear regression                               Number of obs     =    126,544
                                                F(17, 126526)     =      98.29
                                                Prob > F          =     0.0000
                                                R-squared         =     0.0542
                                                Root MSE          =     3.4564

---------------------------------------------------------------------------------------------------
                                  |               Robust
              nb_collab_countries |      Coef.   Std. Err.      t    P>|t|     [95% Conf. Interval]
----------------------------------+----------------------------------------------------------------
                      1.post_flag |   1.477451   .1696747     8.71   0.000     1.144891     1.81001
                                  |
                        funder_id |
                INCa/INSERM/DGOS  |   .0622437   .0836461     0.74   0.457    -.1017012    .2261886
       National Cancer Institute  |  -.4459432   .0748772    -5.96   0.000    -.5927013   -.2991851
National Health and Medical Rese  |   .0004699   .0992002     0.00   0.996    -.1939609    .1949006
                  Wellcome Trust  |  -.3042305   .1431785    -2.12   0.034    -.5848579    -.023603
                                  |
              post_flag#funder_id |
              1#INCa/INSERM/DGOS  |  -.0176404     .18688    -0.09   0.925     -.383922    .3486412
     1#National Cancer Institute  |  -.4781682   .1749234    -2.73   0.006    -.8210152   -.1353213
                               1 #|
National Health and Medical Rese  |  -.1341249   .2293828    -0.58   0.559    -.5837111    .3154614
                1#Wellcome Trust  |  -.3081669   .3762301    -0.82   0.413    -1.045571    .4292376
                                  |
              orcid_confirmed_cat |
                            True  |  -.1161463   .0947006    -1.23   0.220    -.3017578    .0694653
                                  |
                       gender_cat |
                               F  |  -.2813292   .0999072    -2.82   0.005    -.4771455   -.0855129
                               M  |   .2626197   .0911992     2.88   0.004     .0838709    .4413685
                                  |
                       start_year |
                            2008  |   .0244416   .0868466     0.28   0.778    -.1457762    .1946594
                            2009  |   .1397511   .0802044     1.74   0.081    -.0174482    .2969503
                            2010  |   .3283996     .12186     2.69   0.007     .0895561     .567243
                            2011  |    .978877   .1403087     6.98   0.000     .7038745     1.25388
                            2012  |   .5020552   .0969611     5.18   0.000     .3120131    .6920974
                                  |
                            _cons |   1.627812   .1136577    14.32   0.000     1.405045    1.850579
---------------------------------------------------------------------------------------------------
(est6 stored)

added macro:
             e(YearFE) : "Yes"

added macro:
      e(AffiliationFE) : "No"

added macro:
       e(ResearcherFE) : "No"
(sum of wgt is 42,257.7057465465)

Linear regression                               Number of obs     =    126,544
                                                F(19, 126524)     =     141.89
                                                Prob > F          =     0.0000
                                                R-squared         =     0.1115
                                                Root MSE          =       3.35

---------------------------------------------------------------------------------------------------
                                  |               Robust
              nb_collab_countries |      Coef.   Std. Err.      t    P>|t|     [95% Conf. Interval]
----------------------------------+----------------------------------------------------------------
                      1.post_flag |   .9495873   .1653221     5.74   0.000     .6255588    1.273616
                                  |
                        funder_id |
                INCa/INSERM/DGOS  |   .0478161   .0815916     0.59   0.558     -.112102    .2077342
       National Cancer Institute  |  -.5134367   .0740812    -6.93   0.000    -.6586347   -.3682388
National Health and Medical Rese  |   .0622806   .0933971     0.67   0.505    -.1207761    .2453374
                  Wellcome Trust  |  -.1957319   .1378918    -1.42   0.156    -.4659974    .0745335
                                  |
              post_flag#funder_id |
              1#INCa/INSERM/DGOS  |  -.0037613   .1823479    -0.02   0.984    -.3611601    .3536375
     1#National Cancer Institute  |  -.4625626    .171152    -2.70   0.007    -.7980175   -.1271077
                               1 #|
National Health and Medical Rese  |  -.1477868   .2196872    -0.67   0.501      -.57837    .2827964
                1#Wellcome Trust  |  -.3160757   .3940536    -0.80   0.422    -1.088414    .4562625
                                  |
              orcid_confirmed_cat |
                            True  |  -.1649941   .0920962    -1.79   0.073    -.3455011    .0155128
                                  |
                       gender_cat |
                               F  |  -.3611348   .0965027    -3.74   0.000    -.5502785   -.1719911
                               M  |    .004982   .0863632     0.06   0.954    -.1642883    .1742524
                                  |
                   rsr_career_age |   .1545713   .0062363    24.79   0.000     .1423482    .1667945
                 rsr_career_age_2 |  -.0019668   .0002141    -9.19   0.000    -.0023864   -.0015473
                                  |
                       start_year |
                            2008  |   .1578855   .0767118     2.06   0.040     .0075317    .3082393
                            2009  |   .1598941    .073073     2.19   0.029     .0166724    .3031159
                            2010  |   .1876111   .1251134     1.50   0.134    -.0576089    .4328311
                            2011  |   .9662924   .1319335     7.32   0.000     .7077051     1.22488
                            2012  |    .538073   .0930126     5.78   0.000     .3557699     .720376
                                  |
                            _cons |   .3410804   .1152542     2.96   0.003     .1151842    .5669766
---------------------------------------------------------------------------------------------------
(est7 stored)

added macro:
             e(YearFE) : "Yes"

added macro:
      e(AffiliationFE) : "No"

added macro:
       e(ResearcherFE) : "No"
       panel variable:  person_id (balanced)
note: 2.funder_id omitted because of collinearity
note: 3.funder_id omitted because of collinearity
note: 4.funder_id omitted because of collinearity
note: 5.funder_id omitted because of collinearity

Fixed-effects (within) regression               Number of obs     =    126,544
Group variable: person_id                       Number of groups  =     11,504

R-sq:                                           Obs per group:
     within  = 0.0631                                         min =         11
     between = 0.0234                                         avg =       11.0
     overall = 0.0355                                         max =         11

                                                F(5,11503)        =     152.19
corr(u_i, Xb)  = 0.0170                         Prob > F          =     0.0000

                                              (Std. Err. adjusted for 11,504 clusters in person_id)
---------------------------------------------------------------------------------------------------
                                  |               Robust
              nb_collab_countries |      Coef.   Std. Err.      t    P>|t|     [95% Conf. Interval]
----------------------------------+----------------------------------------------------------------
                      1.post_flag |   1.477451   .1930394     7.65   0.000     1.099061    1.855841
                                  |
                        funder_id |
                INCa/INSERM/DGOS  |          0  (omitted)
       National Cancer Institute  |          0  (omitted)
National Health and Medical Rese  |          0  (omitted)
                  Wellcome Trust  |          0  (omitted)
                                  |
              post_flag#funder_id |
              1#INCa/INSERM/DGOS  |  -.0176404   .2117901    -0.08   0.934    -.4327851    .3975043
     1#National Cancer Institute  |  -.4781682   .2005412    -2.38   0.017    -.8712631   -.0850734
                               1 #|
National Health and Medical Rese  |  -.1341249   .2462317    -0.54   0.586     -.616781    .3485312
                1#Wellcome Trust  |  -.3081669   .5083555    -0.61   0.544     -1.30463    .6882965
                                  |
                            _cons |   1.838445   .0476379    38.59   0.000     1.745066    1.931823
----------------------------------+----------------------------------------------------------------
                          sigma_u |  2.1394826
                          sigma_e |  2.6403498
                              rho |   .3963505   (fraction of variance due to u_i)
---------------------------------------------------------------------------------------------------
(est8 stored)

added macro:
             e(YearFE) : "Yes"

added macro:
      e(AffiliationFE) : "Yes"

added macro:
       e(ResearcherFE) : "Yes"
