----------------------------------------------------------------------------------------------------
      name:  <unnamed>
       log:  /Users/nj995/dropbox/projects/2018_helios/output/regression_results/20181113_nb_pubs.lo
> g
  log type:  text
 opened on:  13 Nov 2018, 14:40:47

      Source |       SS           df       MS      Number of obs   =   132,913
-------------+----------------------------------   F(15, 132897)   =    171.93
       Model |  196704.864        15  13113.6576   Prob > F        =    0.0000
    Residual |  10136496.4   132,897  76.2733272   R-squared       =    0.0190
-------------+----------------------------------   Adj R-squared   =    0.0189
       Total |  10333201.2   132,912  77.7446824   Root MSE        =    8.7335

---------------------------------------------------------------------------------------------------
                          nb_pubs |      Coef.   Std. Err.      t    P>|t|     [95% Conf. Interval]
----------------------------------+----------------------------------------------------------------
                      1.post_flag |   1.853046    .180437    10.27   0.000     1.499393    2.206699
                                  |
                        funder_id |
                INCa/INSERM/DGOS  |   1.514922   .1744623     8.68   0.000      1.17298    1.856865
       National Cancer Institute  |   .6940577   .1279826     5.42   0.000     .4432142    .9449012
National Health and Medical Rese  |   .2082943   .1520539     1.37   0.171    -.0897287    .5063172
                  Wellcome Trust  |  -.5958174   .2582804    -2.31   0.021    -1.102042   -.0895926
                                  |
              post_flag#funder_id |
              1#INCa/INSERM/DGOS  |   .8358306   .2513083     3.33   0.001     .3432709     1.32839
     1#National Cancer Institute  |   .3075062   .1893135     1.62   0.104    -.0635449    .6785572
                               1 #|
National Health and Medical Rese  |   .6653379   .2251277     2.96   0.003     .2240916    1.106584
                1#Wellcome Trust  |  -.1537237   .3824187    -0.40   0.688    -.9032573    .5958099
                                  |
              orcid_confirmed_rsr |
                            True  |  -.7438456   .2264719    -3.28   0.001    -1.187726   -.2999647
                                  |
                       start_year |
                            2008  |  -.2349779    .077721    -3.02   0.003    -.3873097   -.0826462
                            2009  |   .3359677   .0752863     4.46   0.000     .1884078    .4835275
                            2010  |    .265932   .0819606     3.24   0.001     .1052906    .4265733
                            2011  |   -.102883   .0830029    -1.24   0.215    -.2655672    .0598011
                            2012  |   -.489528   .0851823    -5.75   0.000    -.6564839   -.3225722
                                  |
                            _cons |   4.552496   .1279314    35.59   0.000     4.301752    4.803239
---------------------------------------------------------------------------------------------------
(est1 stored)

added macro:
          e(CountryFE) : "No"

added macro:
      e(AffiliationFE) : "No"

added macro:
       e(ResearcherFE) : "No"

      Source |       SS           df       MS      Number of obs   =   132,913
-------------+----------------------------------   F(35, 132877)   =     78.05
       Model |  208160.435        35  5947.44099   Prob > F        =    0.0000
    Residual |  10125040.8   132,877  76.1985957   R-squared       =    0.0201
-------------+----------------------------------   Adj R-squared   =    0.0199
       Total |  10333201.2   132,912  77.7446824   Root MSE        =    8.7292

---------------------------------------------------------------------------------------------------
                          nb_pubs |      Coef.   Std. Err.      t    P>|t|     [95% Conf. Interval]
----------------------------------+----------------------------------------------------------------
                        post_year |
                          post_1  |   1.088669   .3216994     3.38   0.001     .4581439    1.719194
                          post_2  |   1.458867   .3216994     4.53   0.000     .8283419    2.089392
                          post_3  |    1.99903   .3216994     6.21   0.000     1.368505    2.629555
                          post_4  |   2.463523   .3216994     7.66   0.000     1.832998    3.094049
                          post_5  |   2.255142   .3216994     7.01   0.000     1.624617    2.885667
                                  |
                        funder_id |
                INCa/INSERM/DGOS  |   1.514922   .1743768     8.69   0.000     1.173147    1.856698
       National Cancer Institute  |   .6940577   .1279199     5.43   0.000     .4433371    .9447783
National Health and Medical Rese  |   .2082943   .1519794     1.37   0.171    -.0895826    .5061712
                  Wellcome Trust  |  -.5958174   .2581538    -2.31   0.021    -1.101794   -.0898406
                                  |
              post_year#funder_id |
         post_1#INCa/INSERM/DGOS  |   .7295294   .4480552     1.63   0.103    -.1486507     1.60771
post_1#National Cancer Institute  |   .5787018   .3375254     1.71   0.086    -.0828418    1.240245
                          post_1 #|
National Health and Medical Rese  |   .6162349   .4013782     1.54   0.125    -.1704592    1.402929
           post_1#Wellcome Trust  |   .1179706   .6818108     0.17   0.863    -1.218366    1.454307
         post_2#INCa/INSERM/DGOS  |   1.025633   .4480552     2.29   0.022     .1474533    1.903814
post_2#National Cancer Institute  |   .3691658   .3375254     1.09   0.274    -.2923778    1.030709
                          post_2 #|
National Health and Medical Rese  |   .4735159   .4013782     1.18   0.238    -.3131782     1.26021
           post_2#Wellcome Trust  |  -.2806826   .6818108    -0.41   0.681    -1.617019    1.055654
         post_3#INCa/INSERM/DGOS  |   .7217943   .4480552     1.61   0.107    -.1563858    1.599974
post_3#National Cancer Institute  |   .2516058   .3375254     0.75   0.456    -.4099378    .9131494
                          post_3 #|
National Health and Medical Rese  |   .3844223   .4013782     0.96   0.338    -.4022718    1.171116
           post_3#Wellcome Trust  |  -.2923903   .6818108    -0.43   0.668    -1.628727    1.043946
         post_4#INCa/INSERM/DGOS  |   .5975633   .4480552     1.33   0.182    -.2806168    1.475743
post_4#National Cancer Institute  |   .0505789   .3375254     0.15   0.881    -.6109647    .7121225
                          post_4 #|
National Health and Medical Rese  |     .84151   .4013782     2.10   0.036     .0548159    1.628204
           post_4#Wellcome Trust  |  -.0048514   .6818108    -0.01   0.994    -1.341188    1.331485
         post_5#INCa/INSERM/DGOS  |   1.104632   .4480552     2.47   0.014     .2264521    1.982812
post_5#National Cancer Institute  |   .2874786   .3375254     0.85   0.394    -.3740651    .9490222
                          post_5 #|
National Health and Medical Rese  |   1.011007   .4013782     2.52   0.012     .2243125    1.797701
           post_5#Wellcome Trust  |  -.3086647   .6818108    -0.45   0.651    -1.645001    1.027672
                                  |
              orcid_confirmed_rsr |
                            True  |  -.7438456    .226361    -3.29   0.001    -1.187509   -.3001822
                                  |
                       start_year |
                            2008  |  -.2349779   .0776829    -3.02   0.002    -.3872351   -.0827208
                            2009  |   .3359677   .0752494     4.46   0.000     .1884802    .4834552
                            2010  |    .265932   .0819205     3.25   0.001     .1053694    .4264946
                            2011  |   -.102883   .0829622    -1.24   0.215    -.2654874    .0597214
                            2012  |   -.489528   .0851406    -5.75   0.000    -.6564021    -.322654
                                  |
                            _cons |   4.552496   .1278687    35.60   0.000     4.301875    4.803116
---------------------------------------------------------------------------------------------------
(est2 stored)

added macro:
          e(CountryFE) : "No"

added macro:
      e(AffiliationFE) : "No"

added macro:
       e(ResearcherFE) : "No"

      Source |       SS           df       MS      Number of obs   =   132,913
-------------+----------------------------------   F(60, 132852)   =     53.43
       Model |  243469.492        60  4057.82487   Prob > F        =    0.0000
    Residual |  10089731.7   132,852  75.9471573   R-squared       =    0.0236
-------------+----------------------------------   Adj R-squared   =    0.0231
       Total |  10333201.2   132,912  77.7446824   Root MSE        =    8.7148

---------------------------------------------------------------------------------------------------
                          nb_pubs |      Coef.   Std. Err.      t    P>|t|     [95% Conf. Interval]
----------------------------------+----------------------------------------------------------------
                    pre_post_year |
                          post_1  |   1.871944   .4205079     4.45   0.000     1.047756    2.696132
                          post_2  |   2.242142   .4205079     5.33   0.000     1.417954     3.06633
                          post_3  |   2.782305   .4205079     6.62   0.000     1.958117    3.606493
                          post_4  |   3.246799   .4205079     7.72   0.000     2.422611    4.070986
                          post_5  |   3.038417   .4205079     7.23   0.000     2.214229    3.862605
                          pre_-1  |   1.315483   .4205079     3.13   0.002     .4912952    2.139671
                          pre_-2  |   .9965076   .4205079     2.37   0.018     .1723197    1.820695
                          pre_-3  |   .7299185   .4205079     1.74   0.083    -.0942694    1.554106
                          pre_-4  |   .2700815   .4205079     0.64   0.521    -.5541064    1.094269
                           pre_0  |    1.38766   .4205079     3.30   0.001     .5634722    2.211848
                                  |
                        funder_id |
                INCa/INSERM/DGOS  |   .9905754    .416208     2.38   0.017     .1748153    1.806336
       National Cancer Institute  |   .5073371   .3121135     1.63   0.104    -.1043996    1.119074
National Health and Medical Rese  |  -.1453932   .3711017    -0.39   0.695    -.8727458    .5819593
                  Wellcome Trust  |  -.7115938   .6303768    -1.13   0.259    -1.947121    .5239333
                                  |
          pre_post_year#funder_id |
         post_1#INCa/INSERM/DGOS  |   1.253876   .5856733     2.14   0.032     .1059674    2.401786
post_1#National Cancer Institute  |   .7654224   .4411947     1.73   0.083    -.0993113    1.630156
                          post_1 #|
National Health and Medical Rese  |   .9699224   .5246597     1.85   0.065    -.0584011    1.998246
           post_1#Wellcome Trust  |   .2337469   .8912258     0.26   0.793    -1.513039    1.980533
         post_2#INCa/INSERM/DGOS  |   1.549981   .5856733     2.65   0.008     .4020714     2.69789
post_2#National Cancer Institute  |   .5558864   .4411947     1.26   0.208    -.3088473     1.42062
                          post_2 #|
National Health and Medical Rese  |   .8272034   .5246597     1.58   0.115    -.2011201    1.855527
           post_2#Wellcome Trust  |  -.1649063   .8912258    -0.19   0.853    -1.911693     1.58188
         post_3#INCa/INSERM/DGOS  |   1.246141   .5856733     2.13   0.033     .0982323     2.39405
post_3#National Cancer Institute  |   .4383264   .4411947     0.99   0.320    -.4264073     1.30306
                          post_3 #|
National Health and Medical Rese  |   .7381098   .5246597     1.41   0.159    -.2902137    1.766433
           post_3#Wellcome Trust  |  -.1766139   .8912258    -0.20   0.843      -1.9234    1.570172
         post_4#INCa/INSERM/DGOS  |    1.12191   .5856733     1.92   0.055    -.0259987    2.269819
post_4#National Cancer Institute  |   .2372995   .4411947     0.54   0.591    -.6274341    1.102033
                          post_4 #|
National Health and Medical Rese  |   1.195198   .5246597     2.28   0.023      .166874    2.223521
           post_4#Wellcome Trust  |    .110925   .8912258     0.12   0.901    -1.635861    1.857711
         post_5#INCa/INSERM/DGOS  |   1.628979   .5856733     2.78   0.005     .4810702    2.776888
post_5#National Cancer Institute  |   .4741991   .4411947     1.07   0.282    -.3905345    1.338933
                          post_5 #|
National Health and Medical Rese  |   1.364694   .5246597     2.60   0.009     .3363706    2.393018
           post_5#Wellcome Trust  |  -.1928883   .8912258    -0.22   0.829    -1.939675    1.553898
         pre_-1#INCa/INSERM/DGOS  |   .8508188   .5856733     1.45   0.146    -.2970902    1.998728
pre_-1#National Cancer Institute  |   .2454839   .4411947     0.56   0.578    -.6192498    1.110218
                          pre_-1 #|
National Health and Medical Rese  |   .5315681   .5246597     1.01   0.311    -.4967554    1.559892
           pre_-1#Wellcome Trust  |  -.0634506   .8912258    -0.07   0.943    -1.810237    1.683336
         pre_-2#INCa/INSERM/DGOS  |   .4192474   .5856733     0.72   0.474    -.7286617    1.567156
pre_-2#National Cancer Institute  |   .1371622   .4411947     0.31   0.756    -.7275715    1.001896
                          pre_-2 #|
National Health and Medical Rese  |   .5090012   .5246597     0.97   0.332    -.5193223    1.537325
           pre_-2#Wellcome Trust  |   .1335737   .8912258     0.15   0.881    -1.613213     1.88036
         pre_-3#INCa/INSERM/DGOS  |   .2536701   .5856733     0.43   0.665     -.894239    1.401579
pre_-3#National Cancer Institute  |    .070105   .4411947     0.16   0.874    -.7946287    .9348386
                          pre_-3 #|
National Health and Medical Rese  |   .1067633   .5246597     0.20   0.839    -.9215602    1.135087
           pre_-3#Wellcome Trust  |   .1115449   .8912258     0.13   0.900    -1.635242    1.858331
         pre_-4#INCa/INSERM/DGOS  |   .0318879   .5856733     0.05   0.957    -1.116021    1.179797
pre_-4#National Cancer Institute  |   .1324534   .4411947     0.30   0.764    -.7322802    .9971871
                          pre_-4 #|
National Health and Medical Rese  |   .1446949   .5246597     0.28   0.783    -.8836286    1.173018
           pre_-4#Wellcome Trust  |   .1730079   .8912258     0.19   0.846    -1.573778    1.919794
          pre_0#INCa/INSERM/DGOS  |   1.590458   .5856733     2.72   0.007      .442549    2.738367
 pre_0#National Cancer Institute  |   .5351189   .4411947     1.21   0.225    -.3296147    1.399853
                           pre_0 #|
National Health and Medical Rese  |   .8300975   .5246597     1.58   0.114     -.198226    1.858421
            pre_0#Wellcome Trust  |   .3399822   .8912258     0.38   0.703    -1.406804    2.086769
                                  |
              orcid_confirmed_rsr |
                            True  |  -.7438456   .2259872    -3.29   0.001    -1.186776   -.3009148
                                  |
                       start_year |
                            2008  |  -.2349779   .0775547    -3.03   0.002    -.3869836   -.0829722
                            2009  |   .3359677   .0751252     4.47   0.000     .1887237    .4832117
                            2010  |    .265932   .0817852     3.25   0.001     .1056345    .4262294
                            2011  |   -.102883   .0828252    -1.24   0.214    -.2652189    .0594529
                            2012  |   -.489528       .085    -5.76   0.000    -.6561265   -.3229295
                                  |
                            _cons |   3.769221   .2999572    12.57   0.000      3.18131    4.357131
---------------------------------------------------------------------------------------------------
(est3 stored)

added macro:
          e(CountryFE) : "No"

added macro:
      e(AffiliationFE) : "No"

added macro:
       e(ResearcherFE) : "No"

      Source |       SS           df       MS      Number of obs   =   132,913
-------------+----------------------------------   F(17, 132895)   =    799.19
       Model |  958411.566        17   56377.151   Prob > F        =    0.0000
    Residual |  9374789.66   132,895   70.542832   R-squared       =    0.0928
-------------+----------------------------------   Adj R-squared   =    0.0926
       Total |  10333201.2   132,912  77.7446824   Root MSE        =     8.399

---------------------------------------------------------------------------------------------------
                          nb_pubs |      Coef.   Std. Err.      t    P>|t|     [95% Conf. Interval]
----------------------------------+----------------------------------------------------------------
                      1.post_flag |    .491409   .1740336     2.82   0.005     .1503062    .8325117
                                  |
                        funder_id |
                INCa/INSERM/DGOS  |   1.517966   .1677937     9.05   0.000     1.189094    1.846839
       National Cancer Institute  |   .8418828   .1231181     6.84   0.000     .6005735    1.083192
National Health and Medical Rese  |   .3574777   .1462419     2.44   0.015     .0708464    .6441091
                  Wellcome Trust  |   .9442757   .2490263     3.79   0.000     .4561887    1.432363
                                  |
              post_flag#funder_id |
              1#INCa/INSERM/DGOS  |   .8621574   .2416841     3.57   0.000     .3884609    1.335854
     1#National Cancer Institute  |   .3032162    .182063     1.67   0.096     -.053624    .6600564
                               1 #|
National Health and Medical Rese  |   .6310783    .216507     2.91   0.004     .2067286    1.055428
                1#Wellcome Trust  |  -.4762895   .3678447    -1.29   0.195    -1.197258    .2446794
                                  |
                   rsr_career_age |   .4605198   .0059477    77.43   0.000     .4488623    .4721773
                 rsr_career_age_2 |  -.0071109   .0001608   -44.23   0.000     -.007426   -.0067958
                                  |
              orcid_confirmed_rsr |
                            True  |  -.9832845   .2178327    -4.51   0.000    -1.410233   -.5563363
                                  |
                       start_year |
                            2008  |  -.0779121   .0747603    -1.04   0.297     -.224441    .0686168
                            2009  |   .1874039   .0724603     2.59   0.010      .045383    .3294248
                            2010  |   .3404331    .078825     4.32   0.000     .1859375    .4949287
                            2011  |   .0092024    .079833     0.12   0.908    -.1472688    .1656736
                            2012  |  -.1901332   .0819892    -2.32   0.020    -.3508306   -.0294359
                                  |
                            _cons |   .4997686   .1299827     3.84   0.000     .2450049    .7545323
---------------------------------------------------------------------------------------------------
(est4 stored)

added macro:
          e(CountryFE) : "No"

added macro:
      e(AffiliationFE) : "No"

added macro:
       e(ResearcherFE) : "No"

      Source |       SS           df       MS      Number of obs   =   132,913
-------------+----------------------------------   F(37, 132875)   =    368.07
       Model |  960608.114        37  25962.3815   Prob > F        =    0.0000
    Residual |  9372593.12   132,875   70.536919   R-squared       =    0.0930
-------------+----------------------------------   Adj R-squared   =    0.0927
       Total |  10333201.2   132,912  77.7446824   Root MSE        =    8.3986

---------------------------------------------------------------------------------------------------
                          nb_pubs |      Coef.   Std. Err.      t    P>|t|     [95% Conf. Interval]
----------------------------------+----------------------------------------------------------------
                        post_year |
                          post_1  |   .1582444   .3096485     0.51   0.609     -.448661    .7651497
                          post_2  |   .3005461   .3097217     0.97   0.332    -.3065027    .9075949
                          post_3  |   .6270402   .3098083     2.02   0.043     .0198216    1.234259
                          post_4  |   .8920922   .3099086     2.88   0.004     .2846769    1.499507
                          post_5  |    .498496    .310024     1.61   0.108    -.1091454    1.106137
                                  |
                        funder_id |
                INCa/INSERM/DGOS  |   1.518266   .1677867     9.05   0.000     1.189407    1.847125
       National Cancer Institute  |   .8418875    .123113     6.84   0.000     .6005883    1.083187
National Health and Medical Rese  |   .3572533   .1462357     2.44   0.015     .0706339    .6438727
                  Wellcome Trust  |   .9416962   .2490171     3.78   0.000     .4536273    1.429765
                                  |
              post_year#funder_id |
         post_1#INCa/INSERM/DGOS  |   .7462893   .4310886     1.73   0.083    -.0986365    1.591215
post_1#National Cancer Institute  |   .5759708    .324744     1.77   0.076    -.0605217    1.212463
                          post_1 #|
National Health and Medical Rese  |   .5944249   .3861793     1.54   0.124    -.1624794    1.351329
           post_1#Wellcome Trust  |  -.0873774   .6560086    -0.13   0.894    -1.373142    1.198388
         post_2#INCa/INSERM/DGOS  |   1.047182   .4310887     2.43   0.015     .2022559    1.892108
post_2#National Cancer Institute  |   .3656545   .3247441     1.13   0.260     -.270838    1.002147
                          post_2 #|
National Health and Medical Rese  |   .4454746   .3861795     1.15   0.249    -.3114302    1.202379
           post_2#Wellcome Trust  |  -.5447014   .6560193    -0.83   0.406    -1.830487    .7410845
         post_3#INCa/INSERM/DGOS  |   .7481313   .4310888     1.74   0.083    -.0967949    1.593057
post_3#National Cancer Institute  |   .2473142   .3247441     0.76   0.446    -.3891783    .8838066
                          post_3 #|
National Health and Medical Rese  |   .3501495   .3861797     0.91   0.365    -.4067557    1.107055
           post_3#Wellcome Trust  |  -.6150799   .6560327    -0.94   0.348    -1.900892    .6707322
         post_4#INCa/INSERM/DGOS  |   .6286888    .431089     1.46   0.145    -.2162377    1.473615
post_4#National Cancer Institute  |    .045507   .3247441     0.14   0.889    -.5909854    .6819995
                          post_4 #|
National Health and Medical Rese  |   .8010059     .38618     2.07   0.038        .0441    1.557912
           post_4#Wellcome Trust  |  -.3862118   .6560488    -0.59   0.556    -1.672055    .8996318
         post_5#INCa/INSERM/DGOS  |   1.140546   .4310892     2.65   0.008     .2956193    1.985473
post_5#National Cancer Institute  |   .2816263   .3247441     0.87   0.386    -.3548661    .9181188
                          post_5 #|
National Health and Medical Rese  |    .964271   .3861804     2.50   0.013     .2073645    1.721178
           post_5#Wellcome Trust  |  -.7486959   .6560675    -1.14   0.254    -2.034576    .5371845
                                  |
                   rsr_career_age |    .459897   .0059505    77.29   0.000     .4482341    .4715598
                 rsr_career_age_2 |  -.0071136   .0001608   -44.25   0.000    -.0074287   -.0067986
                                  |
              orcid_confirmed_rsr |
                            True  |  -.9831147   .2178236    -4.51   0.000    -1.410045   -.5561844
                                  |
                       start_year |
                            2008  |   -.078277   .0747573    -1.05   0.295    -.2247999    .0682458
                            2009  |   .1881594   .0724577     2.60   0.009     .0461436    .3301752
                            2010  |   .3402171   .0788217     4.32   0.000      .185728    .4947063
                            2011  |   .0089867   .0798297     0.11   0.910    -.1474779    .1654514
                            2012  |  -.1906603   .0819859    -2.33   0.020    -.3513512   -.0299694
                                  |
                            _cons |   .5081074   .1300021     3.91   0.000     .2533057    .7629092
---------------------------------------------------------------------------------------------------
(est5 stored)

added macro:
          e(CountryFE) : "No"

added macro:
      e(AffiliationFE) : "No"

added macro:
       e(ResearcherFE) : "No"

      Source |       SS           df       MS      Number of obs   =   132,913
-------------+----------------------------------   F(62, 132850)   =    220.65
       Model |  964715.394        62  15559.9257   Prob > F        =    0.0000
    Residual |  9368485.84   132,850  70.5192762   R-squared       =    0.0934
-------------+----------------------------------   Adj R-squared   =    0.0929
       Total |  10333201.2   132,912  77.7446824   Root MSE        =    8.3976

---------------------------------------------------------------------------------------------------
                          nb_pubs |      Coef.   Std. Err.      t    P>|t|     [95% Conf. Interval]
----------------------------------+----------------------------------------------------------------
                    pre_post_year |
                          post_1  |   .2216348   .4055337     0.55   0.585    -.5732039    1.016474
                          post_2  |   .3659775   .4056277     0.90   0.367    -.4290454       1.161
                          post_3  |   .6943414   .4057286     1.71   0.087    -.1008792    1.489562
                          post_4  |    .961092   .4058364     2.37   0.018       .16566    1.756524
                          post_5  |   .5690233   .4059522     1.40   0.161    -.2266356    1.364682
                          pre_-1  |   .1590525   .4053696     0.39   0.695    -.6354645    .9535696
                          pre_-2  |   .1081005    .405303     0.27   0.790    -.6862861     .902487
                          pre_-3  |    .123591   .4052504     0.30   0.760    -.6706924    .9178744
                          pre_-4  |  -.0401103   .4052155    -0.10   0.921    -.8343253    .7541047
                           pre_0  |  -.0227379   .4054472    -0.06   0.955    -.8174071    .7719312
                                  |
                        funder_id |
                INCa/INSERM/DGOS  |   .9817895   .4010636     2.45   0.014     .1957121    1.767867
       National Cancer Institute  |   .6553611   .3007693     2.18   0.029     .0658588    1.244863
National Health and Medical Rese  |   .0174116   .3576013     0.05   0.961    -.6834804    .7183036
                  Wellcome Trust  |   .9551128   .6077932     1.57   0.116    -.2361508    2.146376
                                  |
          pre_post_year#funder_id |
         post_1#INCa/INSERM/DGOS  |   1.282262    .564357     2.27   0.023     .1761325    2.388391
post_1#National Cancer Institute  |   .7607969   .4251366     1.79   0.074    -.0724631    1.594057
                          post_1 #|
National Health and Medical Rese  |   .9329838   .5055644     1.85   0.065    -.0579133    1.923881
           post_1#Wellcome Trust  |  -.1140425    .858825    -0.13   0.894    -1.797324    1.569239
         post_2#INCa/INSERM/DGOS  |   1.583097   .5643571     2.81   0.005     .4769673    2.689227
post_2#National Cancer Institute  |     .55049   .4251366     1.29   0.195      -.28277     1.38375
                          post_2 #|
National Health and Medical Rese  |   .7841084   .5055647     1.55   0.121    -.2067892    1.775006
           post_2#Wellcome Trust  |  -.5706606   .8588384    -0.66   0.506    -2.253968    1.112647
         post_3#INCa/INSERM/DGOS  |   1.283989   .5643573     2.28   0.023     .1778587    2.390119
post_3#National Cancer Institute  |   .4321591   .4251366     1.02   0.309    -.4011009    1.265419
                          post_3 #|
National Health and Medical Rese  |   .6888583    .505565     1.36   0.173    -.3020398    1.679756
           post_3#Wellcome Trust  |  -.6403332   .8588539    -0.75   0.456    -2.323671    1.043005
         post_4#INCa/INSERM/DGOS  |   1.164489   .5643574     2.06   0.039     .0583583    2.270619
post_4#National Cancer Institute  |   .2303613   .4251366     0.54   0.588    -.6028987    1.063621
                          post_4 #|
National Health and Medical Rese  |    1.13979   .5055653     2.25   0.024     .1488908    2.130688
           post_4#Wellcome Trust  |  -.4107592   .8588714    -0.48   0.632    -2.094132    1.272613
         post_5#INCa/INSERM/DGOS  |   1.676288   .5643576     2.97   0.003     .5701577    2.782419
post_5#National Cancer Institute  |   .4664901   .4251366     1.10   0.273      -.36677     1.29975
                          post_5 #|
National Health and Medical Rese  |    1.30313   .5055657     2.58   0.010     .3122302    2.294029
           post_5#Wellcome Trust  |  -.7725374    .858891    -0.90   0.368    -2.455948    .9108734
         pre_-1#INCa/INSERM/DGOS  |   .8697425   .5643568     1.54   0.123    -.2363865    1.975872
pre_-1#National Cancer Institute  |   .2424003   .4251366     0.57   0.569    -.5908597     1.07566
                          pre_-1 #|
National Health and Medical Rese  |   .5069424    .505564     1.00   0.316    -.4839539    1.497839
           pre_-1#Wellcome Trust  |  -.2953102   .8588044    -0.34   0.731    -1.978551    1.387931
         pre_-2#INCa/INSERM/DGOS  |   .4334401   .5643567     0.77   0.442    -.6726888    1.539569
pre_-2#National Cancer Institute  |   .1348495   .4251366     0.32   0.751    -.6984105    .9681095
                          pre_-2 #|
National Health and Medical Rese  |   .4905319   .5055639     0.97   0.332    -.5003641    1.481428
           pre_-2#Wellcome Trust  |   -.040321   .8587972    -0.05   0.963    -1.723548    1.642906
         pre_-3#INCa/INSERM/DGOS  |   .2631319   .5643566     0.47   0.641    -.8429968    1.369261
pre_-3#National Cancer Institute  |   .0685631   .4251366     0.16   0.872    -.7646968    .9018231
                          pre_-3 #|
National Health and Medical Rese  |   .0944504   .5055638     0.19   0.852    -.8964454    1.085346
           pre_-3#Wellcome Trust  |  -.0043849    .858792    -0.01   0.996    -1.687602    1.678832
         pre_-4#INCa/INSERM/DGOS  |   .0366188   .5643566     0.06   0.948     -1.06951    1.142748
pre_-4#National Cancer Institute  |   .1316825   .4251366     0.31   0.757    -.7015775    .9649425
                          pre_-4 #|
National Health and Medical Rese  |   .1385385   .5055637     0.27   0.784    -.8523572    1.129434
           pre_-4#Wellcome Trust  |    .115043   .8587889     0.13   0.893    -1.568168    1.798254
          pre_0#INCa/INSERM/DGOS  |   1.614113   .5643569     2.86   0.004     .5079835    2.720242
 pre_0#National Cancer Institute  |   .5312644   .4251366     1.25   0.211    -.3019956    1.364524
                           pre_0 #|
National Health and Medical Rese  |   .7993154   .5055642     1.58   0.114    -.1915812    1.790212
            pre_0#Wellcome Trust  |   .0501577   .8588137     0.06   0.953    -1.633102    1.733417
                                  |
                   rsr_career_age |   .4550646   .0060009    75.83   0.000     .4433029    .4668262
                 rsr_career_age_2 |  -.0070281   .0001614   -43.55   0.000    -.0073443   -.0067118
                                  |
              orcid_confirmed_rsr |
                            True  |  -.9804653   .2177968    -4.50   0.000    -1.407343   -.5535875
                                  |
                       start_year |
                            2008  |  -.0797896   .0747483    -1.07   0.286    -.2262949    .0667157
                            2009  |   .1892253   .0724488     2.61   0.009      .047227    .3312237
                            2010  |   .3395378   .0788119     4.31   0.000     .1850678    .4940077
                            2011  |   .0078675   .0798199     0.10   0.921     -.148578    .1643131
                            2012  |  -.1936934   .0819771    -2.36   0.018     -.354367   -.0330197
                                  |
                            _cons |   .4934446   .2911842     1.69   0.090    -.0772711     1.06416
---------------------------------------------------------------------------------------------------
(est6 stored)

added macro:
          e(CountryFE) : "No"

added macro:
      e(AffiliationFE) : "No"

added macro:
       e(ResearcherFE) : "No"
       panel variable:  rsr_affiliation_id (unbalanced)

Fixed-effects (within) regression               Number of obs     =    132,913
Group variable: rsr_affili~d                    Number of groups  =      4,002

R-sq:                                           Obs per group:
     within  = 0.0789                                         min =         11
     between = 0.1229                                         avg =       33.2
     overall = 0.0896                                         max =      2,145

                                                F(17,4001)        =     151.73
corr(u_i, Xb)  = -0.0058                        Prob > F          =     0.0000

                                      (Std. Err. adjusted for 4,002 clusters in rsr_affiliation_id)
---------------------------------------------------------------------------------------------------
                                  |               Robust
                          nb_pubs |      Coef.   Std. Err.      t    P>|t|     [95% Conf. Interval]
----------------------------------+----------------------------------------------------------------
                      1.post_flag |    .494022   .1704862     2.90   0.004      .159774      .82827
                                  |
                        funder_id |
                INCa/INSERM/DGOS  |   .1099986   .7888438     0.14   0.889    -1.436575    1.656572
       National Cancer Institute  |   .9644895   .3688443     2.61   0.009     .2413491     1.68763
National Health and Medical Rese  |      1.172   .5625468     2.08   0.037     .0690948    2.274905
                  Wellcome Trust  |   .8961903   .3960882     2.26   0.024     .1196369    1.672744
                                  |
              post_flag#funder_id |
              1#INCa/INSERM/DGOS  |   .8593743    .282652     3.04   0.002     .3052188     1.41353
     1#National Cancer Institute  |   .3036697   .1780741     1.71   0.088    -.0454548    .6527942
                               1 #|
National Health and Medical Rese  |   .6347001   .2140916     2.96   0.003     .2149613    1.054439
                1#Wellcome Trust  |  -.4421895   .3140007    -1.41   0.159    -1.057806    .1734268
                                  |
                   rsr_career_age |   .4375328   .0156151    28.02   0.000     .4069185     .468147
                 rsr_career_age_2 |  -.0063592   .0004589   -13.86   0.000    -.0072589   -.0054594
                                  |
              orcid_confirmed_rsr |
                            True  |  -.7843104   .7312943    -1.07   0.284    -2.218055    .6494339
                                  |
                       start_year |
                            2008  |  -.1163453   .2370442    -0.49   0.624     -.581084    .3483933
                            2009  |   .1538019   .2101094     0.73   0.464    -.2581296    .5657334
                            2010  |   .1455775   .2321719     0.63   0.531    -.3096087    .6007638
                            2011  |    .057674   .2445756     0.24   0.814    -.4218305    .5371784
                            2012  |   -.183687   .2057246    -0.89   0.372    -.5870218    .2196478
                                  |
                            _cons |   .5418826   .3731238     1.45   0.147    -.1896479    1.273413
----------------------------------+----------------------------------------------------------------
                          sigma_u |   6.006567
                          sigma_e |  7.5919326
                              rho |  .38497947   (fraction of variance due to u_i)
---------------------------------------------------------------------------------------------------
(est7 stored)

added macro:
          e(CountryFE) : "No"

added macro:
      e(AffiliationFE) : "Yes"

added macro:
       e(ResearcherFE) : "No"
       panel variable:  rsr_affiliation_id (unbalanced)

Fixed-effects (within) regression               Number of obs     =    132,913
Group variable: rsr_affili~d                    Number of groups  =      4,002

R-sq:                                           Obs per group:
     within  = 0.0792                                         min =         11
     between = 0.1229                                         avg =       33.2
     overall = 0.0898                                         max =      2,145

                                                F(37,4001)        =      74.10
corr(u_i, Xb)  = -0.0049                        Prob > F          =     0.0000

                                      (Std. Err. adjusted for 4,002 clusters in rsr_affiliation_id)
---------------------------------------------------------------------------------------------------
                                  |               Robust
                          nb_pubs |      Coef.   Std. Err.      t    P>|t|     [95% Conf. Interval]
----------------------------------+----------------------------------------------------------------
                        post_year |
                          post_1  |   .1683334   .1346784     1.25   0.211    -.0957112    .4323781
                          post_2  |   .3095019   .1782667     1.74   0.083    -.0400001    .6590039
                          post_3  |   .6333568   .1999027     3.17   0.002     .2414361    1.025278
                          post_4  |   .8942637   .2600104     3.44   0.001     .3844985    1.404029
                          post_5  |   .4950165   .2462468     2.01   0.044     .0122356    .9777975
                                  |
                        funder_id |
                INCa/INSERM/DGOS  |   .1106361   .7886497     0.14   0.888    -1.435557    1.656829
       National Cancer Institute  |   .9661344   .3687428     2.62   0.009     .2431931    1.689076
National Health and Medical Rese  |   1.173716   .5627217     2.09   0.037     .0704679    2.276964
                  Wellcome Trust  |   .8928425   .3956781     2.26   0.024      .117093    1.668592
                                  |
              post_year#funder_id |
         post_1#INCa/INSERM/DGOS  |   .7445153   .2462121     3.02   0.003     .2618024    1.227228
post_1#National Cancer Institute  |   .5762599   .1854091     3.11   0.002     .2127547     .939765
                          post_1 #|
National Health and Medical Rese  |   .5967335   .2509424     2.38   0.017     .1047466     1.08872
           post_1#Wellcome Trust  |  -.0656416   .2858165    -0.23   0.818    -.6260011    .4947179
         post_2#INCa/INSERM/DGOS  |   1.044901   .2927621     3.57   0.000     .4709242    1.618878
post_2#National Cancer Institute  |   .3660261   .1917576     1.91   0.056    -.0099256    .7419779
                          post_2 #|
National Health and Medical Rese  |   .4484427   .2180193     2.06   0.040     .0210033    .8758821
           post_2#Wellcome Trust  |  -.5167555   .3368561    -1.53   0.125    -1.177181    .1436701
         post_3#INCa/INSERM/DGOS  |   .7453436   .3424841     2.18   0.030     .0738839    1.416803
post_3#National Cancer Institute  |   .2477684   .2156618     1.15   0.251    -.1750489    .6705858
                          post_3 #|
National Health and Medical Rese  |   .3537772    .249838     1.42   0.157    -.1360445     .843599
           post_3#Wellcome Trust  |  -.5809238   .3587276    -1.62   0.105     -1.28423    .1223821
         post_4#INCa/INSERM/DGOS  |   .6253942   .3900316     1.60   0.109    -.1392849    1.390073
post_4#National Cancer Institute  |   .0460439   .2719743     0.17   0.866    -.4871772     .579265
                          post_4 #|
National Health and Medical Rese  |   .8052932   .3449476     2.33   0.020     .1290038    1.481583
           post_4#Wellcome Trust  |  -.3458455   .7647202    -0.45   0.651    -1.845123    1.153432
         post_5#INCa/INSERM/DGOS  |   1.136745   .3724718     3.05   0.002     .4064925    1.866997
post_5#National Cancer Institute  |   .2822458   .2564146     1.10   0.271    -.2204697    .7849612
                          post_5 #|
National Health and Medical Rese  |   .9692179   .3099717     3.13   0.002     .3615007    1.576935
           post_5#Wellcome Trust  |  -.7021194    .402062    -1.75   0.081    -1.490385    .0861462
                                  |
                   rsr_career_age |   .4364733   .0155992    27.98   0.000     .4058902    .4670564
                 rsr_career_age_2 |  -.0063607   .0004591   -13.85   0.000    -.0072608   -.0054605
                                  |
              orcid_confirmed_rsr |
                            True  |  -.7830001   .7316986    -1.07   0.285    -2.217537    .6515367
                                  |
                       start_year |
                            2008  |  -.1167413   .2371062    -0.49   0.622    -.5816017     .348119
                            2009  |   .1551024   .2101669     0.74   0.461    -.2569418    .5671466
                            2010  |   .1450775    .232198     0.62   0.532      -.31016     .600315
                            2011  |   .0578196   .2445871     0.24   0.813    -.4217074    .5373466
                            2012  |  -.1843158   .2057475    -0.90   0.370    -.5876956    .2190639
                                  |
                            _cons |   .5536922   .3734603     1.48   0.138     -.178498    1.285882
----------------------------------+----------------------------------------------------------------
                          sigma_u |  6.0064958
                          sigma_e |  7.5914272
                              rho |  .38500539   (fraction of variance due to u_i)
---------------------------------------------------------------------------------------------------
(est8 stored)

added macro:
          e(CountryFE) : "No"

added macro:
      e(AffiliationFE) : "Yes"

added macro:
       e(ResearcherFE) : "No"
       panel variable:  rsr_affiliation_id (unbalanced)

Fixed-effects (within) regression               Number of obs     =    132,913
Group variable: rsr_affili~d                    Number of groups  =      4,002

R-sq:                                           Obs per group:
     within  = 0.0797                                         min =         11
     between = 0.1227                                         avg =       33.2
     overall = 0.0901                                         max =      2,145

                                                F(62,4001)        =      48.92
corr(u_i, Xb)  = -0.0018                        Prob > F          =     0.0000

                                      (Std. Err. adjusted for 4,002 clusters in rsr_affiliation_id)
---------------------------------------------------------------------------------------------------
                                  |               Robust
                          nb_pubs |      Coef.   Std. Err.      t    P>|t|     [95% Conf. Interval]
----------------------------------+----------------------------------------------------------------
                    pre_post_year |
                          post_1  |   .2579178   .2048543     1.26   0.208    -.1437106    .6595463
                          post_2  |    .402658   .2503761     1.61   0.108    -.0882185    .8935346
                          post_3  |   .7298052   .2639164     2.77   0.006      .212382    1.247228
                          post_4  |    .993725   .3211996     3.09   0.002     .3639948    1.623455
                          post_5  |   .5972112   .3150953     1.90   0.058    -.0205512    1.214974
                          pre_-1  |   .1896979   .1768189     1.07   0.283    -.1569656    .5363614
                          pre_-2  |   .1335058   .1441682     0.93   0.354    -.1491441    .4161558
                          pre_-3  |   .1421421   .1290168     1.10   0.271    -.1108027    .3950869
                          pre_-4  |  -.0300277   .1210381    -0.25   0.804    -.2673297    .2072744
                           pre_0  |   .0115334   .1848545     0.06   0.950    -.3508845    .3739513
                                  |
                        funder_id |
                INCa/INSERM/DGOS  |  -.4233836   .8039753    -0.53   0.598    -1.999623    1.152856
       National Cancer Institute  |   .7842479   .3704392     2.12   0.034     .0579808    1.510515
National Health and Medical Rese  |   .8371473   .5540115     1.51   0.131    -.2490238    1.923318
                  Wellcome Trust  |   .8835047   .4288835     2.06   0.039     .0426541    1.724355
                                  |
          pre_post_year#funder_id |
         post_1#INCa/INSERM/DGOS  |   1.279002   .3174123     4.03   0.000     .6566973    1.901307
post_1#National Cancer Institute  |   .7613281   .2418727     3.15   0.002     .2871228    1.235533
                          post_1 #|
National Health and Medical Rese  |   .9372258   .3117228     3.01   0.003     .3260755    1.548376
           post_1#Wellcome Trust  |  -.0741027   .4020432    -0.18   0.854    -.8623313     .714126
         post_2#INCa/INSERM/DGOS  |   1.579294   .3679307     4.29   0.000     .8579447    2.300643
post_2#National Cancer Institute  |   .5511097   .2625124     2.10   0.036     .0364391     1.06578
                          post_2 #|
National Health and Medical Rese  |   .7890574   .2944203     2.68   0.007     .2118296    1.366285
           post_2#Wellcome Trust  |  -.5240641   .4458372    -1.18   0.240    -1.398153    .3500252
         post_3#INCa/INSERM/DGOS  |   1.279642   .4065324     3.15   0.002     .4826124    2.076672
post_3#National Cancer Institute  |   .4328674   .2755058     1.57   0.116    -.1072774    .9730122
                          post_3 #|
National Health and Medical Rese  |   .6945143   .3221168     2.16   0.031      .062986    1.326043
           post_3#Wellcome Trust  |  -.5870801   .4685733    -1.25   0.210    -1.505745    .3315845
         post_4#INCa/INSERM/DGOS  |   1.159599   .4537543     2.56   0.011     .2699878     2.04921
post_4#National Cancer Institute  |   .2311581   .3331371     0.69   0.488    -.4219762    .8842925
                          post_4 #|
National Health and Medical Rese  |   1.146153   .4067418     2.82   0.005     .3487121    1.943593
           post_4#Wellcome Trust  |  -.3508494    .792226    -0.44   0.658    -1.904054    1.202355
         post_5#INCa/INSERM/DGOS  |   1.670856   .4404988     3.79   0.000     .8072325    2.534479
post_5#National Cancer Institute  |   .4673754   .3243813     1.44   0.150    -.1685927    1.103343
                          post_5 #|
National Health and Medical Rese  |     1.3102   .3824372     3.43   0.001     .5604097     2.05999
           post_5#Wellcome Trust  |   -.705971    .506981    -1.39   0.164    -1.699936    .2879942
         pre_-1#INCa/INSERM/DGOS  |   .8675693    .258109     3.36   0.001     .3615318    1.373607
pre_-1#National Cancer Institute  |   .2427544   .1822787     1.33   0.183    -.1146133    .6001221
                          pre_-1 #|
National Health and Medical Rese  |   .5097704   .2137446     2.38   0.017     .0907118    .9288289
           pre_-1#Wellcome Trust  |  -.2686837   .2868339    -0.94   0.349    -.8310378    .2936705
         pre_-2#INCa/INSERM/DGOS  |   .4318102   .2015624     2.14   0.032     .0366356    .8269849
pre_-2#National Cancer Institute  |   .1351151   .1528737     0.88   0.377    -.1646026    .4348327
                          pre_-2 #|
National Health and Medical Rese  |   .4926529   .1823366     2.70   0.007     .1351717    .8501341
           pre_-2#Wellcome Trust  |  -.0203511   .2910987    -0.07   0.944    -.5910668    .5503646
         pre_-3#INCa/INSERM/DGOS  |   .2620454   .1904276     1.38   0.169    -.1112987    .6353894
pre_-3#National Cancer Institute  |   .0687402    .136341     0.50   0.614    -.1985641    .3360445
                          pre_-3 #|
National Health and Medical Rese  |   .0958644   .1601105     0.60   0.549    -.2180414    .4097702
           pre_-3#Wellcome Trust  |   .0089284   .2457681     0.04   0.971     -.472914    .4907707
         pre_-4#INCa/INSERM/DGOS  |   .0360755   .1776759     0.20   0.839    -.3122682    .3844192
pre_-4#National Cancer Institute  |    .131771   .1253635     1.05   0.293    -.1140113    .3775534
                          pre_-4 #|
National Health and Medical Rese  |   .1392455   .1526494     0.91   0.362    -.1600324    .4385234
           pre_-4#Wellcome Trust  |   .1216997   .2282523     0.53   0.594    -.3258021    .5692014
          pre_0#INCa/INSERM/DGOS  |   1.611396   .6392227     2.52   0.012     .3581636    2.864629
 pre_0#National Cancer Institute  |   .5317071   .1985131     2.68   0.007     .1425108    .9209034
                           pre_0 #|
National Health and Medical Rese  |   .8028504   .2142648     3.75   0.000      .382772    1.222929
            pre_0#Wellcome Trust  |   .0834409   .3606304     0.23   0.817    -.6235956    .7904773
                                  |
                   rsr_career_age |   .4283449   .0157936    27.12   0.000     .3973807    .4593091
                 rsr_career_age_2 |   -.006221   .0004602   -13.52   0.000    -.0071232   -.0053187
                                  |
              orcid_confirmed_rsr |
                            True  |  -.7763422   .7330651    -1.06   0.290    -2.213558    .6608737
                                  |
                       start_year |
                            2008  |  -.1188218   .2372773    -0.50   0.617    -.5840174    .3463738
                            2009  |   .1574416   .2102813     0.75   0.454    -.2548268    .5697101
                            2010  |   .1436718   .2321521     0.62   0.536    -.3114757    .5988193
                            2011  |   .0567147   .2446239     0.23   0.817    -.4228844    .5363139
                            2012  |  -.1892376   .2057572    -0.92   0.358    -.5926362    .2141611
                                  |
                            _cons |   .5419815   .3683812     1.47   0.141    -.1802509    1.264214
----------------------------------+----------------------------------------------------------------
                          sigma_u |  6.0071104
                          sigma_e |  7.5899135
                              rho |  .38514828   (fraction of variance due to u_i)
---------------------------------------------------------------------------------------------------
(est9 stored)

added macro:
          e(CountryFE) : "No"

added macro:
      e(AffiliationFE) : "Yes"

added macro:
       e(ResearcherFE) : "No"
       panel variable:  person_id (balanced)
note: 2.funder_id omitted because of collinearity
note: 3.funder_id omitted because of collinearity
note: 4.funder_id omitted because of collinearity
note: 5.funder_id omitted because of collinearity

Fixed-effects (within) regression               Number of obs     =    132,913
Group variable: person_id                       Number of groups  =     12,083

R-sq:                                           Obs per group:
     within  = 0.0371                                         min =         11
     between = 0.0015                                         avg =       11.0
     overall = 0.0163                                         max =         11

                                                F(5,12082)        =     437.68
corr(u_i, Xb)  = 0.0021                         Prob > F          =     0.0000

                                              (Std. Err. adjusted for 12,083 clusters in person_id)
---------------------------------------------------------------------------------------------------
                                  |               Robust
                          nb_pubs |      Coef.   Std. Err.      t    P>|t|     [95% Conf. Interval]
----------------------------------+----------------------------------------------------------------
                      1.post_flag |   1.853046   .1449409    12.78   0.000     1.568939    2.137154
                                  |
                        funder_id |
                INCa/INSERM/DGOS  |          0  (omitted)
       National Cancer Institute  |          0  (omitted)
National Health and Medical Rese  |          0  (omitted)
                  Wellcome Trust  |          0  (omitted)
                                  |
              post_flag#funder_id |
              1#INCa/INSERM/DGOS  |   .8358306    .243913     3.43   0.001      .357722    1.313939
     1#National Cancer Institute  |   .3075062   .1564827     1.97   0.049     .0007751    .6142373
                               1 #|
National Health and Medical Rese  |   .6653379   .1868302     3.56   0.000     .2991207    1.031555
                1#Wellcome Trust  |  -.1537237   .3085197    -0.50   0.618    -.7584717    .4510243
                                  |
                            _cons |   5.148625    .021865   235.47   0.000     5.105766    5.191484
----------------------------------+----------------------------------------------------------------
                          sigma_u |    6.67622
                          sigma_e |  5.9245179
                              rho |  .55944386   (fraction of variance due to u_i)
---------------------------------------------------------------------------------------------------
(est10 stored)

added macro:
          e(CountryFE) : "No"

added macro:
      e(AffiliationFE) : "No"

added macro:
       e(ResearcherFE) : "Yes"
       panel variable:  person_id (balanced)
note: 2.funder_id omitted because of collinearity
note: 3.funder_id omitted because of collinearity
note: 4.funder_id omitted because of collinearity
note: 5.funder_id omitted because of collinearity

Fixed-effects (within) regression               Number of obs     =    132,913
Group variable: person_id                       Number of groups  =     12,083

R-sq:                                           Obs per group:
     within  = 0.0397                                         min =         11
     between = 0.0015                                         avg =       11.0
     overall = 0.0174                                         max =         11

                                                F(25,12082)       =      99.30
corr(u_i, Xb)  = 0.0020                         Prob > F          =     0.0000

                                              (Std. Err. adjusted for 12,083 clusters in person_id)
---------------------------------------------------------------------------------------------------
                                  |               Robust
                          nb_pubs |      Coef.   Std. Err.      t    P>|t|     [95% Conf. Interval]
----------------------------------+----------------------------------------------------------------
                        post_year |
                          post_1  |   1.088669   .1260081     8.64   0.000     .8416728    1.335665
                          post_2  |   1.458867    .159076     9.17   0.000     1.147052    1.770681
                          post_3  |    1.99903   .1760922    11.35   0.000     1.653861    2.344199
                          post_4  |   2.463523   .2203121    11.18   0.000     2.031676     2.89537
                          post_5  |   2.255142   .2091214    10.78   0.000      1.84523    2.665053
                                  |
                        funder_id |
                INCa/INSERM/DGOS  |          0  (omitted)
       National Cancer Institute  |          0  (omitted)
National Health and Medical Rese  |          0  (omitted)
                  Wellcome Trust  |          0  (omitted)
                                  |
              post_year#funder_id |
         post_1#INCa/INSERM/DGOS  |   .7295294    .223926     3.26   0.001     .2905985     1.16846
post_1#National Cancer Institute  |   .5787018   .1842983     3.14   0.002     .2174477     .939956
                          post_1 #|
National Health and Medical Rese  |   .6162349   .2463596     2.50   0.012     .1333305    1.099139
           post_1#Wellcome Trust  |   .1179706   .2698315     0.44   0.662    -.4109424    .6468835
         post_2#INCa/INSERM/DGOS  |   1.025633   .2707974     3.79   0.000     .4948271     1.55644
post_2#National Cancer Institute  |   .3691658    .171988     2.15   0.032     .0320417      .70629
                          post_2 #|
National Health and Medical Rese  |   .4735159   .1993114     2.38   0.018     .0828336    .8641982
           post_2#Wellcome Trust  |  -.2806826   .3004859    -0.93   0.350    -.8696831    .3083178
         post_3#INCa/INSERM/DGOS  |   .7217943   .2954818     2.44   0.015     .1426027    1.300986
post_3#National Cancer Institute  |   .2516058   .1985059     1.27   0.205    -.1374976    .6407093
                          post_3 #|
National Health and Medical Rese  |   .3844223   .2198796     1.75   0.080     -.046577    .8154215
           post_3#Wellcome Trust  |  -.2923903   .3338566    -0.88   0.381    -.9468028    .3620222
         post_4#INCa/INSERM/DGOS  |   .5975633   .3280331     1.82   0.069    -.0454342    1.240561
post_4#National Cancer Institute  |   .0505789   .2354769     0.21   0.830    -.4109935    .5121514
                          post_4 #|
National Health and Medical Rese  |     .84151   .3188896     2.64   0.008     .2164353    1.466585
           post_4#Wellcome Trust  |  -.0048514   .8148667    -0.01   0.995    -1.602121    1.592418
         post_5#INCa/INSERM/DGOS  |   1.104632   .3367078     3.28   0.001     .4446311    1.764633
post_5#National Cancer Institute  |   .2874786   .2222917     1.29   0.196    -.1482488    .7232059
                          post_5 #|
National Health and Medical Rese  |   1.011007   .2592629     3.90   0.000     .5028096    1.519203
           post_5#Wellcome Trust  |  -.3086647   .3903008    -0.79   0.429    -1.073717    .4563874
                                  |
                            _cons |   5.148625   .0218667   235.46   0.000     5.105763    5.191487
----------------------------------+----------------------------------------------------------------
                          sigma_u |    6.67622
                          sigma_e |  5.9170006
                              rho |  .56006962   (fraction of variance due to u_i)
---------------------------------------------------------------------------------------------------
(est11 stored)

added macro:
          e(CountryFE) : "No"

added macro:
      e(AffiliationFE) : "No"

added macro:
       e(ResearcherFE) : "Yes"
       panel variable:  person_id (balanced)
note: 2.funder_id omitted because of collinearity
note: 3.funder_id omitted because of collinearity
note: 4.funder_id omitted because of collinearity
note: 5.funder_id omitted because of collinearity

Fixed-effects (within) regression               Number of obs     =    132,913
Group variable: person_id                       Number of groups  =     12,083

R-sq:                                           Obs per group:
     within  = 0.0477                                         min =         11
     between = 0.0015                                         avg =       11.0
     overall = 0.0212                                         max =         11

                                                F(50,12082)       =      65.88
corr(u_i, Xb)  = 0.0012                         Prob > F          =     0.0000

                                              (Std. Err. adjusted for 12,083 clusters in person_id)
---------------------------------------------------------------------------------------------------
                                  |               Robust
                          nb_pubs |      Coef.   Std. Err.      t    P>|t|     [95% Conf. Interval]
----------------------------------+----------------------------------------------------------------
                    pre_post_year |
                          post_1  |   1.871944    .181976    10.29   0.000     1.515242    2.228646
                          post_2  |   2.242142   .2119537    10.58   0.000     1.826679    2.657605
                          post_3  |   2.782305   .2221626    12.52   0.000     2.346831    3.217779
                          post_4  |   3.246799   .2689556    12.07   0.000     2.719603    3.773995
                          post_5  |   3.038417   .2609834    11.64   0.000     2.526847    3.549986
                          pre_-1  |   1.315483   .1631153     8.06   0.000     .9957509    1.635215
                          pre_-2  |   .9965076   .1419293     7.02   0.000     .7183035    1.274712
                          pre_-3  |   .7299185   .1326169     5.50   0.000     .4699681    .9898689
                          pre_-4  |   .2700815   .1239174     2.18   0.029     .0271836    .5129794
                           pre_0  |    1.38766   .1664413     8.34   0.000     1.061409    1.713912
                                  |
                        funder_id |
                INCa/INSERM/DGOS  |          0  (omitted)
       National Cancer Institute  |          0  (omitted)
National Health and Medical Rese  |          0  (omitted)
                  Wellcome Trust  |          0  (omitted)
                                  |
          pre_post_year#funder_id |
         post_1#INCa/INSERM/DGOS  |   1.253876   .2860576     4.38   0.000     .6931577    1.814595
post_1#National Cancer Institute  |   .7654224   .2302019     3.33   0.001     .3141898    1.216655
                          post_1 #|
National Health and Medical Rese  |   .9699224   .2963738     3.27   0.001     .3889822    1.550863
           post_1#Wellcome Trust  |   .2337469   .3664418     0.64   0.524    -.4845378    .9520317
         post_2#INCa/INSERM/DGOS  |   1.549981   .3265013     4.75   0.000     .9099856    2.189975
post_2#National Cancer Institute  |   .5558864    .226097     2.46   0.014     .1127001    .9990727
                          post_2 #|
National Health and Medical Rese  |   .8272034   .2618738     3.16   0.002     .3138888    1.340518
           post_2#Wellcome Trust  |  -.1649063   .3814423    -0.43   0.666    -.9125943    .5827818
         post_3#INCa/INSERM/DGOS  |   1.246141   .3466085     3.60   0.000     .5667331     1.92555
post_3#National Cancer Institute  |   .4383264   .2442732     1.79   0.073    -.0404882    .9171409
                          post_3 #|
National Health and Medical Rese  |   .7381098    .276668     2.67   0.008     .1957962    1.280423
           post_3#Wellcome Trust  |  -.1766139   .4201593    -0.42   0.674    -1.000194    .6469657
         post_4#INCa/INSERM/DGOS  |    1.12191   .3854436     2.91   0.004     .3663791    1.877442
post_4#National Cancer Institute  |   .2372995   .2849725     0.83   0.405    -.3212922    .7958912
                          post_4 #|
National Health and Medical Rese  |   1.195198   .3689665     3.24   0.001     .4719639    1.918431
           post_4#Wellcome Trust  |    .110925   .8481047     0.13   0.896    -1.551496    1.773346
         post_5#INCa/INSERM/DGOS  |   1.628979   .3919453     4.16   0.000     .8607037    2.397255
post_5#National Cancer Institute  |   .4741991   .2757875     1.72   0.086    -.0663886    1.014787
                          post_5 #|
National Health and Medical Rese  |   1.364694   .3187111     4.28   0.000     .7399691    1.989419
           post_5#Wellcome Trust  |  -.1928883   .4683487    -0.41   0.680    -1.110927    .7251503
         pre_-1#INCa/INSERM/DGOS  |   .8508188   .2556072     3.33   0.001     .3497878     1.35185
pre_-1#National Cancer Institute  |   .2454839   .1715117     1.43   0.152    -.0907066    .5816744
                          pre_-1 #|
National Health and Medical Rese  |   .5315681   .2019642     2.63   0.008     .1356859    .9274503
           pre_-1#Wellcome Trust  |  -.0634506   .2698214    -0.24   0.814    -.5923439    .4654427
         pre_-2#INCa/INSERM/DGOS  |   .4192474     .20943     2.00   0.045     .0087309    .8297638
pre_-2#National Cancer Institute  |   .1371622   .1500312     0.91   0.361    -.1569231    .4312474
                          pre_-2 #|
National Health and Medical Rese  |   .5090012   .1818178     2.80   0.005     .1526091    .8653932
           pre_-2#Wellcome Trust  |   .1335737   .2860755     0.47   0.641    -.4271801    .6943275
         pre_-3#INCa/INSERM/DGOS  |   .2536701    .198358     1.28   0.201    -.1351434    .6424836
pre_-3#National Cancer Institute  |    .070105   .1397334     0.50   0.616    -.2037949    .3440048
                          pre_-3 #|
National Health and Medical Rese  |   .1067633   .1615739     0.66   0.509    -.2099475     .423474
           pre_-3#Wellcome Trust  |   .1115449   .2551747     0.44   0.662    -.3886384    .6117283
         pre_-4#INCa/INSERM/DGOS  |   .0318879   .1819333     0.18   0.861    -.3247307    .3885064
pre_-4#National Cancer Institute  |   .1324534   .1298426     1.02   0.308    -.1220589    .3869657
                          pre_-4 #|
National Health and Medical Rese  |   .1446949   .1487459     0.97   0.331    -.1468709    .4362607
           pre_-4#Wellcome Trust  |   .1730079   .2277501     0.76   0.447    -.2734188    .6194347
          pre_0#INCa/INSERM/DGOS  |   1.590458   .6438957     2.47   0.014     .3283192    2.852597
 pre_0#National Cancer Institute  |   .5351189   .1872396     2.86   0.004     .1680993    .9021386
                           pre_0 #|
National Health and Medical Rese  |   .8300975   .2064881     4.02   0.000     .4253477    1.234847
            pre_0#Wellcome Trust  |   .3399822   .3247804     1.05   0.295    -.2966395    .9766039
                                  |
                            _cons |   4.146487   .0394732   105.05   0.000     4.069113    4.223861
----------------------------------+----------------------------------------------------------------
                          sigma_u |   6.674373
                          sigma_e |  5.8928602
                              rho |  .56194699   (fraction of variance due to u_i)
---------------------------------------------------------------------------------------------------
(est12 stored)

added macro:
          e(CountryFE) : "No"

added macro:
      e(AffiliationFE) : "No"

added macro:
       e(ResearcherFE) : "Yes"
