----------------------------------------------------------------------------------------------------
      name:  <unnamed>
       log:  /Users/nj995/dropbox/projects/2018_helios/output/regression_results/20181119_nb_collabs
> .log
  log type:  text
 opened on:  19 Nov 2018, 19:30:45
(sum of wgt is 132,913)

Linear regression                               Number of obs     =    132,913
                                                F(15, 132897)     =     280.88
                                                Prob > F          =     0.0000
                                                R-squared         =     0.0324
                                                Root MSE          =     60.959

---------------------------------------------------------------------------------------------------
                                  |               Robust
                       nb_collabs |      Coef.   Std. Err.      t    P>|t|     [95% Conf. Interval]
----------------------------------+----------------------------------------------------------------
                      1.post_flag |   20.18628   1.384106    14.58   0.000     17.47346     22.8991
                                  |
                        funder_id |
                INCa/INSERM/DGOS  |   10.74251   .7145085    15.03   0.000      9.34209    12.14294
       National Cancer Institute  |   1.511559   .4325978     3.49   0.000     .6636754    2.359443
National Health and Medical Rese  |    .972371   .6820646     1.43   0.154    -.3644634    2.309205
                  Wellcome Trust  |   -4.41393   .8701197    -5.07   0.000    -6.119349   -2.708511
                                  |
              post_flag#funder_id |
              1#INCa/INSERM/DGOS  |   4.765143   1.885924     2.53   0.012     1.068766    8.461521
     1#National Cancer Institute  |  -.0809237   1.445189    -0.06   0.955    -2.913468    2.751621
                               1 #|
National Health and Medical Rese  |   2.145391     1.7586     1.22   0.222    -1.301432    5.592214
                1#Wellcome Trust  |   5.692088   3.205265     1.78   0.076    -.5901736    11.97435
                                  |
              orcid_confirmed_cat |
                            True  |  -2.384174   1.810818    -1.32   0.188    -5.933344    1.164995
                                  |
                       start_year |
                            2008  |  -.1226743   .4355323    -0.28   0.778    -.9763098    .7309611
                            2009  |   5.028031    .457959    10.98   0.000      4.13044    5.925622
                            2010  |   4.790535   .5209813     9.20   0.000     3.769421    5.811649
                            2011  |   6.389177   .6310567    10.12   0.000     5.152317    7.626037
                            2012  |   5.045774   .6520793     7.74   0.000      3.76771    6.323837
                                  |
                            _cons |   17.42968   .4613152    37.78   0.000     16.52551    18.33385
---------------------------------------------------------------------------------------------------
(est1 stored)

added macro:
             e(YearFE) : "Yes"

added macro:
      e(AffiliationFE) : "No"

added macro:
       e(ResearcherFE) : "No"
(sum of wgt is 132,913)

Linear regression                               Number of obs     =    132,913
                                                F(17, 132895)     =     275.94
                                                Prob > F          =     0.0000
                                                R-squared         =     0.0370
                                                Root MSE          =     60.816

---------------------------------------------------------------------------------------------------
                                  |               Robust
                       nb_collabs |      Coef.   Std. Err.      t    P>|t|     [95% Conf. Interval]
----------------------------------+----------------------------------------------------------------
                      1.post_flag |   20.18628   1.379346    14.63   0.000     17.48279    22.88977
                                  |
                        funder_id |
                INCa/INSERM/DGOS  |   10.79333   .7103823    15.19   0.000     9.400989    12.18566
       National Cancer Institute  |   1.812558   .4329436     4.19   0.000     .9639964    2.661119
National Health and Medical Rese  |   1.157593   .6794524     1.70   0.088    -.1741217    2.489307
                  Wellcome Trust  |  -4.413707   .8629297    -5.11   0.000    -6.105034   -2.722381
                                  |
              post_flag#funder_id |
              1#INCa/INSERM/DGOS  |   4.765143   1.879464     2.54   0.011     1.081428    8.448858
     1#National Cancer Institute  |  -.0809237   1.440436    -0.06   0.955    -2.904151    2.742304
                               1 #|
National Health and Medical Rese  |   2.145391   1.752847     1.22   0.221    -1.290157    5.580939
                1#Wellcome Trust  |   5.692088   3.192145     1.78   0.075    -.5644581    11.94863
                                  |
              orcid_confirmed_cat |
                            True  |  -2.913051   1.801347    -1.62   0.106    -6.443659    .6175574
                                  |
                       gender_cat |
                               F  |   -2.22617   .4958255    -4.49   0.000    -3.197979   -1.254361
                               M  |   6.837184   .4737989    14.43   0.000     5.908546    7.765821
                                  |
                       start_year |
                            2008  |   .2365885   .4351938     0.54   0.587    -.6163834     1.08956
                            2009  |   5.111167   .4568281    11.19   0.000     4.215792    6.006542
                            2010  |    5.19482   .5205824     9.98   0.000     4.174488    6.215152
                            2011  |    6.92577   .6328642    10.94   0.000     5.685367    8.166172
                            2012  |   5.417945   .6522402     8.31   0.000     4.139566    6.696323
                                  |
                            _cons |   13.88143   .6121204    22.68   0.000     12.68169    15.08118
---------------------------------------------------------------------------------------------------
(est2 stored)

added macro:
             e(YearFE) : "Yes"

added macro:
      e(AffiliationFE) : "No"

added macro:
       e(ResearcherFE) : "No"
(sum of wgt is 132,913)

Linear regression                               Number of obs     =    132,913
                                                F(19, 132893)     =     695.21
                                                Prob > F          =     0.0000
                                                R-squared         =     0.0733
                                                Root MSE          =     59.659

---------------------------------------------------------------------------------------------------
                                  |               Robust
                       nb_collabs |      Coef.   Std. Err.      t    P>|t|     [95% Conf. Interval]
----------------------------------+----------------------------------------------------------------
                      1.post_flag |   12.96876   1.353838     9.58   0.000     10.31526    15.62225
                                  |
                        funder_id |
                INCa/INSERM/DGOS  |   10.46093   .6643489    15.75   0.000     9.158814    11.76304
       National Cancer Institute  |   2.143127    .408534     5.25   0.000     1.342408    2.943846
National Health and Medical Rese  |     1.6911    .658305     2.57   0.010     .4008346    2.981366
                  Wellcome Trust  |   2.088062   .7920296     2.64   0.008     .5356982    3.640426
                                  |
              post_flag#funder_id |
              1#INCa/INSERM/DGOS  |   4.961086   1.841145     2.69   0.007     1.352476    8.569696
     1#National Cancer Institute  |  -.0841716   1.418645    -0.06   0.953    -2.864689    2.696346
                               1 #|
National Health and Medical Rese  |    1.99416   1.726914     1.15   0.248     -1.39056     5.37888
                1#Wellcome Trust  |   4.316246   3.097301     1.39   0.163    -1.754408     10.3869
                                  |
              orcid_confirmed_cat |
                            True  |  -3.682408    1.77458    -2.08   0.038    -7.160553   -.2042628
                                  |
                       gender_cat |
                               F  |  -2.375825   .4856403    -4.89   0.000    -3.327671   -1.423979
                               M  |   2.200863   .4687905     4.69   0.000     1.282042    3.119683
                                  |
                   rsr_career_age |   2.363582   .0390416    60.54   0.000     2.287061    2.440103
                 rsr_career_age_2 |  -.0349775   .0012921   -27.07   0.000      -.03751    -.032445
                                  |
                       start_year |
                            2008  |   .8534303    .425695     2.00   0.045     .0190757    1.687785
                            2009  |   4.287319   .4452406     9.63   0.000     3.414655    5.159982
                            2010  |   5.475783   .5091381    10.76   0.000     4.477882    6.473685
                            2011  |   7.365876   .6228058    11.83   0.000     6.145188    8.586564
                            2012  |   6.798725   .6433904    10.57   0.000     5.537691    8.059758
                                  |
                            _cons |  -4.552494   .6156989    -7.39   0.000    -5.759253   -3.345735
---------------------------------------------------------------------------------------------------
(est3 stored)

added macro:
             e(YearFE) : "Yes"

added macro:
      e(AffiliationFE) : "No"

added macro:
       e(ResearcherFE) : "No"
       panel variable:  person_id (balanced)
note: 2.funder_id omitted because of collinearity
note: 3.funder_id omitted because of collinearity
note: 4.funder_id omitted because of collinearity
note: 5.funder_id omitted because of collinearity

Fixed-effects (within) regression               Number of obs     =    132,913
Group variable: person_id                       Number of groups  =     12,083

R-sq:                                           Obs per group:
     within  = 0.0514                                         min =         11
     between = 0.0024                                         avg =       11.0
     overall = 0.0289                                         max =         11

                                                F(5,12082)        =     442.42
corr(u_i, Xb)  = 0.0022                         Prob > F          =     0.0000

                                              (Std. Err. adjusted for 12,083 clusters in person_id)
---------------------------------------------------------------------------------------------------
                                  |               Robust
                       nb_collabs |      Coef.   Std. Err.      t    P>|t|     [95% Conf. Interval]
----------------------------------+----------------------------------------------------------------
                      1.post_flag |   20.18628   1.782695    11.32   0.000     16.69191    23.68065
                                  |
                        funder_id |
                INCa/INSERM/DGOS  |          0  (omitted)
       National Cancer Institute  |          0  (omitted)
National Health and Medical Rese  |          0  (omitted)
                  Wellcome Trust  |          0  (omitted)
                                  |
              post_flag#funder_id |
              1#INCa/INSERM/DGOS  |   4.765143   2.253756     2.11   0.035     .3474206    9.182866
     1#National Cancer Institute  |  -.0809237    1.85737    -0.04   0.965    -3.721667     3.55982
                               1 #|
National Health and Medical Rese  |   2.145391   2.297689     0.93   0.350    -2.358448     6.64923
                1#Wellcome Trust  |   5.692088   4.907473     1.16   0.246    -3.927346    15.31152
                                  |
                            _cons |   22.54047   .2058155   109.52   0.000     22.13704     22.9439
----------------------------------+----------------------------------------------------------------
                          sigma_u |  41.493926
                          sigma_e |  46.992813
                              rho |  .43809544   (fraction of variance due to u_i)
---------------------------------------------------------------------------------------------------
(est4 stored)

added macro:
             e(YearFE) : "Yes"

added macro:
      e(AffiliationFE) : "Yes"

added macro:
       e(ResearcherFE) : "Yes"
(sum of wgt is 42,257.7057465465)

Linear regression                               Number of obs     =    126,544
                                                F(15, 126528)     =     103.03
                                                Prob > F          =     0.0000
                                                R-squared         =     0.0409
                                                Root MSE          =     65.321

---------------------------------------------------------------------------------------------------
                                  |               Robust
                       nb_collabs |      Coef.   Std. Err.      t    P>|t|     [95% Conf. Interval]
----------------------------------+----------------------------------------------------------------
                      1.post_flag |   24.84168   4.085696     6.08   0.000     16.83379    32.84958
                                  |
                        funder_id |
                INCa/INSERM/DGOS  |   9.112897   1.126027     8.09   0.000     6.905904    11.31989
       National Cancer Institute  |   1.637941   1.009615     1.62   0.105     -.340887    3.616769
National Health and Medical Rese  |  -1.016418   1.321564    -0.77   0.442     -3.60666    1.573824
                  Wellcome Trust  |  -6.171075   1.754961    -3.52   0.000    -9.610768   -2.731381
                                  |
              post_flag#funder_id |
              1#INCa/INSERM/DGOS  |   .1097379   4.283007     0.03   0.980    -8.284881    8.504357
     1#National Cancer Institute  |  -3.205857   4.177313    -0.77   0.443    -11.39332    4.981604
                               1 #|
National Health and Medical Rese  |  -2.080453   4.799334    -0.43   0.665    -11.48706    7.326158
                1#Wellcome Trust  |  -8.029416   6.285615    -1.28   0.201    -20.34911    4.290281
                                  |
              orcid_confirmed_cat |
                            True  |  -2.613531   1.816166    -1.44   0.150    -6.173186    .9461234
                                  |
                       start_year |
                            2008  |  -2.038102   1.164796    -1.75   0.080    -4.321082    .2448775
                            2009  |   1.751488   1.104825     1.59   0.113    -.4139505    3.916926
                            2010  |   2.794424   1.908842     1.46   0.143    -.9468735    6.535723
                            2011  |   11.85022   2.630498     4.50   0.000     6.694491    17.00595
                            2012  |   6.239589   1.801764     3.46   0.001     2.708162    9.771015
                                  |
                            _cons |   18.96505   1.180848    16.06   0.000     16.65061     21.2795
---------------------------------------------------------------------------------------------------
(est5 stored)

added macro:
             e(YearFE) : "Yes"

added macro:
      e(AffiliationFE) : "No"

added macro:
       e(ResearcherFE) : "No"
(sum of wgt is 42,257.7057465465)

Linear regression                               Number of obs     =    126,544
                                                F(17, 126526)     =      94.75
                                                Prob > F          =     0.0000
                                                R-squared         =     0.0458
                                                Root MSE          =     65.154

---------------------------------------------------------------------------------------------------
                                  |               Robust
                       nb_collabs |      Coef.   Std. Err.      t    P>|t|     [95% Conf. Interval]
----------------------------------+----------------------------------------------------------------
                      1.post_flag |   24.84168   4.057367     6.12   0.000     16.88932    32.79405
                                  |
                        funder_id |
                INCa/INSERM/DGOS  |   9.041053   1.098888     8.23   0.000     6.887251    11.19485
       National Cancer Institute  |    2.19051   .9892279     2.21   0.027     .2516404    4.129379
National Health and Medical Rese  |   -.537272    1.30155    -0.41   0.680    -3.088287    2.013743
                  Wellcome Trust  |  -5.360207   1.811308    -2.96   0.003     -8.91034   -1.810074
                                  |
              post_flag#funder_id |
              1#INCa/INSERM/DGOS  |   .1097379   4.254435     0.03   0.979    -8.228882    8.448358
     1#National Cancer Institute  |  -3.205857   4.149038    -0.77   0.440     -11.3379    4.926186
                               1 #|
National Health and Medical Rese  |  -2.080453   4.782839    -0.43   0.664    -11.45473    7.293828
                1#Wellcome Trust  |  -8.029416   6.291439    -1.28   0.202    -20.36053    4.301695
                                  |
              orcid_confirmed_cat |
                            True  |  -3.097689   1.803943    -1.72   0.086    -6.633386    .4380083
                                  |
                       gender_cat |
                               F  |  -4.415905   1.464444    -3.02   0.003    -7.286191   -1.545619
                               M  |   5.707217   1.386676     4.12   0.000     2.989356    8.425078
                                  |
                       start_year |
                            2008  |  -.7735636   1.217349    -0.64   0.525    -3.159546    1.612419
                            2009  |   2.071733   1.139499     1.82   0.069    -.1616651    4.305131
                            2010  |   5.311526   1.834089     2.90   0.004     1.716743    8.906308
                            2011  |   12.73476    2.66565     4.78   0.000     7.510133    17.95939
                            2012  |    8.01575   1.844664     4.35   0.000     4.400241    11.63126
                                  |
                            _cons |   16.18375   1.713152     9.45   0.000       12.826     19.5415
---------------------------------------------------------------------------------------------------
(est6 stored)

added macro:
             e(YearFE) : "Yes"

added macro:
      e(AffiliationFE) : "No"

added macro:
       e(ResearcherFE) : "No"
(sum of wgt is 42,257.7057465465)

Linear regression                               Number of obs     =    126,544
                                                F(19, 126524)     =     159.70
                                                Prob > F          =     0.0000
                                                R-squared         =     0.0811
                                                Root MSE          =     63.939

---------------------------------------------------------------------------------------------------
                                  |               Robust
                       nb_collabs |      Coef.   Std. Err.      t    P>|t|     [95% Conf. Interval]
----------------------------------+----------------------------------------------------------------
                      1.post_flag |   17.09128     3.9166     4.36   0.000     9.414814    24.76775
                                  |
                        funder_id |
                INCa/INSERM/DGOS  |   8.890465   1.035116     8.59   0.000     6.861655    10.91927
       National Cancer Institute  |   1.229084   .9391772     1.31   0.191    -.6116866    3.069856
National Health and Medical Rese  |   .3938406   1.192922     0.33   0.741    -1.944266    2.731947
                  Wellcome Trust  |  -3.710365   1.955499    -1.90   0.058    -7.543109    .1223787
                                  |
              post_flag#funder_id |
              1#INCa/INSERM/DGOS  |   .3335358    4.18821     0.08   0.937    -7.875284    8.542356
     1#National Cancer Institute  |  -2.954219   4.089781    -0.72   0.470    -10.97012    5.061681
                               1 #|
National Health and Medical Rese  |  -2.300749   4.658204    -0.49   0.621    -11.43075    6.829251
                1#Wellcome Trust  |  -8.156943   6.666893    -1.22   0.221    -21.22394    4.910053
                                  |
              orcid_confirmed_cat |
                            True  |  -3.881755   1.772992    -2.19   0.029     -7.35679   -.4067208
                                  |
                       gender_cat |
                               F  |  -5.582346   1.433778    -3.89   0.000    -8.392526   -2.772165
                               M  |   1.948017   1.328758     1.47   0.143    -.6563245    4.552359
                                  |
                   rsr_career_age |   2.354014   .0988104    23.82   0.000     2.160348    2.547681
                 rsr_career_age_2 |  -.0317148   .0035727    -8.88   0.000    -.0387173   -.0247123
                                  |
                       start_year |
                            2008  |   1.198585   1.095322     1.09   0.274    -.9482263    3.345397
                            2009  |   2.394611   1.046553     2.29   0.022     .3433859    4.445837
                            2010  |   3.249698   1.934505     1.68   0.093    -.5418986    7.041295
                            2011  |    12.5865    2.56849     4.90   0.000     7.552301    17.62069
                            2012  |   8.549584   1.721849     4.97   0.000     5.174791    11.92438
                                  |
                            _cons |  -3.141269   1.797411    -1.75   0.081    -6.664164    .3816247
---------------------------------------------------------------------------------------------------
(est7 stored)

added macro:
             e(YearFE) : "Yes"

added macro:
      e(AffiliationFE) : "No"

added macro:
       e(ResearcherFE) : "No"
       panel variable:  person_id (balanced)
note: 2.funder_id omitted because of collinearity
note: 3.funder_id omitted because of collinearity
note: 4.funder_id omitted because of collinearity
note: 5.funder_id omitted because of collinearity

Fixed-effects (within) regression               Number of obs     =    126,544
Group variable: person_id                       Number of groups  =     11,504

R-sq:                                           Obs per group:
     within  = 0.0481                                         min =         11
     between = 0.0012                                         avg =       11.0
     overall = 0.0290                                         max =         11

                                                F(5,11503)        =     161.29
corr(u_i, Xb)  = 0.0011                         Prob > F          =     0.0000

                                              (Std. Err. adjusted for 11,504 clusters in person_id)
---------------------------------------------------------------------------------------------------
                                  |               Robust
                       nb_collabs |      Coef.   Std. Err.      t    P>|t|     [95% Conf. Interval]
----------------------------------+----------------------------------------------------------------
                      1.post_flag |   24.84168   4.883652     5.09   0.000      15.2689    34.41447
                                  |
                        funder_id |
                INCa/INSERM/DGOS  |          0  (omitted)
       National Cancer Institute  |          0  (omitted)
National Health and Medical Rese  |          0  (omitted)
                  Wellcome Trust  |          0  (omitted)
                                  |
              post_flag#funder_id |
              1#INCa/INSERM/DGOS  |   .1097379   5.074592     0.02   0.983    -9.837326     10.0568
     1#National Cancer Institute  |  -3.205857   5.004639    -0.64   0.522     -13.0158    6.604089
                               1 #|
National Health and Medical Rese  |  -2.080453   5.749379    -0.36   0.717    -13.35021    9.189309
                1#Wellcome Trust  |  -8.029416    8.63268    -0.93   0.352    -24.95094    8.892107
                                  |
                            _cons |   23.07152   .8164239    28.26   0.000     21.47119    24.67185
----------------------------------+----------------------------------------------------------------
                          sigma_u |  41.573641
                          sigma_e |  52.298483
                              rho |  .38722258   (fraction of variance due to u_i)
---------------------------------------------------------------------------------------------------
(est8 stored)

added macro:
             e(YearFE) : "Yes"

added macro:
      e(AffiliationFE) : "Yes"

added macro:
       e(ResearcherFE) : "Yes"
