----------------------------------------------------------------------------------------------------
      name:  <unnamed>
       log:  /Users/nj995/dropbox/projects/2018_helios/output/regression_results/20181113_nb_collabs
> .log
  log type:  text
 opened on:  13 Nov 2018, 14:41:28

      Source |       SS           df       MS      Number of obs   =   132,913
-------------+----------------------------------   F(15, 132897)   =    292.58
       Model |  16261059.4        15  1084070.63   Prob > F        =    0.0000
    Residual |   492412024   132,897   3705.2155   R-squared       =    0.0320
-------------+----------------------------------   Adj R-squared   =    0.0319
       Total |   508673084   132,912   3827.1419   Root MSE        =     60.87

---------------------------------------------------------------------------------------------------
                       nb_collabs |      Coef.   Std. Err.      t    P>|t|     [95% Conf. Interval]
----------------------------------+----------------------------------------------------------------
                      1.post_flag |   19.96151    1.25761    15.87   0.000     17.49661     22.4264
                                  |
                        funder_id |
                INCa/INSERM/DGOS  |   9.759821   1.215967     8.03   0.000     7.376547    12.14309
       National Cancer Institute  |   1.405311    .892013     1.58   0.115     -.343018    3.153641
National Health and Medical Rese  |   .9332826   1.059786     0.88   0.379    -1.143878    3.010443
                  Wellcome Trust  |   -4.52266   1.800163    -2.51   0.012    -8.050947   -.9943736
                                  |
              post_flag#funder_id |
              1#INCa/INSERM/DGOS  |   4.894731   1.751569     2.79   0.005     1.461688    8.327773
     1#National Cancer Institute  |   .1256516   1.319478     0.10   0.924      -2.4605    2.711804
                               1 #|
National Health and Medical Rese  |   2.063575   1.569096     1.32   0.188    -1.011824    5.138974
                1#Wellcome Trust  |   5.617492   2.665382     2.11   0.035     .3933914    10.84159
                                  |
              orcid_confirmed_rsr |
                            True  |  -2.575639   1.578464    -1.63   0.103    -5.669401     .518122
                                  |
                       start_year |
                            2008  |  -.0503007      .5417    -0.09   0.926    -1.112023    1.011421
                            2009  |   5.050508   .5247307     9.62   0.000     4.022045    6.078971
                            2010  |   4.789582   .5712492     8.38   0.000     3.669944     5.90922
                            2011  |   6.448165   .5785135    11.15   0.000     5.314289    7.582041
                            2012  |    5.03582    .593704     8.48   0.000     3.872171    6.199469
                                  |
                            _cons |   17.53098   .8916564    19.66   0.000     15.78335    19.27861
---------------------------------------------------------------------------------------------------
(est1 stored)

added macro:
          e(CountryFE) : "No"

added macro:
      e(AffiliationFE) : "No"

added macro:
       e(ResearcherFE) : "No"

      Source |       SS           df       MS      Number of obs   =   132,913
-------------+----------------------------------   F(35, 132877)   =    151.27
       Model |  19490811.5        35  556880.329   Prob > F        =    0.0000
    Residual |   489182272   132,877  3681.46686   R-squared       =    0.0383
-------------+----------------------------------   Adj R-squared   =    0.0381
       Total |   508673084   132,912   3827.1419   Root MSE        =    60.675

---------------------------------------------------------------------------------------------------
                       nb_collabs |      Coef.   Std. Err.      t    P>|t|     [95% Conf. Interval]
----------------------------------+----------------------------------------------------------------
                        post_year |
                          post_1  |   8.703531    2.23608     3.89   0.000     4.320856    13.08621
                          post_2  |   14.41948    2.23608     6.45   0.000      10.0368    18.80216
                          post_3  |   17.37757    2.23608     7.77   0.000      12.9949    21.76025
                          post_4  |    27.9934    2.23608    12.52   0.000     23.61073    32.37608
                          post_5  |   31.31354    2.23608    14.00   0.000     26.93087    35.69622
                                  |
                        funder_id |
                INCa/INSERM/DGOS  |   9.759821   1.212064     8.05   0.000     7.384197    12.13544
       National Cancer Institute  |   1.405311   .8891498     1.58   0.114     -.337406    3.148029
National Health and Medical Rese  |   .9332826   1.056384     0.88   0.377    -1.137211    3.003776
                  Wellcome Trust  |   -4.52266   1.794384    -2.52   0.012    -8.039621   -1.005699
                                  |
              post_year#funder_id |
         post_1#INCa/INSERM/DGOS  |     3.9573   3.114358     1.27   0.204    -2.146785    10.06139
post_1#National Cancer Institute  |   2.192803   2.346083     0.93   0.350    -2.405477    6.791084
                          post_1 #|
National Health and Medical Rese  |   3.228744   2.789914     1.16   0.247    -2.239437    8.696924
           post_1#Wellcome Trust  |   4.515303   4.739154     0.95   0.341    -4.773353    13.80396
         post_2#INCa/INSERM/DGOS  |   4.135225   3.114358     1.33   0.184     -1.96886    10.23931
post_2#National Cancer Institute  |   .1583473   2.346083     0.07   0.946    -4.439933    4.756628
                          post_2 #|
National Health and Medical Rese  |    1.95155   2.789914     0.70   0.484     -3.51663    7.419731
           post_2#Wellcome Trust  |    6.34407   4.739154     1.34   0.181    -2.944586    15.63273
         post_3#INCa/INSERM/DGOS  |   5.646499   3.114358     1.81   0.070    -.4575859    11.75058
post_3#National Cancer Institute  |   1.974227   2.346083     0.84   0.400    -2.624054    6.572507
                          post_3 #|
National Health and Medical Rese  |   3.225475   2.789914     1.16   0.248    -2.242705    8.693656
           post_3#Wellcome Trust  |   9.511996   4.739154     2.01   0.045     .2233393    18.80065
         post_4#INCa/INSERM/DGOS  |   3.849048   3.114358     1.24   0.216    -2.255037    9.953133
post_4#National Cancer Institute  |  -.8143553   2.346083    -0.35   0.729    -5.412636    3.783925
                          post_4 #|
National Health and Medical Rese  |   .3743868   2.789914     0.13   0.893    -5.093794    5.842567
           post_4#Wellcome Trust  |   1.481529   4.739154     0.31   0.755    -7.807127    10.77019
         post_5#INCa/INSERM/DGOS  |   6.885582   3.114358     2.21   0.027     .7814968    12.98967
post_5#National Cancer Institute  |  -2.882764   2.346083    -1.23   0.219    -7.481044    1.715516
                          post_5 #|
National Health and Medical Rese  |   1.537721   2.789914     0.55   0.582     -3.93046    7.005901
           post_5#Wellcome Trust  |    6.23456   4.739154     1.32   0.188    -3.054096    15.52322
                                  |
              orcid_confirmed_rsr |
                            True  |  -2.575639   1.573398    -1.64   0.102     -5.65947    .5081913
                                  |
                       start_year |
                            2008  |  -.0503007   .5399612    -0.09   0.926    -1.108615    1.008013
                            2009  |   5.050508   .5230464     9.66   0.000     4.025346    6.075669
                            2010  |   4.789582   .5694155     8.41   0.000     3.673538    5.905626
                            2011  |   6.448165   .5766565    11.18   0.000     5.317928    7.578401
                            2012  |    5.03582   .5917983     8.51   0.000     3.875906    6.195734
                                  |
                            _cons |   17.53098   .8887943    19.72   0.000     15.78896      19.273
---------------------------------------------------------------------------------------------------
(est2 stored)

added macro:
          e(CountryFE) : "No"

added macro:
      e(AffiliationFE) : "No"

added macro:
       e(ResearcherFE) : "No"

      Source |       SS           df       MS      Number of obs   =   132,913
-------------+----------------------------------   F(60, 132852)   =     95.17
       Model |  20962278.4        60  349371.307   Prob > F        =    0.0000
    Residual |   487710805   132,852  3671.08365   R-squared       =    0.0412
-------------+----------------------------------   Adj R-squared   =    0.0408
       Total |   508673084   132,912   3827.1419   Root MSE        =    60.589

---------------------------------------------------------------------------------------------------
                       nb_collabs |      Coef.   Std. Err.      t    P>|t|     [95% Conf. Interval]
----------------------------------+----------------------------------------------------------------
                    pre_post_year |
                          post_1  |   13.87776   2.923584     4.75   0.000     8.147594    19.60794
                          post_2  |   19.59371   2.923584     6.70   0.000     13.86354    25.32388
                          post_3  |    22.5518   2.923584     7.71   0.000     16.82163    28.28198
                          post_4  |   33.16764   2.923584    11.34   0.000     27.43747    38.89781
                          post_5  |   36.48778   2.923584    12.48   0.000     30.75761    42.21795
                          pre_-1  |   8.125728   2.923584     2.78   0.005     2.395556     13.8559
                          pre_-2  |   6.027939   2.923584     2.06   0.039     .2977682    11.75811
                          pre_-3  |   3.621653   2.923584     1.24   0.215    -2.108518    9.351824
                          pre_-4  |   1.774156   2.923584     0.61   0.544    -3.956015    7.504327
                           pre_0  |   11.49593   2.923584     3.93   0.000     5.765754     17.2261
                                  |
                        funder_id |
                INCa/INSERM/DGOS  |   6.725083   2.893689     2.32   0.020     1.053506    12.39666
       National Cancer Institute  |   .4937178   2.169971     0.23   0.820    -3.759386    4.746821
National Health and Medical Rese  |   .5595577   2.580087     0.22   0.828    -4.497365    5.616481
                  Wellcome Trust  |  -5.174307   4.382699    -1.18   0.238    -13.76432    3.415703
                                  |
          pre_post_year#funder_id |
         post_1#INCa/INSERM/DGOS  |   6.992038   4.071897     1.72   0.086    -.9888067    14.97288
post_1#National Cancer Institute  |   3.104397   3.067409     1.01   0.312    -2.907669    9.116463
                          post_1 #|
National Health and Medical Rese  |   3.602468     3.6477     0.99   0.323    -3.546957    10.75189
           post_1#Wellcome Trust  |   5.166951   6.196253     0.83   0.404    -6.977593    17.31149
         post_2#INCa/INSERM/DGOS  |   7.169963   4.071897     1.76   0.078    -.8108824    15.15081
post_2#National Cancer Institute  |   1.069941   3.067409     0.35   0.727    -4.942125    7.082007
                          post_2 #|
National Health and Medical Rese  |   2.325275     3.6477     0.64   0.524     -4.82415    9.474701
           post_2#Wellcome Trust  |   6.995717   6.196253     1.13   0.259    -5.148826    19.14026
         post_3#INCa/INSERM/DGOS  |   8.681237   4.071897     2.13   0.033     .7003922    16.66208
post_3#National Cancer Institute  |    2.88582   3.067409     0.94   0.347    -3.126246    8.897886
                          post_3 #|
National Health and Medical Rese  |     3.5992     3.6477     0.99   0.324    -3.550225    10.74863
           post_3#Wellcome Trust  |   10.16364   6.196253     1.64   0.101    -1.980901    22.30819
         post_4#INCa/INSERM/DGOS  |   6.883786   4.071897     1.69   0.091    -1.097059    14.86463
post_4#National Cancer Institute  |   .0972382   3.067409     0.03   0.975    -5.914828    6.109304
                          post_4 #|
National Health and Medical Rese  |   .7481118     3.6477     0.21   0.838    -6.401314    7.897537
           post_4#Wellcome Trust  |   2.133176   6.196253     0.34   0.731    -10.01137    14.27772
         post_5#INCa/INSERM/DGOS  |    9.92032   4.071897     2.44   0.015     1.939475    17.90116
post_5#National Cancer Institute  |   -1.97117   3.067409    -0.64   0.520    -7.983236    4.040896
                          post_5 #|
National Health and Medical Rese  |   1.911446     3.6477     0.52   0.600     -5.23798    9.060871
           post_5#Wellcome Trust  |   6.886207   6.196253     1.11   0.266    -5.258336    19.03075
         pre_-1#INCa/INSERM/DGOS  |   5.496811   4.071897     1.35   0.177    -2.484034    13.47766
pre_-1#National Cancer Institute  |   1.995385   3.067409     0.65   0.515    -4.016681    8.007451
                          pre_-1 #|
National Health and Medical Rese  |   1.173689     3.6477     0.32   0.748    -5.975736    8.323115
           pre_-1#Wellcome Trust  |   .8661423   6.196253     0.14   0.889     -11.2784    13.01069
         pre_-2#INCa/INSERM/DGOS  |    3.36484   4.071897     0.83   0.409    -4.616005    11.34568
pre_-2#National Cancer Institute  |   .9394353   3.067409     0.31   0.759    -5.072631    6.951501
                          pre_-2 #|
National Health and Medical Rese  |  -.2385681     3.6477    -0.07   0.948    -7.387994    6.910857
           pre_-2#Wellcome Trust  |   .3419792   6.196253     0.06   0.956    -11.80256    12.48652
         pre_-3#INCa/INSERM/DGOS  |   2.029332   4.071897     0.50   0.618    -5.951513    10.01018
pre_-3#National Cancer Institute  |   .8740634   3.067409     0.28   0.776    -5.138003    6.886129
                          pre_-3 #|
National Health and Medical Rese  |   .7911791     3.6477     0.22   0.828    -6.358246    7.940605
           pre_-3#Wellcome Trust  |    .484038   6.196253     0.08   0.938    -11.66051    12.62858
         pre_-4#INCa/INSERM/DGOS  |   .6372226   4.071897     0.16   0.876    -7.343622    8.618068
pre_-4#National Cancer Institute  |   .4663087   3.067409     0.15   0.879    -5.545757    6.478375
                          pre_-4 #|
National Health and Medical Rese  |  -.2355948     3.6477    -0.06   0.949     -7.38502    6.913831
           pre_-4#Wellcome Trust  |  -.0627739   6.196253    -0.01   0.992    -12.20732    12.08177
          pre_0#INCa/INSERM/DGOS  |   6.680223   4.071897     1.64   0.101    -1.300622    14.66107
 pre_0#National Cancer Institute  |   1.194369   3.067409     0.39   0.697    -4.817697    7.206435
                           pre_0 #|
National Health and Medical Rese  |   .7516442     3.6477     0.21   0.837    -6.397781     7.90107
            pre_0#Wellcome Trust  |   2.280497   6.196253     0.37   0.713    -9.864046    14.42504
                                  |
              orcid_confirmed_rsr |
                            True  |  -2.575639   1.571177    -1.64   0.101    -5.655118    .5038394
                                  |
                       start_year |
                            2008  |  -.0503007   .5391992    -0.09   0.926    -1.107121     1.00652
                            2009  |   5.050508   .5223083     9.67   0.000     4.026793    6.074223
                            2010  |   4.789582    .568612     8.42   0.000     3.675113    5.904052
                            2011  |   6.448165   .5758427    11.20   0.000     5.319523    7.576806
                            2012  |    5.03582   .5909631     8.52   0.000     3.877543    6.194097
                                  |
                            _cons |   12.35675   2.085454     5.93   0.000     8.269298     16.4442
---------------------------------------------------------------------------------------------------
(est3 stored)

added macro:
          e(CountryFE) : "No"

added macro:
      e(AffiliationFE) : "No"

added macro:
       e(ResearcherFE) : "No"

      Source |       SS           df       MS      Number of obs   =   132,913
-------------+----------------------------------   F(17, 132895)   =    603.94
       Model |  36479688.1        17     2145864   Prob > F        =    0.0000
    Residual |   472193396   132,895  3553.13139   R-squared       =    0.0717
-------------+----------------------------------   Adj R-squared   =    0.0716
       Total |   508673084   132,912   3827.1419   Root MSE        =    59.608

---------------------------------------------------------------------------------------------------
                       nb_collabs |      Coef.   Std. Err.      t    P>|t|     [95% Conf. Interval]
----------------------------------+----------------------------------------------------------------
                      1.post_flag |   12.88061   1.235129    10.43   0.000     10.45978    15.30144
                                  |
                        funder_id |
                INCa/INSERM/DGOS  |   9.692268   1.190844     8.14   0.000     7.358236     12.0263
       National Cancer Institute  |   2.059023   .8737782     2.36   0.018     .3464333    3.771612
National Health and Medical Rese  |   1.654972   1.037889     1.59   0.111    -.3792709    3.689216
                  Wellcome Trust  |    2.99866   1.767357     1.70   0.090    -.4653286    6.462648
                                  |
              post_flag#funder_id |
              1#INCa/INSERM/DGOS  |   5.008647    1.71525     2.92   0.004     1.646789    8.370506
     1#National Cancer Institute  |   .1070888   1.292114     0.08   0.934    -2.425432     2.63961
                               1 #|
National Health and Medical Rese  |   1.915333   1.536566     1.25   0.213    -1.096307    4.926974
                1#Wellcome Trust  |   4.221743    2.61062     1.62   0.106    -.8950257    9.338511
                                  |
                   rsr_career_age |   2.208872   .0422115    52.33   0.000     2.126138    2.291606
                 rsr_career_age_2 |  -.0307691   .0011409   -26.97   0.000    -.0330052    -.028533
                                  |
              orcid_confirmed_rsr |
                            True  |  -3.682443   1.545975    -2.38   0.017    -6.712525   -.6523607
                                  |
                       start_year |
                            2008  |   .7443091   .5305793     1.40   0.161    -.2956167    1.784235
                            2009  |    4.18795   .5142561     8.14   0.000     3.180018    5.195883
                            2010  |   5.178079   .5594267     9.26   0.000     4.081613    6.274545
                            2011  |   7.003107   .5665804    12.36   0.000      5.89262    8.113594
                            2012  |   6.504887   .5818832    11.18   0.000     5.364407    7.645368
                                  |
                            _cons |  -2.680626   .9224964    -2.91   0.004    -4.488702   -.8725501
---------------------------------------------------------------------------------------------------
(est4 stored)

added macro:
          e(CountryFE) : "No"

added macro:
      e(AffiliationFE) : "No"

added macro:
       e(ResearcherFE) : "No"

      Source |       SS           df       MS      Number of obs   =   132,913
-------------+----------------------------------   F(37, 132875)   =    294.10
       Model |  38503568.7        37  1040636.99   Prob > F        =    0.0000
    Residual |   470169515   132,875  3538.43473   R-squared       =    0.0757
-------------+----------------------------------   Adj R-squared   =    0.0754
       Total |   508673084   132,912   3827.1419   Root MSE        =    59.485

---------------------------------------------------------------------------------------------------
                       nb_collabs |      Coef.   Std. Err.      t    P>|t|     [95% Conf. Interval]
----------------------------------+----------------------------------------------------------------
                        post_year |
                          post_1  |    4.03389    2.19314     1.84   0.066    -.2646236    8.332404
                          post_2  |   8.580929   2.193658     3.91   0.000     4.281399    12.88046
                          post_3  |   10.43209   2.194272     4.75   0.000     6.131355    14.73282
                          post_4  |   20.00297   2.194982     9.11   0.000     15.70084    24.30509
                          post_5  |   22.34013   2.195799    10.17   0.000      18.0364    26.64385
                                  |
                        funder_id |
                INCa/INSERM/DGOS  |   9.708618   1.188378     8.17   0.000     7.379418    12.03782
       National Cancer Institute  |   2.060756   .8719692     2.36   0.018     .3517122      3.7698
National Health and Medical Rese  |   1.644242    1.03574     1.59   0.112    -.3857902    3.674274
                  Wellcome Trust  |   2.873592   1.763707     1.63   0.103    -.5832415    6.330426
                                  |
              post_year#funder_id |
         post_1#INCa/INSERM/DGOS  |    4.03031    3.05326     1.32   0.187    -1.954025    10.01465
post_1#National Cancer Institute  |   2.180906   2.300057     0.95   0.343    -2.327163    6.688976
                          post_1 #|
National Health and Medical Rese  |   3.133734   2.735182     1.15   0.252    -2.227174    8.494642
           post_1#Wellcome Trust  |   3.620758   4.646296     0.78   0.436    -5.485897    12.72741
         post_2#INCa/INSERM/DGOS  |   4.229095   3.053261     1.39   0.166    -1.755242    10.21343
post_2#National Cancer Institute  |   .1430511   2.300057     0.06   0.950    -4.365018    4.651121
                          post_2 #|
National Health and Medical Rese  |   1.829396   2.735184     0.67   0.504    -3.531515    7.190306
           post_2#Wellcome Trust  |   5.193941   4.646372     1.12   0.264    -3.912864    14.30074
         post_3#INCa/INSERM/DGOS  |   5.761229   3.053262     1.89   0.059    -.2231091    11.74557
post_3#National Cancer Institute  |   1.955531   2.300057     0.85   0.395    -2.552538    6.463601
                          post_3 #|
National Health and Medical Rese  |   3.076175   2.735186     1.12   0.261    -2.284739    8.437089
           post_3#Wellcome Trust  |   8.106282   4.646467     1.74   0.081    -1.000709    17.21327
         post_4#INCa/INSERM/DGOS  |   3.984638   3.053263     1.31   0.192    -1.999703    9.968978
post_4#National Cancer Institute  |  -.8364498   2.300057    -0.36   0.716     -5.34452     3.67162
                          post_4 #|
National Health and Medical Rese  |    .197941   2.735188     0.07   0.942    -5.162978     5.55886
           post_4#Wellcome Trust  |  -.1797692   4.646581    -0.04   0.969    -9.286983    8.927444
         post_5#INCa/INSERM/DGOS  |   7.042032   3.053265     2.31   0.021     1.057689    13.02638
post_5#National Cancer Institute  |  -2.908258   2.300057    -1.26   0.206    -7.416327    1.599812
                          post_5 #|
National Health and Medical Rese  |    1.33413    2.73519     0.49   0.626    -4.026794    6.695053
           post_5#Wellcome Trust  |   4.317678   4.646713     0.93   0.353    -4.789796    13.42515
                                  |
                   rsr_career_age |   2.179561   .0421453    51.72   0.000     2.096957    2.262166
                 rsr_career_age_2 |  -.0309887   .0011386   -27.22   0.000    -.0332204   -.0287571
                                  |
              orcid_confirmed_rsr |
                            True  |  -3.675593   1.542774    -2.38   0.017    -6.699402   -.6517836
                                  |
                       start_year |
                            2008  |    .726006   .5294815     1.37   0.170    -.3117681     1.76378
                            2009  |   4.227608   .5131943     8.24   0.000     3.221756    5.233459
                            2010  |   5.167063   .5582687     9.26   0.000     4.072867     6.26126
                            2011  |   6.992484   .5654076    12.37   0.000     5.884295    8.100672
                            2012  |   6.479181   .5806796    11.16   0.000     5.341059    7.617302
                                  |
                            _cons |  -2.267056   .9207627    -2.46   0.014    -4.071735   -.4623784
---------------------------------------------------------------------------------------------------
(est5 stored)

added macro:
          e(CountryFE) : "No"

added macro:
      e(AffiliationFE) : "No"

added macro:
       e(ResearcherFE) : "No"

      Source |       SS           df       MS      Number of obs   =   132,913
-------------+----------------------------------   F(62, 132850)   =    177.15
       Model |  38843188.2        62  626503.035   Prob > F        =    0.0000
    Residual |   469829895   132,850  3536.54419   R-squared       =    0.0764
-------------+----------------------------------   Adj R-squared   =    0.0759
       Total |   508673084   132,912   3827.1419   Root MSE        =    59.469

---------------------------------------------------------------------------------------------------
                       nb_collabs |      Coef.   Std. Err.      t    P>|t|     [95% Conf. Interval]
----------------------------------+----------------------------------------------------------------
                    pre_post_year |
                          post_1  |   5.725921   2.871856     1.99   0.046     .0971359    11.35471
                          post_2  |   10.29399   2.872521     3.58   0.000     4.663896    15.92407
                          post_3  |   12.16441   2.873235     4.23   0.000     6.532919     17.7959
                          post_4  |   21.75279   2.873999     7.57   0.000      16.1198    27.38577
                          post_5  |   24.10569   2.874819     8.39   0.000      18.4711    29.74029
                          pre_-1  |     2.4503   2.870693     0.85   0.393    -3.176207    8.076807
                          pre_-2  |   1.681045   2.870222     0.59   0.558    -3.944538    7.306627
                          pre_-3  |   .6635071   2.869849     0.23   0.817    -4.961345    6.288359
                          pre_-4  |   .2649749   2.869602     0.09   0.926    -5.359393    5.889342
                           pre_0  |   4.552182   2.871243     1.59   0.113    -1.075403    10.17977
                                  |
                        funder_id |
                INCa/INSERM/DGOS  |   6.620115     2.8402     2.33   0.020     1.053375    12.18685
       National Cancer Institute  |   1.139585   2.129948     0.54   0.593    -3.035075    5.314246
National Health and Medical Rese  |   1.320544   2.532414     0.52   0.602    -3.642941    6.284029
                  Wellcome Trust  |   2.680906    4.30419     0.62   0.533    -5.755228    11.11704
                                  |
          pre_post_year#funder_id |
         post_1#INCa/INSERM/DGOS  |   7.113641   3.996589     1.78   0.075    -.7196011    14.94688
post_1#National Cancer Institute  |   3.084582   3.010677     1.02   0.306     -2.81629    8.985453
                          post_1 #|
National Health and Medical Rese  |   3.444224    3.58024     0.96   0.336    -3.572981    10.46143
           post_1#Wellcome Trust  |   3.677025   6.081915     0.60   0.545    -8.243417    15.59747
         post_2#INCa/INSERM/DGOS  |   7.311833    3.99659     1.83   0.067    -.5214114    15.14508
post_2#National Cancer Institute  |   1.046823   3.010677     0.35   0.728    -4.854049    6.947695
                          post_2 #|
National Health and Medical Rese  |   2.140657   3.580242     0.60   0.550    -4.876552    9.157865
           post_2#Wellcome Trust  |   5.257471    6.08201     0.86   0.387    -6.663157     17.1781
         post_3#INCa/INSERM/DGOS  |   8.843375   3.996591     2.21   0.027     1.010128    16.67662
post_3#National Cancer Institute  |     2.8594   3.010677     0.95   0.342    -3.041472    8.760271
                          post_3 #|
National Health and Medical Rese  |   3.388208   3.580244     0.95   0.344    -3.629005    10.40542
           post_3#Wellcome Trust  |   8.177076   6.082119     1.34   0.179    -3.743767    20.09792
         post_4#INCa/INSERM/DGOS  |    7.06619   3.996593     1.77   0.077    -.7670587    14.89944
post_4#National Cancer Institute  |   .0675152   3.010677     0.02   0.982    -5.833357    5.968387
                          post_4 #|
National Health and Medical Rese  |   .5107452   3.580246     0.14   0.887    -6.506472    7.527962
           post_4#Wellcome Trust  |  -.1017118   6.082243    -0.02   0.987     -12.0228    11.81937
         post_5#INCa/INSERM/DGOS  |   10.12299   3.996594     2.53   0.011      2.28974    17.95624
post_5#National Cancer Institute  |  -2.004196   3.010677    -0.67   0.506    -7.905068    3.896676
                          post_5 #|
National Health and Medical Rese  |   1.647705   3.580249     0.46   0.645    -5.369517    8.664928
           post_5#Wellcome Trust  |   4.402998   6.082382     0.72   0.469     -7.51836    16.32436
         pre_-1#INCa/INSERM/DGOS  |   5.577879   3.996588     1.40   0.163     -2.25536    13.41112
pre_-1#National Cancer Institute  |   1.982175   3.010677     0.66   0.510    -3.918697    7.883046
                          pre_-1 #|
National Health and Medical Rese  |   1.068193   3.580237     0.30   0.765    -5.949007    8.085392
           pre_-1#Wellcome Trust  |  -.1271412   6.081769    -0.02   0.983     -12.0473    11.79301
         pre_-2#INCa/INSERM/DGOS  |   3.425641   3.996587     0.86   0.391    -4.407597    11.25888
pre_-2#National Cancer Institute  |   .9295276   3.010677     0.31   0.758    -4.971344    6.830399
                          pre_-2 #|
National Health and Medical Rese  |  -.3176903   3.580236    -0.09   0.929    -7.334888    6.699507
           pre_-2#Wellcome Trust  |  -.4029834   6.081717    -0.07   0.947    -12.32304    11.51707
         pre_-3#INCa/INSERM/DGOS  |   2.069866   3.996587     0.52   0.605    -5.763372    9.903104
pre_-3#National Cancer Institute  |   .8674583   3.010677     0.29   0.773    -5.033413     6.76833
                          pre_-3 #|
National Health and Medical Rese  |   .7384309   3.580235     0.21   0.837    -6.278765    7.755627
           pre_-3#Wellcome Trust  |  -.0126038   6.081681    -0.00   0.998    -11.93259    11.90738
         pre_-4#INCa/INSERM/DGOS  |   .6574898   3.996587     0.16   0.869    -7.175748    8.490727
pre_-4#National Cancer Institute  |   .4630062   3.010677     0.15   0.878    -5.437865    6.363878
                          pre_-4 #|
National Health and Medical Rese  |  -.2619688   3.580235    -0.07   0.942    -7.279164    6.755226
           pre_-4#Wellcome Trust  |  -.3110948   6.081659    -0.05   0.959    -12.23104    11.60885
          pre_0#INCa/INSERM/DGOS  |   6.781559   3.996588     1.70   0.090    -1.051682     14.6148
 pre_0#National Cancer Institute  |   1.177856   3.010677     0.39   0.696    -4.723015    7.078728
                           pre_0 #|
National Health and Medical Rese  |   .6197738   3.580238     0.17   0.863    -6.397428    7.636976
            pre_0#Wellcome Trust  |   1.038893   6.081834     0.17   0.864    -10.88139    12.95918
                                  |
                   rsr_career_age |   2.129814   .0424964    50.12   0.000     2.046522    2.213106
                 rsr_career_age_2 |  -.0301081   .0011428   -26.35   0.000    -.0323479   -.0278683
                                  |
              orcid_confirmed_rsr |
                            True  |  -3.648323   1.542365    -2.37   0.018     -6.67133   -.6253161
                                  |
                       start_year |
                            2008  |   .7104293   .5293427     1.34   0.180    -.3270729    1.747931
                            2009  |   4.238601   .5130585     8.26   0.000     3.233016    5.244187
                            2010  |   5.160065   .5581201     9.25   0.000      4.06616    6.253971
                            2011  |    6.98096    .565258    12.35   0.000     5.873065    8.088855
                            2012  |   6.447952   .5805347    11.11   0.000     5.310115     7.58579
                                  |
                            _cons |  -3.457312    2.06207    -1.68   0.094    -7.498932    .5843076
---------------------------------------------------------------------------------------------------
(est6 stored)

added macro:
          e(CountryFE) : "No"

added macro:
      e(AffiliationFE) : "No"

added macro:
       e(ResearcherFE) : "No"
       panel variable:  rsr_affiliation_id (unbalanced)

Fixed-effects (within) regression               Number of obs     =    132,913
Group variable: rsr_affili~d                    Number of groups  =      4,002

R-sq:                                           Obs per group:
     within  = 0.0638                                         min =         11
     between = 0.0951                                         avg =       33.2
     overall = 0.0693                                         max =      2,145

                                                F(17,4001)        =     104.04
corr(u_i, Xb)  = -0.0045                        Prob > F          =     0.0000

                                      (Std. Err. adjusted for 4,002 clusters in rsr_affiliation_id)
---------------------------------------------------------------------------------------------------
                                  |               Robust
                       nb_collabs |      Coef.   Std. Err.      t    P>|t|     [95% Conf. Interval]
----------------------------------+----------------------------------------------------------------
                      1.post_flag |   12.94161   1.891306     6.84   0.000     9.233596    16.64962
                                  |
                        funder_id |
                INCa/INSERM/DGOS  |   3.710388   6.016842     0.62   0.537    -8.085974    15.50675
       National Cancer Institute  |   5.309587   2.436625     2.18   0.029      .532445    10.08673
National Health and Medical Rese  |    7.80138   3.177707     2.46   0.014     1.571304    14.03146
                  Wellcome Trust  |   4.956357   2.907936     1.70   0.088    -.7448173    10.65753
                                  |
              post_flag#funder_id |
              1#INCa/INSERM/DGOS  |   4.984404   2.337668     2.13   0.033     .4012722    9.567537
     1#National Cancer Institute  |   .1110392   1.977137     0.06   0.955     -3.76525    3.987328
                               1 #|
National Health and Medical Rese  |   1.946881   2.430598     0.80   0.423    -2.818444    6.712207
                1#Wellcome Trust  |   4.518776   4.872845     0.93   0.354    -5.034715    14.07227
                                  |
                   rsr_career_age |   2.001688   .0978419    20.46   0.000     1.809863    2.193512
                 rsr_career_age_2 |   -.024221   .0031251    -7.75   0.000    -.0303479   -.0180941
                                  |
              orcid_confirmed_rsr |
                            True  |  -3.196466   4.546899    -0.70   0.482    -12.11092    5.717989
                                  |
                       start_year |
                            2008  |   1.692827   1.303734     1.30   0.194    -.8632169    4.248871
                            2009  |   5.088346   1.391748     3.66   0.000     2.359744    7.816948
                            2010  |   5.105469    1.38114     3.70   0.000     2.397665    7.813273
                            2011  |   8.100261   1.661481     4.88   0.000     4.842832    11.35769
                            2012  |   7.785542   1.379839     5.64   0.000      5.08029    10.49079
                                  |
                            _cons |   -5.10767   2.468513    -2.07   0.039     -9.94733   -.2680092
----------------------------------+----------------------------------------------------------------
                          sigma_u |   35.46725
                          sigma_e |  55.888771
                              rho |  .28710062   (fraction of variance due to u_i)
---------------------------------------------------------------------------------------------------
(est7 stored)

added macro:
          e(CountryFE) : "No"

added macro:
      e(AffiliationFE) : "Yes"

added macro:
       e(ResearcherFE) : "No"
       panel variable:  rsr_affiliation_id (unbalanced)

Fixed-effects (within) regression               Number of obs     =    132,913
Group variable: rsr_affili~d                    Number of groups  =      4,002

R-sq:                                           Obs per group:
     within  = 0.0684                                         min =         11
     between = 0.0953                                         avg =       33.2
     overall = 0.0732                                         max =      2,145

                                                F(37,4001)        =      52.92
corr(u_i, Xb)  = 0.0020                         Prob > F          =     0.0000

                                      (Std. Err. adjusted for 4,002 clusters in rsr_affiliation_id)
---------------------------------------------------------------------------------------------------
                                  |               Robust
                       nb_collabs |      Coef.   Std. Err.      t    P>|t|     [95% Conf. Interval]
----------------------------------+----------------------------------------------------------------
                        post_year |
                          post_1  |   4.213317   .9627145     4.38   0.000      2.32586    6.100774
                          post_2  |   8.776632   1.632845     5.38   0.000     5.575346    11.97792
                          post_3  |   10.63095   1.913324     5.56   0.000     6.879765    14.38213
                          post_4  |   20.19186   3.533116     5.72   0.000     13.26498    27.11873
                          post_5  |   22.50593   4.182868     5.38   0.000     14.30518    30.70668
                                  |
                        funder_id |
                INCa/INSERM/DGOS  |   3.745512   6.002023     0.62   0.533    -8.021796    15.51282
       National Cancer Institute  |   5.399272   2.430033     2.22   0.026     .6350526    10.16349
National Health and Medical Rese  |    7.89474   3.182042     2.48   0.013     1.656165    14.13331
                  Wellcome Trust  |   4.787489   2.898063     1.65   0.099    -.8943294    10.46931
                                  |
              post_year#funder_id |
         post_1#INCa/INSERM/DGOS  |   4.014854   1.430826     2.81   0.005     1.209638     6.82007
post_1#National Cancer Institute  |   2.183425   1.033802     2.11   0.035     .1565966    4.210253
                          post_1 #|
National Health and Medical Rese  |   3.153848   1.401271     2.25   0.024     .4065766    5.901119
           post_1#Wellcome Trust  |   3.810136   3.119984     1.22   0.222     -2.30677    9.927042
         post_2#INCa/INSERM/DGOS  |   4.209222   2.077077     2.03   0.043     .1369934    8.281451
post_2#National Cancer Institute  |   .1462894   1.694542     0.09   0.931    -3.175957    3.468536
                          post_2 #|
National Health and Medical Rese  |   1.855256   2.171533     0.85   0.393    -2.402159    6.112671
           post_2#Wellcome Trust  |   5.437427   5.565812     0.98   0.329    -5.474666    16.34952
         post_3#INCa/INSERM/DGOS  |   5.736941    2.45624     2.34   0.020     .9213422    10.55254
post_3#National Cancer Institute  |   1.959489   2.056454     0.95   0.341    -2.072306    5.991284
                          post_3 #|
National Health and Medical Rese  |   3.107782   2.646333     1.17   0.240    -2.080505     8.29607
           post_3#Wellcome Trust  |   8.403876   5.820636     1.44   0.149    -3.007814    19.81556
         post_4#INCa/INSERM/DGOS  |   3.955933   4.418431     0.90   0.371    -4.706653    12.61852
post_4#National Cancer Institute  |  -.8317724   3.711203    -0.22   0.823    -8.107798    6.444253
                          post_4 #|
National Health and Medical Rese  |   .2352951   4.149881     0.06   0.955    -7.900784    8.371374
           post_4#Wellcome Trust  |   .1719328   5.433176     0.03   0.975    -10.48012    10.82398
         post_5#INCa/INSERM/DGOS  |   7.008911   5.371443     1.30   0.192    -3.522109    17.53993
post_5#National Cancer Institute  |  -2.902861   4.273393    -0.68   0.497    -11.28109    5.475371
                          post_5 #|
National Health and Medical Rese  |    1.37723   4.975906     0.28   0.782    -8.378316    11.13278
           post_5#Wellcome Trust  |   4.723487   8.046846     0.59   0.557    -11.05281    20.49979
                                  |
                   rsr_career_age |   1.949327    .097237    20.05   0.000     1.758689    2.139966
                 rsr_career_age_2 |  -.0244283    .003111    -7.85   0.000    -.0305277    -.018329
                                  |
              orcid_confirmed_rsr |
                            True  |   -3.12871   4.562754    -0.69   0.493    -12.07425     5.81683
                                  |
                       start_year |
                            2008  |   1.672408   1.304466     1.28   0.200    -.8850729    4.229889
                            2009  |   5.159373   1.394613     3.70   0.000     2.425154    7.893592
                            2010  |   5.078607    1.38153     3.68   0.000     2.370038    7.787176
                            2011  |   8.109422   1.661338     4.88   0.000     4.852274    11.36657
                            2012  |   7.754549   1.379978     5.62   0.000     5.049022    10.46008
                                  |
                            _cons |  -4.499389   2.456395    -1.83   0.067    -9.315291    .3165138
----------------------------------+----------------------------------------------------------------
                          sigma_u |   35.46068
                          sigma_e |  55.753296
                              rho |  .28801913   (fraction of variance due to u_i)
---------------------------------------------------------------------------------------------------
(est8 stored)

added macro:
          e(CountryFE) : "No"

added macro:
      e(AffiliationFE) : "Yes"

added macro:
       e(ResearcherFE) : "No"
       panel variable:  rsr_affiliation_id (unbalanced)

Fixed-effects (within) regression               Number of obs     =    132,913
Group variable: rsr_affili~d                    Number of groups  =      4,002

R-sq:                                           Obs per group:
     within  = 0.0693                                         min =         11
     between = 0.0947                                         avg =       33.2
     overall = 0.0738                                         max =      2,145

                                                F(62,4001)        =      37.72
corr(u_i, Xb)  = 0.0057                         Prob > F          =     0.0000

                                      (Std. Err. adjusted for 4,002 clusters in rsr_affiliation_id)
---------------------------------------------------------------------------------------------------
                                  |               Robust
                       nb_collabs |      Coef.   Std. Err.      t    P>|t|     [95% Conf. Interval]
----------------------------------+----------------------------------------------------------------
                    pre_post_year |
                          post_1  |   6.221232    1.35046     4.61   0.000     3.573579    8.868886
                          post_2  |   10.82188   1.986676     5.45   0.000     6.926887    14.71687
                          post_3  |    12.7106   2.235697     5.69   0.000     8.327392    17.09382
                          post_4  |   22.30301    3.83058     5.82   0.000     14.79294    29.81308
                          post_5  |   24.64566   4.498921     5.48   0.000     15.82527    33.46606
                          pre_-1  |   2.837618   .8936002     3.18   0.002     1.085663    4.589572
                          pre_-2  |   1.992949   .7253629     2.75   0.006     .5708334    3.415064
                          pre_-3  |   .8857206   .6408646     1.38   0.167    -.3707311    2.142172
                          pre_-4  |   .3832204   .4873791     0.79   0.432    -.5723141    1.338755
                           pre_0  |   5.000635   1.440886     3.47   0.001     2.175696    7.825573
                                  |
                        funder_id |
                INCa/INSERM/DGOS  |    .680456    6.10747     0.11   0.911    -11.29359     12.6545
       National Cancer Institute  |   4.526693   2.532816     1.79   0.074    -.4390364    9.492422
National Health and Medical Rese  |   7.607868   3.562662     2.14   0.033     .6230651    14.59267
                  Wellcome Trust  |   4.381371   2.917269     1.50   0.133    -1.338101    10.10084
                                  |
          pre_post_year#funder_id |
         post_1#INCa/INSERM/DGOS  |   7.084809   1.973319     3.59   0.000     3.216004    10.95361
post_1#National Cancer Institute  |    3.08928   1.416808     2.18   0.029     .3115474    5.867012
                          post_1 #|
National Health and Medical Rese  |   3.481744   2.361742     1.47   0.140    -1.148586    8.112075
           post_1#Wellcome Trust  |    4.03029    3.54901     1.14   0.256    -2.927747    10.98833
         post_2#INCa/INSERM/DGOS  |   7.278195   2.533252     2.87   0.004     2.311609    12.24478
post_2#National Cancer Institute  |   1.052304   2.043208     0.52   0.607    -2.953522    5.058131
                          post_2 #|
National Health and Medical Rese  |    2.18443    2.95194     0.74   0.459    -3.603016    7.971876
           post_2#Wellcome Trust  |   5.669613   5.909451     0.96   0.337    -5.916203    17.25543
         post_3#INCa/INSERM/DGOS  |   8.804931   2.930167     3.00   0.003     3.060172    14.54969
post_3#National Cancer Institute  |   2.865664    2.37125     1.21   0.227    -1.783307    7.514635
                          post_3 #|
National Health and Medical Rese  |   3.438234   3.425967     1.00   0.316     -3.27857    10.15504
           post_3#Wellcome Trust  |   8.648095   6.237191     1.39   0.166    -3.580273    20.87646
         post_4#INCa/INSERM/DGOS  |   7.022942    4.77562     1.47   0.141    -2.339934    16.38582
post_4#National Cancer Institute  |   .0745626    4.00749     0.02   0.985    -7.782351    7.931476
                          post_4 #|
National Health and Medical Rese  |   .5670254   4.786611     0.12   0.906    -8.817399     9.95145
           post_4#Wellcome Trust  |   .4281855   5.926439     0.07   0.942    -11.19094    12.04731
         post_5#INCa/INSERM/DGOS  |   10.07494     5.7424     1.75   0.079    -1.183366    21.33324
post_5#National Cancer Institute  |  -1.996366   4.584043    -0.44   0.663    -10.98364    6.990913
                          post_5 #|
National Health and Medical Rese  |   1.710239   5.581646     0.31   0.759    -9.232896    12.65337
           post_5#Wellcome Trust  |   4.991773   8.412885     0.59   0.553    -11.50217    21.48571
         pre_-1#INCa/INSERM/DGOS  |   5.558658   1.330941     4.18   0.000     2.949273    8.168043
pre_-1#National Cancer Institute  |   1.985307   .9371506     2.12   0.034     .1479697    3.822644
                          pre_-1 #|
National Health and Medical Rese  |   1.093206   2.060517     0.53   0.596    -2.946555    5.132968
           pre_-1#Wellcome Trust  |   .1083687   1.736431     0.06   0.950    -3.296003     3.51274
         pre_-2#INCa/INSERM/DGOS  |   3.411225   1.040788     3.28   0.001     1.370701    5.451749
pre_-2#National Cancer Institute  |   .9318767   .7602691     1.23   0.220    -.5586742    2.422428
                          pre_-2 #|
National Health and Medical Rese  |  -.2989302   1.785479    -0.17   0.867    -3.799464    3.201603
           pre_-2#Wellcome Trust  |   -.226351   1.290762    -0.18   0.861    -2.756964    2.304262
         pre_-3#INCa/INSERM/DGOS  |   2.060255   .9362945     2.20   0.028     .2245963    3.895914
pre_-3#National Cancer Institute  |   .8690244   .6711579     1.29   0.195    -.4468191    2.184868
                          pre_-3 #|
National Health and Medical Rese  |   .7509376   2.078855     0.36   0.718    -3.324776    4.826652
           pre_-3#Wellcome Trust  |   .1051512   .9560932     0.11   0.912    -1.769324    1.979626
         pre_-4#INCa/INSERM/DGOS  |   .6526844   .7099868     0.92   0.358    -.7392853    2.044654
pre_-4#National Cancer Institute  |   .4637892   .5121788     0.91   0.365    -.5403666    1.467945
                          pre_-4 #|
National Health and Medical Rese  |  -.2557155   2.072687    -0.12   0.902    -4.319336    3.807905
           pre_-4#Wellcome Trust  |  -.2522173   .8686884    -0.29   0.772     -1.95533    1.450896
          pre_0#INCa/INSERM/DGOS  |   6.757532    2.00013     3.38   0.001     2.836163     10.6789
 pre_0#National Cancer Institute  |   1.181772   1.474839     0.80   0.423    -1.709735    4.073278
                           pre_0 #|
National Health and Medical Rese  |   .6510406   2.337527     0.28   0.781    -3.931815    5.233896
            pre_0#Wellcome Trust  |    1.33328   2.692528     0.50   0.621    -3.945575    6.612136
                                  |
                   rsr_career_age |   1.864415   .0981058    19.00   0.000     1.672073    2.056757
                 rsr_career_age_2 |  -.0229694   .0031166    -7.37   0.000    -.0290797    -.016859
                                  |
              orcid_confirmed_rsr |
                            True  |  -3.059146   4.574958    -0.67   0.504    -12.02861    5.910319
                                  |
                       start_year |
                            2008  |   1.650672   1.305191     1.26   0.206    -.9082291    4.209572
                            2009  |   5.183839   1.395165     3.72   0.000      2.44854    7.919139
                            2010  |   5.063914   1.381469     3.67   0.000     2.355465    7.772363
                            2011  |   8.097889     1.6615     4.87   0.000     4.840422    11.35536
                            2012  |   7.703135    1.38087     5.58   0.000     4.995861    10.41041
                                  |
                            _cons |  -5.693645   2.499619    -2.28   0.023    -10.59429   -.7929978
----------------------------------+----------------------------------------------------------------
                          sigma_u |  35.473933
                          sigma_e |  55.732192
                              rho |  .28832777   (fraction of variance due to u_i)
---------------------------------------------------------------------------------------------------
(est9 stored)

added macro:
          e(CountryFE) : "No"

added macro:
      e(AffiliationFE) : "Yes"

added macro:
       e(ResearcherFE) : "No"
       panel variable:  person_id (balanced)
note: 2.funder_id omitted because of collinearity
note: 3.funder_id omitted because of collinearity
note: 4.funder_id omitted because of collinearity
note: 5.funder_id omitted because of collinearity

Fixed-effects (within) regression               Number of obs     =    132,913
Group variable: person_id                       Number of groups  =     12,083

R-sq:                                           Obs per group:
     within  = 0.0511                                         min =         11
     between = 0.0021                                         avg =       11.0
     overall = 0.0287                                         max =         11

                                                F(5,12082)        =     443.43
corr(u_i, Xb)  = 0.0020                         Prob > F          =     0.0000

                                              (Std. Err. adjusted for 12,083 clusters in person_id)
---------------------------------------------------------------------------------------------------
                                  |               Robust
                       nb_collabs |      Coef.   Std. Err.      t    P>|t|     [95% Conf. Interval]
----------------------------------+----------------------------------------------------------------
                      1.post_flag |   19.96151    1.78454    11.19   0.000     16.46352    23.45949
                                  |
                        funder_id |
                INCa/INSERM/DGOS  |          0  (omitted)
       National Cancer Institute  |          0  (omitted)
National Health and Medical Rese  |          0  (omitted)
                  Wellcome Trust  |          0  (omitted)
                                  |
              post_flag#funder_id |
              1#INCa/INSERM/DGOS  |   4.894731   2.232469     2.19   0.028     .5187326    9.270729
     1#National Cancer Institute  |   .1256516   1.859091     0.07   0.946    -3.518465    3.769768
                               1 #|
National Health and Medical Rese  |   2.063575   2.297271     0.90   0.369    -2.439445    6.566596
                1#Wellcome Trust  |   5.617492   4.896372     1.15   0.251    -3.980183    15.21517
                                  |
                            _cons |   22.50581   .2054156   109.56   0.000     22.10316    22.90845
----------------------------------+----------------------------------------------------------------
                          sigma_u |  41.421482
                          sigma_e |  46.923041
                              rho |  .43796665   (fraction of variance due to u_i)
---------------------------------------------------------------------------------------------------
(est10 stored)

added macro:
          e(CountryFE) : "No"

added macro:
      e(AffiliationFE) : "No"

added macro:
       e(ResearcherFE) : "Yes"
       panel variable:  person_id (balanced)
note: 2.funder_id omitted because of collinearity
note: 3.funder_id omitted because of collinearity
note: 4.funder_id omitted because of collinearity
note: 5.funder_id omitted because of collinearity

Fixed-effects (within) regression               Number of obs     =    132,913
Group variable: person_id                       Number of groups  =     12,083

R-sq:                                           Obs per group:
     within  = 0.0626                                         min =         11
     between = 0.0021                                         avg =       11.0
     overall = 0.0351                                         max =         11

                                                F(25,12082)       =      95.71
corr(u_i, Xb)  = 0.0018                         Prob > F          =     0.0000

                                              (Std. Err. adjusted for 12,083 clusters in person_id)
---------------------------------------------------------------------------------------------------
                                  |               Robust
                       nb_collabs |      Coef.   Std. Err.      t    P>|t|     [95% Conf. Interval]
----------------------------------+----------------------------------------------------------------
                        post_year |
                          post_1  |   8.703531   .8806308     9.88   0.000     6.977354    10.42971
                          post_2  |   14.41948   1.530812     9.42   0.000     11.41884    17.42012
                          post_3  |   17.37757   1.761576     9.86   0.000      13.9246    20.83054
                          post_4  |    27.9934   3.512901     7.97   0.000     21.10755    34.87925
                          post_5  |   31.31354   3.924452     7.98   0.000     23.62099     39.0061
                                  |
                        funder_id |
                INCa/INSERM/DGOS  |          0  (omitted)
       National Cancer Institute  |          0  (omitted)
National Health and Medical Rese  |          0  (omitted)
                  Wellcome Trust  |          0  (omitted)
                                  |
              post_year#funder_id |
         post_1#INCa/INSERM/DGOS  |     3.9573   1.283731     3.08   0.002     1.440981    6.473619
post_1#National Cancer Institute  |   2.192803   .9601624     2.28   0.022      .310731    4.074876
                          post_1 #|
National Health and Medical Rese  |   3.228744   1.444954     2.23   0.025     .3964014    6.061086
           post_1#Wellcome Trust  |   4.515303   3.169846     1.42   0.154    -1.698103    10.72871
         post_2#INCa/INSERM/DGOS  |   4.135225   2.018712     2.05   0.041     .1782257    8.092223
post_2#National Cancer Institute  |   .1583473   1.596566     0.10   0.921    -2.971178    3.287873
                          post_2 #|
National Health and Medical Rese  |    1.95155    2.03646     0.96   0.338    -2.040238    5.943339
           post_2#Wellcome Trust  |    6.34407   5.438149     1.17   0.243    -4.315575    17.00372
         post_3#INCa/INSERM/DGOS  |   5.646499    2.23497     2.53   0.012       1.2656     10.0274
post_3#National Cancer Institute  |   1.974227   1.861589     1.06   0.289    -1.674787     5.62324
                          post_3 #|
National Health and Medical Rese  |   3.225475   2.441766     1.32   0.187    -1.560778    8.011728
           post_3#Wellcome Trust  |   9.511996   5.818153     1.63   0.102    -1.892517    20.91651
         post_4#INCa/INSERM/DGOS  |   3.849048   4.568006     0.84   0.399    -5.104977    12.80307
post_4#National Cancer Institute  |  -.8143553    3.65492    -0.22   0.824    -7.978585    6.349875
                          post_4 #|
National Health and Medical Rese  |   .3743868   4.147975     0.09   0.928    -7.756309    8.505083
           post_4#Wellcome Trust  |   1.481529   6.156961     0.24   0.810     -10.5871    13.55016
         post_5#INCa/INSERM/DGOS  |   6.885582   5.164556     1.33   0.182    -3.237776    17.00894
post_5#National Cancer Institute  |  -2.882764   4.051303    -0.71   0.477    -10.82397    5.058439
                          post_5 #|
National Health and Medical Rese  |   1.537721   4.667033     0.33   0.742    -7.610411    10.68585
           post_5#Wellcome Trust  |    6.23456   7.903102     0.79   0.430    -9.256786    21.72591
                                  |
                            _cons |   22.50581    .205431   109.55   0.000     22.10313    22.90848
----------------------------------+----------------------------------------------------------------
                          sigma_u |  41.421482
                          sigma_e |  46.641195
                              rho |  .44093481   (fraction of variance due to u_i)
---------------------------------------------------------------------------------------------------
(est11 stored)

added macro:
          e(CountryFE) : "No"

added macro:
      e(AffiliationFE) : "No"

added macro:
       e(ResearcherFE) : "Yes"
       panel variable:  person_id (balanced)
note: 2.funder_id omitted because of collinearity
note: 3.funder_id omitted because of collinearity
note: 4.funder_id omitted because of collinearity
note: 5.funder_id omitted because of collinearity

Fixed-effects (within) regression               Number of obs     =    132,913
Group variable: person_id                       Number of groups  =     12,083

R-sq:                                           Obs per group:
     within  = 0.0679                                         min =         11
     between = 0.0037                                         avg =       11.0
     overall = 0.0386                                         max =         11

                                                F(50,12082)       =      61.63
corr(u_i, Xb)  = 0.0032                         Prob > F          =     0.0000

                                              (Std. Err. adjusted for 12,083 clusters in person_id)
---------------------------------------------------------------------------------------------------
                                  |               Robust
                       nb_collabs |      Coef.   Std. Err.      t    P>|t|     [95% Conf. Interval]
----------------------------------+----------------------------------------------------------------
                    pre_post_year |
                          post_1  |   13.87776   1.173111    11.83   0.000     11.57828    16.17725
                          post_2  |   19.59371   1.814911    10.80   0.000      16.0362    23.15123
                          post_3  |    22.5518   2.005153    11.25   0.000     18.62138    26.48223
                          post_4  |   33.16764   3.775196     8.79   0.000     25.76765    40.56763
                          post_5  |   36.48778   4.148174     8.80   0.000     28.35669    44.61886
                          pre_-1  |   8.125728   .8651276     9.39   0.000     6.429939    9.821516
                          pre_-2  |   6.027939   .6704578     8.99   0.000     4.713735    7.342144
                          pre_-3  |   3.621653   .6264123     5.78   0.000     2.393784    4.849522
                          pre_-4  |   1.774156   .5514349     3.22   0.001     .6932552    2.855057
                           pre_0  |   11.49593   1.386021     8.29   0.000     8.779102    14.21275
                                  |
                        funder_id |
                INCa/INSERM/DGOS  |          0  (omitted)
       National Cancer Institute  |          0  (omitted)
National Health and Medical Rese  |          0  (omitted)
                  Wellcome Trust  |          0  (omitted)
                                  |
          pre_post_year#funder_id |
         post_1#INCa/INSERM/DGOS  |   6.992038    1.68858     4.14   0.000     3.682151    10.30193
post_1#National Cancer Institute  |   3.104397   1.261533     2.46   0.014     .6315892    5.577205
                          post_1 #|
National Health and Medical Rese  |   3.602468   2.254986     1.60   0.110    -.8176651    8.022602
           post_1#Wellcome Trust  |   5.166951   3.555623     1.45   0.146    -1.802641    12.13654
         post_2#INCa/INSERM/DGOS  |   7.169963   2.378763     3.01   0.003     2.507205    11.83272
post_2#National Cancer Institute  |   1.069941   1.890394     0.57   0.571    -2.635535    4.775416
                          post_2 #|
National Health and Medical Rese  |   2.325275    2.74117     0.85   0.396    -3.047857    7.698407
           post_2#Wellcome Trust  |   6.995717   5.733908     1.22   0.222    -4.243662     18.2351
         post_3#INCa/INSERM/DGOS  |   8.681237   2.588031     3.35   0.001     3.608281    13.75419
post_3#National Cancer Institute  |    2.88582   2.116283     1.36   0.173    -1.262434    7.034075
                          post_3 #|
National Health and Medical Rese  |     3.5992    3.09044     1.16   0.244    -2.458558    9.656958
           post_3#Wellcome Trust  |   10.16364   6.267687     1.62   0.105    -2.122029    22.44931
         post_4#INCa/INSERM/DGOS  |   6.883786   4.885591     1.41   0.159    -2.692756    16.46033
post_4#National Cancer Institute  |   .0972382   3.924164     0.02   0.980    -7.594753     7.78923
                          post_4 #|
National Health and Medical Rese  |   .7481118   4.682792     0.16   0.873    -8.430911    9.927135
           post_4#Wellcome Trust  |   2.133176   6.636638     0.32   0.748     -10.8757    15.14205
         post_5#INCa/INSERM/DGOS  |    9.92032   5.417737     1.83   0.067    -.6993144    20.53995
post_5#National Cancer Institute  |   -1.97117   4.283199    -0.46   0.645    -10.36693    6.424585
                          post_5 #|
National Health and Medical Rese  |   1.911446   5.138494     0.37   0.710    -8.160826    11.98372
           post_5#Wellcome Trust  |   6.886207   8.277224     0.83   0.405    -9.338478    23.11089
         pre_-1#INCa/INSERM/DGOS  |   5.496811    1.28417     4.28   0.000     2.979632    8.013989
pre_-1#National Cancer Institute  |   1.995385   .9207525     2.17   0.030     .1905624    3.800208
                          pre_-1 #|
National Health and Medical Rese  |   1.173689   1.967269     0.60   0.551    -2.682473    5.029851
           pre_-1#Wellcome Trust  |   .8661423   1.732888     0.50   0.617    -2.530596    4.262881
         pre_-2#INCa/INSERM/DGOS  |    3.36484   .9951457     3.38   0.001     1.414194    5.315485
pre_-2#National Cancer Institute  |   .9394353    .713057     1.32   0.188    -.4582707    2.337141
                          pre_-2 #|
National Health and Medical Rese  |  -.2385681   1.726618    -0.14   0.890    -3.623017    3.145881
           pre_-2#Wellcome Trust  |   .3419792   1.329565     0.26   0.797    -2.264181    2.948139
         pre_-3#INCa/INSERM/DGOS  |   2.029332   .9040137     2.24   0.025     .2573199    3.801343
pre_-3#National Cancer Institute  |   .8740634   .6604158     1.32   0.186    -.4204575    2.168584
                          pre_-3 #|
National Health and Medical Rese  |   .7911791    2.22018     0.36   0.722    -3.560729    5.143087
           pre_-3#Wellcome Trust  |    .484038   1.008447     0.48   0.631    -1.492679    2.460755
         pre_-4#INCa/INSERM/DGOS  |   .6372226    .779552     0.82   0.414    -.8908244     2.16527
pre_-4#National Cancer Institute  |   .4663087    .578728     0.81   0.420     -.668091    1.600708
                          pre_-4 #|
National Health and Medical Rese  |  -.2355948   2.146005    -0.11   0.913    -4.442108    3.970918
           pre_-4#Wellcome Trust  |  -.0627739   .9290175    -0.07   0.946    -1.883797    1.758249
          pre_0#INCa/INSERM/DGOS  |   6.680223   1.880506     3.55   0.000     2.994129    10.36632
 pre_0#National Cancer Institute  |   1.194369   1.438316     0.83   0.406    -1.624962      4.0137
                           pre_0 #|
National Health and Medical Rese  |   .7516442   2.268327     0.33   0.740    -3.694641    5.197929
            pre_0#Wellcome Trust  |   2.280497   2.648619     0.86   0.389     -2.91122    7.472215
                                  |
                            _cons |   16.39816   .3394462    48.31   0.000     15.73279    17.06353
----------------------------------+----------------------------------------------------------------
                          sigma_u |   41.39201
                          sigma_e |  46.515248
                              rho |  .44191724   (fraction of variance due to u_i)
---------------------------------------------------------------------------------------------------
(est12 stored)

added macro:
          e(CountryFE) : "No"

added macro:
      e(AffiliationFE) : "No"

added macro:
       e(ResearcherFE) : "Yes"
