----------------------------------------------------------------------------------------------------
      name:  <unnamed>
       log:  /Users/nj995/dropbox/projects/2018_helios/output/regression_results/20181112_citations_
> per_pub.log
  log type:  text
 opened on:  12 Nov 2018, 15:55:26

      Source |       SS           df       MS      Number of obs   =   112,218
-------------+----------------------------------   F(14, 112203)   =    234.67
       Model |    25554418        14  1825315.57   Prob > F        =    0.0000
    Residual |   872728516   112,203  7778.12105   R-squared       =    0.0284
-------------+----------------------------------   Adj R-squared   =    0.0283
       Total |   898282934   112,217   8004.8739   Root MSE        =    88.194

---------------------------------------------------------------------------------------------------
            citations_per_pub_res |      Coef.   Std. Err.      t    P>|t|     [95% Conf. Interval]
----------------------------------+----------------------------------------------------------------
                      1.post_flag |  -27.25906   1.969336   -13.84   0.000    -31.11893   -23.39919
                                  |
                        funder_id |
                INCa/INSERM/DGOS  |  -18.78665   1.878818   -10.00   0.000     -22.4691   -15.10419
       National Cancer Institute  |   1.233607   1.421576     0.87   0.386     -1.55266    4.019874
National Health and Medical Rese  |  -6.659137   1.691346    -3.94   0.000    -9.974149   -3.344125
                  Wellcome Trust  |  -3.391762   3.203086    -1.06   0.290    -9.669762    2.886239
                                  |
              post_flag#funder_id |
              1#INCa/INSERM/DGOS  |   7.954967   2.728527     2.92   0.004     2.607095    13.30284
     1#National Cancer Institute  |  -3.387928   2.067051    -1.64   0.101    -7.439317    .6634602
                               1 #|
National Health and Medical Rese  |   .7496513   2.456953     0.31   0.760    -4.065939    5.565242
                1#Wellcome Trust  |   6.051145   4.526827     1.34   0.181    -2.821369    14.92366
                                  |
                       start_year |
                            2008  |  -.4414027   .8544392    -0.52   0.605    -2.116091    1.233286
                            2009  |  -1.055094   .8226835    -1.28   0.200    -2.667542    .5573532
                            2010  |  -.5639661   .8984202    -0.63   0.530    -2.324856    1.196924
                            2011  |    .052418   .9102232     0.06   0.954    -1.731606    1.836442
                            2012  |   .2512444   .9430938     0.27   0.790    -1.597205    2.099694
                                  |
                            _cons |   15.51629   1.417745    10.94   0.000     12.73753    18.29504
---------------------------------------------------------------------------------------------------
(est1 stored)

added macro:
          e(CountryFE) : "No"

added macro:
      e(AffiliationFE) : "No"

added macro:
       e(ResearcherFE) : "No"

      Source |       SS           df       MS      Number of obs   =   112,218
-------------+----------------------------------   F(34, 112183)   =    110.06
       Model |    28996913        34  852850.381   Prob > F        =    0.0000
    Residual |   869286021   112,183  7748.82131   R-squared       =    0.0323
-------------+----------------------------------   Adj R-squared   =    0.0320
       Total |   898282934   112,217   8004.8739   Root MSE        =    88.027

---------------------------------------------------------------------------------------------------
            citations_per_pub_res |      Coef.   Std. Err.      t    P>|t|     [95% Conf. Interval]
----------------------------------+----------------------------------------------------------------
                        post_year |
                          post_1  |  -20.42961   3.463939    -5.90   0.000    -27.21887   -13.64034
                          post_2  |  -23.62683   3.487407    -6.77   0.000     -30.4621   -16.79157
                          post_3  |  -28.35113   3.471693    -8.17   0.000    -35.15559   -21.54666
                          post_4  |  -31.59471   3.452422    -9.15   0.000    -38.36141   -24.82802
                          post_5  |  -32.27327   3.483459    -9.26   0.000     -39.1008   -25.44574
                                  |
                        funder_id |
                INCa/INSERM/DGOS  |   -18.7845   1.875276   -10.02   0.000    -22.46001   -15.10899
       National Cancer Institute  |   1.239847   1.418896     0.87   0.382    -1.541167    4.020862
National Health and Medical Rese  |   -6.65534   1.688157    -3.94   0.000    -9.964103   -3.346578
                  Wellcome Trust  |  -3.386068   3.197047    -1.06   0.290    -9.652233    2.880097
                                  |
              post_year#funder_id |
         post_1#INCa/INSERM/DGOS  |   6.728826   4.803404     1.40   0.161    -2.685775    16.14343
post_1#National Cancer Institute  |   1.763493   3.636093     0.48   0.628    -5.363195     8.89018
                          post_1 #|
National Health and Medical Rese  |    3.29607   4.325285     0.76   0.446    -5.181424    11.77356
           post_1#Wellcome Trust  |   17.18162   7.994329     2.15   0.032     1.512851    32.85038
         post_2#INCa/INSERM/DGOS  |   9.241424   4.821539     1.92   0.055    -.2087199    18.69157
post_2#National Cancer Institute  |   -.473046    3.65711    -0.13   0.897    -7.640927    6.694835
                          post_2 #|
National Health and Medical Rese  |   3.080158   4.336973     0.71   0.478    -5.420245    11.58056
           post_2#Wellcome Trust  |   7.134189   7.944513     0.90   0.369    -8.436939    22.70532
         post_3#INCa/INSERM/DGOS  |    9.11654   4.790429     1.90   0.057    -.2726291    18.50571
post_3#National Cancer Institute  |  -2.155106   3.642094    -0.59   0.554    -9.293555    4.983343
                          post_3 #|
National Health and Medical Rese  |   1.830927   4.327189     0.42   0.672    -6.650298    10.31215
           post_3#Wellcome Trust  |   9.174309   7.923003     1.16   0.247    -6.354659    24.70328
         post_4#INCa/INSERM/DGOS  |   8.616205    4.78571     1.80   0.072    -.7637159    17.99613
post_4#National Cancer Institute  |  -5.903765   3.624729    -1.63   0.103    -13.00818     1.20065
                          post_4 #|
National Health and Medical Rese  |  -.6876206   4.302327    -0.16   0.873    -9.120118    7.744877
           post_4#Wellcome Trust  |   3.053922   7.658792     0.40   0.690     -11.9572    18.06504
         post_5#INCa/INSERM/DGOS  |   6.191871   4.803544     1.29   0.197    -3.223004    15.60674
post_5#National Cancer Institute  |  -10.38322   3.656439    -2.84   0.005    -17.54978    -3.21665
                          post_5 #|
National Health and Medical Rese  |  -3.641382   4.334748    -0.84   0.401    -12.13742    4.854659
           post_5#Wellcome Trust  |  -3.439366   7.660533    -0.45   0.653     -18.4539    11.57516
                                  |
                       start_year |
                            2008  |  -.4467148   .8528334    -0.52   0.600    -2.118255    1.224826
                            2009  |  -1.113608   .8211453    -1.36   0.175    -2.723041    .4958244
                            2010  |  -.5677055   .8967389    -0.63   0.527      -2.3253    1.189889
                            2011  |    .026037    .908517     0.03   0.977    -1.754643    1.806717
                            2012  |    .209299   .9413248     0.22   0.824    -1.635684    2.054282
                                  |
                            _cons |   15.53346   1.415074    10.98   0.000     12.75994    18.30699
---------------------------------------------------------------------------------------------------
(est2 stored)

added macro:
          e(CountryFE) : "No"

added macro:
      e(AffiliationFE) : "No"

added macro:
       e(ResearcherFE) : "No"

      Source |       SS           df       MS      Number of obs   =   112,218
-------------+----------------------------------   F(16, 112201)   =    209.19
       Model |  26020772.5        16  1626298.28   Prob > F        =    0.0000
    Residual |   872262161   112,201  7774.10327   R-squared       =    0.0290
-------------+----------------------------------   Adj R-squared   =    0.0288
       Total |   898282934   112,217   8004.8739   Root MSE        =    88.171

---------------------------------------------------------------------------------------------------
            citations_per_pub_res |      Coef.   Std. Err.      t    P>|t|     [95% Conf. Interval]
----------------------------------+----------------------------------------------------------------
                      1.post_flag |  -26.45978   1.973292   -13.41   0.000     -30.3274   -22.59216
                                  |
                        funder_id |
                INCa/INSERM/DGOS  |  -18.69336   1.878416    -9.95   0.000    -22.37503   -15.01169
       National Cancer Institute  |   1.008097   1.421675     0.71   0.478    -1.778366    3.794559
National Health and Medical Rese  |  -6.790639   1.691002    -4.02   0.000    -10.10498     -3.4763
                  Wellcome Trust  |  -3.618164   3.202444    -1.13   0.259    -9.894906    2.658578
                                  |
              post_flag#funder_id |
              1#INCa/INSERM/DGOS  |   7.747822   2.727954     2.84   0.005     2.401073    13.09457
     1#National Cancer Institute  |  -3.414322   2.066521    -1.65   0.098    -7.464672    .6360288
                               1 #|
National Health and Medical Rese  |   .7757781   2.456323     0.32   0.752    -4.038579    5.590135
                1#Wellcome Trust  |   5.443568   4.526362     1.20   0.229    -3.428033    14.31517
                                  |
                   rsr_career_age |  -.6650726   .0891487    -7.46   0.000    -.8398027   -.4903426
                 rsr_career_age_2 |   .0142285   .0022189     6.41   0.000     .0098795    .0185775
                                  |
                       start_year |
                            2008  |   -.597595   .8544735    -0.70   0.484     -2.27235     1.07716
                            2009  |  -1.065345   .8230579    -1.29   0.196    -2.678526    .5478361
                            2010  |  -.6699529   .8983147    -0.75   0.456    -2.430636    1.090731
                            2011  |  -.0916651   .9101795    -0.10   0.920    -1.875603    1.692273
                            2012  |  -.0046877    .943445    -0.00   0.996    -1.853826    1.844451
                                  |
                            _cons |   21.16047   1.593772    13.28   0.000      18.0367    24.28424
---------------------------------------------------------------------------------------------------
(est3 stored)

added macro:
          e(CountryFE) : "No"

added macro:
      e(AffiliationFE) : "No"

added macro:
       e(ResearcherFE) : "No"

      Source |       SS           df       MS      Number of obs   =   112,218
-------------+----------------------------------   F(36, 112181)   =    105.22
       Model |  29340901.6        36  815025.045   Prob > F        =    0.0000
    Residual |   868942032   112,181  7745.89309   R-squared       =    0.0327
-------------+----------------------------------   Adj R-squared   =    0.0324
       Total |   898282934   112,217   8004.8739   Root MSE        =    88.011

---------------------------------------------------------------------------------------------------
            citations_per_pub_res |      Coef.   Std. Err.      t    P>|t|     [95% Conf. Interval]
----------------------------------+----------------------------------------------------------------
                        post_year |
                          post_1  |  -20.08223   3.464174    -5.80   0.000    -26.87196    -13.2925
                          post_2  |  -23.16287   3.488382    -6.64   0.000    -30.00004   -16.32569
                          post_3  |  -27.77138   3.473708    -7.99   0.000    -34.57979   -20.96296
                          post_4  |   -30.9667   3.455501    -8.96   0.000    -37.73943   -24.19397
                          post_5  |  -31.61276   3.487687    -9.06   0.000    -38.44857   -24.77695
                                  |
                        funder_id |
                INCa/INSERM/DGOS  |  -18.72706   1.875005    -9.99   0.000    -22.40204   -15.05207
       National Cancer Institute  |    1.01688   1.419094     0.72   0.474    -1.764522    3.798282
National Health and Medical Rese  |   -6.77349   1.687931    -4.01   0.000    -10.08181   -3.465169
                  Wellcome Trust  |  -3.603966   3.196628    -1.13   0.260    -9.869309    2.661378
                                  |
              post_year#funder_id |
         post_1#INCa/INSERM/DGOS  |   6.637247   4.802519     1.38   0.167    -2.775619    16.05011
post_1#National Cancer Institute  |   1.764724   3.635407     0.49   0.627    -5.360618    8.890067
                          post_1 #|
National Health and Medical Rese  |   3.351984   4.324476     0.78   0.438    -5.123926    11.82789
           post_1#Wellcome Trust  |   16.86879   7.992969     2.11   0.035     1.202687    32.53489
         post_2#INCa/INSERM/DGOS  |   9.050539   4.820717     1.88   0.060    -.3979943    18.49907
post_2#National Cancer Institute  |  -.4960621   3.656424    -0.14   0.892      -7.6626    6.670475
                          post_2 #|
National Health and Medical Rese  |    3.08617   4.336157     0.71   0.477    -5.412633    11.58497
           post_2#Wellcome Trust  |   6.763212   7.943244     0.85   0.395    -8.805428    22.33185
         post_3#INCa/INSERM/DGOS  |   8.903432   4.789637     1.86   0.063    -.4841849    18.29105
post_3#National Cancer Institute  |  -2.206295   3.641415    -0.61   0.545    -9.343415    4.930825
                          post_3 #|
National Health and Medical Rese  |   1.825245   4.326371     0.42   0.673    -6.654378    10.30487
           post_3#Wellcome Trust  |   8.676925   7.921899     1.10   0.273    -6.849879    24.20373
         post_4#INCa/INSERM/DGOS  |   8.420385   4.784898     1.76   0.078    -.9579449    17.79871
post_4#National Cancer Institute  |  -5.915095   3.624046    -1.63   0.103    -13.01817    1.187981
                          post_4 #|
National Health and Medical Rese  |  -.6602598   4.301521    -0.15   0.878    -9.091178    7.770658
           post_4#Wellcome Trust  |   2.374426   7.658238     0.31   0.757    -12.63561    17.38446
         post_5#INCa/INSERM/DGOS  |   6.001498   4.802721     1.25   0.211    -3.411764    15.41476
post_5#National Cancer Institute  |   -10.3874   3.655749    -2.84   0.004    -17.55261   -3.222187
                          post_5 #|
National Health and Medical Rese  |  -3.589002   4.333936    -0.83   0.408    -12.08345    4.905448
           post_5#Wellcome Trust  |  -3.994696   7.659701    -0.52   0.602     -19.0076     11.0182
                                  |
                   rsr_career_age |  -.5932498   .0890602    -6.66   0.000    -.7678064   -.4186932
                 rsr_career_age_2 |   .0138473    .002215     6.25   0.000     .0095059    .0181888
                                  |
                       start_year |
                            2008  |  -.5686612   .8529281    -0.67   0.505    -2.240388    1.103065
                            2009  |  -1.170451   .8215869    -1.42   0.154     -2.78075    .4398467
                            2010  |  -.6461304   .8966968    -0.72   0.471    -2.403643    1.111382
                            2011  |  -.0963241   .9085353    -0.11   0.916     -1.87704    1.684392
                            2012  |    -.01256   .9417388    -0.01   0.989    -1.858354    1.833234
                                  |
                            _cons |   20.26223   1.591508    12.73   0.000      17.1429    23.38156
---------------------------------------------------------------------------------------------------
(est4 stored)

added macro:
          e(CountryFE) : "No"

added macro:
      e(AffiliationFE) : "No"

added macro:
       e(ResearcherFE) : "No"
       panel variable:  rsr_affiliation_id (unbalanced)

Fixed-effects (within) regression               Number of obs     =    112,218
Group variable: rsr_affili~d                    Number of groups  =      3,966

R-sq:                                           Obs per group:
     within  = 0.0305                                         min =          1
     between = 0.0047                                         avg =       28.3
     overall = 0.0277                                         max =      1,883

                                                F(16,3965)        =     151.04
corr(u_i, Xb)  = -0.0417                        Prob > F          =     0.0000

                                      (Std. Err. adjusted for 3,966 clusters in rsr_affiliation_id)
---------------------------------------------------------------------------------------------------
                                  |               Robust
            citations_per_pub_res |      Coef.   Std. Err.      t    P>|t|     [95% Conf. Interval]
----------------------------------+----------------------------------------------------------------
                      1.post_flag |  -24.96406   2.251269   -11.09   0.000    -29.37782   -20.55031
                                  |
                        funder_id |
                INCa/INSERM/DGOS  |  -24.14489   5.541749    -4.36   0.000    -35.00983   -13.27994
       National Cancer Institute  |   3.757373   4.379864     0.86   0.391    -4.829624    12.34437
National Health and Medical Rese  |   1.253018   4.903986     0.26   0.798    -8.361552    10.86759
                  Wellcome Trust  |  -3.772339   7.501859    -0.50   0.615     -18.4802    10.93552
                                  |
              post_flag#funder_id |
              1#INCa/INSERM/DGOS  |    7.46273   2.637281     2.83   0.005     2.292176    12.63328
     1#National Cancer Institute  |  -4.329093   2.414165    -1.79   0.073    -9.062215    .4040286
                               1 #|
National Health and Medical Rese  |   .3332749   2.514494     0.13   0.895    -4.596547    5.263097
                1#Wellcome Trust  |    4.72669   5.631295     0.84   0.401    -6.313816     15.7672
                                  |
                   rsr_career_age |  -.9937705   .2395613    -4.15   0.000    -1.463445   -.5240957
                 rsr_career_age_2 |   .0191472   .0053035     3.61   0.000     .0087493     .029545
                                  |
                       start_year |
                            2008  |  -.2767228    1.72039    -0.16   0.872    -3.649655    3.096209
                            2009  |  -1.781804   2.401357    -0.74   0.458    -6.489815    2.926207
                            2010  |  -1.044898   1.833357    -0.57   0.569    -4.639309    2.549512
                            2011  |   .7078907   1.715133     0.41   0.680    -2.654734    4.070516
                            2012  |  -.3926177   1.659574    -0.24   0.813    -3.646316    2.861081
                                  |
                            _cons |   21.91484   4.054338     5.41   0.000     13.96605    29.86362
----------------------------------+----------------------------------------------------------------
                          sigma_u |  42.929213
                          sigma_e |  85.255571
                              rho |  .20226434   (fraction of variance due to u_i)
---------------------------------------------------------------------------------------------------
(est5 stored)

added macro:
          e(CountryFE) : "No"

added macro:
      e(AffiliationFE) : "Yes"

added macro:
       e(ResearcherFE) : "No"
       panel variable:  rsr_affiliation_id (unbalanced)

Fixed-effects (within) regression               Number of obs     =    112,218
Group variable: rsr_affili~d                    Number of groups  =      3,966

R-sq:                                           Obs per group:
     within  = 0.0345                                         min =          1
     between = 0.0058                                         avg =       28.3
     overall = 0.0314                                         max =      1,883

                                                F(36,3965)        =     100.39
corr(u_i, Xb)  = -0.0374                        Prob > F          =     0.0000

                                      (Std. Err. adjusted for 3,966 clusters in rsr_affiliation_id)
---------------------------------------------------------------------------------------------------
                                  |               Robust
            citations_per_pub_res |      Coef.   Std. Err.      t    P>|t|     [95% Conf. Interval]
----------------------------------+----------------------------------------------------------------
                        post_year |
                          post_1  |  -17.97347   1.908608    -9.42   0.000    -21.71542   -14.23153
                          post_2  |  -22.35994   2.181683   -10.25   0.000    -26.63726   -18.08261
                          post_3  |  -26.43044   2.380535   -11.10   0.000    -31.09763   -21.76325
                          post_4  |  -29.83442   2.734046   -10.91   0.000    -35.19468   -24.47415
                          post_5  |     -30.51   6.511597    -4.69   0.000    -43.27639    -17.7436
                                  |
                        funder_id |
                INCa/INSERM/DGOS  |   -24.2521    5.54454    -4.37   0.000    -35.12252   -13.38168
       National Cancer Institute  |   3.627128   4.377986     0.83   0.407    -4.956186    12.21044
National Health and Medical Rese  |   1.108791   4.885134     0.23   0.820    -8.468819     10.6864
                  Wellcome Trust  |  -3.647487   7.518269    -0.49   0.628    -18.38752    11.09255
                                  |
              post_year#funder_id |
         post_1#INCa/INSERM/DGOS  |   5.183136   2.612543     1.98   0.047     .0610831    10.30519
post_1#National Cancer Institute  |   .0023304   2.183135     0.00   0.999    -4.277842    4.282503
                          post_1 #|
National Health and Medical Rese  |   1.929593   2.404404     0.80   0.422    -2.784392    6.643578
           post_1#Wellcome Trust  |    14.0834   7.764634     1.81   0.070    -1.139651    29.30645
         post_2#INCa/INSERM/DGOS  |   8.930002   2.827586     3.16   0.002     3.386343    14.47366
post_2#National Cancer Institute  |   -.936748   2.479658    -0.38   0.706    -5.798273    3.924777
                          post_2 #|
National Health and Medical Rese  |   2.969047    2.85356     1.04   0.298    -2.625535    8.563628
           post_2#Wellcome Trust  |   5.914091   5.672572     1.04   0.297    -5.207342    17.03552
         post_3#INCa/INSERM/DGOS  |    8.67937   2.926093     2.97   0.003     2.942582    14.41616
post_3#National Cancer Institute  |   -3.07637   2.542748    -1.21   0.226    -8.061587    1.908846
                          post_3 #|
National Health and Medical Rese  |   1.315637   2.808319     0.47   0.639    -4.190247    6.821521
           post_3#Wellcome Trust  |   8.965246   7.228944     1.24   0.215    -5.207551    23.13804
         post_4#INCa/INSERM/DGOS  |   8.442164   3.127996     2.70   0.007     2.309532     14.5748
post_4#National Cancer Institute  |  -6.591408   2.908846    -2.27   0.024    -12.29438   -.8884343
                          post_4 #|
National Health and Medical Rese  |  -.7572885   2.972499    -0.25   0.799    -6.585058    5.070481
           post_4#Wellcome Trust  |   1.888988   7.063774     0.27   0.789    -11.95998    15.73796
         post_5#INCa/INSERM/DGOS  |   6.213798   6.716716     0.93   0.355    -6.954743    19.38234
post_5#National Cancer Institute  |  -11.20465   6.607656    -1.70   0.090    -24.15937    1.750075
                          post_5 #|
National Health and Medical Rese  |  -3.628349   6.701702    -0.54   0.588    -16.76745    9.510756
           post_5#Wellcome Trust  |  -4.210706   8.653924    -0.49   0.627    -21.17727    12.75585
                                  |
                   rsr_career_age |  -.8860383   .2400707    -3.69   0.000    -1.356712   -.4153647
                 rsr_career_age_2 |    .018698   .0053151     3.52   0.000     .0082775    .0291185
                                  |
                       start_year |
                            2008  |  -.2350523   1.721419    -0.14   0.891    -3.610001    3.139896
                            2009  |   -1.91817   2.404672    -0.80   0.425     -6.63268     2.79634
                            2010  |  -.9988681   1.828866    -0.55   0.585    -4.584474    2.586737
                            2011  |   .6834491   1.714066     0.40   0.690    -2.677084    4.043983
                            2012  |  -.4179877   1.659826    -0.25   0.801     -3.67218    2.836205
                                  |
                            _cons |   20.68315   4.051227     5.11   0.000     12.74047    28.62584
----------------------------------+----------------------------------------------------------------
                          sigma_u |  42.880359
                          sigma_e |  85.086915
                              rho |  .20253605   (fraction of variance due to u_i)
---------------------------------------------------------------------------------------------------
(est6 stored)

added macro:
          e(CountryFE) : "No"

added macro:
      e(AffiliationFE) : "Yes"

added macro:
       e(ResearcherFE) : "No"
       panel variable:  person_id (balanced)
note: 2.funder_id omitted because of collinearity
note: 3.funder_id omitted because of collinearity
note: 4.funder_id omitted because of collinearity
note: 5.funder_id omitted because of collinearity

Fixed-effects (within) regression               Number of obs     =    112,218
Group variable: person_id                       Number of groups  =     11,997

R-sq:                                           Obs per group:
     within  = 0.0359                                         min =          1
     between = 0.0001                                         avg =        9.4
     overall = 0.0243                                         max =         11

                                                F(5,11996)        =     538.47
corr(u_i, Xb)  = -0.0189                        Prob > F          =     0.0000

                                              (Std. Err. adjusted for 11,997 clusters in person_id)
---------------------------------------------------------------------------------------------------
                                  |               Robust
            citations_per_pub_res |      Coef.   Std. Err.      t    P>|t|     [95% Conf. Interval]
----------------------------------+----------------------------------------------------------------
                      1.post_flag |  -26.44923   2.110545   -12.53   0.000    -30.58624   -22.31222
                                  |
                        funder_id |
                INCa/INSERM/DGOS  |          0  (omitted)
       National Cancer Institute  |          0  (omitted)
National Health and Medical Rese  |          0  (omitted)
                  Wellcome Trust  |          0  (omitted)
                                  |
              post_flag#funder_id |
              1#INCa/INSERM/DGOS  |   7.532956   2.571558     2.93   0.003     2.492286    12.57363
     1#National Cancer Institute  |  -4.962824   2.230311    -2.23   0.026    -9.334594   -.5910541
                               1 #|
National Health and Medical Rese  |   .3630989    2.44234     0.15   0.882    -4.424283    5.150481
                1#Wellcome Trust  |   5.646075   4.996821     1.13   0.259    -4.148503    15.44065
                                  |
                            _cons |   13.85696    .270435    51.24   0.000     13.32687    14.38706
----------------------------------+----------------------------------------------------------------
                          sigma_u |   47.70973
                          sigma_e |  79.405858
                              rho |  .26524687   (fraction of variance due to u_i)
---------------------------------------------------------------------------------------------------
(est7 stored)

added macro:
          e(CountryFE) : "No"

added macro:
      e(AffiliationFE) : "No"

added macro:
       e(ResearcherFE) : "Yes"
       panel variable:  person_id (balanced)
note: 2.funder_id omitted because of collinearity
note: 3.funder_id omitted because of collinearity
note: 4.funder_id omitted because of collinearity
note: 5.funder_id omitted because of collinearity

Fixed-effects (within) regression               Number of obs     =    112,218
Group variable: person_id                       Number of groups  =     11,997

R-sq:                                           Obs per group:
     within  = 0.0414                                         min =          1
     between = 0.0002                                         avg =        9.4
     overall = 0.0281                                         max =         11

                                                F(25,11996)       =     160.84
corr(u_i, Xb)  = -0.0194                        Prob > F          =     0.0000

                                              (Std. Err. adjusted for 11,997 clusters in person_id)
---------------------------------------------------------------------------------------------------
                                  |               Robust
            citations_per_pub_res |      Coef.   Std. Err.      t    P>|t|     [95% Conf. Interval]
----------------------------------+----------------------------------------------------------------
                        post_year |
                          post_1  |  -18.86865   2.012158    -9.38   0.000     -22.8128   -14.92449
                          post_2  |   -22.7202   1.935862   -11.74   0.000     -26.5148    -18.9256
                          post_3  |  -26.80508   2.368338   -11.32   0.000    -31.44741   -22.16276
                          post_4  |  -31.65448   2.564969   -12.34   0.000    -36.68223   -26.62672
                          post_5  |  -32.14779   6.369159    -5.05   0.000    -44.63237   -19.66321
                                  |
                        funder_id |
                INCa/INSERM/DGOS  |          0  (omitted)
       National Cancer Institute  |          0  (omitted)
National Health and Medical Rese  |          0  (omitted)
                  Wellcome Trust  |          0  (omitted)
                                  |
              post_year#funder_id |
         post_1#INCa/INSERM/DGOS  |   5.308415   2.776164     1.91   0.056    -.1333144    10.75014
post_1#National Cancer Institute  |  -.2119202   2.244595    -0.09   0.925     -4.61169     4.18785
                          post_1 #|
National Health and Medical Rese  |   2.397535   2.538798     0.94   0.345    -2.578919     7.37399
           post_1#Wellcome Trust  |   14.66344   8.137418     1.80   0.072    -1.287217    30.61409
         post_2#INCa/INSERM/DGOS  |   8.501643   2.623242     3.24   0.001     3.359664    13.64362
post_2#National Cancer Institute  |  -1.769084   2.218991    -0.80   0.425    -6.118666    2.580498
                          post_2 #|
National Health and Medical Rese  |   2.382785   2.653495     0.90   0.369    -2.818494    7.584064
           post_2#Wellcome Trust  |   6.324827   5.109229     1.24   0.216    -3.690088    16.33974
         post_3#INCa/INSERM/DGOS  |   8.149645   2.939693     2.77   0.006      2.38737    13.91192
post_3#National Cancer Institute  |   -4.57316     2.5292    -1.81   0.071    -9.530801    .3844818
                          post_3 #|
National Health and Medical Rese  |   .7213151   2.799732     0.26   0.797    -4.766612    6.209242
           post_3#Wellcome Trust  |   7.238208   6.130867     1.18   0.238    -4.779283     19.2557
         post_4#INCa/INSERM/DGOS  |   9.102257   3.083163     2.95   0.003     3.058759    15.14575
post_4#National Cancer Institute  |  -6.811269   2.699702    -2.52   0.012    -12.10312   -1.519416
                          post_4 #|
National Health and Medical Rese  |   .0095871   2.891059     0.00   0.997    -5.657356     5.67653
           post_4#Wellcome Trust  |   3.362358   6.617078     0.51   0.611    -9.608186     16.3329
         post_5#INCa/INSERM/DGOS  |   6.580969   6.577649     1.00   0.317    -6.312287    19.47422
post_5#National Cancer Institute  |  -11.87775   6.427083    -1.85   0.065    -24.47587    .7203736
                          post_5 #|
National Health and Medical Rese  |  -3.725504   6.611779    -0.56   0.573    -16.68566    9.234652
           post_5#Wellcome Trust  |  -2.508536   7.989747    -0.31   0.754    -18.16973    13.15266
                                  |
                            _cons |   13.87404   .2703417    51.32   0.000     13.34413    14.40396
----------------------------------+----------------------------------------------------------------
                          sigma_u |    47.7219
                          sigma_e |  79.186153
                              rho |  .26642793   (fraction of variance due to u_i)
---------------------------------------------------------------------------------------------------
(est8 stored)

added macro:
          e(CountryFE) : "No"

added macro:
      e(AffiliationFE) : "No"

added macro:
       e(ResearcherFE) : "Yes"
