--------------------------------------------------------------------------------------------------------------------------------------------
      name:  <unnamed>
       log:  /Users/nj995/dropbox/projects/2018_helios/output/regression_results/20181124_nb_pubs_in_topic.log
  log type:  text
 opened on:  24 Nov 2018, 20:41:07
(sum of wgt is 112,221)

Linear regression                               Number of obs     =    112,221
                                                F(15, 112205)     =     344.63
                                                Prob > F          =     0.0000
                                                R-squared         =     0.0323
                                                Root MSE          =     5.1067

-----------------------------------------------------------------------------------------------------
                                    |               Robust
                   nb_pubs_in_topic |      Coef.   Std. Err.      t    P>|t|     [95% Conf. Interval]
------------------------------------+----------------------------------------------------------------
                        1.post_flag |   1.049828   .1018276    10.31   0.000     .8502477    1.249409
                                    |
                          funder_id |
                  INCa/INSERM/DGOS  |  -.8812734   .0738562   -11.93   0.000     -1.02603   -.7365164
         National Cancer Institute  |   1.319507    .058647    22.50   0.000     1.204559    1.434454
  National Health and Medical Rese  |   .4726137   .0716128     6.60   0.000     .3322537    .6129737
                    Wellcome Trust  |   .8433265    .152862     5.52   0.000     .5437191    1.142934
                                    |
                post_flag#funder_id |
                1#INCa/INSERM/DGOS  |  -.2299027   .1329102    -1.73   0.084    -.4904047    .0305993
       1#National Cancer Institute  |   .0999202   .1087847     0.92   0.358    -.1132962    .3131367
1#National Health and Medical Rese  |   .5214057   .1316106     3.96   0.000     .2634508    .7793606
                  1#Wellcome Trust  |  -.3728185   .2511995    -1.48   0.138    -.8651659    .1195288
                                    |
                orcid_confirmed_cat |
                              True  |  -.1212747   .1095965    -1.11   0.268    -.3360821    .0935328
                                    |
                         start_year |
                              2008  |  -.2181957   .0486022    -4.49   0.000    -.3134553   -.1229362
                              2009  |   .0541731   .0480879     1.13   0.260    -.0400786    .1484247
                              2010  |   .0222401   .0536455     0.41   0.678    -.0829042    .1273844
                              2011  |  -.1384854   .0520776    -2.66   0.008    -.2405568    -.036414
                              2012  |  -.4333663   .0497139    -8.72   0.000    -.5308049   -.3359278
                                    |
                              _cons |   2.801693   .0599225    46.76   0.000     2.684246     2.91914
-----------------------------------------------------------------------------------------------------
(est1 stored)

added macro:
             e(YearFE) : "Yes"

added macro:
      e(AffiliationFE) : "No"

added macro:
       e(ResearcherFE) : "No"
(sum of wgt is 112,221)

Linear regression                               Number of obs     =    112,221
                                                F(17, 112203)     =     325.47
                                                Prob > F          =     0.0000
                                                R-squared         =     0.0361
                                                Root MSE          =     5.0966

-----------------------------------------------------------------------------------------------------
                                    |               Robust
                   nb_pubs_in_topic |      Coef.   Std. Err.      t    P>|t|     [95% Conf. Interval]
------------------------------------+----------------------------------------------------------------
                        1.post_flag |   1.058452   .1012386    10.46   0.000     .8600259    1.256878
                                    |
                          funder_id |
                  INCa/INSERM/DGOS  |  -.8823084   .0736926   -11.97   0.000    -1.026745    -.737872
         National Cancer Institute  |   1.345911   .0584853    23.01   0.000     1.231281    1.460541
  National Health and Medical Rese  |   .4853822   .0713005     6.81   0.000     .3456343    .6251302
                    Wellcome Trust  |       .801   .1528632     5.24   0.000     .5013903     1.10061
                                    |
                post_flag#funder_id |
                1#INCa/INSERM/DGOS  |  -.2271453   .1325642    -1.71   0.087    -.4869692    .0326786
       1#National Cancer Institute  |   .0991245   .1081932     0.92   0.360    -.1129324    .3111815
1#National Health and Medical Rese  |   .5248292   .1310548     4.00   0.000     .2679638    .7816946
                  1#Wellcome Trust  |  -.3558142   .2507385    -1.42   0.156    -.8472579    .1356295
                                    |
                orcid_confirmed_cat |
                              True  |  -.1507966    .109318    -1.38   0.168    -.3650582     .063465
                                    |
                         gender_cat |
                                 F  |  -.2002752   .0456067    -4.39   0.000    -.2896637   -.1108868
                                 M  |   .5071415   .0441992    11.47   0.000     .4205118    .5937712
                                    |
                         start_year |
                              2008  |  -.1895135    .048436    -3.91   0.000    -.2844472   -.0945797
                              2009  |   .0602672   .0479692     1.26   0.209    -.0337517    .1542862
                              2010  |   .0535039   .0535098     1.00   0.317    -.0513746    .1583824
                              2011  |  -.0941138   .0520918    -1.81   0.071    -.1962129    .0079853
                              2012  |  -.4068127   .0496306    -8.20   0.000    -.5040878   -.3095375
                                    |
                              _cons |   2.531937   .0707192    35.80   0.000     2.393328    2.670545
-----------------------------------------------------------------------------------------------------
(est2 stored)

added macro:
             e(YearFE) : "Yes"

added macro:
      e(AffiliationFE) : "No"

added macro:
       e(ResearcherFE) : "No"
(sum of wgt is 112,221)

Linear regression                               Number of obs     =    112,221
                                                F(19, 112201)     =     624.07
                                                Prob > F          =     0.0000
                                                R-squared         =     0.0755
                                                Root MSE          =     4.9917

-----------------------------------------------------------------------------------------------------
                                    |               Robust
                   nb_pubs_in_topic |      Coef.   Std. Err.      t    P>|t|     [95% Conf. Interval]
------------------------------------+----------------------------------------------------------------
                        1.post_flag |   .5340597   .0991068     5.39   0.000     .3398119    .7283075
                                    |
                          funder_id |
                  INCa/INSERM/DGOS  |  -.9527412   .0730488   -13.04   0.000    -1.095916   -.8095667
         National Cancer Institute  |   1.384447   .0565292    24.49   0.000      1.27365    1.495243
  National Health and Medical Rese  |   .5300967   .0690796     7.67   0.000     .3947016    .6654918
                    Wellcome Trust  |   .8947059   .1455577     6.15   0.000     .6094149    1.179997
                                    |
                post_flag#funder_id |
                1#INCa/INSERM/DGOS  |  -.1339552   .1314141    -1.02   0.308    -.3915249    .1236145
       1#National Cancer Institute  |    .114096   .1059412     1.08   0.281    -.0935471    .3217391
1#National Health and Medical Rese  |   .5180929   .1283131     4.04   0.000     .2666012    .7695846
                  1#Wellcome Trust  |  -.1083164   .2402369    -0.45   0.652    -.5791772    .3625443
                                    |
                orcid_confirmed_cat |
                              True  |  -.1939818   .1108211    -1.75   0.080    -.4111895    .0232259
                                    |
                         gender_cat |
                                 F  |  -.2771274   .0446158    -6.21   0.000    -.3645738    -.189681
                                 M  |   .0845281   .0437031     1.93   0.053    -.0011293    .1701856
                                    |
                     rsr_career_age |   .2754496   .0043711    63.02   0.000     .2668823    .2840168
                   rsr_career_age_2 |  -.0046964   .0001203   -39.04   0.000    -.0049322   -.0044606
                                    |
                         start_year |
                              2008  |  -.1269398   .0474983    -2.67   0.008    -.2200358   -.0338438
                              2009  |   .0111126   .0469223     0.24   0.813    -.0808544    .1030795
                              2010  |   .0930849   .0523921     1.78   0.076    -.0096029    .1957727
                              2011  |  -.0508968   .0510865    -1.00   0.319    -.1510257    .0492321
                              2012  |  -.3128928   .0484811    -6.45   0.000    -.4079149   -.2178706
                                    |
                              _cons |   .1736818   .0728899     2.38   0.017     .0308188    .3165448
-----------------------------------------------------------------------------------------------------
(est3 stored)

added macro:
             e(YearFE) : "Yes"

added macro:
      e(AffiliationFE) : "No"

added macro:
       e(ResearcherFE) : "No"
       panel variable:  person_id (balanced)
note: 2.funder_id omitted because of collinearity
note: 3.funder_id omitted because of collinearity
note: 4.funder_id omitted because of collinearity
note: 5.funder_id omitted because of collinearity

Fixed-effects (within) regression               Number of obs     =    112,221
Group variable: person_id                       Number of groups  =     11,998

R-sq:                                           Obs per group:
     within  = 0.0597                                         min =          1
     between = 0.0052                                         avg =        9.4
     overall = 0.0145                                         max =         11

                                                F(5,11997)        =     412.38
corr(u_i, Xb)  = -0.0148                        Prob > F          =     0.0000

                                                (Std. Err. adjusted for 11,998 clusters in person_id)
-----------------------------------------------------------------------------------------------------
                                    |               Robust
                   nb_pubs_in_topic |      Coef.   Std. Err.      t    P>|t|     [95% Conf. Interval]
------------------------------------+----------------------------------------------------------------
                        1.post_flag |   1.165495   .1125302    10.36   0.000     .9449173    1.386072
                                    |
                          funder_id |
                  INCa/INSERM/DGOS  |          0  (omitted)
         National Cancer Institute  |          0  (omitted)
  National Health and Medical Rese  |          0  (omitted)
                    Wellcome Trust  |          0  (omitted)
                                    |
                post_flag#funder_id |
                1#INCa/INSERM/DGOS  |  -.2533997   .1392448    -1.82   0.069    -.5263421    .0195427
       1#National Cancer Institute  |   .1855116   .1183555     1.57   0.117    -.0464842    .4175075
1#National Health and Medical Rese  |   .5985616   .1403827     4.26   0.000     .3233889    .8737344
                  1#Wellcome Trust  |   .1690256   .2610813     0.65   0.517     -.342736    .6807872
                                    |
                              _cons |     3.5469   .0142958   248.11   0.000     3.518878    3.574922
------------------------------------+----------------------------------------------------------------
                            sigma_u |  4.2291709
                            sigma_e |  2.8277934
                                rho |  .69104697   (fraction of variance due to u_i)
-----------------------------------------------------------------------------------------------------
(est4 stored)

added macro:
             e(YearFE) : "Yes"

added macro:
      e(AffiliationFE) : "Yes"

added macro:
       e(ResearcherFE) : "Yes"
(sum of wgt is 35,903.8346449763)

Linear regression                               Number of obs     =    108,850
                                                F(15, 108834)     =     178.19
                                                Prob > F          =     0.0000
                                                R-squared         =     0.0562
                                                Root MSE          =     4.3215

-----------------------------------------------------------------------------------------------------
                                    |               Robust
                   nb_pubs_in_topic |      Coef.   Std. Err.      t    P>|t|     [95% Conf. Interval]
------------------------------------+----------------------------------------------------------------
                        1.post_flag |   .8753592   .1973596     4.44   0.000     .4885372    1.262181
                                    |
                          funder_id |
                  INCa/INSERM/DGOS  |  -1.015951   .1158046    -8.77   0.000    -1.242926   -.7889753
         National Cancer Institute  |   1.381223   .1140769    12.11   0.000     1.157634    1.604812
  National Health and Medical Rese  |    .410472   .1442529     2.85   0.004     .1277385    .6932056
                    Wellcome Trust  |   .9829803     .37459     2.62   0.009     .2487892    1.717171
                                    |
                post_flag#funder_id |
                1#INCa/INSERM/DGOS  |  -.0531583   .2153203    -0.25   0.805     -.475183    .3688663
       1#National Cancer Institute  |   .2801237   .2118221     1.32   0.186    -.1350447    .6952921
1#National Health and Medical Rese  |   .7292658   .2687877     2.71   0.007     .2024458    1.256086
                  1#Wellcome Trust  |  -.6385657   .5774765    -1.11   0.269    -1.770411      .49328
                                    |
                orcid_confirmed_cat |
                              True  |  -.1558016    .111407    -1.40   0.162    -.3741578    .0625546
                                    |
                         start_year |
                              2008  |  -.3031409   .1224412    -2.48   0.013    -.5431239   -.0631579
                              2009  |  -.5953657    .122603    -4.86   0.000    -.8356659   -.3550656
                              2010  |  -.3537005   .1994091    -1.77   0.076    -.7445395    .0371386
                              2011  |   .1766489   .1558639     1.13   0.257    -.1288421    .4821398
                              2012  |   .1988438   .2286964     0.87   0.385    -.2493978    .6470854
                                    |
                              _cons |   2.937922   .1343627    21.87   0.000     2.674573    3.201271
-----------------------------------------------------------------------------------------------------
(est5 stored)

added macro:
             e(YearFE) : "Yes"

added macro:
      e(AffiliationFE) : "No"

added macro:
       e(ResearcherFE) : "No"
(sum of wgt is 35,903.8346449763)

Linear regression                               Number of obs     =    108,850
                                                F(17, 108832)     =     162.63
                                                Prob > F          =     0.0000
                                                R-squared         =     0.0588
                                                Root MSE          =     4.3156

-----------------------------------------------------------------------------------------------------
                                    |               Robust
                   nb_pubs_in_topic |      Coef.   Std. Err.      t    P>|t|     [95% Conf. Interval]
------------------------------------+----------------------------------------------------------------
                        1.post_flag |   .8785018    .195817     4.49   0.000     .4947033      1.2623
                                    |
                          funder_id |
                  INCa/INSERM/DGOS  |   -1.03589   .1142117    -9.07   0.000    -1.259743   -.8120364
         National Cancer Institute  |    1.38782   .1129972    12.28   0.000     1.166347    1.609293
  National Health and Medical Rese  |   .4265813   .1422878     3.00   0.003     .1476992    .7054634
                    Wellcome Trust  |   1.074616    .374356     2.87   0.004     .3408833    1.808348
                                    |
                post_flag#funder_id |
                1#INCa/INSERM/DGOS  |  -.0497225   .2137512    -0.23   0.816    -.4686717    .3692268
       1#National Cancer Institute  |   .2782088   .2102966     1.32   0.186    -.1339695    .6903871
1#National Health and Medical Rese  |   .7298857   .2664601     2.74   0.006     .2076277    1.252144
                  1#Wellcome Trust  |   -.664262    .581118    -1.14   0.253    -1.803245    .4747211
                                    |
                orcid_confirmed_cat |
                              True  |  -.1525775   .1109133    -1.38   0.169    -.3699659    .0648109
                                    |
                         gender_cat |
                                 F  |  -.5199858   .1255583    -4.14   0.000    -.7660784   -.2738933
                                 M  |  -.0387992   .1067923    -0.36   0.716    -.2481106    .1705122
                                    |
                         start_year |
                              2008  |  -.2381398   .1226417    -1.94   0.052    -.4785158    .0022362
                              2009  |  -.5859037   .1245144    -4.71   0.000    -.8299502   -.3418572
                              2010  |  -.2337571   .1955596    -1.20   0.232    -.6170512     .149537
                              2011  |   .2162178   .1563375     1.38   0.167    -.0902014     .522637
                              2012  |   .2707126    .227143     1.19   0.233    -.1744844    .7159097
                                    |
                              _cons |   3.088099   .1605194    19.24   0.000     2.773483    3.402715
-----------------------------------------------------------------------------------------------------
(est6 stored)

added macro:
             e(YearFE) : "Yes"

added macro:
      e(AffiliationFE) : "No"

added macro:
       e(ResearcherFE) : "No"
(sum of wgt is 35,903.8346449763)

Linear regression                               Number of obs     =    108,850
                                                F(19, 108830)     =     183.12
                                                Prob > F          =     0.0000
                                                R-squared         =     0.0987
                                                Root MSE          =     4.2233

-----------------------------------------------------------------------------------------------------
                                    |               Robust
                   nb_pubs_in_topic |      Coef.   Std. Err.      t    P>|t|     [95% Conf. Interval]
------------------------------------+----------------------------------------------------------------
                        1.post_flag |    .436752   .1968138     2.22   0.026     .0509997    .8225042
                                    |
                          funder_id |
                  INCa/INSERM/DGOS  |  -1.052775   .1179907    -8.92   0.000    -1.284035   -.8215147
         National Cancer Institute  |   1.382435   .1158018    11.94   0.000     1.155465    1.609405
  National Health and Medical Rese  |   .5697577    .145491     3.92   0.000     .2845975    .8549179
                    Wellcome Trust  |    1.00417   .3424009     2.93   0.003      .333069    1.675271
                                    |
                post_flag#funder_id |
                1#INCa/INSERM/DGOS  |   .0185711   .2160449     0.09   0.931    -.4048739    .4420161
       1#National Cancer Institute  |   .2648558   .2121445     1.25   0.212    -.1509444     .680656
1#National Health and Medical Rese  |   .6736161    .266025     2.53   0.011      .152211    1.195021
                  1#Wellcome Trust  |  -.5285414   .5829901    -0.91   0.365    -1.671194    .6141109
                                    |
                orcid_confirmed_cat |
                              True  |  -.1894242   .1119867    -1.69   0.091    -.4089166    .0300682
                                    |
                         gender_cat |
                                 F  |  -.5808876   .1246217    -4.66   0.000    -.8251444   -.3366308
                                 M  |   -.304282   .1081835    -2.81   0.005    -.5163201   -.0922439
                                    |
                     rsr_career_age |   .2256748   .0130578    17.28   0.000     .2000818    .2512678
                   rsr_career_age_2 |  -.0037025   .0003198   -11.58   0.000    -.0043294   -.0030756
                                    |
                         start_year |
                              2008  |  -.1454045   .1100629    -1.32   0.186    -.3611261    .0703172
                              2009  |  -.5495031   .1131396    -4.86   0.000    -.7712551   -.3277511
                              2010  |  -.2961717   .1876616    -1.58   0.115    -.6639857    .0716424
                              2011  |   .2518167   .1485548     1.70   0.090    -.0393486     .542982
                              2012  |   .3168919   .2102016     1.51   0.132    -.0951004    .7288841
                                    |
                              _cons |   1.024195   .1999104     5.12   0.000      .632374    1.416017
-----------------------------------------------------------------------------------------------------
(est7 stored)

added macro:
             e(YearFE) : "Yes"

added macro:
      e(AffiliationFE) : "No"

added macro:
       e(ResearcherFE) : "No"
       panel variable:  person_id (balanced)
note: 2.funder_id omitted because of collinearity
note: 3.funder_id omitted because of collinearity
note: 4.funder_id omitted because of collinearity
note: 5.funder_id omitted because of collinearity

Fixed-effects (within) regression               Number of obs     =    108,850
Group variable: person_id                       Number of groups  =     11,473

R-sq:                                           Obs per group:
     within  = 0.0570                                         min =          1
     between = 0.0004                                         avg =        9.5
     overall = 0.0155                                         max =         11

                                                F(5,11472)        =     123.84
corr(u_i, Xb)  = -0.0088                        Prob > F          =     0.0000

                                                (Std. Err. adjusted for 11,473 clusters in person_id)
-----------------------------------------------------------------------------------------------------
                                    |               Robust
                   nb_pubs_in_topic |      Coef.   Std. Err.      t    P>|t|     [95% Conf. Interval]
------------------------------------+----------------------------------------------------------------
                        1.post_flag |   1.006221   .2549073     3.95   0.000     .5065592    1.505883
                                    |
                          funder_id |
                  INCa/INSERM/DGOS  |          0  (omitted)
         National Cancer Institute  |          0  (omitted)
  National Health and Medical Rese  |          0  (omitted)
                    Wellcome Trust  |          0  (omitted)
                                    |
                post_flag#funder_id |
                1#INCa/INSERM/DGOS  |   -.094126   .2677757    -0.35   0.725    -.6190121    .4307602
       1#National Cancer Institute  |   .3256046   .2646767     1.23   0.219     -.193207    .8444162
1#National Health and Medical Rese  |   .7327725   .2970759     2.47   0.014     .1504531    1.315092
                  1#Wellcome Trust  |  -.4684835   .7685629    -0.61   0.542    -1.974998    1.038031
                                    |
                              _cons |   2.978006   .0689981    43.16   0.000     2.842758    3.113254
------------------------------------+----------------------------------------------------------------
                            sigma_u |  4.2245116
                            sigma_e |  2.5059227
                                rho |  .73971605   (fraction of variance due to u_i)
-----------------------------------------------------------------------------------------------------
(est8 stored)

added macro:
             e(YearFE) : "Yes"

added macro:
      e(AffiliationFE) : "Yes"

added macro:
       e(ResearcherFE) : "Yes"
