----------------------------------------------------------------------------------------------------------------------------------------------------------------------------------------------------------------------------
      name:  <unnamed>
       log:  /Users/nj995/dropbox/projects/2018_helios/output/regression_results/20181116_nb_pubs.log
  log type:  text
 opened on:  16 Nov 2018, 17:12:35
(sum of wgt is 132,913)

Linear regression                               Number of obs     =    132,913
                                                F(15, 132897)     =     188.55
                                                Prob > F          =     0.0000
                                                R-squared         =     0.0195
                                                Root MSE          =     8.7448

-----------------------------------------------------------------------------------------------------
                                    |               Robust
                            nb_pubs |      Coef.   Std. Err.      t    P>|t|     [95% Conf. Interval]
------------------------------------+----------------------------------------------------------------
                        1.post_flag |   1.918372   .1468237    13.07   0.000       1.6306    2.206144
                                    |
                          funder_id |
                  INCa/INSERM/DGOS  |   1.704632   .1646181    10.36   0.000     1.381983     2.02728
         National Cancer Institute  |   .7245354   .0849214     8.53   0.000     .5580911    .8909797
  National Health and Medical Rese  |   .2221196   .1014874     2.19   0.029     .0232061    .4210331
                    Wellcome Trust  |  -.5580802      .1762    -3.17   0.002     -.903429   -.2127314
                                    |
                post_flag#funder_id |
                1#INCa/INSERM/DGOS  |   .7454499   .2412462     3.09   0.002     .2726117    1.218288
       1#National Cancer Institute  |   .2487757   .1591075     1.56   0.118    -.0630721    .5606235
1#National Health and Medical Rese  |   .6886057   .1925537     3.58   0.000     .3112039    1.066007
                  1#Wellcome Trust  |  -.1678959   .3405459    -0.49   0.622    -.8353596    .4995678
                                    |
                orcid_confirmed_cat |
                              True  |  -.8453584   .1965471    -4.30   0.000    -1.230587   -.4601296
                                    |
                         start_year |
                              2008  |  -.2667874   .0740931    -3.60   0.000    -.4120086   -.1215662
                              2009  |   .3234083   .0683768     4.73   0.000     .1893909    .4574257
                              2010  |   .2453908   .0940106     2.61   0.009     .0611318    .4296498
                              2011  |  -.1237261   .0828599    -1.49   0.135      -.28613    .0386779
                              2012  |  -.5147432   .0714475    -7.20   0.000    -.6547789   -.3747075
                                    |
                              _cons |   4.533391   .0870195    52.10   0.000     4.362834    4.703948
-----------------------------------------------------------------------------------------------------
(est1 stored)

added macro:
             e(YearFE) : "Yes"

added macro:
      e(AffiliationFE) : "No"

added macro:
       e(ResearcherFE) : "No"
(sum of wgt is 132,913)

Linear regression                               Number of obs     =    132,913
                                                F(17, 132895)     =     277.53
                                                Prob > F          =     0.0000
                                                R-squared         =     0.0293
                                                Root MSE          =      8.701

-----------------------------------------------------------------------------------------------------
                                    |               Robust
                            nb_pubs |      Coef.   Std. Err.      t    P>|t|     [95% Conf. Interval]
------------------------------------+----------------------------------------------------------------
                        1.post_flag |   1.918372   .1452802    13.20   0.000     1.633625    2.203119
                                    |
                          funder_id |
                  INCa/INSERM/DGOS  |    1.70692    .163698    10.43   0.000     1.386075    2.027765
         National Cancer Institute  |    .745696   .0838385     8.89   0.000     .5813741    .9100178
  National Health and Medical Rese  |   .2537338   .1003921     2.53   0.011     .0569671    .4505005
                    Wellcome Trust  |   -.568351   .1732971    -3.28   0.001    -.9080102   -.2286918
                                    |
                post_flag#funder_id |
                1#INCa/INSERM/DGOS  |   .7454499   .2393017     3.12   0.002     .2764229    1.214477
       1#National Cancer Institute  |   .2487757   .1575959     1.58   0.114    -.0601094    .5576609
1#National Health and Medical Rese  |   .6886057   .1908025     3.61   0.000     .3146363    1.062575
                  1#Wellcome Trust  |  -.1678959    .336601    -0.50   0.618    -.8276278     .491836
                                    |
                orcid_confirmed_cat |
                              True  |  -.9385622    .194606    -4.82   0.000    -1.319986    -.557138
                                    |
                         gender_cat |
                                 F  |  -.9010594   .0801059   -11.25   0.000    -1.058066   -.7440533
                                 M  |   1.073723   .0764697    14.04   0.000      .923844    1.223602
                                    |
                         start_year |
                              2008  |  -.1948094   .0736617    -2.64   0.008    -.3391849   -.0504339
                              2009  |   .3416559   .0678041     5.04   0.000     .2087611    .4745506
                              2010  |   .3263269   .0935251     3.49   0.000     .1430193    .5096344
                              2011  |  -.0074225   .0823412    -0.09   0.928    -.1688098    .1539648
                              2012  |  -.4369347   .0710393    -6.15   0.000    -.5761705    -.297699
                                    |
                              _cons |   4.145276   .1105976    37.48   0.000     3.928506    4.362045
-----------------------------------------------------------------------------------------------------
(est2 stored)

added macro:
             e(YearFE) : "Yes"

added macro:
      e(AffiliationFE) : "No"

added macro:
       e(ResearcherFE) : "No"
(sum of wgt is 132,913)

Linear regression                               Number of obs     =    132,913
                                                F(19, 132893)     =    1250.77
                                                Prob > F          =     0.0000
                                                R-squared         =     0.0963
                                                Root MSE          =     8.3958

-----------------------------------------------------------------------------------------------------
                                    |               Robust
                            nb_pubs |      Coef.   Std. Err.      t    P>|t|     [95% Conf. Interval]
------------------------------------+----------------------------------------------------------------
                        1.post_flag |   .5997323   .1390415     4.31   0.000     .3272134    .8722512
                                    |
                          funder_id |
                  INCa/INSERM/DGOS  |   1.666319    .156625    10.64   0.000     1.359337    1.973302
         National Cancer Institute  |   .8386085   .0776446    10.80   0.000     .6864265    .9907905
  National Health and Medical Rese  |   .3729165   .0929839     4.01   0.000     .1906698    .5551632
                    Wellcome Trust  |   .9123702   .1541159     5.92   0.000     .6103059    1.214435
                                    |
                post_flag#funder_id |
                1#INCa/INSERM/DGOS  |   .7844861   .2303728     3.41   0.001     .3329596    1.236013
       1#National Cancer Institute  |   .2459742   .1509086     1.63   0.103     -.049804    .5417523
1#National Health and Medical Rese  |   .6556311   .1824202     3.59   0.000     .2980908    1.013171
                  1#Wellcome Trust  |  -.4857883   .3139442    -1.55   0.122    -1.101113    .1295366
                                    |
                orcid_confirmed_cat |
                              True  |  -1.111836   .1884724    -5.90   0.000    -1.481239   -.7424338
                                    |
                         gender_cat |
                                 F  |  -.8825757   .0778068   -11.34   0.000    -1.035076   -.7300758
                                 M  |   .2594648   .0758244     3.42   0.001     .1108503    .4080792
                                    |
                     rsr_career_age |   .4527718   .0044562   101.61   0.000     .4440378    .4615058
                   rsr_career_age_2 |   -.007122    .000139   -51.25   0.000    -.0073943   -.0068496
                                    |
                         start_year |
                              2008  |   -.076978   .0711916    -1.08   0.280    -.2165122    .0625562
                              2009  |   .1949461   .0648018     3.01   0.003     .0679358    .3219564
                              2010  |   .3575336    .090906     3.93   0.000     .1793594    .5357077
                              2011  |   .0591528   .0793427     0.75   0.456    -.0963575     .214663
                              2012  |  -.1776998   .0673514    -2.64   0.008    -.3097072   -.0456923
                                    |
                              _cons |   .6944493    .103281     6.72   0.000     .4920204    .8968782
-----------------------------------------------------------------------------------------------------
(est3 stored)

added macro:
             e(YearFE) : "Yes"

added macro:
      e(AffiliationFE) : "No"

added macro:
       e(ResearcherFE) : "No"
       panel variable:  person_id (unbalanced)
note: 2.funder_id omitted because of collinearity
note: 3.funder_id omitted because of collinearity
note: 4.funder_id omitted because of collinearity
note: 5.funder_id omitted because of collinearity

Fixed-effects (within) regression               Number of obs     =    132,913
Group variable: person_id                       Number of groups  =     12,083

R-sq:                                           Obs per group:
     within  = 0.0376                                         min =         11
     between = 0.0012                                         avg =       11.0
     overall = 0.0165                                         max =         11

                                                F(5,12082)        =     445.01
corr(u_i, Xb)  = 0.0017                         Prob > F          =     0.0000

                                                (Std. Err. adjusted for 12,083 clusters in person_id)
-----------------------------------------------------------------------------------------------------
                                    |               Robust
                            nb_pubs |      Coef.   Std. Err.      t    P>|t|     [95% Conf. Interval]
------------------------------------+----------------------------------------------------------------
                        1.post_flag |   1.918372   .1459932    13.14   0.000     1.632202    2.204542
                                    |
                          funder_id |
                  INCa/INSERM/DGOS  |          0  (omitted)
         National Cancer Institute  |          0  (omitted)
  National Health and Medical Rese  |          0  (omitted)
                    Wellcome Trust  |          0  (omitted)
                                    |
                post_flag#funder_id |
                1#INCa/INSERM/DGOS  |   .7454499   .2460024     3.03   0.002     .2632458    1.227654
       1#National Cancer Institute  |   .2487757   .1574728     1.58   0.114    -.0598962    .5574477
1#National Health and Medical Rese  |   .6886057   .1882056     3.66   0.000     .3196926    1.057519
                  1#Wellcome Trust  |  -.1678959   .3086122    -0.54   0.586    -.7728253    .4370335
                                    |
                              _cons |   5.149314   .0219184   234.93   0.000     5.106351    5.192278
------------------------------------+----------------------------------------------------------------
                            sigma_u |  6.6855903
                            sigma_e |  5.9337314
                                rho |  .55936923   (fraction of variance due to u_i)
-----------------------------------------------------------------------------------------------------
(est4 stored)

added macro:
             e(YearFE) : "Yes"

added macro:
      e(AffiliationFE) : "Yes"

added macro:
       e(ResearcherFE) : "Yes"
(sum of wgt is 3,255,139.6510478)

Linear regression                               Number of obs     =     98,197
                                                F(15, 98181)      =      47.91
                                                Prob > F          =     0.0000
                                                R-squared         =     0.2180
                                                Root MSE          =     2.2818

-----------------------------------------------------------------------------------------------------
                                    |               Robust
                            nb_pubs |      Coef.   Std. Err.      t    P>|t|     [95% Conf. Interval]
------------------------------------+----------------------------------------------------------------
                        1.post_flag |   3.662043   1.428271     2.56   0.010     .8626484    6.461438
                                    |
                          funder_id |
                  INCa/INSERM/DGOS  |  -.4331016   .6816973    -0.64   0.525     -1.76922    .9030171
         National Cancer Institute  |  -.6935277   .6709958    -1.03   0.301    -2.008671    .6216161
  National Health and Medical Rese  |  -3.237209   .8411526    -3.85   0.000    -4.885859    -1.58856
                    Wellcome Trust  |  -2.930829   .7457662    -3.93   0.000    -4.392522   -1.469136
                                    |
                post_flag#funder_id |
                1#INCa/INSERM/DGOS  |  -.9982211   1.441416    -0.69   0.489    -3.823379    1.826937
       1#National Cancer Institute  |  -1.713677   1.445672    -1.19   0.236    -4.547177    1.119824
1#National Health and Medical Rese  |   -1.52773   1.968369    -0.78   0.438     -5.38571    2.330249
                  1#Wellcome Trust  |  -4.111497   1.531129    -2.69   0.007    -7.112492   -1.110501
                                    |
                orcid_confirmed_cat |
                              True  |   -.964926   .2009138    -4.80   0.000    -1.358715   -.5711373
                                    |
                         start_year |
                              2008  |  -1.951942   .4050822    -4.82   0.000    -2.745898   -1.157985
                              2009  |  -4.145853   .5326414    -7.78   0.000    -5.189824   -3.101882
                              2010  |  -1.978567   .3889805    -5.09   0.000    -2.740965    -1.21617
                              2011  |  -.4981873   .5817315    -0.86   0.392    -1.638374    .6419997
                              2012  |  -1.851219   .3657039    -5.06   0.000    -2.567994   -1.134443
                                    |
                              _cons |   8.053077   .8123503     9.91   0.000      6.46088    9.645274
-----------------------------------------------------------------------------------------------------
(est5 stored)

added macro:
             e(YearFE) : "Yes"

added macro:
      e(AffiliationFE) : "No"

added macro:
       e(ResearcherFE) : "No"
(sum of wgt is 3,255,139.6510478)

Linear regression                               Number of obs     =     98,197
                                                F(17, 98179)      =      57.52
                                                Prob > F          =     0.0000
                                                R-squared         =     0.2196
                                                Root MSE          =     2.2795

-----------------------------------------------------------------------------------------------------
                                    |               Robust
                            nb_pubs |      Coef.   Std. Err.      t    P>|t|     [95% Conf. Interval]
------------------------------------+----------------------------------------------------------------
                        1.post_flag |   3.662043    1.34816     2.72   0.007     1.019665    6.304421
                                    |
                          funder_id |
                  INCa/INSERM/DGOS  |  -.2799369   .6368904    -0.44   0.660    -1.528235    .9683608
         National Cancer Institute  |  -.5760439   .6260976    -0.92   0.358    -1.803188       .6511
  National Health and Medical Rese  |  -3.319872    .812392    -4.09   0.000     -4.91215   -1.727593
                    Wellcome Trust  |  -2.324514    .709783    -3.27   0.001     -3.71568   -.9333475
                                    |
                post_flag#funder_id |
                1#INCa/INSERM/DGOS  |  -.9982211   1.361925    -0.73   0.464    -3.667579    1.671137
       1#National Cancer Institute  |  -1.713677   1.365662    -1.25   0.210    -4.390359    .9630054
1#National Health and Medical Rese  |   -1.52773   1.911045    -0.80   0.424    -5.273356    2.217895
                  1#Wellcome Trust  |  -4.111497   1.456225    -2.82   0.005    -6.965681   -1.257312
                                    |
                orcid_confirmed_cat |
                              True  |  -1.043024   .1997202    -5.22   0.000    -1.434473   -.6515749
                                    |
                         gender_cat |
                                 F  |   -1.40679   .2193058    -6.41   0.000    -1.836627   -.9769536
                                 M  |   .7290329   .2909249     2.51   0.012     .1588235    1.299242
                                    |
                         start_year |
                              2008  |   -1.73914   .3695158    -4.71   0.000    -2.463387   -1.014894
                              2009  |  -4.549207   .5313757    -8.56   0.000    -5.590697   -3.507717
                              2010  |  -1.248227   .3334393    -3.74   0.000    -1.901764   -.5946896
                              2011  |  -.3316453   .5554322    -0.60   0.550    -1.420286    .7569952
                              2012  |  -1.748853   .3315706    -5.27   0.000    -2.398728   -1.098979
                                    |
                              _cons |   7.810786   .7350848    10.63   0.000     6.370029    9.251544
-----------------------------------------------------------------------------------------------------
(est6 stored)

added macro:
             e(YearFE) : "Yes"

added macro:
      e(AffiliationFE) : "No"

added macro:
       e(ResearcherFE) : "No"
(sum of wgt is 3,255,139.6510478)

Linear regression                               Number of obs     =     98,197
                                                F(19, 98177)      =      52.06
                                                Prob > F          =     0.0000
                                                R-squared         =     0.2261
                                                Root MSE          =       2.27

-----------------------------------------------------------------------------------------------------
                                    |               Robust
                            nb_pubs |      Coef.   Std. Err.      t    P>|t|     [95% Conf. Interval]
------------------------------------+----------------------------------------------------------------
                        1.post_flag |   4.326495    1.66538     2.60   0.009      1.06237    7.590619
                                    |
                          funder_id |
                  INCa/INSERM/DGOS  |  -.3805484    .903872    -0.42   0.674    -2.152127     1.39103
         National Cancer Institute  |  -.5563065   .7583428    -0.73   0.463    -2.042649    .9300364
  National Health and Medical Rese  |  -4.221899   2.982286    -1.42   0.157    -10.06714    1.623346
                    Wellcome Trust  |   -1.96289   .9176353    -2.14   0.032    -3.761444    -.164336
                                    |
                post_flag#funder_id |
                1#INCa/INSERM/DGOS  |  -1.006424   1.442135    -0.70   0.485    -3.832992    1.820144
       1#National Cancer Institute  |  -1.721335   1.446852    -1.19   0.234    -4.557148    1.114477
1#National Health and Medical Rese  |  -1.620921   3.081842    -0.53   0.599    -7.661295    4.419453
                  1#Wellcome Trust  |   -4.08982   1.613545    -2.53   0.011    -7.252349   -.9272914
                                    |
                orcid_confirmed_cat |
                              True  |   -1.05725   .3283357    -3.22   0.001    -1.700784   -.4137163
                                    |
                         gender_cat |
                                 F  |  -1.313586    .326581    -4.02   0.000    -1.953681   -.6734908
                                 M  |   .8869415   .5601427     1.58   0.113    -.2109316    1.984815
                                    |
                     rsr_career_age |  -.1036625   .4013885    -0.26   0.796    -.8903793    .6830543
                   rsr_career_age_2 |  -.0005065   .0105336    -0.05   0.962    -.0211524    .0201393
                                    |
                         start_year |
                              2008  |  -2.056056    .616885    -3.33   0.001    -3.265143   -.8469685
                              2009  |  -5.734761   2.343203    -2.45   0.014    -10.32741    -1.14211
                              2010  |  -1.085381   .4351002    -2.49   0.013    -1.938172   -.2325895
                              2011  |  -.3383101   .6133571    -0.55   0.581    -1.540483    .8638626
                              2012  |  -2.182303   .7175139    -3.04   0.002    -3.588621    -.775984
                                    |
                              _cons |   9.487742    4.01338     2.36   0.018     1.621565    17.35392
-----------------------------------------------------------------------------------------------------
(est7 stored)

added macro:
             e(YearFE) : "Yes"

added macro:
      e(AffiliationFE) : "No"

added macro:
       e(ResearcherFE) : "No"
       panel variable:  person_id (unbalanced)
note: 2.funder_id omitted because of collinearity
note: 3.funder_id omitted because of collinearity
note: 4.funder_id omitted because of collinearity
note: 5.funder_id omitted because of collinearity

Fixed-effects (within) regression               Number of obs     =     98,197
Group variable: person_id                       Number of groups  =      8,927

R-sq:                                           Obs per group:
     within  = 0.1915                                         min =         11
     between = 0.0004                                         avg =       11.0
     overall = 0.0144                                         max =         11

                                                F(5,8926)         =  642944.90
corr(u_i, Xb)  = -0.0049                        Prob > F          =     0.0000

                                                 (Std. Err. adjusted for 8,927 clusters in person_id)
-----------------------------------------------------------------------------------------------------
                                    |               Robust
                            nb_pubs |      Coef.   Std. Err.      t    P>|t|     [95% Conf. Interval]
------------------------------------+----------------------------------------------------------------
                        1.post_flag |   3.662043   1.428746     2.56   0.010     .8613729    6.462713
                                    |
                          funder_id |
                  INCa/INSERM/DGOS  |          0  (omitted)
         National Cancer Institute  |          0  (omitted)
  National Health and Medical Rese  |          0  (omitted)
                    Wellcome Trust  |          0  (omitted)
                                    |
                post_flag#funder_id |
                1#INCa/INSERM/DGOS  |  -.9982211   1.442401    -0.69   0.489    -3.825658    1.829216
       1#National Cancer Institute  |  -1.713677   1.440337    -1.19   0.234    -4.537067    1.109714
1#National Health and Medical Rese  |   -1.52773   1.428746    -1.07   0.285    -4.328402    1.272941
                  1#Wellcome Trust  |  -4.111497   1.506113    -2.73   0.006    -7.063825   -1.159169
                                    |
                              _cons |   .7268998   .0018873   385.15   0.000     .7232003    .7305994
------------------------------------+----------------------------------------------------------------
                            sigma_u |    6.42897
                            sigma_e |  2.2948079
                                rho |  .88698729   (fraction of variance due to u_i)
-----------------------------------------------------------------------------------------------------
(est8 stored)

added macro:
             e(YearFE) : "Yes"

added macro:
      e(AffiliationFE) : "Yes"

added macro:
       e(ResearcherFE) : "Yes"
