----------------------------------------------------------------------------------------------------
      name:  <unnamed>
       log:  /Users/nj995/dropbox/projects/2018_helios/output/regression_results/20181119_nb_pubs.lo
> g
  log type:  text
 opened on:  19 Nov 2018, 19:30:29
(sum of wgt is 132,913)

Linear regression                               Number of obs     =    132,913
                                                F(15, 132897)     =     188.55
                                                Prob > F          =     0.0000
                                                R-squared         =     0.0195
                                                Root MSE          =     8.7448

---------------------------------------------------------------------------------------------------
                                  |               Robust
                          nb_pubs |      Coef.   Std. Err.      t    P>|t|     [95% Conf. Interval]
----------------------------------+----------------------------------------------------------------
                      1.post_flag |   1.918372   .1468237    13.07   0.000       1.6306    2.206144
                                  |
                        funder_id |
                INCa/INSERM/DGOS  |   1.704632   .1646181    10.36   0.000     1.381983     2.02728
       National Cancer Institute  |   .7245354   .0849214     8.53   0.000     .5580911    .8909797
National Health and Medical Rese  |   .2221196   .1014874     2.19   0.029     .0232061    .4210331
                  Wellcome Trust  |  -.5580802      .1762    -3.17   0.002     -.903429   -.2127314
                                  |
              post_flag#funder_id |
              1#INCa/INSERM/DGOS  |   .7454499   .2412462     3.09   0.002     .2726117    1.218288
     1#National Cancer Institute  |   .2487757   .1591075     1.56   0.118    -.0630721    .5606235
                               1 #|
National Health and Medical Rese  |   .6886057   .1925537     3.58   0.000     .3112039    1.066007
                1#Wellcome Trust  |  -.1678959   .3405459    -0.49   0.622    -.8353596    .4995678
                                  |
              orcid_confirmed_cat |
                            True  |  -.8453584   .1965471    -4.30   0.000    -1.230587   -.4601296
                                  |
                       start_year |
                            2008  |  -.2667874   .0740931    -3.60   0.000    -.4120086   -.1215662
                            2009  |   .3234083   .0683768     4.73   0.000     .1893909    .4574257
                            2010  |   .2453908   .0940106     2.61   0.009     .0611318    .4296498
                            2011  |  -.1237261   .0828599    -1.49   0.135      -.28613    .0386779
                            2012  |  -.5147432   .0714475    -7.20   0.000    -.6547789   -.3747075
                                  |
                            _cons |   4.533391   .0870195    52.10   0.000     4.362834    4.703948
---------------------------------------------------------------------------------------------------
(est1 stored)

added macro:
             e(YearFE) : "Yes"

added macro:
      e(AffiliationFE) : "No"

added macro:
       e(ResearcherFE) : "No"
(sum of wgt is 132,913)

Linear regression                               Number of obs     =    132,913
                                                F(17, 132895)     =     277.53
                                                Prob > F          =     0.0000
                                                R-squared         =     0.0293
                                                Root MSE          =      8.701

---------------------------------------------------------------------------------------------------
                                  |               Robust
                          nb_pubs |      Coef.   Std. Err.      t    P>|t|     [95% Conf. Interval]
----------------------------------+----------------------------------------------------------------
                      1.post_flag |   1.918372   .1452802    13.20   0.000     1.633625    2.203119
                                  |
                        funder_id |
                INCa/INSERM/DGOS  |    1.70692    .163698    10.43   0.000     1.386075    2.027765
       National Cancer Institute  |    .745696   .0838385     8.89   0.000     .5813741    .9100178
National Health and Medical Rese  |   .2537338   .1003921     2.53   0.011     .0569671    .4505005
                  Wellcome Trust  |   -.568351   .1732971    -3.28   0.001    -.9080102   -.2286918
                                  |
              post_flag#funder_id |
              1#INCa/INSERM/DGOS  |   .7454499   .2393017     3.12   0.002     .2764229    1.214477
     1#National Cancer Institute  |   .2487757   .1575959     1.58   0.114    -.0601094    .5576609
                               1 #|
National Health and Medical Rese  |   .6886057   .1908025     3.61   0.000     .3146363    1.062575
                1#Wellcome Trust  |  -.1678959    .336601    -0.50   0.618    -.8276278     .491836
                                  |
              orcid_confirmed_cat |
                            True  |  -.9385622    .194606    -4.82   0.000    -1.319986    -.557138
                                  |
                       gender_cat |
                               F  |  -.9010594   .0801059   -11.25   0.000    -1.058066   -.7440533
                               M  |   1.073723   .0764697    14.04   0.000      .923844    1.223602
                                  |
                       start_year |
                            2008  |  -.1948094   .0736617    -2.64   0.008    -.3391849   -.0504339
                            2009  |   .3416559   .0678041     5.04   0.000     .2087611    .4745506
                            2010  |   .3263269   .0935251     3.49   0.000     .1430193    .5096344
                            2011  |  -.0074225   .0823412    -0.09   0.928    -.1688098    .1539648
                            2012  |  -.4369347   .0710393    -6.15   0.000    -.5761705    -.297699
                                  |
                            _cons |   4.145276   .1105976    37.48   0.000     3.928506    4.362045
---------------------------------------------------------------------------------------------------
(est2 stored)

added macro:
             e(YearFE) : "Yes"

added macro:
      e(AffiliationFE) : "No"

added macro:
       e(ResearcherFE) : "No"
(sum of wgt is 132,913)

Linear regression                               Number of obs     =    132,913
                                                F(19, 132893)     =    1209.35
                                                Prob > F          =     0.0000
                                                R-squared         =     0.0965
                                                Root MSE          =     8.3945

---------------------------------------------------------------------------------------------------
                                  |               Robust
                          nb_pubs |      Coef.   Std. Err.      t    P>|t|     [95% Conf. Interval]
----------------------------------+----------------------------------------------------------------
                      1.post_flag |   .5306277   .1390772     3.82   0.000     .2580389    .8032166
                                  |
                        funder_id |
                INCa/INSERM/DGOS  |   1.660552   .1565394    10.61   0.000     1.353737    1.967366
       National Cancer Institute  |   .8334185   .0775611    10.75   0.000     .6814003    .9854368
National Health and Medical Rese  |   .3663573   .0928564     3.95   0.000     .1843604    .5483541
                  Wellcome Trust  |   .7577499    .152499     4.97   0.000     .4588547    1.056645
                                  |
              post_flag#funder_id |
              1#INCa/INSERM/DGOS  |   .7903244   .2303662     3.43   0.001     .3388107    1.241838
     1#National Cancer Institute  |   .2480319    .150874     1.64   0.100    -.0476784    .5437422
                               1 #|
National Health and Medical Rese  |    .653971   .1823775     3.59   0.000     .2965144    1.011428
                1#Wellcome Trust  |  -.4829886   .3134474    -1.54   0.123     -1.09734    .1313625
                                  |
              orcid_confirmed_cat |
                            True  |  -1.118335    .188702    -5.93   0.000    -1.488188   -.7484825
                                  |
                       gender_cat |
                               F  |  -.9199581   .0778478   -11.82   0.000    -1.072538   -.7673778
                               M  |   .2141858   .0759264     2.82   0.005     .0653714    .3630002
                                  |
                   rsr_career_age |   .4930849   .0050601    97.45   0.000     .4831672    .5030027
                 rsr_career_age_2 |  -.0080105   .0001511   -53.01   0.000    -.0083067   -.0077143
                                  |
                       start_year |
                            2008  |  -.0707815   .0711844    -0.99   0.320    -.2103016    .0687386
                            2009  |   .2028311   .0647764     3.13   0.002     .0758704    .3297918
                            2010  |   .3833805   .0909096     4.22   0.000     .2051995    .5615616
                            2011  |   .0860899   .0793596     1.08   0.278    -.0694535    .2416334
                            2012  |  -.1516049   .0673539    -2.25   0.024    -.2836174   -.0195924
                                  |
                            _cons |   .3937609   .1034312     3.81   0.000     .1910377    .5964842
---------------------------------------------------------------------------------------------------
(est3 stored)

added macro:
             e(YearFE) : "Yes"

added macro:
      e(AffiliationFE) : "No"

added macro:
       e(ResearcherFE) : "No"
       panel variable:  person_id (balanced)
note: 2.funder_id omitted because of collinearity
note: 3.funder_id omitted because of collinearity
note: 4.funder_id omitted because of collinearity
note: 5.funder_id omitted because of collinearity

Fixed-effects (within) regression               Number of obs     =    132,913
Group variable: person_id                       Number of groups  =     12,083

R-sq:                                           Obs per group:
     within  = 0.0376                                         min =         11
     between = 0.0012                                         avg =       11.0
     overall = 0.0165                                         max =         11

                                                F(5,12082)        =     445.01
corr(u_i, Xb)  = 0.0017                         Prob > F          =     0.0000

                                              (Std. Err. adjusted for 12,083 clusters in person_id)
---------------------------------------------------------------------------------------------------
                                  |               Robust
                          nb_pubs |      Coef.   Std. Err.      t    P>|t|     [95% Conf. Interval]
----------------------------------+----------------------------------------------------------------
                      1.post_flag |   1.918372   .1459932    13.14   0.000     1.632202    2.204542
                                  |
                        funder_id |
                INCa/INSERM/DGOS  |          0  (omitted)
       National Cancer Institute  |          0  (omitted)
National Health and Medical Rese  |          0  (omitted)
                  Wellcome Trust  |          0  (omitted)
                                  |
              post_flag#funder_id |
              1#INCa/INSERM/DGOS  |   .7454499   .2460024     3.03   0.002     .2632458    1.227654
     1#National Cancer Institute  |   .2487757   .1574728     1.58   0.114    -.0598962    .5574477
                               1 #|
National Health and Medical Rese  |   .6886057   .1882056     3.66   0.000     .3196926    1.057519
                1#Wellcome Trust  |  -.1678959   .3086122    -0.54   0.586    -.7728253    .4370335
                                  |
                            _cons |   5.149314   .0219184   234.93   0.000     5.106351    5.192278
----------------------------------+----------------------------------------------------------------
                          sigma_u |  6.6855903
                          sigma_e |  5.9337314
                              rho |  .55936923   (fraction of variance due to u_i)
---------------------------------------------------------------------------------------------------
(est4 stored)

added macro:
             e(YearFE) : "Yes"

added macro:
      e(AffiliationFE) : "Yes"

added macro:
       e(ResearcherFE) : "Yes"
(sum of wgt is 42,257.7057465465)

Linear regression                               Number of obs     =    126,544
                                                F(15, 126528)     =      76.38
                                                Prob > F          =     0.0000
                                                R-squared         =     0.0394
                                                Root MSE          =     7.6016

---------------------------------------------------------------------------------------------------
                                  |               Robust
                          nb_pubs |      Coef.   Std. Err.      t    P>|t|     [95% Conf. Interval]
----------------------------------+----------------------------------------------------------------
                      1.post_flag |   1.848578    .294412     6.28   0.000     1.271535     2.42562
                                  |
                        funder_id |
                INCa/INSERM/DGOS  |   1.509502   .2139175     7.06   0.000     1.090227    1.928776
       National Cancer Institute  |   .6536395   .1677711     3.90   0.000     .3248111    .9824679
National Health and Medical Rese  |   .0257878   .2073953     0.12   0.901    -.3807034     .432279
                  Wellcome Trust  |  -.7846963   .3802502    -2.06   0.039     -1.52998   -.0394126
                                  |
              post_flag#funder_id |
              1#INCa/INSERM/DGOS  |   .8152442   .3516546     2.32   0.020     .1260073    1.504481
     1#National Cancer Institute  |   .3549927   .3165945     1.12   0.262    -.2655271    .9755124
                               1 #|
National Health and Medical Rese  |   .6499061   .3784649     1.72   0.086    -.0918785    1.391691
                1#Wellcome Trust  |   -.784463   .6982564    -1.12   0.261    -2.153033    .5841074
                                  |
              orcid_confirmed_cat |
                            True  |  -.9062906   .1988991    -4.56   0.000    -1.296129   -.5164518
                                  |
                       start_year |
                            2008  |  -.7964552   .1617298    -4.92   0.000    -1.113443   -.4794677
                            2009  |   -.247885     .16287    -1.52   0.128    -.5671073    .0713373
                            2010  |  -.1016592    .255341    -0.40   0.691    -.6021231    .3988047
                            2011  |   .7197785    .222836     3.23   0.001     .2830237    1.156533
                            2012  |   .6009014   .2797699     2.15   0.032     .0525573    1.149246
                                  |
                            _cons |   4.620985   .1899751    24.32   0.000     4.248637    4.993333
---------------------------------------------------------------------------------------------------
(est5 stored)

added macro:
             e(YearFE) : "Yes"

added macro:
      e(AffiliationFE) : "No"

added macro:
       e(ResearcherFE) : "No"
(sum of wgt is 42,257.7057465465)

Linear regression                               Number of obs     =    126,544
                                                F(17, 126526)     =      77.21
                                                Prob > F          =     0.0000
                                                R-squared         =     0.0483
                                                Root MSE          =     7.5666

---------------------------------------------------------------------------------------------------
                                  |               Robust
                          nb_pubs |      Coef.   Std. Err.      t    P>|t|     [95% Conf. Interval]
----------------------------------+----------------------------------------------------------------
                      1.post_flag |   1.848578   .2900683     6.37   0.000     1.280049    2.417107
                                  |
                        funder_id |
                INCa/INSERM/DGOS  |   1.493922    .211466     7.06   0.000     1.079453    1.908392
       National Cancer Institute  |   .7313616   .1648938     4.44   0.000     .4081726    1.054551
National Health and Medical Rese  |   .0960978   .2036835     0.47   0.637    -.3031183    .4953139
                  Wellcome Trust  |  -.6536565   .3948942    -1.66   0.098    -1.427642    .1203292
                                  |
              post_flag#funder_id |
              1#INCa/INSERM/DGOS  |   .8152442   .3473794     2.35   0.019     .1343867    1.496102
     1#National Cancer Institute  |   .3549927   .3122714     1.14   0.256    -.2570539    .9670392
                               1 #|
National Health and Medical Rese  |   .6499061   .3727037     1.74   0.081    -.0805866    1.380399
                1#Wellcome Trust  |   -.784463   .7153683    -1.10   0.273    -2.186572    .6176465
                                  |
              orcid_confirmed_cat |
                            True  |  -.9756848    .197046    -4.95   0.000    -1.361891   -.5894781
                                  |
                       gender_cat |
                               F  |  -.8086951   .1959935    -4.13   0.000    -1.192839   -.4245512
                               M  |   .7749611   .1753452     4.42   0.000     .4312874    1.118635
                                  |
                       start_year |
                            2008  |   -.598654   .1701059    -3.52   0.000    -.9320585   -.2652494
                            2009  |  -.1980624   .1695926    -1.17   0.243     -.530461    .1343362
                            2010  |    .293014   .2529245     1.16   0.247    -.2027137    .7887418
                            2011  |    .858392   .2236785     3.84   0.000     .4199861    1.296798
                            2012  |   .8751892     .28447     3.08   0.002     .3176329    1.432746
                                  |
                            _cons |   4.296545   .2429828    17.68   0.000     3.820303    4.772787
---------------------------------------------------------------------------------------------------
(est6 stored)

added macro:
             e(YearFE) : "Yes"

added macro:
      e(AffiliationFE) : "No"

added macro:
       e(ResearcherFE) : "No"
(sum of wgt is 42,257.7057465465)

Linear regression                               Number of obs     =    126,544
                                                F(19, 126524)     =     227.02
                                                Prob > F          =     0.0000
                                                R-squared         =     0.1314
                                                Root MSE          =     7.2288

---------------------------------------------------------------------------------------------------
                                  |               Robust
                          nb_pubs |      Coef.   Std. Err.      t    P>|t|     [95% Conf. Interval]
----------------------------------+----------------------------------------------------------------
                      1.post_flag |   .4744719   .2696234     1.76   0.078    -.0539853    1.002929
                                  |
                        funder_id |
                INCa/INSERM/DGOS  |   1.488742   .1972919     7.55   0.000     1.102053    1.875431
       National Cancer Institute  |   .5712896   .1494623     3.82   0.000     .2783461    .8642332
National Health and Medical Rese  |   .2694608    .183851     1.47   0.143    -.0908841    .6298056
                  Wellcome Trust  |  -.3411907   .3518985    -0.97   0.332    -1.030906    .3485243
                                  |
              post_flag#funder_id |
              1#INCa/INSERM/DGOS  |   .8619551   .3262983     2.64   0.008     .2224161    1.501494
     1#National Cancer Institute  |   .4075142    .291561     1.40   0.162    -.1639404    .9789688
                               1 #|
National Health and Medical Rese  |   .6039262   .3456604     1.75   0.081    -.0735623    1.281415
                1#Wellcome Trust  |  -.8110803   .7487199    -1.08   0.279    -2.278558    .6563978
                                  |
              orcid_confirmed_cat |
                            True  |  -1.138185    .191038    -5.96   0.000    -1.512616   -.7637534
                                  |
                       gender_cat |
                               F  |  -1.013633   .1880255    -5.39   0.000    -1.382159    -.645106
                               M  |   .1167619   .1668868     0.70   0.484    -.2103334    .4438571
                                  |
                   rsr_career_age |   .4470458   .0136934    32.65   0.000      .420207    .4738845
                 rsr_career_age_2 |  -.0066195   .0004053   -16.33   0.000     -.007414    -.005825
                                  |
                       start_year |
                            2008  |  -.2444886   .1360174    -1.80   0.072    -.5110803     .022103
                            2009  |  -.1312872   .1484343    -0.88   0.376    -.4222159    .1596416
                            2010  |  -.0706713   .2530994    -0.28   0.780    -.5667417    .4253992
                            2011  |   .8449336   .1994176     4.24   0.000     .4540785    1.235789
                            2012  |   .9715922   .2343235     4.15   0.000     .5123221    1.430862
                                  |
                            _cons |   .7183707   .2385999     3.01   0.003      .250719    1.186022
---------------------------------------------------------------------------------------------------
(est7 stored)

added macro:
             e(YearFE) : "Yes"

added macro:
      e(AffiliationFE) : "No"

added macro:
       e(ResearcherFE) : "No"
       panel variable:  person_id (balanced)
note: 2.funder_id omitted because of collinearity
note: 3.funder_id omitted because of collinearity
note: 4.funder_id omitted because of collinearity
note: 5.funder_id omitted because of collinearity

Fixed-effects (within) regression               Number of obs     =    126,544
Group variable: person_id                       Number of groups  =     11,504

R-sq:                                           Obs per group:
     within  = 0.0475                                         min =         11
     between = 0.0017                                         avg =       11.0
     overall = 0.0165                                         max =         11

                                                F(5,11503)        =     153.37
corr(u_i, Xb)  = 0.0025                         Prob > F          =     0.0000

                                              (Std. Err. adjusted for 11,504 clusters in person_id)
---------------------------------------------------------------------------------------------------
                                  |               Robust
                          nb_pubs |      Coef.   Std. Err.      t    P>|t|     [95% Conf. Interval]
----------------------------------+----------------------------------------------------------------
                      1.post_flag |   1.848578   .3110703     5.94   0.000     1.238827    2.458329
                                  |
                        funder_id |
                INCa/INSERM/DGOS  |          0  (omitted)
       National Cancer Institute  |          0  (omitted)
National Health and Medical Rese  |          0  (omitted)
                  Wellcome Trust  |          0  (omitted)
                                  |
              post_flag#funder_id |
              1#INCa/INSERM/DGOS  |   .8152442   .3687386     2.21   0.027     .0924539    1.538035
     1#National Cancer Institute  |   .3549927   .3296926     1.08   0.282     -.291261    1.001246
                               1 #|
National Health and Medical Rese  |   .6499061   .3750891     1.73   0.083    -.0853324    1.385145
                1#Wellcome Trust  |   -.784463   .9221231    -0.85   0.395    -2.591981    1.023055
                                  |
                            _cons |   4.929763   .0858985    57.39   0.000     4.761387    5.098138
----------------------------------+----------------------------------------------------------------
                          sigma_u |  6.7107105
                          sigma_e |   5.064035
                              rho |  .63716547   (fraction of variance due to u_i)
---------------------------------------------------------------------------------------------------
(est8 stored)

added macro:
             e(YearFE) : "Yes"

added macro:
      e(AffiliationFE) : "Yes"

added macro:
       e(ResearcherFE) : "Yes"
