----------------------------------------------------------------------------------------------------
      name:  <unnamed>
       log:  /Users/nj995/dropbox/projects/2018_helios/output/regression_results/20181115_nb_collab_
> countries.log
  log type:  text
 opened on:  15 Nov 2018, 11:28:47

      Source |       SS           df       MS      Number of obs   =   132,913
-------------+----------------------------------   F(15, 132897)   =    414.80
       Model |  60753.6358        15  4050.24239   Prob > F        =    0.0000
    Residual |  1297657.88   132,897  9.76438807   R-squared       =    0.0447
-------------+----------------------------------   Adj R-squared   =    0.0446
       Total |  1358411.52   132,912  10.2203828   Root MSE        =    3.1248

---------------------------------------------------------------------------------------------------
              nb_collab_countries |      Coef.   Std. Err.      t    P>|t|     [95% Conf. Interval]
----------------------------------+----------------------------------------------------------------
                      1.post_flag |   1.413643   .0645222    21.91   0.000     1.287181    1.540106
                                  |
                        funder_id |
                INCa/INSERM/DGOS  |   .0813283   .0624038     1.30   0.192     -.040982    .2036385
       National Cancer Institute  |  -.5137808   .0457672   -11.23   0.000    -.6034837   -.4240779
National Health and Medical Rese  |  -.0093823   .0543833    -0.17   0.863    -.1159725     .097208
                  Wellcome Trust  |  -.4058962   .0925466    -4.39   0.000    -.5872858   -.2245065
                                  |
              post_flag#funder_id |
              1#INCa/INSERM/DGOS  |   .0461669   .0898903     0.51   0.608    -.1300164    .2223503
     1#National Cancer Institute  |  -.4694624   .0676999    -6.93   0.000     -.602153   -.3367717
                               1 #|
National Health and Medical Rese  |   .0547515   .0805198     0.68   0.497    -.1030659    .2125689
                1#Wellcome Trust  |   .3271729   .1370273     2.39   0.017     .0586019    .5957439
                                  |
              orcid_confirmed_cat |
                            True  |  -.0788039   .0810309    -0.97   0.331    -.2376229    .0800152
                                  |
                       start_year |
                            2008  |  -.0411964   .0278117    -1.48   0.139    -.0957069     .013314
                            2009  |   .2749594   .0269371    10.21   0.000     .2221631    .3277557
                            2010  |   .2725991   .0293252     9.30   0.000     .2151223    .3300759
                            2011  |   .4107424   .0296917    13.83   0.000     .3525471    .4689377
                            2012  |    .392537   .0304779    12.88   0.000     .3328009    .4522732
                                  |
                            _cons |   1.777583   .0457517    38.85   0.000     1.687911    1.867256
---------------------------------------------------------------------------------------------------
(est1 stored)

added macro:
          e(CountryFE) : "No"

added macro:
      e(AffiliationFE) : "No"

added macro:
       e(ResearcherFE) : "No"

      Source |       SS           df       MS      Number of obs   =   132,913
-------------+----------------------------------   F(35, 132877)   =    203.84
       Model |  69220.2517        35  1977.72148   Prob > F        =    0.0000
    Residual |  1289191.27   132,877  9.70214007   R-squared       =    0.0510
-------------+----------------------------------   Adj R-squared   =    0.0507
       Total |  1358411.52   132,912  10.2203828   Root MSE        =    3.1148

---------------------------------------------------------------------------------------------------
              nb_collab_countries |      Coef.   Std. Err.      t    P>|t|     [95% Conf. Interval]
----------------------------------+----------------------------------------------------------------
                        post_year |
                          post_1  |   .7968992    .114725     6.95   0.000     .5720404    1.021758
                          post_2  |   1.082946    .114725     9.44   0.000     .8580869    1.307805
                          post_3  |   1.266667    .114725    11.04   0.000     1.041808    1.491526
                          post_4  |   1.812016    .114725    15.79   0.000     1.587157    2.036874
                          post_5  |    2.10969    .114725    18.39   0.000     1.884831    2.334549
                                  |
                        funder_id |
                INCa/INSERM/DGOS  |   .0813283   .0622046     1.31   0.191    -.0405915    .2032481
       National Cancer Institute  |  -.5137808   .0456211   -11.26   0.000    -.6031974   -.4243643
National Health and Medical Rese  |  -.0093823   .0542097    -0.17   0.863    -.1156322    .0968677
                  Wellcome Trust  |  -.4058962   .0922511    -4.40   0.000    -.5867067   -.2250856
                                  |
              post_year#funder_id |
         post_1#INCa/INSERM/DGOS  |  -.0707869   .1598312    -0.44   0.658    -.3840532    .2424794
post_1#National Cancer Institute  |  -.2813298   .1203753    -2.34   0.019    -.5172632   -.0453965
                          post_1 #|
National Health and Medical Rese  |   .1423965   .1431699     0.99   0.320     -.138214     .423007
           post_1#Wellcome Trust  |   .0173865   .2436442     0.07   0.943    -.4601517    .4949247
         post_2#INCa/INSERM/DGOS  |  -.0318881   .1598312    -0.20   0.842    -.3451544    .2813782
post_2#National Cancer Institute  |  -.3784314   .1203753    -3.14   0.002    -.6143647   -.1424981
                          post_2 #|
National Health and Medical Rese  |   .0358704   .1431699     0.25   0.802    -.2447401    .3164809
           post_2#Wellcome Trust  |   .3517481   .2436442     1.44   0.149      -.12579    .8292863
         post_3#INCa/INSERM/DGOS  |   .1137126   .1598312     0.71   0.477    -.1995537    .4269789
post_3#National Cancer Institute  |  -.3394085   .1203753    -2.82   0.005    -.5753418   -.1034752
                          post_3 #|
National Health and Medical Rese  |    .025189   .1431699     0.18   0.860    -.2554215    .3057995
           post_3#Wellcome Trust  |   .6537415   .2436442     2.68   0.007     .1762033     1.13128
         post_4#INCa/INSERM/DGOS  |   .0399174   .1598312     0.25   0.803    -.2733489    .3531837
post_4#National Cancer Institute  |  -.5766949   .1203753    -4.79   0.000    -.8126282   -.3407616
                          post_4 #|
National Health and Medical Rese  |   .1175589   .1431699     0.82   0.412    -.1630516    .3981694
           post_4#Wellcome Trust  |   .1981886   .2436442     0.81   0.416    -.2793496    .6757267
         post_5#INCa/INSERM/DGOS  |   .1798797   .1598312     1.13   0.260    -.1333866     .493146
post_5#National Cancer Institute  |  -.7714471   .1203753    -6.41   0.000     -1.00738   -.5355138
                          post_5 #|
National Health and Medical Rese  |  -.0472574   .1431699    -0.33   0.741    -.3278679    .2333531
           post_5#Wellcome Trust  |   .4147999   .2436442     1.70   0.089    -.0627383     .892338
                                  |
              orcid_confirmed_cat |
                            True  |  -.0788039   .0807722    -0.98   0.329    -.2371159    .0795081
                                  |
                       start_year |
                            2008  |  -.0411964   .0277229    -1.49   0.137    -.0955328    .0131399
                            2009  |   .2749594   .0268511    10.24   0.000     .2223317    .3275871
                            2010  |   .2725991   .0292316     9.33   0.000     .2153058    .3298924
                            2011  |   .4107424    .029597    13.88   0.000     .3527329    .4687519
                            2012  |    .392537   .0303806    12.92   0.000     .3329916    .4520825
                                  |
                            _cons |   1.777583   .0456057    38.98   0.000     1.688197     1.86697
---------------------------------------------------------------------------------------------------
(est2 stored)

added macro:
          e(CountryFE) : "No"

added macro:
      e(AffiliationFE) : "No"

added macro:
       e(ResearcherFE) : "No"

      Source |       SS           df       MS      Number of obs   =   132,913
-------------+----------------------------------   F(60, 132852)   =    128.20
       Model |  74345.0859        60  1239.08476   Prob > F        =    0.0000
    Residual |  1284066.43   132,852   9.6653903   R-squared       =    0.0547
-------------+----------------------------------   Adj R-squared   =    0.0543
       Total |  1358411.52   132,912  10.2203828   Root MSE        =    3.1089

---------------------------------------------------------------------------------------------------
              nb_collab_countries |      Coef.   Std. Err.      t    P>|t|     [95% Conf. Interval]
----------------------------------+----------------------------------------------------------------
                    pre_post_year |
                          post_1  |    1.22907   .1499255     8.20   0.000     .9352185    1.522921
                          post_2  |   1.515116   .1499255    10.11   0.000     1.221265    1.808968
                          post_3  |   1.698837   .1499255    11.33   0.000     1.404986    1.992688
                          post_4  |   2.244186   .1499255    14.97   0.000     1.950335    2.538037
                          post_5  |    2.54186   .1499255    16.95   0.000     2.248009    2.835712
                          pre_-1  |   .7395349   .1499255     4.93   0.000     .4456837    1.033386
                          pre_-2  |   .4802326   .1499255     3.20   0.001     .1863813    .7740838
                          pre_-3  |   .2802326   .1499255     1.87   0.062    -.0136187    .5740838
                          pre_-4  |   .1093023   .1499255     0.73   0.466    -.1845489    .4031536
                           pre_0  |   .9837209   .1499255     6.56   0.000     .6898697    1.277572
                                  |
                        funder_id |
                INCa/INSERM/DGOS  |   .0065695   .1484345     0.04   0.965    -.2843593    .2974984
       National Cancer Institute  |  -.3878928    .111285    -3.49   0.000    -.6060093   -.1697763
National Health and Medical Rese  |  -.0209361   .1323377    -0.16   0.874    -.2803156    .2384434
                  Wellcome Trust  |   -.392093   .2252092    -1.74   0.082     -.833499     .049313
                                  |
          pre_post_year#funder_id |
         post_1#INCa/INSERM/DGOS  |   .0039718   .2088715     0.02   0.985    -.4054125    .4133561
post_1#National Cancer Institute  |  -.4072179   .1573094    -2.59   0.010    -.7155415   -.0988942
                          post_1 #|
National Health and Medical Rese  |   .1539503   .1870981     0.82   0.411    -.2127586    .5206592
           post_1#Wellcome Trust  |   .0035833   .3184004     0.01   0.991    -.6204757    .6276422
         post_2#INCa/INSERM/DGOS  |   .0428706   .2088715     0.21   0.837    -.3665138    .4522549
post_2#National Cancer Institute  |  -.5043194   .1573094    -3.21   0.001     -.812643   -.1959958
                          post_2 #|
National Health and Medical Rese  |   .0474242   .1870981     0.25   0.800    -.3192847    .4141331
           post_2#Wellcome Trust  |   .3379449   .3184004     1.06   0.289     -.286114    .9620039
         post_3#INCa/INSERM/DGOS  |   .1884713   .2088715     0.90   0.367     -.220913    .5978557
post_3#National Cancer Institute  |  -.4652965   .1573094    -2.96   0.003    -.7736202   -.1569729
                          post_3 #|
National Health and Medical Rese  |   .0367428   .1870981     0.20   0.844    -.3299661    .4034517
           post_3#Wellcome Trust  |   .6399383   .3184004     2.01   0.044     .0158794    1.263997
         post_4#INCa/INSERM/DGOS  |   .1146761   .2088715     0.55   0.583    -.2947082    .5240604
post_4#National Cancer Institute  |  -.7025829   .1573094    -4.47   0.000    -1.010907   -.3942593
                          post_4 #|
National Health and Medical Rese  |   .1291127   .1870981     0.69   0.490    -.2375962    .4958216
           post_4#Wellcome Trust  |   .1843854   .3184004     0.58   0.563    -.4396736    .8084443
         post_5#INCa/INSERM/DGOS  |   .2546384   .2088715     1.22   0.223    -.1547459    .6640228
post_5#National Cancer Institute  |  -.8973352   .1573094    -5.70   0.000    -1.205659   -.5890115
                          post_5 #|
National Health and Medical Rese  |  -.0357036   .1870981    -0.19   0.849    -.4024125    .3310053
           post_5#Wellcome Trust  |   .4009967   .3184004     1.26   0.208    -.2230623    1.025056
         pre_-1#INCa/INSERM/DGOS  |   .1302682   .2088715     0.62   0.533    -.2791162    .5396525
pre_-1#National Cancer Institute  |  -.2422928   .1573094    -1.54   0.124    -.5506164    .0660308
                          pre_-1 #|
National Health and Medical Rese  |   .0459479   .1870981     0.25   0.806    -.3207609    .4126568
           pre_-1#Wellcome Trust  |   .0971998   .3184004     0.31   0.760    -.5268591    .7212588
         pre_-2#INCa/INSERM/DGOS  |   .0897893   .2088715     0.43   0.667     -.319595    .4991737
pre_-2#National Cancer Institute  |  -.1141957   .1573094    -0.73   0.468    -.4225193    .1941279
                          pre_-2 #|
National Health and Medical Rese  |  -.0298113   .1870981    -0.16   0.873    -.3965202    .3368976
           pre_-2#Wellcome Trust  |  -.0802326   .3184004    -0.25   0.801    -.7042915    .5438264
         pre_-3#INCa/INSERM/DGOS  |   .0775355   .2088715     0.37   0.710    -.3318488    .4869198
pre_-3#National Cancer Institute  |  -.0493911   .1573094    -0.31   0.754    -.3577147    .2589325
                          pre_-3 #|
National Health and Medical Rese  |   .0159437   .1870981     0.09   0.932    -.3507652    .3826526
           pre_-3#Wellcome Trust  |  -.0761509   .3184004    -0.24   0.811    -.7002099     .547908
         pre_-4#INCa/INSERM/DGOS  |   .0340237   .2088715     0.16   0.871    -.3753606    .4434081
pre_-4#National Cancer Institute  |   .0131011   .1573094     0.08   0.934    -.2952225    .3214248
                          pre_-4 #|
National Health and Medical Rese  |   .0248519   .1870981     0.13   0.894     -.341857    .3915608
           pre_-4#Wellcome Trust  |  -.0807309   .3184004    -0.25   0.800    -.7047898    .5433281
          pre_0#INCa/INSERM/DGOS  |   .1169355   .2088715     0.56   0.576    -.2924488    .5263199
 pre_0#National Cancer Institute  |  -.3625497   .1573094    -2.30   0.021    -.6708733   -.0542261
                           pre_0 #|
National Health and Medical Rese  |   .0123905   .1870981     0.07   0.947    -.3543184    .3790994
            pre_0#Wellcome Trust  |   .0570954   .3184004     0.18   0.858    -.5669636    .6811543
                                  |
              orcid_confirmed_cat |
                            True  |  -.0788039   .0806191    -0.98   0.328    -.2368158     .079208
                                  |
                       start_year |
                            2008  |  -.0411964   .0276703    -1.49   0.137    -.0954298    .0130369
                            2009  |   .2749594   .0268002    10.26   0.000     .2224314    .3274873
                            2010  |   .2725991   .0291761     9.34   0.000     .2154144    .3297838
                            2011  |   .4107424   .0295408    13.90   0.000     .3528428    .4686419
                            2012  |    .392537    .030323    12.95   0.000     .3331045    .4519696
                                  |
                            _cons |   1.345413   .1069471    12.58   0.000     1.135798    1.555027
---------------------------------------------------------------------------------------------------
(est3 stored)

added macro:
          e(CountryFE) : "No"

added macro:
      e(AffiliationFE) : "No"

added macro:
       e(ResearcherFE) : "No"

      Source |       SS           df       MS      Number of obs   =   132,913
-------------+----------------------------------   F(19, 132893)   =    749.88
       Model |  131535.964        19  6922.94545   Prob > F        =    0.0000
    Residual |  1226875.55   132,893  9.23205552   R-squared       =    0.0968
-------------+----------------------------------   Adj R-squared   =    0.0967
       Total |  1358411.52   132,912  10.2203828   Root MSE        =    3.0384

---------------------------------------------------------------------------------------------------
              nb_collab_countries |      Coef.   Std. Err.      t    P>|t|     [95% Conf. Interval]
----------------------------------+----------------------------------------------------------------
                      1.post_flag |   1.004752   .0629296    15.97   0.000     .8814107    1.128092
                                  |
                        funder_id |
                INCa/INSERM/DGOS  |   .0646567    .060687     1.07   0.287    -.0542887     .183602
       National Cancer Institute  |  -.4803914   .0445842   -10.77   0.000    -.5677756   -.3930073
National Health and Medical Rese  |   .0326188   .0528863     0.62   0.537    -.0710375     .136275
                  Wellcome Trust  |   .0189296   .0902164     0.21   0.834     -.157893    .1957522
                                  |
              post_flag#funder_id |
              1#INCa/INSERM/DGOS  |   .0558787   .0874062     0.64   0.523    -.1154359    .2271933
     1#National Cancer Institute  |  -.4701594   .0658287    -7.14   0.000    -.5991823   -.3411364
                               1 #|
National Health and Medical Rese  |   .0465478   .0782947     0.59   0.552    -.1069083    .2000039
                1#Wellcome Trust  |   .2480849    .133265     1.86   0.063    -.0131121    .5092819
                                  |
                   rsr_career_age |   .1273407    .002158    59.01   0.000     .1231111    .1315704
                 rsr_career_age_2 |  -.0017719   .0000581   -30.48   0.000    -.0018858   -.0016579
                                  |
              orcid_confirmed_cat |
                            True  |  -.1470751   .0788177    -1.87   0.062    -.3015564    .0074062
                                  |
                       gender_cat |
                               F  |  -.1279645   .0260076    -4.92   0.000    -.1789389     -.07699
                               M  |   .0645703   .0241204     2.68   0.007     .0172948    .1118458
                                  |
                       start_year |
                            2008  |   .0113519   .0270566     0.42   0.675    -.0416786    .0643824
                            2009  |   .2272297   .0262156     8.67   0.000     .1758476    .2786117
                            2010  |   .3020928   .0285266    10.59   0.000     .2461812    .3580044
                            2011  |   .4560673   .0288949    15.78   0.000     .3994338    .5127007
                            2012  |   .4850458   .0296675    16.35   0.000      .426898    .5431935
                                  |
                            _cons |   .6127218   .0512802    11.95   0.000     .5122137      .71323
---------------------------------------------------------------------------------------------------
(est4 stored)

added macro:
          e(CountryFE) : "No"

added macro:
      e(AffiliationFE) : "No"

added macro:
       e(ResearcherFE) : "No"

      Source |       SS           df       MS      Number of obs   =   132,913
-------------+----------------------------------   F(39, 132873)   =    380.81
       Model |   136569.47        39  3501.78129   Prob > F        =    0.0000
    Residual |  1221842.05   132,873  9.19556304   R-squared       =    0.1005
-------------+----------------------------------   Adj R-squared   =    0.1003
       Total |  1358411.52   132,912  10.2203828   Root MSE        =    3.0324

---------------------------------------------------------------------------------------------------
              nb_collab_countries |      Coef.   Std. Err.      t    P>|t|     [95% Conf. Interval]
----------------------------------+----------------------------------------------------------------
                        post_year |
                          post_1  |   .5263493   .1117388     4.71   0.000     .3073433    .7453554
                          post_2  |   .7446008   .1117664     6.66   0.000     .5255408    .9636608
                          post_3  |    .864091    .111799     7.73   0.000      .644967    1.083215
                          post_4  |   1.348774   .1118369    12.06   0.000     1.129575    1.567972
                          post_5  |   1.589346   .1118804    14.21   0.000     1.370063    1.808629
                                  |
                        funder_id |
                INCa/INSERM/DGOS  |    .065879   .0605669     1.09   0.277    -.0528311    .1845891
       National Cancer Institute  |  -.4797989    .044496   -10.78   0.000    -.5670102   -.3925876
National Health and Medical Rese  |   .0323028   .0527817     0.61   0.541    -.0711484    .1357539
                  Wellcome Trust  |   .0127822   .0900384     0.14   0.887    -.1636914    .1892559
                                  |
              post_year#funder_id |
         post_1#INCa/INSERM/DGOS  |  -.0645707   .1556028    -0.41   0.678    -.3695494    .2404079
post_1#National Cancer Institute  |   -.281776   .1171906    -2.40   0.016    -.5114673   -.0520846
                          post_1 #|
National Health and Medical Rese  |   .1371456   .1393823     0.98   0.325    -.1360411    .4103324
           post_1#Wellcome Trust  |   -.033235   .2372039    -0.14   0.889    -.4981505    .4316804
         post_2#INCa/INSERM/DGOS  |  -.0238959   .1556029    -0.15   0.878    -.3288747    .2810829
post_2#National Cancer Institute  |   -.379005   .1171906    -3.23   0.001    -.6086964   -.1493136
                          post_2 #|
National Health and Medical Rese  |   .0291193   .1393824     0.21   0.835    -.2440676    .3023061
           post_2#Wellcome Trust  |   .2866633   .2372077     1.21   0.227    -.1782595    .7515861
         post_3#INCa/INSERM/DGOS  |   .1234809    .155603     0.79   0.427    -.1814982    .4284599
post_3#National Cancer Institute  |  -.3401096   .1171906    -2.90   0.004    -.5698009   -.1104182
                          post_3 #|
National Health and Medical Rese  |   .0169376   .1393824     0.12   0.903    -.2562494    .2901247
           post_3#Wellcome Trust  |   .5741934   .2372124     2.42   0.015     .1092614    1.039125
         post_4#INCa/INSERM/DGOS  |   .0514617   .1556031     0.33   0.741    -.2535176     .356441
post_4#National Cancer Institute  |  -.5775234   .1171906    -4.93   0.000    -.8072148   -.3478321
                          post_4 #|
National Health and Medical Rese  |   .1078072   .1393825     0.77   0.439      -.16538    .3809945
           post_4#Wellcome Trust  |   .1041772    .237218     0.44   0.661    -.3607658    .5691201
         post_5#INCa/INSERM/DGOS  |   .1932001   .1556033     1.24   0.214    -.1117795    .4981797
post_5#National Cancer Institute  |  -.7724031   .1171906    -6.59   0.000    -1.002095   -.5427118
                          post_5 #|
National Health and Medical Rese  |  -.0585094   .1393827    -0.42   0.675    -.3316969    .2146781
           post_5#Wellcome Trust  |   .3063252   .2372245     1.29   0.197    -.1586306    .7712809
                                  |
                   rsr_career_age |   .1258526   .0021549    58.40   0.000      .121629    .1300762
                 rsr_career_age_2 |  -.0017822    .000058   -30.71   0.000    -.0018959   -.0016684
                                  |
              orcid_confirmed_cat |
                            True  |  -.1474214   .0786618    -1.87   0.061    -.3015971    .0067542
                                  |
                       gender_cat |
                               F  |  -.1274305   .0259562    -4.91   0.000    -.1783041   -.0765569
                               M  |   .0723397   .0240753     3.00   0.003     .0251526    .1195269
                                  |
                       start_year |
                            2008  |   .0107425   .0270031     0.40   0.691    -.0421832    .0636681
                            2009  |   .2292682   .0261639     8.76   0.000     .1779875    .2805489
                            2010  |   .3019038   .0284702    10.60   0.000     .2461028    .3577048
                            2011  |   .4559164   .0288377    15.81   0.000      .399395    .5124378
                            2012  |   .4840564   .0296088    16.35   0.000     .4260236    .5420892
                                  |
                            _cons |   .6285319    .051184    12.28   0.000     .5282123    .7288515
---------------------------------------------------------------------------------------------------
(est5 stored)

added macro:
          e(CountryFE) : "No"

added macro:
      e(AffiliationFE) : "No"

added macro:
       e(ResearcherFE) : "No"

      Source |       SS           df       MS      Number of obs   =   132,913
-------------+----------------------------------   F(64, 132848)   =    234.61
       Model |  137940.251        64  2155.31641   Prob > F        =    0.0000
    Residual |  1220471.27   132,848  9.18697509   R-squared       =    0.1015
-------------+----------------------------------   Adj R-squared   =    0.1011
       Total |  1358411.52   132,912  10.2203828   Root MSE        =     3.031

---------------------------------------------------------------------------------------------------
              nb_collab_countries |      Coef.   Std. Err.      t    P>|t|     [95% Conf. Interval]
----------------------------------+----------------------------------------------------------------
                    pre_post_year |
                          post_1  |   .7570632   .1462915     5.18   0.000     .4703345    1.043792
                          post_2  |   .9765597   .1463269     6.67   0.000     .6897616    1.263358
                          post_3  |   1.097193   .1463649     7.50   0.000     .8103201    1.384065
                          post_4  |   1.582916   .1464057    10.81   0.000     1.295963    1.869868
                          post_5  |   1.824427   .1464495    12.46   0.000     1.537388    2.111465
                          pre_-1  |   .4110151     .14623     2.81   0.005     .1244069    .6976232
                          pre_-2  |   .2286494   .1462052     1.56   0.118    -.0579101    .5152089
                          pre_-3  |   .1090483   .1461856     0.75   0.456    -.1774729    .3955694
                          pre_-4  |   .0219791   .1461726     0.15   0.880    -.2645166    .3084748
                           pre_0  |   .5817267   .1462591     3.98   0.000     .2950616    .8683917
                                  |
                        funder_id |
                INCa/INSERM/DGOS  |  -.0131036    .144717    -0.09   0.928    -.2967464    .2705391
       National Cancer Institute  |  -.3543401   .1085295    -3.26   0.001    -.5670558   -.1416243
National Health and Medical Rese  |   .0236144   .1290241     0.18   0.855    -.2292705    .2764993
                  Wellcome Trust  |   .0523961   .2196927     0.24   0.811    -.3781976    .4829898
                                  |
          pre_post_year#funder_id |
         post_1#INCa/INSERM/DGOS  |   .0143227   .2036369     0.07   0.944    -.3848019    .4134472
post_1#National Cancer Institute  |  -.4079607   .1533668    -2.66   0.008    -.7085569   -.1073646
                          post_1 #|
National Health and Medical Rese  |   .1452068   .1824091     0.80   0.426    -.2123118    .5027253
           post_1#Wellcome Trust  |  -.0807092   .3104333    -0.26   0.795    -.6891528    .5277343
         post_2#INCa/INSERM/DGOS  |   .0549466    .203637     0.27   0.787    -.3441782    .4540713
post_2#National Cancer Institute  |  -.5051861   .1533668    -3.29   0.001    -.8057822     -.20459
                          post_2 #|
National Health and Medical Rese  |   .0372234   .1824092     0.20   0.838    -.3202953    .3947421
           post_2#Wellcome Trust  |   .2396036   .3104379     0.77   0.440    -.3688491    .8480564
         post_3#INCa/INSERM/DGOS  |   .2022725   .2036371     0.99   0.321    -.1968525    .6013975
post_3#National Cancer Institute  |   -.466287   .1533668    -3.04   0.002    -.7668832   -.1656909
                          post_3 #|
National Health and Medical Rese  |   .0250848   .1824093     0.14   0.891    -.3324342    .3826037
           post_3#Wellcome Trust  |   .5275482   .3104433     1.70   0.089    -.0809151    1.136012
         post_4#INCa/INSERM/DGOS  |   .1302024   .2036372     0.64   0.523    -.2689229    .5293277
post_4#National Cancer Institute  |  -.7036972   .1533668    -4.59   0.000    -1.004293   -.4031011
                          post_4 #|
National Health and Medical Rese  |   .1159974   .1824094     0.64   0.525    -.2415217    .4735165
           post_4#Wellcome Trust  |   .0579466   .3104495     0.19   0.852    -.5505287    .6664219
         post_5#INCa/INSERM/DGOS  |   .2718899   .2036374     1.34   0.182    -.1272357    .6710154
post_5#National Cancer Institute  |  -.8985733   .1533668    -5.86   0.000    -1.199169   -.5979772
                          post_5 #|
National Health and Medical Rese  |  -.0502762   .1824095    -0.28   0.783    -.4077956    .3072432
           post_5#Wellcome Trust  |   .2605091   .3104563     0.84   0.401    -.3479796    .8689978
         pre_-1#INCa/INSERM/DGOS  |   .1371688   .2036367     0.67   0.501    -.2619555     .536293
pre_-1#National Cancer Institute  |   -.242788   .1533668    -1.58   0.113    -.5433841    .0578081
                          pre_-1 #|
National Health and Medical Rese  |   .0401189    .182409     0.22   0.826    -.3173994    .3976372
           pre_-1#Wellcome Trust  |   .0410048   .3104261     0.13   0.895    -.5674247    .6494342
         pre_-2#INCa/INSERM/DGOS  |   .0949648   .2036366     0.47   0.641    -.3041594    .4940889
pre_-2#National Cancer Institute  |  -.1145671   .1533668    -0.75   0.455    -.4151633     .186029
                          pre_-2 #|
National Health and Medical Rese  |  -.0341831   .1824089    -0.19   0.851    -.3917013    .3233351
           pre_-2#Wellcome Trust  |  -.1223788   .3104236    -0.39   0.693    -.7308034    .4860457
         pre_-3#INCa/INSERM/DGOS  |   .0809858   .2036366     0.40   0.691    -.3181382    .4801098
pre_-3#National Cancer Institute  |  -.0496387   .1533668    -0.32   0.746    -.3502349    .2509574
                          pre_-3 #|
National Health and Medical Rese  |   .0130292   .1824089     0.07   0.943    -.3444889    .3705473
           pre_-3#Wellcome Trust  |  -.1042484   .3104218    -0.34   0.737    -.7126694    .5041726
         pre_-4#INCa/INSERM/DGOS  |   .0357489   .2036366     0.18   0.861    -.3633751    .4348728
pre_-4#National Cancer Institute  |   .0129773   .1533668     0.08   0.933    -.2876188    .3135735
                          pre_-4 #|
National Health and Medical Rese  |   .0233947   .1824089     0.13   0.898    -.3341234    .3809128
           pre_-4#Wellcome Trust  |  -.0947797   .3104207    -0.31   0.760    -.7031985    .5136392
          pre_0#INCa/INSERM/DGOS  |   .1255612   .2036368     0.62   0.538    -.2735631    .5246856
 pre_0#National Cancer Institute  |  -.3631688   .1533668    -2.37   0.018    -.6637649   -.0625726
                           pre_0 #|
National Health and Medical Rese  |   .0051042    .182409     0.03   0.978    -.3524142    .3626226
            pre_0#Wellcome Trust  |  -.0131484   .3104293    -0.04   0.966    -.6215842    .5952874
                                  |
                   rsr_career_age |   .1229436   .0021729    56.58   0.000     .1186848    .1272024
                 rsr_career_age_2 |  -.0017311   .0000582   -29.73   0.000    -.0018452    -.001617
                                  |
              orcid_confirmed_cat |
                            True  |  -.1461636   .0786251    -1.86   0.063    -.3002675    .0079403
                                  |
                       gender_cat |
                               F  |  -.1276431    .025944    -4.92   0.000     -.178493   -.0767933
                               M  |   .0767672   .0240679     3.19   0.001     .0295946    .1239397
                                  |
                       start_year |
                            2008  |   .0100205   .0269906     0.37   0.710    -.0428806    .0629216
                            2009  |   .2299651   .0261517     8.79   0.000     .1787082    .2812221
                            2010  |   .3017169   .0284569    10.60   0.000      .245942    .3574919
                            2011  |   .4554779   .0288243    15.80   0.000     .3989829     .511973
                            2012  |   .4824125   .0295955    16.30   0.000      .424406    .5404191
                                  |
                            _cons |   .4245944   .1070399     3.97   0.000     .2147981    .6343907
---------------------------------------------------------------------------------------------------
(est6 stored)

added macro:
          e(CountryFE) : "No"

added macro:
      e(AffiliationFE) : "No"

added macro:
       e(ResearcherFE) : "No"

      Source |       SS           df       MS      Number of obs   =   132,913
-------------+----------------------------------   F(19, 132893)   =    749.88
       Model |  131535.964        19  6922.94545   Prob > F        =    0.0000
    Residual |  1226875.55   132,893  9.23205552   R-squared       =    0.0968
-------------+----------------------------------   Adj R-squared   =    0.0967
       Total |  1358411.52   132,912  10.2203828   Root MSE        =    3.0384

---------------------------------------------------------------------------------------------------
              nb_collab_countries |      Coef.   Std. Err.      t    P>|t|     [95% Conf. Interval]
----------------------------------+----------------------------------------------------------------
                      1.post_flag |   1.004752   .0629296    15.97   0.000     .8814107    1.128092
                                  |
                        funder_id |
                INCa/INSERM/DGOS  |   .0646567    .060687     1.07   0.287    -.0542887     .183602
       National Cancer Institute  |  -.4803914   .0445842   -10.77   0.000    -.5677756   -.3930073
National Health and Medical Rese  |   .0326188   .0528863     0.62   0.537    -.0710375     .136275
                  Wellcome Trust  |   .0189296   .0902164     0.21   0.834     -.157893    .1957522
                                  |
              post_flag#funder_id |
              1#INCa/INSERM/DGOS  |   .0558787   .0874062     0.64   0.523    -.1154359    .2271933
     1#National Cancer Institute  |  -.4701594   .0658287    -7.14   0.000    -.5991823   -.3411364
                               1 #|
National Health and Medical Rese  |   .0465478   .0782947     0.59   0.552    -.1069083    .2000039
                1#Wellcome Trust  |   .2480849    .133265     1.86   0.063    -.0131121    .5092819
                                  |
                   rsr_career_age |   .1273407    .002158    59.01   0.000     .1231111    .1315704
                 rsr_career_age_2 |  -.0017719   .0000581   -30.48   0.000    -.0018858   -.0016579
                                  |
              orcid_confirmed_cat |
                            True  |  -.1470751   .0788177    -1.87   0.062    -.3015564    .0074062
                                  |
                       gender_cat |
                               F  |  -.1279645   .0260076    -4.92   0.000    -.1789389     -.07699
                               M  |   .0645703   .0241204     2.68   0.007     .0172948    .1118458
                                  |
                       start_year |
                            2008  |   .0113519   .0270566     0.42   0.675    -.0416786    .0643824
                            2009  |   .2272297   .0262156     8.67   0.000     .1758476    .2786117
                            2010  |   .3020928   .0285266    10.59   0.000     .2461812    .3580044
                            2011  |   .4560673   .0288949    15.78   0.000     .3994338    .5127007
                            2012  |   .4850458   .0296675    16.35   0.000      .426898    .5431935
                                  |
                            _cons |   .6127218   .0512802    11.95   0.000     .5122137      .71323
---------------------------------------------------------------------------------------------------
(est7 stored)

added macro:
          e(CountryFE) : "No"

added macro:
      e(AffiliationFE) : "No"

added macro:
       e(ResearcherFE) : "No"

      Source |       SS           df       MS      Number of obs   =   132,913
-------------+----------------------------------   F(39, 132873)   =    380.81
       Model |   136569.47        39  3501.78129   Prob > F        =    0.0000
    Residual |  1221842.05   132,873  9.19556304   R-squared       =    0.1005
-------------+----------------------------------   Adj R-squared   =    0.1003
       Total |  1358411.52   132,912  10.2203828   Root MSE        =    3.0324

---------------------------------------------------------------------------------------------------
              nb_collab_countries |      Coef.   Std. Err.      t    P>|t|     [95% Conf. Interval]
----------------------------------+----------------------------------------------------------------
                        post_year |
                          post_1  |   .5263493   .1117388     4.71   0.000     .3073433    .7453554
                          post_2  |   .7446008   .1117664     6.66   0.000     .5255408    .9636608
                          post_3  |    .864091    .111799     7.73   0.000      .644967    1.083215
                          post_4  |   1.348774   .1118369    12.06   0.000     1.129575    1.567972
                          post_5  |   1.589346   .1118804    14.21   0.000     1.370063    1.808629
                                  |
                        funder_id |
                INCa/INSERM/DGOS  |    .065879   .0605669     1.09   0.277    -.0528311    .1845891
       National Cancer Institute  |  -.4797989    .044496   -10.78   0.000    -.5670102   -.3925876
National Health and Medical Rese  |   .0323028   .0527817     0.61   0.541    -.0711484    .1357539
                  Wellcome Trust  |   .0127822   .0900384     0.14   0.887    -.1636914    .1892559
                                  |
              post_year#funder_id |
         post_1#INCa/INSERM/DGOS  |  -.0645707   .1556028    -0.41   0.678    -.3695494    .2404079
post_1#National Cancer Institute  |   -.281776   .1171906    -2.40   0.016    -.5114673   -.0520846
                          post_1 #|
National Health and Medical Rese  |   .1371456   .1393823     0.98   0.325    -.1360411    .4103324
           post_1#Wellcome Trust  |   -.033235   .2372039    -0.14   0.889    -.4981505    .4316804
         post_2#INCa/INSERM/DGOS  |  -.0238959   .1556029    -0.15   0.878    -.3288747    .2810829
post_2#National Cancer Institute  |   -.379005   .1171906    -3.23   0.001    -.6086964   -.1493136
                          post_2 #|
National Health and Medical Rese  |   .0291193   .1393824     0.21   0.835    -.2440676    .3023061
           post_2#Wellcome Trust  |   .2866633   .2372077     1.21   0.227    -.1782595    .7515861
         post_3#INCa/INSERM/DGOS  |   .1234809    .155603     0.79   0.427    -.1814982    .4284599
post_3#National Cancer Institute  |  -.3401096   .1171906    -2.90   0.004    -.5698009   -.1104182
                          post_3 #|
National Health and Medical Rese  |   .0169376   .1393824     0.12   0.903    -.2562494    .2901247
           post_3#Wellcome Trust  |   .5741934   .2372124     2.42   0.015     .1092614    1.039125
         post_4#INCa/INSERM/DGOS  |   .0514617   .1556031     0.33   0.741    -.2535176     .356441
post_4#National Cancer Institute  |  -.5775234   .1171906    -4.93   0.000    -.8072148   -.3478321
                          post_4 #|
National Health and Medical Rese  |   .1078072   .1393825     0.77   0.439      -.16538    .3809945
           post_4#Wellcome Trust  |   .1041772    .237218     0.44   0.661    -.3607658    .5691201
         post_5#INCa/INSERM/DGOS  |   .1932001   .1556033     1.24   0.214    -.1117795    .4981797
post_5#National Cancer Institute  |  -.7724031   .1171906    -6.59   0.000    -1.002095   -.5427118
                          post_5 #|
National Health and Medical Rese  |  -.0585094   .1393827    -0.42   0.675    -.3316969    .2146781
           post_5#Wellcome Trust  |   .3063252   .2372245     1.29   0.197    -.1586306    .7712809
                                  |
                   rsr_career_age |   .1258526   .0021549    58.40   0.000      .121629    .1300762
                 rsr_career_age_2 |  -.0017822    .000058   -30.71   0.000    -.0018959   -.0016684
                                  |
              orcid_confirmed_cat |
                            True  |  -.1474214   .0786618    -1.87   0.061    -.3015971    .0067542
                                  |
                       gender_cat |
                               F  |  -.1274305   .0259562    -4.91   0.000    -.1783041   -.0765569
                               M  |   .0723397   .0240753     3.00   0.003     .0251526    .1195269
                                  |
                       start_year |
                            2008  |   .0107425   .0270031     0.40   0.691    -.0421832    .0636681
                            2009  |   .2292682   .0261639     8.76   0.000     .1779875    .2805489
                            2010  |   .3019038   .0284702    10.60   0.000     .2461028    .3577048
                            2011  |   .4559164   .0288377    15.81   0.000      .399395    .5124378
                            2012  |   .4840564   .0296088    16.35   0.000     .4260236    .5420892
                                  |
                            _cons |   .6285319    .051184    12.28   0.000     .5282123    .7288515
---------------------------------------------------------------------------------------------------
(est8 stored)

added macro:
          e(CountryFE) : "No"

added macro:
      e(AffiliationFE) : "No"

added macro:
       e(ResearcherFE) : "No"

      Source |       SS           df       MS      Number of obs   =   132,913
-------------+----------------------------------   F(64, 132848)   =    234.61
       Model |  137940.251        64  2155.31641   Prob > F        =    0.0000
    Residual |  1220471.27   132,848  9.18697509   R-squared       =    0.1015
-------------+----------------------------------   Adj R-squared   =    0.1011
       Total |  1358411.52   132,912  10.2203828   Root MSE        =     3.031

---------------------------------------------------------------------------------------------------
              nb_collab_countries |      Coef.   Std. Err.      t    P>|t|     [95% Conf. Interval]
----------------------------------+----------------------------------------------------------------
                    pre_post_year |
                          post_1  |   .7570632   .1462915     5.18   0.000     .4703345    1.043792
                          post_2  |   .9765597   .1463269     6.67   0.000     .6897616    1.263358
                          post_3  |   1.097193   .1463649     7.50   0.000     .8103201    1.384065
                          post_4  |   1.582916   .1464057    10.81   0.000     1.295963    1.869868
                          post_5  |   1.824427   .1464495    12.46   0.000     1.537388    2.111465
                          pre_-1  |   .4110151     .14623     2.81   0.005     .1244069    .6976232
                          pre_-2  |   .2286494   .1462052     1.56   0.118    -.0579101    .5152089
                          pre_-3  |   .1090483   .1461856     0.75   0.456    -.1774729    .3955694
                          pre_-4  |   .0219791   .1461726     0.15   0.880    -.2645166    .3084748
                           pre_0  |   .5817267   .1462591     3.98   0.000     .2950616    .8683917
                                  |
                        funder_id |
                INCa/INSERM/DGOS  |  -.0131036    .144717    -0.09   0.928    -.2967464    .2705391
       National Cancer Institute  |  -.3543401   .1085295    -3.26   0.001    -.5670558   -.1416243
National Health and Medical Rese  |   .0236144   .1290241     0.18   0.855    -.2292705    .2764993
                  Wellcome Trust  |   .0523961   .2196927     0.24   0.811    -.3781976    .4829898
                                  |
          pre_post_year#funder_id |
         post_1#INCa/INSERM/DGOS  |   .0143227   .2036369     0.07   0.944    -.3848019    .4134472
post_1#National Cancer Institute  |  -.4079607   .1533668    -2.66   0.008    -.7085569   -.1073646
                          post_1 #|
National Health and Medical Rese  |   .1452068   .1824091     0.80   0.426    -.2123118    .5027253
           post_1#Wellcome Trust  |  -.0807092   .3104333    -0.26   0.795    -.6891528    .5277343
         post_2#INCa/INSERM/DGOS  |   .0549466    .203637     0.27   0.787    -.3441782    .4540713
post_2#National Cancer Institute  |  -.5051861   .1533668    -3.29   0.001    -.8057822     -.20459
                          post_2 #|
National Health and Medical Rese  |   .0372234   .1824092     0.20   0.838    -.3202953    .3947421
           post_2#Wellcome Trust  |   .2396036   .3104379     0.77   0.440    -.3688491    .8480564
         post_3#INCa/INSERM/DGOS  |   .2022725   .2036371     0.99   0.321    -.1968525    .6013975
post_3#National Cancer Institute  |   -.466287   .1533668    -3.04   0.002    -.7668832   -.1656909
                          post_3 #|
National Health and Medical Rese  |   .0250848   .1824093     0.14   0.891    -.3324342    .3826037
           post_3#Wellcome Trust  |   .5275482   .3104433     1.70   0.089    -.0809151    1.136012
         post_4#INCa/INSERM/DGOS  |   .1302024   .2036372     0.64   0.523    -.2689229    .5293277
post_4#National Cancer Institute  |  -.7036972   .1533668    -4.59   0.000    -1.004293   -.4031011
                          post_4 #|
National Health and Medical Rese  |   .1159974   .1824094     0.64   0.525    -.2415217    .4735165
           post_4#Wellcome Trust  |   .0579466   .3104495     0.19   0.852    -.5505287    .6664219
         post_5#INCa/INSERM/DGOS  |   .2718899   .2036374     1.34   0.182    -.1272357    .6710154
post_5#National Cancer Institute  |  -.8985733   .1533668    -5.86   0.000    -1.199169   -.5979772
                          post_5 #|
National Health and Medical Rese  |  -.0502762   .1824095    -0.28   0.783    -.4077956    .3072432
           post_5#Wellcome Trust  |   .2605091   .3104563     0.84   0.401    -.3479796    .8689978
         pre_-1#INCa/INSERM/DGOS  |   .1371688   .2036367     0.67   0.501    -.2619555     .536293
pre_-1#National Cancer Institute  |   -.242788   .1533668    -1.58   0.113    -.5433841    .0578081
                          pre_-1 #|
National Health and Medical Rese  |   .0401189    .182409     0.22   0.826    -.3173994    .3976372
           pre_-1#Wellcome Trust  |   .0410048   .3104261     0.13   0.895    -.5674247    .6494342
         pre_-2#INCa/INSERM/DGOS  |   .0949648   .2036366     0.47   0.641    -.3041594    .4940889
pre_-2#National Cancer Institute  |  -.1145671   .1533668    -0.75   0.455    -.4151633     .186029
                          pre_-2 #|
National Health and Medical Rese  |  -.0341831   .1824089    -0.19   0.851    -.3917013    .3233351
           pre_-2#Wellcome Trust  |  -.1223788   .3104236    -0.39   0.693    -.7308034    .4860457
         pre_-3#INCa/INSERM/DGOS  |   .0809858   .2036366     0.40   0.691    -.3181382    .4801098
pre_-3#National Cancer Institute  |  -.0496387   .1533668    -0.32   0.746    -.3502349    .2509574
                          pre_-3 #|
National Health and Medical Rese  |   .0130292   .1824089     0.07   0.943    -.3444889    .3705473
           pre_-3#Wellcome Trust  |  -.1042484   .3104218    -0.34   0.737    -.7126694    .5041726
         pre_-4#INCa/INSERM/DGOS  |   .0357489   .2036366     0.18   0.861    -.3633751    .4348728
pre_-4#National Cancer Institute  |   .0129773   .1533668     0.08   0.933    -.2876188    .3135735
                          pre_-4 #|
National Health and Medical Rese  |   .0233947   .1824089     0.13   0.898    -.3341234    .3809128
           pre_-4#Wellcome Trust  |  -.0947797   .3104207    -0.31   0.760    -.7031985    .5136392
          pre_0#INCa/INSERM/DGOS  |   .1255612   .2036368     0.62   0.538    -.2735631    .5246856
 pre_0#National Cancer Institute  |  -.3631688   .1533668    -2.37   0.018    -.6637649   -.0625726
                           pre_0 #|
National Health and Medical Rese  |   .0051042    .182409     0.03   0.978    -.3524142    .3626226
            pre_0#Wellcome Trust  |  -.0131484   .3104293    -0.04   0.966    -.6215842    .5952874
                                  |
                   rsr_career_age |   .1229436   .0021729    56.58   0.000     .1186848    .1272024
                 rsr_career_age_2 |  -.0017311   .0000582   -29.73   0.000    -.0018452    -.001617
                                  |
              orcid_confirmed_cat |
                            True  |  -.1461636   .0786251    -1.86   0.063    -.3002675    .0079403
                                  |
                       gender_cat |
                               F  |  -.1276431    .025944    -4.92   0.000     -.178493   -.0767933
                               M  |   .0767672   .0240679     3.19   0.001     .0295946    .1239397
                                  |
                       start_year |
                            2008  |   .0100205   .0269906     0.37   0.710    -.0428806    .0629216
                            2009  |   .2299651   .0261517     8.79   0.000     .1787082    .2812221
                            2010  |   .3017169   .0284569    10.60   0.000      .245942    .3574919
                            2011  |   .4554779   .0288243    15.80   0.000     .3989829     .511973
                            2012  |   .4824125   .0295955    16.30   0.000      .424406    .5404191
                                  |
                            _cons |   .4245944   .1070399     3.97   0.000     .2147981    .6343907
---------------------------------------------------------------------------------------------------
(est9 stored)

added macro:
          e(CountryFE) : "No"

added macro:
      e(AffiliationFE) : "No"

added macro:
       e(ResearcherFE) : "No"
       panel variable:  rsr_affiliation_id (unbalanced)

Fixed-effects (within) regression               Number of obs     =    132,913
Group variable: rsr_affili~d                    Number of groups  =      4,004

R-sq:                                           Obs per group:
     within  = 0.0761                                         min =         11
     between = 0.1572                                         avg =       33.2
     overall = 0.0957                                         max =      2,156

                                                F(19,4003)        =     120.93
corr(u_i, Xb)  = 0.0282                         Prob > F          =     0.0000

                                      (Std. Err. adjusted for 4,004 clusters in rsr_affiliation_id)
---------------------------------------------------------------------------------------------------
                                  |               Robust
              nb_collab_countries |      Coef.   Std. Err.      t    P>|t|     [95% Conf. Interval]
----------------------------------+----------------------------------------------------------------
                      1.post_flag |   1.025916   .0918494    11.17   0.000     .8458405    1.205992
                                  |
                        funder_id |
                INCa/INSERM/DGOS  |   .0568201   .5244251     0.11   0.914    -.9713451    1.084985
       National Cancer Institute  |  -.2478484   .1356366    -1.83   0.068    -.5137717    .0180749
National Health and Medical Rese  |    .328537   .1738925     1.89   0.059    -.0123892    .6694631
                  Wellcome Trust  |   .0970976   .1744998     0.56   0.578    -.2450192    .4392143
                                  |
              post_flag#funder_id |
              1#INCa/INSERM/DGOS  |   .0535916    .134789     0.40   0.691    -.2106699    .3178531
     1#National Cancer Institute  |  -.4699952   .0974376    -4.82   0.000    -.6610272   -.2789632
                               1 #|
National Health and Medical Rese  |   .0484797   .1190672     0.41   0.684    -.1849582    .2819177
                1#Wellcome Trust  |   .2667098   .2159387     1.24   0.217    -.1566503    .6900699
                                  |
                   rsr_career_age |   .1110121   .0044027    25.21   0.000     .1023803    .1196438
                 rsr_career_age_2 |  -.0013546   .0001322   -10.24   0.000    -.0016139   -.0010953
                                  |
              orcid_confirmed_cat |
                            True  |  -.1346715   .2845556    -0.47   0.636    -.6925589     .423216
                                  |
                       gender_cat |
                               F  |  -.1018192   .0578516    -1.76   0.078    -.2152405     .011602
                               M  |   .0706543   .0566592     1.25   0.212    -.0404292    .1817378
                                  |
                       start_year |
                            2008  |   .0350364   .0613114     0.57   0.568     -.085168    .1552409
                            2009  |    .248776   .0715042     3.48   0.001     .1085879    .3889641
                            2010  |   .2821562   .0660965     4.27   0.000     .1525702    .4117422
                            2011  |   .4826275   .0850666     5.67   0.000     .3158495    .6494054
                            2012  |   .5031338    .075168     6.69   0.000     .3557628    .6505049
                                  |
                            _cons |   .4824109   .1406609     3.43   0.001     .2066371    .7581847
----------------------------------+----------------------------------------------------------------
                          sigma_u |  1.8686847
                          sigma_e |   2.833683
                              rho |  .30307765   (fraction of variance due to u_i)
---------------------------------------------------------------------------------------------------
(est10 stored)

added macro:
          e(CountryFE) : "No"

added macro:
      e(AffiliationFE) : "Yes"

added macro:
       e(ResearcherFE) : "No"
       panel variable:  rsr_affiliation_id (unbalanced)

Fixed-effects (within) regression               Number of obs     =    132,913
Group variable: rsr_affili~d                    Number of groups  =      4,004

R-sq:                                           Obs per group:
     within  = 0.0807                                         min =         11
     between = 0.1576                                         avg =       33.2
     overall = 0.0993                                         max =      2,156

                                                F(39,4003)        =      62.69
corr(u_i, Xb)  = 0.0330                         Prob > F          =     0.0000

                                      (Std. Err. adjusted for 4,004 clusters in rsr_affiliation_id)
---------------------------------------------------------------------------------------------------
                                  |               Robust
              nb_collab_countries |      Coef.   Std. Err.      t    P>|t|     [95% Conf. Interval]
----------------------------------+----------------------------------------------------------------
                        post_year |
                          post_1  |   .5477957   .0793241     6.91   0.000     .3922763    .7033151
                          post_2  |   .7699466   .1130309     6.81   0.000     .5483431      .99155
                          post_3  |   .8925007   .1152152     7.75   0.000     .6666148    1.118387
                          post_4  |   1.379412   .1736261     7.94   0.000     1.039008    1.719815
                          post_5  |   1.621377   .1523825    10.64   0.000     1.322622    1.920131
                                  |
                        funder_id |
                INCa/INSERM/DGOS  |   .0599691   .5243068     0.11   0.909    -.9679642    1.087902
       National Cancer Institute  |   -.242669   .1356055    -1.79   0.074    -.5085313    .0231932
National Health and Medical Rese  |   .3335929   .1742295     1.91   0.056    -.0079939    .6751797
                  Wellcome Trust  |   .0883079   .1743481     0.51   0.613    -.2535114    .4301272
                                  |
              post_year#funder_id |
         post_1#INCa/INSERM/DGOS  |  -.0660279   .1401594    -0.47   0.638    -.3408184    .2087625
post_1#National Cancer Institute  |  -.2816714   .0831742    -3.39   0.001    -.4447392   -.1186036
                          post_1 #|
National Health and Medical Rese  |   .1383765   .1072185     1.29   0.197    -.0718315    .3485845
           post_1#Wellcome Trust  |  -.0213685   .1496584    -0.14   0.886    -.3147823    .2720454
         post_2#INCa/INSERM/DGOS  |  -.0257694   .1528498    -0.17   0.866    -.3254402    .2739014
post_2#National Cancer Institute  |  -.3788705   .1178336    -3.22   0.001      -.60989    -.147851
                          post_2 #|
National Health and Medical Rese  |   .0307018   .1382109     0.22   0.824    -.2402685    .3016722
           post_2#Wellcome Trust  |   .3019203   .2657754     1.14   0.256    -.2191475    .8229882
         post_3#INCa/INSERM/DGOS  |    .121191   .1567212     0.77   0.439    -.1860698    .4284519
post_3#National Cancer Institute  |  -.3399452   .1212472    -2.80   0.005    -.5776573   -.1022331
                          post_3 #|
National Health and Medical Rese  |   .0188719    .153733     0.12   0.902    -.2825303    .3202741
           post_3#Wellcome Trust  |   .5928408   .2877635     2.06   0.039     .0286642    1.157017
         post_4#INCa/INSERM/DGOS  |   .0487555   .2371869     0.21   0.837     -.416263     .513774
post_4#National Cancer Institute  |  -.5773292   .1818649    -3.17   0.002    -.9338857   -.2207727
                          post_4 #|
National Health and Medical Rese  |   .1100932   .2114265     0.52   0.603    -.3044205    .5246069
           post_4#Wellcome Trust  |   .1262151   .2797725     0.45   0.652    -.4222949     .674725
         post_5#INCa/INSERM/DGOS  |   .1900776   .2322653     0.82   0.413    -.2652918     .645447
post_5#National Cancer Institute  |   -.772179   .1601975    -4.82   0.000    -1.086255   -.4581026
                          post_5 #|
National Health and Medical Rese  |  -.0558717   .2038574    -0.27   0.784    -.4555457    .3438023
           post_5#Wellcome Trust  |   .3317535   .3968388     0.84   0.403    -.4462716    1.109779
                                  |
                   rsr_career_age |   .1083435   .0043928    24.66   0.000     .0997312    .1169557
                 rsr_career_age_2 |  -.0013644   .0001318   -10.36   0.000    -.0016227   -.0011061
                                  |
              orcid_confirmed_cat |
                            True  |  -.1321911   .2855777    -0.46   0.643    -.6920824    .4277003
                                  |
                       gender_cat |
                               F  |  -.1009626   .0579345    -1.74   0.081    -.2145465    .0126214
                               M  |   .0826963   .0565333     1.46   0.144    -.0281405    .1935331
                                  |
                       start_year |
                            2008  |   .0344442    .061272     0.56   0.574     -.085683    .1545715
                            2009  |   .2522674   .0716304     3.52   0.000      .111832    .3927028
                            2010  |   .2813211   .0661754     4.25   0.000     .1515804    .4110618
                            2011  |    .483339   .0850587     5.68   0.000     .3165765    .6501015
                            2012  |   .5017524   .0752183     6.67   0.000     .3542827    .6492222
                                  |
                            _cons |   .5057172   .1405075     3.60   0.000     .2302442    .7811902
----------------------------------+----------------------------------------------------------------
                          sigma_u |  1.8691776
                          sigma_e |  2.8268644
                              rho |  .30420799   (fraction of variance due to u_i)
---------------------------------------------------------------------------------------------------
(est11 stored)

added macro:
          e(CountryFE) : "No"

added macro:
      e(AffiliationFE) : "Yes"

added macro:
       e(ResearcherFE) : "No"
       panel variable:  rsr_affiliation_id (unbalanced)

Fixed-effects (within) regression               Number of obs     =    132,913
Group variable: rsr_affili~d                    Number of groups  =      4,004

R-sq:                                           Obs per group:
     within  = 0.0821                                         min =         11
     between = 0.1570                                         avg =       33.2
     overall = 0.1002                                         max =      2,156

                                                F(64,4003)        =      44.08
corr(u_i, Xb)  = 0.0365                         Prob > F          =     0.0000

                                      (Std. Err. adjusted for 4,004 clusters in rsr_affiliation_id)
---------------------------------------------------------------------------------------------------
                                  |               Robust
              nb_collab_countries |      Coef.   Std. Err.      t    P>|t|     [95% Conf. Interval]
----------------------------------+----------------------------------------------------------------
                    pre_post_year |
                          post_1  |   .8059326    .101373     7.95   0.000     .6071851     1.00468
                          post_2  |   1.030388   .1360667     7.57   0.000     .7636218    1.297155
                          post_3  |    1.15507   .1368699     8.44   0.000     .8867291    1.423412
                          post_4  |   1.643932   .1937142     8.49   0.000     1.264145     2.02372
                          post_5  |   1.887672   .1704564    11.07   0.000     1.553482    2.221861
                          pre_-1  |   .4472355   .0872366     5.13   0.000     .2762031    .6182679
                          pre_-2  |     .25718   .0745495     3.45   0.001     .1110214    .4033386
                          pre_-3  |   .1289789     .06162     2.09   0.036     .0081694    .2497883
                          pre_-4  |   .0323995   .0582698     0.56   0.578    -.0818418    .1466407
                           pre_0  |   .6247267   .0926086     6.75   0.000     .4431623     .806291
                                  |
                        funder_id |
                INCa/INSERM/DGOS  |  -.0156635   .5192088    -0.03   0.976    -1.033602    1.002275
       National Cancer Institute  |   -.114148   .1456598    -0.78   0.433    -.3997222    .1714262
National Health and Medical Rese  |   .3272496   .1860079     1.76   0.079    -.0374293    .6919286
                  Wellcome Trust  |   .1140124   .1786075     0.64   0.523    -.2361578    .4641825
                                  |
          pre_post_year#funder_id |
         post_1#INCa/INSERM/DGOS  |   .0116015   .1718024     0.07   0.946     -.325227    .3484299
post_1#National Cancer Institute  |  -.4077654   .1046253    -3.90   0.000    -.6128894   -.2026415
                          post_1 #|
National Health and Medical Rese  |   .1475054    .143448     1.03   0.304    -.1337325    .4287433
           post_1#Wellcome Trust  |   -.058549   .1955909    -0.30   0.765    -.4420161    .3249182
         post_2#INCa/INSERM/DGOS  |   .0517718   .1837036     0.28   0.778    -.3083895    .4119332
post_2#National Cancer Institute  |  -.5049583   .1406411    -3.59   0.000    -.7806932   -.2292233
                          post_2 #|
National Health and Medical Rese  |   .0399052   .1706848     0.23   0.815     -.294732    .3745424
           post_2#Wellcome Trust  |   .2654573   .3064083     0.87   0.386    -.3352735    .8661881
         post_3#INCa/INSERM/DGOS  |   .1986442   .1886301     1.05   0.292    -.1711758    .5684641
post_3#National Cancer Institute  |  -.4660266   .1420372    -3.28   0.001    -.7444986   -.1875547
                          post_3 #|
National Health and Medical Rese  |   .0281496   .1916146     0.15   0.883    -.3475217    .4038209
           post_3#Wellcome Trust  |   .5570953   .3154377     1.77   0.077    -.0613383    1.175529
         post_4#INCa/INSERM/DGOS  |   .1261206   .2632564     0.48   0.632    -.3900086    .6422497
post_4#National Cancer Institute  |  -.7034043   .2024629    -3.47   0.001    -1.100344   -.3064642
                          post_4 #|
National Health and Medical Rese  |   .1194454   .2423431     0.49   0.622    -.3556821    .5945728
           post_4#Wellcome Trust  |    .091187     .32687     0.28   0.780    -.5496602    .7320341
         post_5#INCa/INSERM/DGOS  |   .2673545    .255493     1.05   0.295    -.2335541    .7682631
post_5#National Cancer Institute  |  -.8982478   .1774269    -5.06   0.000    -1.246103   -.5503923
                          post_5 #|
National Health and Medical Rese  |  -.0464451    .232547    -0.20   0.842    -.5023666    .4094764
           post_5#Wellcome Trust  |   .2974429   .4310723     0.69   0.490    -.5476988    1.142585
         pre_-1#INCa/INSERM/DGOS  |   .1353546   .1328585     1.02   0.308     -.125122    .3958313
pre_-1#National Cancer Institute  |  -.2426578   .0900989    -2.69   0.007    -.4193019   -.0660137
                          pre_-1 #|
National Health and Medical Rese  |   .0416513    .133567     0.31   0.755    -.2202143     .303517
           pre_-1#Wellcome Trust  |   .0557783   .2085183     0.27   0.789    -.3530338    .4645903
         pre_-2#INCa/INSERM/DGOS  |   .0936041   .1136343     0.82   0.410    -.1291823    .3163906
pre_-2#National Cancer Institute  |  -.1144695   .0781983    -1.46   0.143    -.2677817    .0388428
                          pre_-2 #|
National Health and Medical Rese  |  -.0330338   .1127579    -0.29   0.770     -.254102    .1880345
           pre_-2#Wellcome Trust  |  -.1112987   .1492228    -0.75   0.456    -.4038584     .181261
         pre_-3#INCa/INSERM/DGOS  |   .0800787   .1011163     0.79   0.428    -.1181656    .2783231
pre_-3#National Cancer Institute  |  -.0495736    .064148    -0.77   0.440    -.1753394    .0761922
                          pre_-3 #|
National Health and Medical Rese  |   .0137954   .1031483     0.13   0.894    -.1884327    .2160235
           pre_-3#Wellcome Trust  |  -.0968617   .1302816    -0.74   0.457    -.3522862    .1585628
         pre_-4#INCa/INSERM/DGOS  |   .0352953   .0910354     0.39   0.698    -.1431847    .2137753
pre_-4#National Cancer Institute  |   .0130099   .0614508     0.21   0.832    -.1074678    .1334876
                          pre_-4 #|
National Health and Medical Rese  |   .0237778   .0998287     0.24   0.812    -.1719421    .2194977
           pre_-4#Wellcome Trust  |  -.0910863    .105277    -0.87   0.387    -.2974879    .1153153
          pre_0#INCa/INSERM/DGOS  |   .1232936   .1411168     0.87   0.382     -.153374    .3999611
 pre_0#National Cancer Institute  |   -.363006    .094517    -3.84   0.000     -.548312      -.1777
                           pre_0 #|
National Health and Medical Rese  |   .0070198   .1292515     0.05   0.957    -.2463852    .2604248
            pre_0#Wellcome Trust  |   .0053185   .1924288     0.03   0.978    -.3719491    .3825861
                                  |
                   rsr_career_age |   .1031587   .0044638    23.11   0.000     .0944071    .1119103
                 rsr_career_age_2 |   -.001276   .0001322    -9.65   0.000    -.0015352   -.0010168
                                  |
              orcid_confirmed_cat |
                            True  |  -.1280737   .2864349    -0.45   0.655    -.6896456    .4334981
                                  |
                       gender_cat |
                               F  |  -.1013952    .058016    -1.75   0.081    -.2151389    .0123484
                               M  |   .0904022   .0565478     1.60   0.110    -.0204629    .2012673
                                  |
                       start_year |
                            2008  |   .0334711   .0612966     0.55   0.585    -.0867044    .1536466
                            2009  |   .2537467   .0716697     3.54   0.000     .1132341    .3942592
                            2010  |   .2808121    .066221     4.24   0.000     .1509821    .4106421
                            2011  |   .4828617   .0850564     5.68   0.000     .3161039    .6496196
                            2012  |   .4987142   .0752801     6.62   0.000     .3511233    .6463051
                                  |
                            _cons |   .2928547   .1482032     1.98   0.048      .002294    .5834154
----------------------------------+----------------------------------------------------------------
                          sigma_u |  1.8708269
                          sigma_e |  2.8249232
                              rho |  .30487258   (fraction of variance due to u_i)
---------------------------------------------------------------------------------------------------
(est12 stored)

added macro:
          e(CountryFE) : "No"

added macro:
      e(AffiliationFE) : "Yes"

added macro:
       e(ResearcherFE) : "No"
       panel variable:  person_id (balanced)
note: 2.funder_id omitted because of collinearity
note: 3.funder_id omitted because of collinearity
note: 4.funder_id omitted because of collinearity
note: 5.funder_id omitted because of collinearity

Fixed-effects (within) regression               Number of obs     =    132,913
Group variable: person_id                       Number of groups  =     12,083

R-sq:                                           Obs per group:
     within  = 0.0563                                         min =         11
     between = 0.0224                                         avg =       11.0
     overall = 0.0367                                         max =         11

                                                F(5,12082)        =     507.45
corr(u_i, Xb)  = 0.0192                         Prob > F          =     0.0000

                                              (Std. Err. adjusted for 12,083 clusters in person_id)
---------------------------------------------------------------------------------------------------
                                  |               Robust
              nb_collab_countries |      Coef.   Std. Err.      t    P>|t|     [95% Conf. Interval]
----------------------------------+----------------------------------------------------------------
                      1.post_flag |   1.413643   .0857772    16.48   0.000     1.245506    1.581781
                                  |
                        funder_id |
                INCa/INSERM/DGOS  |          0  (omitted)
       National Cancer Institute  |          0  (omitted)
National Health and Medical Rese  |          0  (omitted)
                  Wellcome Trust  |          0  (omitted)
                                  |
              post_flag#funder_id |
              1#INCa/INSERM/DGOS  |   .0461669   .1222643     0.38   0.706    -.1934906    .2858245
     1#National Cancer Institute  |  -.4694624   .0891663    -5.27   0.000    -.6442427   -.2946821
                               1 #|
National Health and Medical Rese  |   .0547515   .1122836     0.49   0.626    -.1653423    .2748453
                1#Wellcome Trust  |   .3271729   .2242495     1.46   0.145    -.1123921    .7667379
                                  |
                            _cons |   1.606637   .0099464   161.53   0.000     1.587141    1.626134
----------------------------------+----------------------------------------------------------------
                          sigma_u |  2.1380741
                          sigma_e |  2.4090198
                              rho |  .44062425   (fraction of variance due to u_i)
---------------------------------------------------------------------------------------------------
(est13 stored)

added macro:
          e(CountryFE) : "No"

added macro:
      e(AffiliationFE) : "No"

added macro:
       e(ResearcherFE) : "Yes"
       panel variable:  person_id (balanced)
note: 2.funder_id omitted because of collinearity
note: 3.funder_id omitted because of collinearity
note: 4.funder_id omitted because of collinearity
note: 5.funder_id omitted because of collinearity

Fixed-effects (within) regression               Number of obs     =    132,913
Group variable: person_id                       Number of groups  =     12,083

R-sq:                                           Obs per group:
     within  = 0.0677                                         min =         11
     between = 0.0224                                         avg =       11.0
     overall = 0.0429                                         max =         11

                                                F(25,12082)       =     102.78
corr(u_i, Xb)  = 0.0175                         Prob > F          =     0.0000

                                              (Std. Err. adjusted for 12,083 clusters in person_id)
---------------------------------------------------------------------------------------------------
                                  |               Robust
              nb_collab_countries |      Coef.   Std. Err.      t    P>|t|     [95% Conf. Interval]
----------------------------------+----------------------------------------------------------------
                        post_year |
                          post_1  |   .7968992   .0804648     9.90   0.000     .6391754    .9546231
                          post_2  |   1.082946    .102118    10.60   0.000      .882778    1.283113
                          post_3  |   1.266667   .1041317    12.16   0.000     1.062552    1.470782
                          post_4  |   1.812016   .1528841    11.85   0.000     1.512338    2.111693
                          post_5  |    2.10969   .1480013    14.25   0.000     1.819584    2.399796
                                  |
                        funder_id |
                INCa/INSERM/DGOS  |          0  (omitted)
       National Cancer Institute  |          0  (omitted)
National Health and Medical Rese  |          0  (omitted)
                  Wellcome Trust  |          0  (omitted)
                                  |
              post_year#funder_id |
         post_1#INCa/INSERM/DGOS  |  -.0707869   .1217658    -0.58   0.561    -.3094673    .1678935
post_1#National Cancer Institute  |  -.2813298     .08366    -3.36   0.001    -.4453169   -.1173428
                          post_1 #|
National Health and Medical Rese  |   .1423965   .1136113     1.25   0.210    -.0802998    .3650928
           post_1#Wellcome Trust  |   .0173865   .1565724     0.11   0.912    -.2895205    .3242935
         post_2#INCa/INSERM/DGOS  |  -.0318881   .1433121    -0.22   0.824    -.3128028    .2490265
post_2#National Cancer Institute  |  -.3784314   .1053087    -3.59   0.000    -.5848534   -.1720094
                          post_2 #|
National Health and Medical Rese  |   .0358704   .1330845     0.27   0.788    -.2249965    .2967373
           post_2#Wellcome Trust  |   .3517481   .2649181     1.33   0.184    -.1675338    .8710301
         post_3#INCa/INSERM/DGOS  |   .1137126   .1518118     0.75   0.454    -.1838629    .4112882
post_3#National Cancer Institute  |  -.3394085   .1088011    -3.12   0.002    -.5526762   -.1261408
                          post_3 #|
National Health and Medical Rese  |    .025189   .1388396     0.18   0.856    -.2469588    .2973369
           post_3#Wellcome Trust  |   .6537415   .2858941     2.29   0.022     .0933431     1.21414
         post_4#INCa/INSERM/DGOS  |   .0399174   .2160692     0.18   0.853     -.383613    .4634478
post_4#National Cancer Institute  |  -.5766949    .158499    -3.64   0.000    -.8873784   -.2660115
                          post_4 #|
National Health and Medical Rese  |   .1175589   .1939038     0.61   0.544    -.2625236    .4976414
           post_4#Wellcome Trust  |   .1981886   .3123948     0.63   0.526    -.4141554    .8105326
         post_5#INCa/INSERM/DGOS  |   .1798797   .2205857     0.82   0.415    -.2525037    .6122631
post_5#National Cancer Institute  |  -.7714471   .1543084    -5.00   0.000    -1.073916   -.4689779
                          post_5 #|
National Health and Medical Rese  |  -.0472574   .1952204    -0.24   0.809    -.4299207    .3354058
           post_5#Wellcome Trust  |   .4147999   .4020435     1.03   0.302    -.3732699     1.20287
                                  |
                            _cons |   1.606637   .0099472   161.52   0.000     1.587139    1.626135
----------------------------------+----------------------------------------------------------------
                          sigma_u |  2.1380741
                          sigma_e |  2.3946298
                              rho |  .44357971   (fraction of variance due to u_i)
---------------------------------------------------------------------------------------------------
(est14 stored)

added macro:
          e(CountryFE) : "No"

added macro:
      e(AffiliationFE) : "No"

added macro:
       e(ResearcherFE) : "Yes"
       panel variable:  person_id (balanced)
note: 2.funder_id omitted because of collinearity
note: 3.funder_id omitted because of collinearity
note: 4.funder_id omitted because of collinearity
note: 5.funder_id omitted because of collinearity

Fixed-effects (within) regression               Number of obs     =    132,913
Group variable: person_id                       Number of groups  =     12,083

R-sq:                                           Obs per group:
     within  = 0.0746                                         min =         11
     between = 0.0234                                         avg =       11.0
     overall = 0.0493                                         max =         11

                                                F(50,12082)       =      59.98
corr(u_i, Xb)  = 0.0188                         Prob > F          =     0.0000

                                              (Std. Err. adjusted for 12,083 clusters in person_id)
---------------------------------------------------------------------------------------------------
                                  |               Robust
              nb_collab_countries |      Coef.   Std. Err.      t    P>|t|     [95% Conf. Interval]
----------------------------------+----------------------------------------------------------------
                    pre_post_year |
                          post_1  |    1.22907   .1032037    11.91   0.000     1.026774    1.431366
                          post_2  |   1.515116   .1212306    12.50   0.000     1.277485    1.752748
                          post_3  |   1.698837   .1239571    13.71   0.000     1.455862    1.941813
                          post_4  |   2.244186   .1705326    13.16   0.000     1.909915    2.578457
                          post_5  |    2.54186   .1653731    15.37   0.000     2.217703    2.866018
                          pre_-1  |   .7395349   .0890454     8.31   0.000     .5649917    .9140781
                          pre_-2  |   .4802326   .0728622     6.59   0.000     .3374109    .6230542
                          pre_-3  |   .2802326   .0608743     4.60   0.000     .1609092     .399556
                          pre_-4  |   .1093023   .0582427     1.88   0.061    -.0048626    .2234673
                           pre_0  |   .9837209   .0924888    10.64   0.000      .802428    1.165014
                                  |
                        funder_id |
                INCa/INSERM/DGOS  |          0  (omitted)
       National Cancer Institute  |          0  (omitted)
National Health and Medical Rese  |          0  (omitted)
                  Wellcome Trust  |          0  (omitted)
                                  |
          pre_post_year#funder_id |
         post_1#INCa/INSERM/DGOS  |   .0039718   .1514355     0.03   0.979     -.292866    .3008096
post_1#National Cancer Institute  |  -.4072179   .1068982    -3.81   0.000    -.6167556   -.1976802
                          post_1 #|
National Health and Medical Rese  |   .1539503   .1452535     1.06   0.289    -.1307697    .4386704
           post_1#Wellcome Trust  |   .0035833   .1981108     0.02   0.986    -.3847456    .3919121
         post_2#INCa/INSERM/DGOS  |   .0428706   .1728559     0.25   0.804    -.2959547    .3816959
post_2#National Cancer Institute  |  -.5043194   .1250265    -4.03   0.000    -.7493915   -.2592474
                          post_2 #|
National Health and Medical Rese  |   .0474242   .1638881     0.29   0.772    -.2738228    .3686713
           post_2#Wellcome Trust  |   .3379449   .2990739     1.13   0.259    -.2482878    .9241777
         post_3#INCa/INSERM/DGOS  |   .1884713   .1812506     1.04   0.298    -.1668089    .5437516
post_3#National Cancer Institute  |  -.4652965   .1291223    -3.60   0.000    -.7183969   -.2121962
                          post_3 #|
National Health and Medical Rese  |   .0367428   .1708592     0.22   0.830    -.2981686    .3716543
           post_3#Wellcome Trust  |   .6399383    .317989     2.01   0.044     .0166288    1.263248
         post_4#INCa/INSERM/DGOS  |   .1146761   .2397376     0.48   0.632    -.3552481    .5846003
post_4#National Cancer Institute  |  -.7025829   .1766021    -3.98   0.000    -1.048751   -.3564145
                          post_4 #|
National Health and Medical Rese  |   .1291127   .2222645     0.58   0.561    -.3065614    .5647868
           post_4#Wellcome Trust  |   .1843854   .3469658     0.53   0.595    -.4957232     .864494
         post_5#INCa/INSERM/DGOS  |   .2546384   .2433192     1.05   0.295    -.2223063    .7315831
post_5#National Cancer Institute  |  -.8973352   .1721432    -5.21   0.000    -1.234763    -.559907
                          post_5 #|
National Health and Medical Rese  |  -.0357036   .2220851    -0.16   0.872    -.4710261    .3996189
           post_5#Wellcome Trust  |   .4009967   .4382259     0.92   0.360    -.4579963     1.25999
         pre_-1#INCa/INSERM/DGOS  |   .1302682    .134361     0.97   0.332     -.133101    .3936373
pre_-1#National Cancer Institute  |  -.2422928   .0916879    -2.64   0.008    -.4220157   -.0625699
                          pre_-1 #|
National Health and Medical Rese  |   .0459479   .1286538     0.36   0.721    -.2062342    .2981301
           pre_-1#Wellcome Trust  |   .0971998   .1916284     0.51   0.612    -.2784227    .4728223
         pre_-2#INCa/INSERM/DGOS  |   .0897893   .1140588     0.79   0.431    -.1337842    .3133629
pre_-2#National Cancer Institute  |  -.1141957   .0755534    -1.51   0.131    -.2622926    .0339011
                          pre_-2 #|
National Health and Medical Rese  |  -.0298113   .1081019    -0.28   0.783    -.2417083    .1820857
           pre_-2#Wellcome Trust  |  -.0802326   .1381647    -0.58   0.561    -.3510576    .1905924
         pre_-3#INCa/INSERM/DGOS  |   .0775355   .1020987     0.76   0.448    -.1225944    .2776654
pre_-3#National Cancer Institute  |  -.0493911   .0635792    -0.78   0.437    -.1740165    .0752343
                          pre_-3 #|
National Health and Medical Rese  |   .0159437   .1055497     0.15   0.880    -.1909507    .2228381
           pre_-3#Wellcome Trust  |  -.0761509   .1251777    -0.61   0.543    -.3215193    .1692174
         pre_-4#INCa/INSERM/DGOS  |   .0340237   .0898346     0.38   0.705    -.1420664    .2101139
pre_-4#National Cancer Institute  |   .0131011   .0604599     0.22   0.828      -.10541    .1316123
                          pre_-4 #|
National Health and Medical Rese  |   .0248519   .1002734     0.25   0.804       -.1717    .2214038
           pre_-4#Wellcome Trust  |  -.0807309   .1037908    -0.78   0.437    -.2841774    .1227156
          pre_0#INCa/INSERM/DGOS  |   .1169355   .1373721     0.85   0.395    -.1523357    .3862068
 pre_0#National Cancer Institute  |  -.3625497   .0956032    -3.79   0.000    -.5499473   -.1751521
                           pre_0 #|
National Health and Medical Rese  |   .0123905   .1317897     0.09   0.925    -.2459384    .2707195
            pre_0#Wellcome Trust  |   .0570954   .1976917     0.29   0.773    -.3304121    .4446028
                                  |
                            _cons |   1.256393   .0180628    69.56   0.000     1.220987    1.291799
----------------------------------+----------------------------------------------------------------
                          sigma_u |  2.1318745
                          sigma_e |  2.3860025
                              rho |  .44392799   (fraction of variance due to u_i)
---------------------------------------------------------------------------------------------------
(est15 stored)

added macro:
          e(CountryFE) : "No"

added macro:
      e(AffiliationFE) : "No"

added macro:
       e(ResearcherFE) : "Yes"
