----------------------------------------------------------------------------------------------------
      name:  <unnamed>
       log:  /Users/nj995/dropbox/projects/2018_helios/output/regression_results/20181112_nb_pubs.lo
> g
  log type:  text
 opened on:  12 Nov 2018, 15:53:46

      Source |       SS           df       MS      Number of obs   =   132,913
-------------+----------------------------------   F(14, 132898)   =    173.91
       Model |  185722.767        14  13265.9119   Prob > F        =    0.0000
    Residual |  10137319.1   132,898  76.2789442   R-squared       =    0.0180
-------------+----------------------------------   Adj R-squared   =    0.0179
       Total |  10323041.9   132,912  77.6682458   Root MSE        =    8.7338

---------------------------------------------------------------------------------------------------
                      nb_pubs_res |      Coef.   Std. Err.      t    P>|t|     [95% Conf. Interval]
----------------------------------+----------------------------------------------------------------
                      1.post_flag |   1.853046   .1804436    10.27   0.000      1.49938    2.206712
                                  |
                        funder_id |
                INCa/INSERM/DGOS  |   1.380832   .1696246     8.14   0.000     1.048371    1.713293
       National Cancer Institute  |   .6940352   .1279873     5.42   0.000     .4431824    .9448879
National Health and Medical Rese  |   .2084895   .1520595     1.37   0.170    -.0895444    .5065234
                  Wellcome Trust  |  -.5955527   .2582899    -2.31   0.021    -1.101796   -.0893092
                                  |
              post_flag#funder_id |
              1#INCa/INSERM/DGOS  |   .8358305   .2513175     3.33   0.001     .3432528    1.328408
     1#National Cancer Institute  |   .3075062   .1893205     1.62   0.104    -.0635585    .6785709
                               1 #|
National Health and Medical Rese  |   .6653379    .225136     2.96   0.003     .2240754      1.1066
                1#Wellcome Trust  |  -.1537237   .3824327    -0.40   0.688    -.9032849    .5958375
                                  |
                       start_year |
                            2008  |   .0161838   .0777238     0.21   0.835    -.1361535    .1685211
                            2009  |  -.0077404   .0752881    -0.10   0.918    -.1553038     .139823
                            2010  |  -.0127368   .0819627    -0.16   0.877    -.1733822    .1479086
                            2011  |   .0037545   .0830056     0.05   0.964    -.1589349     .166444
                            2012  |   -.020651    .085184    -0.24   0.808    -.1876102    .1463081
                                  |
                            _cons |  -1.612476   .1279361   -12.60   0.000    -1.863228   -1.361723
---------------------------------------------------------------------------------------------------
(est1 stored)

added macro:
          e(CountryFE) : "No"

added macro:
      e(AffiliationFE) : "No"

added macro:
       e(ResearcherFE) : "No"

      Source |       SS           df       MS      Number of obs   =   132,913
-------------+----------------------------------   F(34, 132878)   =     76.10
       Model |  197178.337        34  5799.36286   Prob > F        =    0.0000
    Residual |  10125863.6   132,878   76.204214   R-squared       =    0.0191
-------------+----------------------------------   Adj R-squared   =    0.0188
       Total |  10323041.9   132,912  77.6682458   Root MSE        =    8.7295

---------------------------------------------------------------------------------------------------
                      nb_pubs_res |      Coef.   Std. Err.      t    P>|t|     [95% Conf. Interval]
----------------------------------+----------------------------------------------------------------
                        post_year |
                          post_1  |   1.088669   .3217113     3.38   0.001     .4581207    1.719217
                          post_2  |   1.458867   .3217113     4.53   0.000     .8283186    2.089415
                          post_3  |    1.99903   .3217113     6.21   0.000     1.368482    2.629578
                          post_4  |   2.463523   .3217113     7.66   0.000     1.832975    3.094072
                          post_5  |   2.255142   .3217113     7.01   0.000     1.624593     2.88569
                                  |
                        funder_id |
                INCa/INSERM/DGOS  |   1.380832   .1695415     8.14   0.000     1.048534     1.71313
       National Cancer Institute  |   .6940352   .1279246     5.43   0.000     .4433053     .944765
National Health and Medical Rese  |   .2084895    .151985     1.37   0.170    -.0893984    .5063774
                  Wellcome Trust  |  -.5955527   .2581633    -2.31   0.021    -1.101548   -.0895573
                                  |
              post_year#funder_id |
         post_1#INCa/INSERM/DGOS  |   .7295294   .4480718     1.63   0.103    -.1486831    1.607742
post_1#National Cancer Institute  |   .5787018   .3375378     1.71   0.086    -.0828662     1.24027
                          post_1 #|
National Health and Medical Rese  |   .6162349    .401393     1.54   0.125    -.1704882    1.402958
           post_1#Wellcome Trust  |   .1179706   .6818359     0.17   0.863    -1.218415    1.454357
         post_2#INCa/INSERM/DGOS  |   1.025633   .4480718     2.29   0.022     .1474209    1.903846
post_2#National Cancer Institute  |   .3691658   .3375378     1.09   0.274    -.2924022    1.030734
                          post_2 #|
National Health and Medical Rese  |   .4735159    .401393     1.18   0.238    -.3132072    1.260239
           post_2#Wellcome Trust  |  -.2806826   .6818359    -0.41   0.681    -1.617069    1.055703
         post_3#INCa/INSERM/DGOS  |   .7217943   .4480718     1.61   0.107    -.1564182    1.600007
post_3#National Cancer Institute  |   .2516058   .3375378     0.75   0.456    -.4099622    .9131738
                          post_3 #|
National Health and Medical Rese  |   .3844223    .401393     0.96   0.338    -.4023008    1.171145
           post_3#Wellcome Trust  |  -.2923903   .6818359    -0.43   0.668    -1.628776    1.043996
         post_4#INCa/INSERM/DGOS  |   .5975633   .4480718     1.33   0.182    -.2806492    1.475776
post_4#National Cancer Institute  |   .0505789   .3375378     0.15   0.881    -.6109891    .7121469
                          post_4 #|
National Health and Medical Rese  |     .84151    .401393     2.10   0.036     .0547869    1.628233
           post_4#Wellcome Trust  |  -.0048514   .6818359    -0.01   0.994    -1.341237    1.331535
         post_5#INCa/INSERM/DGOS  |   1.104632   .4480718     2.47   0.014     .2264197    1.982845
post_5#National Cancer Institute  |   .2874785   .3375378     0.85   0.394    -.3740895    .9490465
                          post_5 #|
National Health and Medical Rese  |   1.011007    .401393     2.52   0.012     .2242835     1.79773
           post_5#Wellcome Trust  |  -.3086647   .6818359    -0.45   0.651    -1.645051    1.027721
                                  |
                       start_year |
                            2008  |   .0161838   .0776858     0.21   0.835    -.1360788    .1684465
                            2009  |  -.0077404   .0752513    -0.10   0.918    -.1552315    .1397507
                            2010  |  -.0127368   .0819225    -0.16   0.876    -.1733035    .1478299
                            2011  |   .0037545   .0829649     0.05   0.964    -.1588552    .1663643
                            2012  |   -.020651   .0851423    -0.24   0.808    -.1875284    .1462263
                                  |
                            _cons |  -1.612476   .1278734   -12.61   0.000    -1.863105   -1.361846
---------------------------------------------------------------------------------------------------
(est2 stored)

added macro:
          e(CountryFE) : "No"

added macro:
      e(AffiliationFE) : "No"

added macro:
       e(ResearcherFE) : "No"

      Source |       SS           df       MS      Number of obs   =   132,913
-------------+----------------------------------   F(16, 132896)   =    838.74
       Model |  946814.928        16   59175.933   Prob > F        =    0.0000
    Residual |  9376226.96   132,896  70.5531164   R-squared       =    0.0917
-------------+----------------------------------   Adj R-squared   =    0.0916
       Total |  10323041.9   132,912  77.6682458   Root MSE        =    8.3996

---------------------------------------------------------------------------------------------------
                      nb_pubs_res |      Coef.   Std. Err.      t    P>|t|     [95% Conf. Interval]
----------------------------------+----------------------------------------------------------------
                      1.post_flag |   .4918965   .1740463     2.83   0.005     .1507689    .8330241
                                  |
                        funder_id |
                INCa/INSERM/DGOS  |   1.340632   .1631417     8.22   0.000     1.020878    1.660387
       National Cancer Institute  |   .8416129   .1231271     6.84   0.000     .6002861     1.08294
National Health and Medical Rese  |   .3575942   .1462525     2.45   0.014     .0709419    .6442465
                  Wellcome Trust  |   .9432806   .2490443     3.79   0.000     .4551582    1.431403
                                  |
              post_flag#funder_id |
              1#INCa/INSERM/DGOS  |   .8621105   .2417018     3.57   0.000     .3883795    1.335842
     1#National Cancer Institute  |   .3032238   .1820763     1.67   0.096    -.0536424    .6600901
                               1 #|
National Health and Medical Rese  |   .6311393   .2165228     2.91   0.004     .2067586     1.05552
                1#Wellcome Trust  |  -.4757156   .3678715    -1.29   0.196    -1.196737    .2453059
                                  |
                   rsr_career_age |   .4600523   .0059473    77.36   0.000     .4483957    .4717088
                 rsr_career_age_2 |  -.0070983   .0001607   -44.16   0.000    -.0074133   -.0067832
                                  |
                       start_year |
                            2008  |   .1730821   .0747657     2.31   0.021     .0265427    .3196216
                            2009  |  -.1559972   .0724648    -2.15   0.031    -.2980269   -.0139675
                            2010  |   .0621518   .0788299     0.79   0.430    -.0923533    .2166569
                            2011  |   .1155029   .0798384     1.45   0.148     -.040979    .2719847
                            2012  |   .2779698   .0819934     3.39   0.001     .1172642    .4386755
                                  |
                            _cons |   -5.66238   .1299908   -43.56   0.000     -5.91716   -5.407601
---------------------------------------------------------------------------------------------------
(est3 stored)

added macro:
          e(CountryFE) : "No"

added macro:
      e(AffiliationFE) : "No"

added macro:
       e(ResearcherFE) : "No"

      Source |       SS           df       MS      Number of obs   =   132,913
-------------+----------------------------------   F(36, 132876)   =    373.67
       Model |  949011.972        36  26361.4437   Prob > F        =    0.0000
    Residual |  9374029.92   132,876  70.5472013   R-squared       =    0.0919
-------------+----------------------------------   Adj R-squared   =    0.0917
       Total |  10323041.9   132,912  77.6682458   Root MSE        =    8.3992

---------------------------------------------------------------------------------------------------
                      nb_pubs_res |      Coef.   Std. Err.      t    P>|t|     [95% Conf. Interval]
----------------------------------+----------------------------------------------------------------
                        post_year |
                          post_1  |   .1586733    .309671     0.51   0.608    -.4482763    .7656229
                          post_2  |   .3010301   .3097442     0.97   0.331    -.3060629    .9081231
                          post_3  |    .627554   .3098309     2.03   0.043     .0202912    1.234817
                          post_4  |   .8926105   .3099312     2.88   0.004     .2851509     1.50007
                          post_5  |   .4989935   .3100466     1.61   0.108    -.1086921    1.106679
                                  |
                        funder_id |
                INCa/INSERM/DGOS  |   1.340963   .1631349     8.22   0.000     1.021221    1.660704
       National Cancer Institute  |   .8416177   .1231219     6.84   0.000     .6003009    1.082934
National Health and Medical Rese  |   .3573697   .1462464     2.44   0.015     .0707294    .6440099
                  Wellcome Trust  |   .9407004   .2490351     3.78   0.000     .4525961    1.428805
                                  |
              post_year#funder_id |
         post_1#INCa/INSERM/DGOS  |   .7462595     .43112     1.73   0.083    -.0987279    1.591247
post_1#National Cancer Institute  |   .5759756   .3247677     1.77   0.076    -.0605632    1.212514
                          post_1 #|
National Health and Medical Rese  |   .5944637   .3862074     1.54   0.124    -.1624958    1.351423
           post_1#Wellcome Trust  |  -.0870122   .6560564    -0.13   0.894    -1.372871    1.198846
         post_2#INCa/INSERM/DGOS  |   1.047144   .4311201     2.43   0.015      .202156    1.892131
post_2#National Cancer Institute  |   .3656607   .3247677     1.13   0.260    -.2708781      1.0022
                          post_2 #|
National Health and Medical Rese  |   .4455244   .3862076     1.15   0.249    -.3114355    1.202484
           post_2#Wellcome Trust  |  -.5442319   .6560671    -0.83   0.407    -1.830111    .7416477
         post_3#INCa/INSERM/DGOS  |   .7480844   .4311202     1.74   0.083    -.0969034    1.593072
post_3#National Cancer Institute  |   .2473218   .3247677     0.76   0.446     -.389217    .8838607
                          post_3 #|
National Health and Medical Rese  |   .3502105   .3862079     0.91   0.365    -.4067499    1.107171
           post_3#Wellcome Trust  |  -.6145061   .6560805    -0.94   0.349    -1.900412    .6713997
         post_4#INCa/INSERM/DGOS  |   .6286334   .4311204     1.46   0.145    -.2163547    1.473622
post_4#National Cancer Institute  |    .045516   .3247677     0.14   0.889    -.5910228    .6820549
                          post_4 #|
National Health and Medical Rese  |   .8010779   .3862082     2.07   0.038     .0441169    1.558039
           post_4#Wellcome Trust  |  -.3855336   .6560966    -0.59   0.557    -1.671471    .9004037
         post_5#INCa/INSERM/DGOS  |   1.140482   .4311206     2.65   0.008     .2954939    1.985471
post_5#National Cancer Institute  |   .2816367   .3247677     0.87   0.386    -.3549021    .9181756
                          post_5 #|
National Health and Medical Rese  |   .9643541   .3862085     2.50   0.013     .2073924    1.721316
           post_5#Wellcome Trust  |  -.7479135   .6561153    -1.14   0.254    -2.033888    .5380606
                                  |
                   rsr_career_age |   .4594293     .00595    77.21   0.000     .4477674    .4710913
                 rsr_career_age_2 |   -.007101   .0001607   -44.17   0.000    -.0074161   -.0067859
                                  |
                       start_year |
                            2008  |   .1727171   .0747627     2.31   0.021     .0261837    .3192506
                            2009  |  -.1552417   .0724622    -2.14   0.032    -.2972662   -.0132172
                            2010  |   .0619355   .0788266     0.79   0.432    -.0925632    .2164342
                            2011  |   .1152873   .0798351     1.44   0.149     -.041188    .2717627
                            2012  |    .277443   .0819902     3.38   0.001     .1167438    .4381422
                                  |
                            _cons |  -5.654039   .1300102   -43.49   0.000    -5.908857   -5.399222
---------------------------------------------------------------------------------------------------
(est4 stored)

added macro:
          e(CountryFE) : "No"

added macro:
      e(AffiliationFE) : "No"

added macro:
       e(ResearcherFE) : "No"
       panel variable:  rsr_affiliation_id (unbalanced)

Fixed-effects (within) regression               Number of obs     =    132,913
Group variable: rsr_affili~d                    Number of groups  =      4,002

R-sq:                                           Obs per group:
     within  = 0.0783                                         min =         11
     between = 0.1217                                         avg =       33.2
     overall = 0.0886                                         max =      2,145

                                                F(16,4001)        =     164.95
corr(u_i, Xb)  = -0.0069                        Prob > F          =     0.0000

                                      (Std. Err. adjusted for 4,002 clusters in rsr_affiliation_id)
---------------------------------------------------------------------------------------------------
                                  |               Robust
                      nb_pubs_res |      Coef.   Std. Err.      t    P>|t|     [95% Conf. Interval]
----------------------------------+----------------------------------------------------------------
                      1.post_flag |   .4945602   .1704855     2.90   0.004     .1603137    .8288067
                                  |
                        funder_id |
                INCa/INSERM/DGOS  |  -.0246673    .776947    -0.03   0.975    -1.547916    1.498582
       National Cancer Institute  |   .9656427   .3688519     2.62   0.009     .2424876    1.688798
National Health and Medical Rese  |   1.172535   .5626181     2.08   0.037     .0694904     2.27558
                  Wellcome Trust  |   .8984026   .3961752     2.27   0.023     .1216785    1.675127
                                  |
              post_flag#funder_id |
              1#INCa/INSERM/DGOS  |   .8593553   .2826442     3.04   0.002     .3052152    1.413495
     1#National Cancer Institute  |   .3036728   .1780722     1.71   0.088    -.0454479    .6527935
                               1 #|
National Health and Medical Rese  |   .6347248   .2140869     2.96   0.003     .2149951    1.054454
                1#Wellcome Trust  |  -.4419568    .313997    -1.41   0.159    -1.057566    .1736523
                                  |
                   rsr_career_age |   .4372813   .0155898    28.05   0.000     .4067166     .467846
                 rsr_career_age_2 |  -.0063541   .0004584   -13.86   0.000    -.0072527   -.0054554
                                  |
                       start_year |
                            2008  |   .1313194   .2371158     0.55   0.580    -.3335596    .5961984
                            2009  |  -.1912363   .2101144    -0.91   0.363    -.6031777    .2207051
                            2010  |  -.1368855    .232066    -0.59   0.555     -.591864    .3180931
                            2011  |   .1631353   .2447703     0.67   0.505    -.3167509    .6430214
                            2012  |   .2842259   .2058331     1.38   0.167    -.1193216    .6877734
                                  |
                            _cons |  -5.620999    .373155   -15.06   0.000    -6.352591   -4.889408
----------------------------------+----------------------------------------------------------------
                          sigma_u |   6.006331
                          sigma_e |  7.5921035
                              rho |   .3849502   (fraction of variance due to u_i)
---------------------------------------------------------------------------------------------------
(est5 stored)

added macro:
          e(CountryFE) : "No"

added macro:
      e(AffiliationFE) : "Yes"

added macro:
       e(ResearcherFE) : "No"
       panel variable:  rsr_affiliation_id (unbalanced)

Fixed-effects (within) regression               Number of obs     =    132,913
Group variable: rsr_affili~d                    Number of groups  =      4,002

R-sq:                                           Obs per group:
     within  = 0.0786                                         min =         11
     between = 0.1217                                         avg =       33.2
     overall = 0.0888                                         max =      2,145

                                                F(36,4001)        =      77.88
corr(u_i, Xb)  = -0.0060                        Prob > F          =     0.0000

                                      (Std. Err. adjusted for 4,002 clusters in rsr_affiliation_id)
---------------------------------------------------------------------------------------------------
                                  |               Robust
                      nb_pubs_res |      Coef.   Std. Err.      t    P>|t|     [95% Conf. Interval]
----------------------------------+----------------------------------------------------------------
                        post_year |
                          post_1  |   .1687268   .1346813     1.25   0.210    -.0953235    .4327772
                          post_2  |   .3099804    .178265     1.74   0.082    -.0395184    .6594792
                          post_3  |   .6339102   .1999062     3.17   0.002     .2419826    1.025838
                          post_4  |   .8948817   .2600045     3.44   0.001     .3851281    1.404635
                          post_5  |   .4956889   .2462451     2.01   0.044     .0129113    .9784665
                                  |
                        funder_id |
                INCa/INSERM/DGOS  |   -.023804     .77671    -0.03   0.976    -1.546588     1.49898
       National Cancer Institute  |   .9672873   .3687505     2.62   0.009     .2443308    1.690244
National Health and Medical Rese  |   1.174252    .562793     2.09   0.037     .0708641     2.27764
                  Wellcome Trust  |    .895048   .3957649     2.26   0.024     .1191284    1.670968
                                  |
              post_year#funder_id |
         post_1#INCa/INSERM/DGOS  |   .7445032   .2462084     3.02   0.003     .2617975    1.227209
post_1#National Cancer Institute  |   .5762618   .1854086     3.11   0.002     .2127578    .9397659
                          post_1 #|
National Health and Medical Rese  |   .5967492   .2509395     2.38   0.017      .104768     1.08873
           post_1#Wellcome Trust  |  -.0654939   .2858093    -0.23   0.819    -.6258393    .4948515
         post_2#INCa/INSERM/DGOS  |   1.044885   .2927547     3.57   0.000     .4709231    1.618848
post_2#National Cancer Institute  |   .3660287   .1917553     1.91   0.056    -.0099186    .7419759
                          post_2 #|
National Health and Medical Rese  |   .4484629   .2180152     2.06   0.040     .0210317     .875894
           post_2#Wellcome Trust  |  -.5165655    .336846    -1.53   0.125    -1.176971    .1438404
         post_3#INCa/INSERM/DGOS  |   .7453246   .3424775     2.18   0.030     .0738779    1.416771
post_3#National Cancer Institute  |   .2477715   .2156606     1.15   0.251    -.1750433    .6705864
                          post_3 #|
National Health and Medical Rese  |   .3538019   .2498345     1.42   0.157    -.1360129    .8436166
           post_3#Wellcome Trust  |  -.5806916   .3587145    -1.62   0.106    -1.283972    .1225887
         post_4#INCa/INSERM/DGOS  |   .6253718   .3900227     1.60   0.109      -.13929    1.390034
post_4#National Cancer Institute  |   .0460475   .2719723     0.17   0.866    -.4871698    .5792648
                          post_4 #|
National Health and Medical Rese  |   .8053223   .3449425     2.33   0.020     .1290427    1.481602
           post_4#Wellcome Trust  |  -.3455711   .7647336    -0.45   0.651    -1.844875    1.153733
         post_5#INCa/INSERM/DGOS  |   1.136719   .3724629     3.05   0.002     .4064842    1.866954
post_5#National Cancer Institute  |     .28225   .2564111     1.10   0.271    -.2204587    .7849587
                          post_5 #|
National Health and Medical Rese  |   .9692515   .3099674     3.13   0.002     .3615427     1.57696
           post_5#Wellcome Trust  |  -.7018028   .4020472    -1.75   0.081    -1.490039    .0864336
                                  |
                   rsr_career_age |   .4362213   .0155741    28.01   0.000     .4056874    .4667552
                 rsr_career_age_2 |  -.0063556   .0004586   -13.86   0.000    -.0072546   -.0054565
                                  |
                       start_year |
                            2008  |   .1309292   .2371783     0.55   0.581    -.3340723    .5959308
                            2009  |  -.1899344   .2101723    -0.90   0.366    -.6019892    .2221205
                            2010  |  -.1373818    .232092    -0.59   0.554    -.5924114    .3176478
                            2011  |   .1632843   .2447813     0.67   0.505    -.3166233     .643192
                            2012  |   .2836008   .2058562     1.38   0.168    -.1199921    .6871937
                                  |
                            _cons |  -5.609182   .3734905   -15.02   0.000    -6.341431   -4.876933
----------------------------------+----------------------------------------------------------------
                          sigma_u |  6.0062627
                          sigma_e |  7.5915974
                              rho |  .38497639   (fraction of variance due to u_i)
---------------------------------------------------------------------------------------------------
(est6 stored)

added macro:
          e(CountryFE) : "No"

added macro:
      e(AffiliationFE) : "Yes"

added macro:
       e(ResearcherFE) : "No"
       panel variable:  person_id (balanced)
note: 2.funder_id omitted because of collinearity
note: 3.funder_id omitted because of collinearity
note: 4.funder_id omitted because of collinearity
note: 5.funder_id omitted because of collinearity

Fixed-effects (within) regression               Number of obs     =    132,913
Group variable: person_id                       Number of groups  =     12,083

R-sq:                                           Obs per group:
     within  = 0.0371                                         min =         11
     between = 0.0017                                         avg =       11.0
     overall = 0.0164                                         max =         11

                                                F(5,12082)        =     437.68
corr(u_i, Xb)  = 0.0023                         Prob > F          =     0.0000

                                              (Std. Err. adjusted for 12,083 clusters in person_id)
---------------------------------------------------------------------------------------------------
                                  |               Robust
                      nb_pubs_res |      Coef.   Std. Err.      t    P>|t|     [95% Conf. Interval]
----------------------------------+----------------------------------------------------------------
                      1.post_flag |   1.853046   .1449409    12.78   0.000     1.568939    2.137154
                                  |
                        funder_id |
                INCa/INSERM/DGOS  |          0  (omitted)
       National Cancer Institute  |          0  (omitted)
National Health and Medical Rese  |          0  (omitted)
                  Wellcome Trust  |          0  (omitted)
                                  |
              post_flag#funder_id |
              1#INCa/INSERM/DGOS  |   .8358305    .243913     3.43   0.001      .357722    1.313939
     1#National Cancer Institute  |   .3075062   .1564827     1.97   0.049     .0007751    .6142373
                               1 #|
National Health and Medical Rese  |   .6653379   .1868302     3.56   0.000     .2991207    1.031555
                1#Wellcome Trust  |  -.1537237   .3085197    -0.50   0.618    -.7584717    .4510243
                                  |
                            _cons |    -1.0068    .021865   -46.05   0.000    -1.049659   -.9639412
----------------------------------+----------------------------------------------------------------
                          sigma_u |  6.6702897
                          sigma_e |  5.9245179
                              rho |  .55900576   (fraction of variance due to u_i)
---------------------------------------------------------------------------------------------------
(est7 stored)

added macro:
          e(CountryFE) : "No"

added macro:
      e(AffiliationFE) : "No"

added macro:
       e(ResearcherFE) : "Yes"
       panel variable:  person_id (balanced)
note: 2.funder_id omitted because of collinearity
note: 3.funder_id omitted because of collinearity
note: 4.funder_id omitted because of collinearity
note: 5.funder_id omitted because of collinearity

Fixed-effects (within) regression               Number of obs     =    132,913
Group variable: person_id                       Number of groups  =     12,083

R-sq:                                           Obs per group:
     within  = 0.0397                                         min =         11
     between = 0.0017                                         avg =       11.0
     overall = 0.0175                                         max =         11

                                                F(25,12082)       =      99.30
corr(u_i, Xb)  = 0.0022                         Prob > F          =     0.0000

                                              (Std. Err. adjusted for 12,083 clusters in person_id)
---------------------------------------------------------------------------------------------------
                                  |               Robust
                      nb_pubs_res |      Coef.   Std. Err.      t    P>|t|     [95% Conf. Interval]
----------------------------------+----------------------------------------------------------------
                        post_year |
                          post_1  |   1.088669   .1260081     8.64   0.000     .8416728    1.335665
                          post_2  |   1.458867    .159076     9.17   0.000     1.147052    1.770681
                          post_3  |    1.99903   .1760922    11.35   0.000     1.653861    2.344199
                          post_4  |   2.463523   .2203121    11.18   0.000     2.031676     2.89537
                          post_5  |   2.255142   .2091214    10.78   0.000      1.84523    2.665053
                                  |
                        funder_id |
                INCa/INSERM/DGOS  |          0  (omitted)
       National Cancer Institute  |          0  (omitted)
National Health and Medical Rese  |          0  (omitted)
                  Wellcome Trust  |          0  (omitted)
                                  |
              post_year#funder_id |
         post_1#INCa/INSERM/DGOS  |   .7295294    .223926     3.26   0.001     .2905985     1.16846
post_1#National Cancer Institute  |   .5787018   .1842983     3.14   0.002     .2174477     .939956
                          post_1 #|
National Health and Medical Rese  |   .6162349   .2463596     2.50   0.012     .1333305    1.099139
           post_1#Wellcome Trust  |   .1179706   .2698315     0.44   0.662    -.4109424    .6468835
         post_2#INCa/INSERM/DGOS  |   1.025633   .2707974     3.79   0.000     .4948271     1.55644
post_2#National Cancer Institute  |   .3691658    .171988     2.15   0.032     .0320417    .7062899
                          post_2 #|
National Health and Medical Rese  |   .4735159   .1993114     2.38   0.018     .0828336    .8641982
           post_2#Wellcome Trust  |  -.2806826   .3004859    -0.93   0.350    -.8696831    .3083179
         post_3#INCa/INSERM/DGOS  |   .7217943   .2954818     2.44   0.015     .1426027    1.300986
post_3#National Cancer Institute  |   .2516058   .1985059     1.27   0.205    -.1374976    .6407092
                          post_3 #|
National Health and Medical Rese  |   .3844223   .2198796     1.75   0.080     -.046577    .8154215
           post_3#Wellcome Trust  |  -.2923903   .3338566    -0.88   0.381    -.9468028    .3620222
         post_4#INCa/INSERM/DGOS  |   .5975633   .3280331     1.82   0.069    -.0454342    1.240561
post_4#National Cancer Institute  |   .0505789   .2354769     0.21   0.830    -.4109935    .5121514
                          post_4 #|
National Health and Medical Rese  |     .84151   .3188896     2.64   0.008     .2164353    1.466585
           post_4#Wellcome Trust  |  -.0048514   .8148667    -0.01   0.995    -1.602121    1.592418
         post_5#INCa/INSERM/DGOS  |   1.104632   .3367078     3.28   0.001      .444631    1.764633
post_5#National Cancer Institute  |   .2874785   .2222917     1.29   0.196    -.1482488    .7232059
                          post_5 #|
National Health and Medical Rese  |   1.011007   .2592629     3.90   0.000     .5028096    1.519203
           post_5#Wellcome Trust  |  -.3086647   .3903008    -0.79   0.429    -1.073717    .4563874
                                  |
                            _cons |    -1.0068   .0218667   -46.04   0.000    -1.049662    -.963938
----------------------------------+----------------------------------------------------------------
                          sigma_u |  6.6702897
                          sigma_e |  5.9170006
                              rho |  .55963165   (fraction of variance due to u_i)
---------------------------------------------------------------------------------------------------
(est8 stored)

added macro:
          e(CountryFE) : "No"

added macro:
      e(AffiliationFE) : "No"

added macro:
       e(ResearcherFE) : "Yes"
